<?xml version="1.0" encoding="UTF-8"?>
<coverage generated="1597338666917" clover="3.2.0">
  <project timestamp="1597338666917" name="All files">
    <metrics statements="1106" coveredstatements="1029" conditionals="323" coveredconditionals="273" methods="460" coveredmethods="414" elements="1889" coveredelements="1716" complexity="0" loc="1106" ncloc="1106" packages="42" files="97" classes="97"/>
    <package name="components.common">
      <metrics statements="54" coveredstatements="52" conditionals="16" coveredconditionals="11" methods="34" coveredmethods="31"/>
      <file name="CustomRefreshControl.tsx" path="/Users/steniowagner/Documents/dev/cine-tasty-mobile/src/components/common/CustomRefreshControl.tsx">
        <metrics statements="1" coveredstatements="1" conditionals="0" coveredconditionals="0" methods="1" coveredmethods="1"/>
        <line num="4" count="66" type="stmt"/>
      </file>
      <file name="DefaultListItem.tsx" path="/Users/steniowagner/Documents/dev/cine-tasty-mobile/src/components/common/DefaultListItem.tsx">
        <metrics statements="18" coveredstatements="18" conditionals="6" coveredconditionals="6" methods="9" coveredmethods="9"/>
        <line num="16" count="13" type="stmt"/>
        <line num="18" count="13" type="stmt"/>
        <line num="19" count="601" type="stmt"/>
        <line num="22" count="601" type="cond" truecount="2" falsecount="0"/>
        <line num="24" count="601" type="stmt"/>
        <line num="28" count="13" type="stmt"/>
        <line num="31" count="601" type="stmt"/>
        <line num="32" count="601" type="stmt"/>
        <line num="34" count="601" type="stmt"/>
        <line num="37" count="13" type="stmt"/>
        <line num="40" count="601" type="stmt"/>
        <line num="43" count="13" type="stmt"/>
        <line num="49" count="601" type="stmt"/>
        <line num="53" count="601" type="stmt"/>
        <line num="66" count="13" type="stmt"/>
        <line num="68" count="13" type="stmt"/>
        <line num="77" count="601" type="stmt"/>
        <line num="81" count="601" type="stmt"/>
      </file>
      <file name="HeaderIconButton.tsx" path="/Users/steniowagner/Documents/dev/cine-tasty-mobile/src/components/common/HeaderIconButton.tsx">
        <metrics statements="7" coveredstatements="7" conditionals="6" coveredconditionals="3" methods="6" coveredmethods="6"/>
        <line num="13" count="38" type="stmt"/>
        <line num="21" count="38" type="cond" truecount="1" falsecount="1"/>
        <line num="22" count="38" type="cond" truecount="1" falsecount="1"/>
        <line num="23" count="38" type="cond" truecount="1" falsecount="1"/>
        <line num="28" count="38" type="stmt"/>
        <line num="41" count="18" type="stmt"/>
        <line num="48" count="38" type="stmt"/>
      </file>
      <file name="Icon.tsx" path="/Users/steniowagner/Documents/dev/cine-tasty-mobile/src/components/common/Icon.tsx">
        <metrics statements="3" coveredstatements="3" conditionals="2" coveredconditionals="1" methods="1" coveredmethods="1"/>
        <line num="6" count="29" type="stmt"/>
        <line num="16" count="29" type="stmt"/>
        <line num="17" count="883" type="stmt"/>
      </file>
      <file name="LoadingIndicator.tsx" path="/Users/steniowagner/Documents/dev/cine-tasty-mobile/src/components/common/LoadingIndicator.tsx">
        <metrics statements="4" coveredstatements="4" conditionals="0" coveredconditionals="0" methods="2" coveredmethods="2"/>
        <line num="5" count="17" type="stmt"/>
        <line num="12" count="42" type="stmt"/>
        <line num="17" count="17" type="stmt"/>
        <line num="18" count="42" type="stmt"/>
      </file>
      <file name="PaginatedListHeader.tsx" path="/Users/steniowagner/Documents/dev/cine-tasty-mobile/src/components/common/PaginatedListHeader.tsx">
        <metrics statements="5" coveredstatements="5" conditionals="0" coveredconditionals="0" methods="4" coveredmethods="4"/>
        <line num="7" count="16" type="stmt"/>
        <line num="16" count="13" type="stmt"/>
        <line num="19" count="16" type="stmt"/>
        <line num="29" count="16" type="stmt"/>
        <line num="30" count="13" type="stmt"/>
      </file>
      <file name="RoundedButton.tsx" path="/Users/steniowagner/Documents/dev/cine-tasty-mobile/src/components/common/RoundedButton.tsx">
        <metrics statements="11" coveredstatements="11" conditionals="2" coveredconditionals="1" methods="8" coveredmethods="8"/>
        <line num="5" count="4" type="stmt"/>
        <line num="6" count="35" type="stmt"/>
        <line num="7" count="35" type="stmt"/>
        <line num="8" count="35" type="stmt"/>
        <line num="9" count="35" type="stmt"/>
        <line num="10" count="35" type="cond" truecount="1" falsecount="1"/>
        <line num="13" count="4" type="stmt"/>
        <line num="14" count="35" type="stmt"/>
        <line num="15" count="35" type="stmt"/>
        <line num="27" count="4" type="stmt"/>
        <line num="28" count="35" type="stmt"/>
      </file>
      <file name="RouteSuspenseWrapper.tsx" path="/Users/steniowagner/Documents/dev/cine-tasty-mobile/src/components/common/RouteSuspenseWrapper.tsx">
        <metrics statements="5" coveredstatements="3" conditionals="0" coveredconditionals="0" methods="3" coveredmethods="0"/>
        <line num="5" count="1" type="stmt"/>
        <line num="10" count="0" type="stmt"/>
        <line num="13" count="1" type="stmt"/>
        <line num="25" count="1" type="stmt"/>
        <line num="26" count="0" type="stmt"/>
      </file>
    </package>
    <package name="components.common.advise">
      <metrics statements="20" coveredstatements="20" conditionals="6" coveredconditionals="6" methods="14" coveredmethods="14"/>
      <file name="Advise.tsx" path="/Users/steniowagner/Documents/dev/cine-tasty-mobile/src/components/common/advise/Advise.tsx">
        <metrics statements="20" coveredstatements="20" conditionals="6" coveredconditionals="6" methods="14" coveredmethods="14"/>
        <line num="7" count="6" type="stmt"/>
        <line num="14" count="6" type="stmt"/>
        <line num="15" count="16" type="stmt"/>
        <line num="16" count="16" type="stmt"/>
        <line num="19" count="16" type="stmt"/>
        <line num="20" count="16" type="stmt"/>
        <line num="23" count="6" type="stmt"/>
        <line num="26" count="15" type="stmt"/>
        <line num="29" count="15" type="stmt"/>
        <line num="30" count="15" type="stmt"/>
        <line num="33" count="6" type="stmt"/>
        <line num="36" count="15" type="stmt"/>
        <line num="39" count="15" type="stmt"/>
        <line num="40" count="15" type="stmt"/>
        <line num="43" count="6" type="stmt"/>
        <line num="48" count="15" type="stmt"/>
        <line num="49" count="15" type="stmt"/>
        <line num="52" count="16" type="stmt"/>
        <line num="65" count="6" type="stmt"/>
        <line num="68" count="16" type="stmt"/>
      </file>
    </package>
    <package name="components.common.custom-modal">
      <metrics statements="70" coveredstatements="54" conditionals="14" coveredconditionals="5" methods="29" coveredmethods="26"/>
      <file name="CustomModal.tsx" path="/Users/steniowagner/Documents/dev/cine-tasty-mobile/src/components/common/custom-modal/CustomModal.tsx">
        <metrics statements="32" coveredstatements="32" conditionals="4" coveredconditionals="3" methods="18" coveredmethods="18"/>
        <line num="18" count="7" type="stmt"/>
        <line num="19" count="7" type="stmt"/>
        <line num="21" count="7" type="stmt"/>
        <line num="25" count="31" type="stmt"/>
        <line num="26" count="31" type="stmt"/>
        <line num="29" count="7" type="stmt"/>
        <line num="31" count="31" type="stmt"/>
        <line num="34" count="7" type="stmt"/>
        <line num="37" count="26" type="stmt"/>
        <line num="38" count="26" type="stmt"/>
        <line num="42" count="7" type="stmt"/>
        <line num="45" count="26" type="stmt"/>
        <line num="48" count="7" type="stmt"/>
        <line num="49" count="26" type="stmt"/>
        <line num="50" count="26" type="stmt"/>
        <line num="51" count="26" type="stmt"/>
        <line num="52" count="26" type="stmt"/>
        <line num="55" count="7" type="stmt"/>
        <line num="56" count="26" type="stmt"/>
        <line num="57" count="26" type="stmt"/>
        <line num="59" count="26" type="stmt"/>
        <line num="63" count="7" type="stmt"/>
        <line num="69" count="7" type="stmt"/>
        <line num="70" count="26" type="stmt"/>
        <line num="73" count="7" type="stmt"/>
        <line num="75" count="26" type="cond" truecount="1" falsecount="1"/>
        <line num="80" count="26" type="stmt"/>
        <line num="83" count="7" type="stmt"/>
        <line num="85" count="26" type="stmt"/>
        <line num="98" count="7" type="stmt"/>
        <line num="112" count="31" type="stmt"/>
        <line num="119" count="31" type="stmt"/>
      </file>
      <file name="useCustomModal.ts" path="/Users/steniowagner/Documents/dev/cine-tasty-mobile/src/components/common/custom-modal/useCustomModal.ts">
        <metrics statements="38" coveredstatements="22" conditionals="10" coveredconditionals="2" methods="11" coveredmethods="8"/>
        <line num="27" count="7" type="stmt"/>
        <line num="33" count="31" type="stmt"/>
        <line num="35" count="31" type="stmt"/>
        <line num="37" count="31" type="stmt"/>
        <line num="39" count="31" type="stmt"/>
        <line num="40" count="18" type="stmt"/>
        <line num="55" count="31" type="stmt"/>
        <line num="56" count="29" type="stmt"/>
        <line num="63" count="31" type="stmt"/>
        <line num="64" count="18" type="stmt"/>
        <line num="67" count="31" type="stmt"/>
        <line num="69" count="0" type="stmt"/>
        <line num="70" count="0" type="stmt"/>
        <line num="71" count="0" type="stmt"/>
        <line num="76" count="31" type="stmt"/>
        <line num="78" count="0" type="cond" truecount="0" falsecount="2"/>
        <line num="79" count="0" type="stmt"/>
        <line num="80" count="0" type="stmt"/>
        <line num="82" count="0" type="stmt"/>
        <line num="84" count="0" type="cond" truecount="0" falsecount="2"/>
        <line num="85" count="0" type="stmt"/>
        <line num="87" count="0" type="stmt"/>
        <line num="90" count="0" type="cond" truecount="0" falsecount="2"/>
        <line num="92" count="0" type="stmt"/>
        <line num="93" count="0" type="stmt"/>
        <line num="95" count="0" type="cond" truecount="0" falsecount="2"/>
        <line num="96" count="0" type="stmt"/>
        <line num="97" count="0" type="stmt"/>
        <line num="105" count="31" type="stmt"/>
        <line num="106" count="2" type="stmt"/>
        <line num="107" count="2" type="stmt"/>
        <line num="109" count="2" type="stmt"/>
        <line num="113" count="31" type="stmt"/>
        <line num="114" count="9" type="stmt"/>
        <line num="115" count="9" type="stmt"/>
        <line num="117" count="9" type="stmt"/>
        <line num="119" count="9" type="stmt"/>
        <line num="123" count="31" type="stmt"/>
      </file>
    </package>
    <package name="components.common.pagination-footer">
      <metrics statements="7" coveredstatements="7" conditionals="4" coveredconditionals="4" methods="5" coveredmethods="5"/>
      <file name="PaginationFooter.tsx" path="/Users/steniowagner/Documents/dev/cine-tasty-mobile/src/components/common/pagination-footer/PaginationFooter.tsx">
        <metrics statements="7" coveredstatements="7" conditionals="4" coveredconditionals="4" methods="5" coveredmethods="5"/>
        <line num="9" count="17" type="stmt"/>
        <line num="11" count="65" type="stmt"/>
        <line num="16" count="17" type="stmt"/>
        <line num="22" count="17" type="stmt"/>
        <line num="31" count="19" type="stmt"/>
        <line num="41" count="17" type="stmt"/>
        <line num="42" count="65" type="stmt"/>
      </file>
    </package>
    <package name="components.common.popup-advice">
      <metrics statements="19" coveredstatements="19" conditionals="1" coveredconditionals="1" methods="12" coveredmethods="11"/>
      <file name="PopupAdvice.tsx" path="/Users/steniowagner/Documents/dev/cine-tasty-mobile/src/components/common/popup-advice/PopupAdvice.tsx">
        <metrics statements="19" coveredstatements="19" conditionals="1" coveredconditionals="1" methods="12" coveredmethods="11"/>
        <line num="5" count="17" type="stmt"/>
        <line num="6" count="17" type="stmt"/>
        <line num="8" count="17" type="stmt"/>
        <line num="11" count="22" type="stmt"/>
        <line num="12" count="22" type="stmt"/>
        <line num="13" count="22" type="stmt"/>
        <line num="14" count="22" type="stmt"/>
        <line num="15" count="22" type="stmt"/>
        <line num="18" count="17" type="stmt"/>
        <line num="20" count="22" type="stmt"/>
        <line num="29" count="17" type="cond" truecount="1" falsecount="0"/>
        <line num="30" count="22" type="stmt"/>
        <line num="32" count="22" type="stmt"/>
        <line num="33" count="19" type="stmt"/>
        <line num="34" count="8" type="stmt"/>
        <line num="41" count="19" type="stmt"/>
        <line num="46" count="14" type="stmt"/>
        <line num="47" count="8" type="stmt"/>
        <line num="52" count="22" type="stmt"/>
      </file>
    </package>
    <package name="components.common.searchbar">
      <metrics statements="36" coveredstatements="36" conditionals="8" coveredconditionals="6" methods="19" coveredmethods="19"/>
      <file name="SearchBar.android.tsx" path="/Users/steniowagner/Documents/dev/cine-tasty-mobile/src/components/common/searchbar/SearchBar.android.tsx">
        <metrics statements="14" coveredstatements="14" conditionals="4" coveredconditionals="3" methods="9" coveredmethods="9"/>
        <line num="7" count="1" type="stmt"/>
        <line num="9" count="4" type="stmt"/>
        <line num="11" count="4" type="stmt"/>
        <line num="14" count="4" type="stmt"/>
        <line num="25" count="4" type="stmt"/>
        <line num="27" count="4" type="stmt"/>
        <line num="28" count="4" type="stmt"/>
        <line num="38" count="1" type="stmt"/>
        <line num="44" count="4" type="stmt"/>
        <line num="45" count="4" type="stmt"/>
        <line num="46" count="4" type="cond" truecount="3" falsecount="1"/>
        <line num="47" count="4" type="stmt"/>
        <line num="51" count="4" type="stmt"/>
        <line num="62" count="1" type="stmt"/>
      </file>
      <file name="SearchBar.ios.tsx" path="/Users/steniowagner/Documents/dev/cine-tasty-mobile/src/components/common/searchbar/SearchBar.ios.tsx">
        <metrics statements="22" coveredstatements="22" conditionals="4" coveredconditionals="3" methods="10" coveredmethods="10"/>
        <line num="12" count="8" type="stmt"/>
        <line num="14" count="34" type="stmt"/>
        <line num="16" count="34" type="stmt"/>
        <line num="17" count="34" type="stmt"/>
        <line num="20" count="8" type="stmt"/>
        <line num="24" count="34" type="stmt"/>
        <line num="35" count="34" type="stmt"/>
        <line num="37" count="34" type="stmt"/>
        <line num="38" count="34" type="stmt"/>
        <line num="48" count="8" type="stmt"/>
        <line num="54" count="34" type="stmt"/>
        <line num="55" count="34" type="stmt"/>
        <line num="56" count="34" type="stmt"/>
        <line num="58" count="34" type="stmt"/>
        <line num="59" count="34" type="stmt"/>
        <line num="61" count="26" type="stmt"/>
        <line num="64" count="34" type="stmt"/>
        <line num="65" count="14" type="stmt"/>
        <line num="67" count="14" type="cond" truecount="3" falsecount="1"/>
        <line num="68" count="14" type="stmt"/>
        <line num="72" count="34" type="stmt"/>
        <line num="85" count="10" type="stmt"/>
      </file>
    </package>
    <package name="components.screens.discover.components">
      <metrics statements="5" coveredstatements="3" conditionals="0" coveredconditionals="0" methods="2" coveredmethods="0"/>
      <file name="Discover.tsx" path="/Users/steniowagner/Documents/dev/cine-tasty-mobile/src/components/screens/discover/components/Discover.tsx">
        <metrics statements="5" coveredstatements="3" conditionals="0" coveredconditionals="0" methods="2" coveredmethods="0"/>
        <line num="4" count="1" type="stmt"/>
        <line num="9" count="0" type="stmt"/>
        <line num="12" count="1" type="stmt"/>
        <line num="18" count="1" type="stmt"/>
        <line num="19" count="0" type="stmt"/>
      </file>
    </package>
    <package name="components.screens.discover.routes">
      <metrics statements="8" coveredstatements="5" conditionals="0" coveredconditionals="0" methods="2" coveredmethods="0"/>
      <file name="route-names.ts" path="/Users/steniowagner/Documents/dev/cine-tasty-mobile/src/components/screens/discover/routes/route-names.ts">
        <metrics statements="1" coveredstatements="1" conditionals="0" coveredconditionals="0" methods="0" coveredmethods="0"/>
        <line num="5" count="1" type="stmt"/>
      </file>
      <file name="stack-routes.tsx" path="/Users/steniowagner/Documents/dev/cine-tasty-mobile/src/components/screens/discover/routes/stack-routes.tsx">
        <metrics statements="7" coveredstatements="4" conditionals="0" coveredconditionals="0" methods="2" coveredmethods="0"/>
        <line num="12" count="1" type="stmt"/>
        <line num="16" count="1" type="stmt"/>
        <line num="17" count="0" type="stmt"/>
        <line num="19" count="0" type="stmt"/>
        <line num="33" count="1" type="stmt"/>
        <line num="34" count="0" type="stmt"/>
        <line num="42" count="1" type="stmt"/>
      </file>
    </package>
    <package name="components.screens.famous.components">
      <metrics statements="55" coveredstatements="50" conditionals="20" coveredconditionals="18" methods="20" coveredmethods="17"/>
      <file name="Famous.tsx" path="/Users/steniowagner/Documents/dev/cine-tasty-mobile/src/components/screens/famous/components/Famous.tsx">
        <metrics statements="18" coveredstatements="15" conditionals="14" coveredconditionals="14" methods="10" coveredmethods="7"/>
        <line num="23" count="6" type="stmt"/>
        <line num="31" count="6" type="stmt"/>
        <line num="43" count="53" type="stmt"/>
        <line num="45" count="53" type="stmt"/>
        <line num="46" count="10" type="stmt"/>
        <line num="48" count="0" type="stmt"/>
        <line num="49" count="0" type="stmt"/>
        <line num="64" count="53" type="cond" truecount="2" falsecount="0"/>
        <line num="65" count="14" type="stmt"/>
        <line num="68" count="39" type="cond" truecount="3" falsecount="0"/>
        <line num="69" count="39" type="cond" truecount="3" falsecount="0"/>
        <line num="71" count="39" type="stmt"/>
        <line num="75" count="39" type="cond" truecount="2" falsecount="0"/>
        <line num="86" count="39" type="cond" truecount="2" falsecount="0"/>
        <line num="104" count="6" type="stmt"/>
        <line num="111" count="252" type="stmt"/>
        <line num="112" count="0" type="stmt"/>
        <line num="119" count="268" type="stmt"/>
      </file>
      <file name="useFamous.ts" path="/Users/steniowagner/Documents/dev/cine-tasty-mobile/src/components/screens/famous/components/useFamous.ts">
        <metrics statements="37" coveredstatements="35" conditionals="6" coveredconditionals="4" methods="10" coveredmethods="10"/>
        <line num="25" count="6" type="stmt"/>
        <line num="38" count="6" type="stmt"/>
        <line num="39" count="6" type="stmt"/>
        <line num="41" count="6" type="stmt"/>
        <line num="42" count="53" type="stmt"/>
        <line num="43" count="53" type="stmt"/>
        <line num="44" count="53" type="stmt"/>
        <line num="45" count="53" type="stmt"/>
        <line num="47" count="53" type="stmt"/>
        <line num="49" count="53" type="stmt"/>
        <line num="50" count="12" type="stmt"/>
        <line num="55" count="12" type="stmt"/>
        <line num="60" count="53" type="stmt"/>
        <line num="65" count="2" type="stmt"/>
        <line num="66" count="2" type="stmt"/>
        <line num="69" count="4" type="stmt"/>
        <line num="71" count="4" type="cond" truecount="1" falsecount="1"/>
        <line num="72" count="0" type="stmt"/>
        <line num="80" count="53" type="stmt"/>
        <line num="81" count="2" type="cond" truecount="1" falsecount="1"/>
        <line num="82" count="0" type="stmt"/>
        <line num="85" count="2" type="stmt"/>
        <line num="87" count="2" type="stmt"/>
        <line num="89" count="2" type="stmt"/>
        <line num="92" count="53" type="stmt"/>
        <line num="93" count="2" type="stmt"/>
        <line num="95" count="2" type="stmt"/>
        <line num="97" count="2" type="stmt"/>
        <line num="100" count="53" type="stmt"/>
        <line num="101" count="1" type="stmt"/>
        <line num="103" count="1" type="stmt"/>
        <line num="105" count="1" type="stmt"/>
        <line num="108" count="53" type="stmt"/>
        <line num="109" count="14" type="cond" truecount="2" falsecount="0"/>
        <line num="110" count="2" type="stmt"/>
        <line num="114" count="53" type="stmt"/>
        <line num="115" count="2" type="stmt"/>
      </file>
    </package>
    <package name="components.screens.famous.routes">
      <metrics statements="6" coveredstatements="4" conditionals="0" coveredconditionals="0" methods="1" coveredmethods="0"/>
      <file name="route-names.ts" path="/Users/steniowagner/Documents/dev/cine-tasty-mobile/src/components/screens/famous/routes/route-names.ts">
        <metrics statements="1" coveredstatements="1" conditionals="0" coveredconditionals="0" methods="0" coveredmethods="0"/>
        <line num="5" count="1" type="stmt"/>
      </file>
      <file name="stack-routes.tsx" path="/Users/steniowagner/Documents/dev/cine-tasty-mobile/src/components/screens/famous/routes/stack-routes.tsx">
        <metrics statements="5" coveredstatements="3" conditionals="0" coveredconditionals="0" methods="1" coveredmethods="0"/>
        <line num="10" count="1" type="stmt"/>
        <line num="12" count="1" type="stmt"/>
        <line num="13" count="0" type="stmt"/>
        <line num="15" count="0" type="stmt"/>
        <line num="32" count="1" type="stmt"/>
      </file>
    </package>
    <package name="components.screens.news.components">
      <metrics statements="72" coveredstatements="60" conditionals="33" coveredconditionals="26" methods="23" coveredmethods="18"/>
      <file name="News.tsx" path="/Users/steniowagner/Documents/dev/cine-tasty-mobile/src/components/screens/news/components/News.tsx">
        <metrics statements="23" coveredstatements="19" conditionals="23" coveredconditionals="21" methods="11" coveredmethods="7"/>
        <line num="23" count="4" type="stmt"/>
        <line num="25" count="4" type="stmt"/>
        <line num="33" count="4" type="stmt"/>
        <line num="50" count="50" type="stmt"/>
        <line num="52" count="50" type="stmt"/>
        <line num="53" count="35" type="stmt"/>
        <line num="55" count="0" type="stmt"/>
        <line num="56" count="0" type="stmt"/>
        <line num="65" count="50" type="cond" truecount="2" falsecount="0"/>
        <line num="66" count="13" type="stmt"/>
        <line num="69" count="37" type="cond" truecount="3" falsecount="0"/>
        <line num="71" count="37" type="cond" truecount="2" falsecount="0"/>
        <line num="72" count="10" type="stmt"/>
        <line num="84" count="0" type="stmt"/>
        <line num="93" count="27" type="cond" truecount="3" falsecount="0"/>
        <line num="94" count="27" type="cond" truecount="3" falsecount="0"/>
        <line num="96" count="27" type="stmt"/>
        <line num="99" count="27" type="cond" truecount="2" falsecount="0"/>
        <line num="104" count="27" type="cond" truecount="2" falsecount="0"/>
        <line num="112" count="110" type="stmt"/>
        <line num="127" count="168" type="stmt"/>
        <line num="133" count="58" type="stmt"/>
        <line num="145" count="0" type="stmt"/>
      </file>
      <file name="useNews.ts" path="/Users/steniowagner/Documents/dev/cine-tasty-mobile/src/components/screens/news/components/useNews.ts">
        <metrics statements="49" coveredstatements="41" conditionals="10" coveredconditionals="5" methods="12" coveredmethods="11"/>
        <line num="13" count="4" type="stmt"/>
        <line num="14" count="4" type="stmt"/>
        <line num="16" count="4" type="stmt"/>
        <line num="52" count="4" type="stmt"/>
        <line num="53" count="50" type="stmt"/>
        <line num="56" count="50" type="stmt"/>
        <line num="57" count="50" type="stmt"/>
        <line num="60" count="50" type="stmt"/>
        <line num="61" count="50" type="stmt"/>
        <line num="62" count="50" type="stmt"/>
        <line num="64" count="50" type="stmt"/>
        <line num="66" count="50" type="stmt"/>
        <line num="67" count="11" type="stmt"/>
        <line num="72" count="11" type="stmt"/>
        <line num="77" count="50" type="stmt"/>
        <line num="82" count="2" type="stmt"/>
        <line num="83" count="2" type="stmt"/>
        <line num="86" count="4" type="stmt"/>
        <line num="88" count="4" type="cond" truecount="1" falsecount="1"/>
        <line num="89" count="0" type="stmt"/>
        <line num="101" count="50" type="stmt"/>
        <line num="102" count="1" type="stmt"/>
        <line num="104" count="1" type="stmt"/>
        <line num="106" count="1" type="stmt"/>
        <line num="109" count="50" type="stmt"/>
        <line num="110" count="2" type="cond" truecount="1" falsecount="1"/>
        <line num="111" count="0" type="stmt"/>
        <line num="114" count="2" type="stmt"/>
        <line num="116" count="2" type="stmt"/>
        <line num="118" count="2" type="stmt"/>
        <line num="121" count="50" type="stmt"/>
        <line num="122" count="13" type="cond" truecount="2" falsecount="0"/>
        <line num="123" count="2" type="stmt"/>
        <line num="127" count="50" type="stmt"/>
        <line num="128" count="9" type="cond" truecount="1" falsecount="1"/>
        <line num="129" count="0" type="stmt"/>
        <line num="132" count="9" type="stmt"/>
        <line num="135" count="50" type="stmt"/>
        <line num="136" count="0" type="stmt"/>
        <line num="138" count="0" type="cond" truecount="0" falsecount="2"/>
        <line num="139" count="0" type="stmt"/>
        <line num="142" count="0" type="stmt"/>
        <line num="144" count="0" type="stmt"/>
        <line num="147" count="50" type="stmt"/>
        <line num="148" count="2" type="stmt"/>
        <line num="150" count="2" type="stmt"/>
        <line num="152" count="2" type="stmt"/>
        <line num="155" count="50" type="stmt"/>
        <line num="156" count="2" type="stmt"/>
      </file>
    </package>
    <package name="components.screens.news.components.language-filter">
      <metrics statements="21" coveredstatements="21" conditionals="2" coveredconditionals="2" methods="10" coveredmethods="10"/>
      <file name="LanguageFilter.tsx" path="/Users/steniowagner/Documents/dev/cine-tasty-mobile/src/components/screens/news/components/language-filter/LanguageFilter.tsx">
        <metrics statements="11" coveredstatements="11" conditionals="0" coveredconditionals="0" methods="6" coveredmethods="6"/>
        <line num="13" count="5" type="stmt"/>
        <line num="15" count="5" type="stmt"/>
        <line num="27" count="5" type="stmt"/>
        <line num="37" count="8" type="stmt"/>
        <line num="43" count="8" type="stmt"/>
        <line num="45" count="8" type="stmt"/>
        <line num="54" count="80" type="stmt"/>
        <line num="58" count="3" type="stmt"/>
        <line num="63" count="80" type="stmt"/>
        <line num="65" count="22" type="stmt"/>
        <line num="70" count="100" type="stmt"/>
      </file>
      <file name="languages.ts" path="/Users/steniowagner/Documents/dev/cine-tasty-mobile/src/components/screens/news/components/language-filter/languages.ts">
        <metrics statements="1" coveredstatements="1" conditionals="0" coveredconditionals="0" methods="0" coveredmethods="0"/>
        <line num="24" count="6" type="stmt"/>
      </file>
      <file name="useLanguageFilter.ts" path="/Users/steniowagner/Documents/dev/cine-tasty-mobile/src/components/screens/news/components/language-filter/useLanguageFilter.ts">
        <metrics statements="9" coveredstatements="9" conditionals="2" coveredconditionals="2" methods="4" coveredmethods="4"/>
        <line num="20" count="5" type="stmt"/>
        <line num="25" count="8" type="stmt"/>
        <line num="29" count="8" type="stmt"/>
        <line num="30" count="8" type="stmt"/>
        <line num="34" count="8" type="stmt"/>
        <line num="35" count="2" type="cond" truecount="2" falsecount="0"/>
        <line num="36" count="1" type="stmt"/>
        <line num="39" count="2" type="stmt"/>
        <line num="42" count="8" type="stmt"/>
      </file>
    </package>
    <package name="components.screens.news.components.language-filter.flags">
      <metrics statements="39" coveredstatements="37" conditionals="0" coveredconditionals="0" methods="13" coveredmethods="11"/>
      <file name="China.tsx" path="/Users/steniowagner/Documents/dev/cine-tasty-mobile/src/components/screens/news/components/language-filter/flags/China.tsx">
        <metrics statements="3" coveredstatements="3" conditionals="0" coveredconditionals="0" methods="1" coveredmethods="1"/>
        <line num="4" count="6" type="stmt"/>
        <line num="8" count="6" type="stmt"/>
        <line num="9" count="7" type="stmt"/>
      </file>
      <file name="Finland.tsx" path="/Users/steniowagner/Documents/dev/cine-tasty-mobile/src/components/screens/news/components/language-filter/flags/Finland.tsx">
        <metrics statements="3" coveredstatements="2" conditionals="0" coveredconditionals="0" methods="1" coveredmethods="0"/>
        <line num="4" count="6" type="stmt"/>
        <line num="7" count="6" type="stmt"/>
        <line num="8" count="0" type="stmt"/>
      </file>
      <file name="France.tsx" path="/Users/steniowagner/Documents/dev/cine-tasty-mobile/src/components/screens/news/components/language-filter/flags/France.tsx">
        <metrics statements="3" coveredstatements="3" conditionals="0" coveredconditionals="0" methods="1" coveredmethods="1"/>
        <line num="4" count="6" type="stmt"/>
        <line num="8" count="6" type="stmt"/>
        <line num="9" count="6" type="stmt"/>
      </file>
      <file name="Germany.tsx" path="/Users/steniowagner/Documents/dev/cine-tasty-mobile/src/components/screens/news/components/language-filter/flags/Germany.tsx">
        <metrics statements="3" coveredstatements="3" conditionals="0" coveredconditionals="0" methods="1" coveredmethods="1"/>
        <line num="4" count="6" type="stmt"/>
        <line num="8" count="6" type="stmt"/>
        <line num="9" count="6" type="stmt"/>
      </file>
      <file name="Israel.tsx" path="/Users/steniowagner/Documents/dev/cine-tasty-mobile/src/components/screens/news/components/language-filter/flags/Israel.tsx">
        <metrics statements="3" coveredstatements="3" conditionals="0" coveredconditionals="0" methods="1" coveredmethods="1"/>
        <line num="4" count="6" type="stmt"/>
        <line num="8" count="6" type="stmt"/>
        <line num="9" count="6" type="stmt"/>
      </file>
      <file name="Italy.tsx" path="/Users/steniowagner/Documents/dev/cine-tasty-mobile/src/components/screens/news/components/language-filter/flags/Italy.tsx">
        <metrics statements="3" coveredstatements="3" conditionals="0" coveredconditionals="0" methods="1" coveredmethods="1"/>
        <line num="4" count="6" type="stmt"/>
        <line num="8" count="6" type="stmt"/>
        <line num="9" count="6" type="stmt"/>
      </file>
      <file name="Nederlands.tsx" path="/Users/steniowagner/Documents/dev/cine-tasty-mobile/src/components/screens/news/components/language-filter/flags/Nederlands.tsx">
        <metrics statements="3" coveredstatements="3" conditionals="0" coveredconditionals="0" methods="1" coveredmethods="1"/>
        <line num="4" count="6" type="stmt"/>
        <line num="8" count="6" type="stmt"/>
        <line num="9" count="6" type="stmt"/>
      </file>
      <file name="Norway.tsx" path="/Users/steniowagner/Documents/dev/cine-tasty-mobile/src/components/screens/news/components/language-filter/flags/Norway.tsx">
        <metrics statements="3" coveredstatements="3" conditionals="0" coveredconditionals="0" methods="1" coveredmethods="1"/>
        <line num="4" count="6" type="stmt"/>
        <line num="8" count="6" type="stmt"/>
        <line num="9" count="6" type="stmt"/>
      </file>
      <file name="Portugal.tsx" path="/Users/steniowagner/Documents/dev/cine-tasty-mobile/src/components/screens/news/components/language-filter/flags/Portugal.tsx">
        <metrics statements="3" coveredstatements="3" conditionals="0" coveredconditionals="0" methods="1" coveredmethods="1"/>
        <line num="4" count="6" type="stmt"/>
        <line num="8" count="6" type="stmt"/>
        <line num="9" count="6" type="stmt"/>
      </file>
      <file name="Russia.tsx" path="/Users/steniowagner/Documents/dev/cine-tasty-mobile/src/components/screens/news/components/language-filter/flags/Russia.tsx">
        <metrics statements="3" coveredstatements="3" conditionals="0" coveredconditionals="0" methods="1" coveredmethods="1"/>
        <line num="4" count="6" type="stmt"/>
        <line num="8" count="6" type="stmt"/>
        <line num="9" count="2" type="stmt"/>
      </file>
      <file name="SaudiArabia.tsx" path="/Users/steniowagner/Documents/dev/cine-tasty-mobile/src/components/screens/news/components/language-filter/flags/SaudiArabia.tsx">
        <metrics statements="3" coveredstatements="3" conditionals="0" coveredconditionals="0" methods="1" coveredmethods="1"/>
        <line num="4" count="6" type="stmt"/>
        <line num="8" count="6" type="stmt"/>
        <line num="9" count="7" type="stmt"/>
      </file>
      <file name="Spain.tsx" path="/Users/steniowagner/Documents/dev/cine-tasty-mobile/src/components/screens/news/components/language-filter/flags/Spain.tsx">
        <metrics statements="3" coveredstatements="2" conditionals="0" coveredconditionals="0" methods="1" coveredmethods="0"/>
        <line num="4" count="6" type="stmt"/>
        <line num="8" count="6" type="stmt"/>
        <line num="9" count="0" type="stmt"/>
      </file>
      <file name="UK.tsx" path="/Users/steniowagner/Documents/dev/cine-tasty-mobile/src/components/screens/news/components/language-filter/flags/UK.tsx">
        <metrics statements="3" coveredstatements="3" conditionals="0" coveredconditionals="0" methods="1" coveredmethods="1"/>
        <line num="4" count="6" type="stmt"/>
        <line num="8" count="6" type="stmt"/>
        <line num="9" count="9" type="stmt"/>
      </file>
    </package>
    <package name="components.screens.news.components.language-filter.list-item">
      <metrics statements="19" coveredstatements="19" conditionals="8" coveredconditionals="8" methods="12" coveredmethods="12"/>
      <file name="LanguageListItem.tsx" path="/Users/steniowagner/Documents/dev/cine-tasty-mobile/src/components/screens/news/components/language-filter/list-item/LanguageListItem.tsx">
        <metrics statements="19" coveredstatements="19" conditionals="8" coveredconditionals="8" methods="12" coveredmethods="12"/>
        <line num="12" count="6" type="stmt"/>
        <line num="14" count="6" type="stmt"/>
        <line num="19" count="67" type="stmt"/>
        <line num="22" count="6" type="stmt"/>
        <line num="23" count="67" type="stmt"/>
        <line num="25" count="67" type="stmt"/>
        <line num="29" count="6" type="stmt"/>
        <line num="30" count="67" type="stmt"/>
        <line num="31" count="67" type="stmt"/>
        <line num="32" count="67" type="stmt"/>
        <line num="33" count="67" type="cond" truecount="2" falsecount="0"/>
        <line num="38" count="6" type="stmt"/>
        <line num="39" count="67" type="stmt"/>
        <line num="40" count="67" type="stmt"/>
        <line num="43" count="9" type="stmt"/>
        <line num="49" count="6" type="stmt"/>
        <line num="61" count="20" type="cond" truecount="4" falsecount="0"/>
        <line num="64" count="6" type="stmt"/>
        <line num="67" count="67" type="stmt"/>
      </file>
    </package>
    <package name="components.screens.news.components.list-item">
      <metrics statements="20" coveredstatements="20" conditionals="2" coveredconditionals="1" methods="13" coveredmethods="13"/>
      <file name="NewsListItem.tsx" path="/Users/steniowagner/Documents/dev/cine-tasty-mobile/src/components/screens/news/components/list-item/NewsListItem.tsx">
        <metrics statements="13" coveredstatements="13" conditionals="2" coveredconditionals="1" methods="9" coveredmethods="9"/>
        <line num="9" count="5" type="stmt"/>
        <line num="12" count="42" type="stmt"/>
        <line num="14" count="42" type="stmt"/>
        <line num="15" count="42" type="stmt"/>
        <line num="18" count="5" type="stmt"/>
        <line num="21" count="42" type="stmt"/>
        <line num="24" count="5" type="stmt"/>
        <line num="26" count="42" type="stmt"/>
        <line num="27" count="42" type="stmt"/>
        <line num="28" count="42" type="cond" truecount="1" falsecount="1"/>
        <line num="40" count="5" type="stmt"/>
        <line num="43" count="42" type="stmt"/>
        <line num="44" count="1" type="stmt"/>
      </file>
      <file name="common-styles.ts" path="/Users/steniowagner/Documents/dev/cine-tasty-mobile/src/components/screens/news/components/list-item/common-styles.ts">
        <metrics statements="7" coveredstatements="7" conditionals="0" coveredconditionals="0" methods="4" coveredmethods="4"/>
        <line num="6" count="6" type="stmt"/>
        <line num="10" count="42" type="stmt"/>
        <line num="11" count="42" type="stmt"/>
        <line num="14" count="6" type="stmt"/>
        <line num="15" count="42" type="stmt"/>
        <line num="16" count="42" type="stmt"/>
        <line num="19" count="6" type="stmt"/>
      </file>
    </package>
    <package name="components.screens.news.components.list-item.date-diff">
      <metrics statements="38" coveredstatements="38" conditionals="10" coveredconditionals="10" methods="11" coveredmethods="11"/>
      <file name="DateDiff.tsx" path="/Users/steniowagner/Documents/dev/cine-tasty-mobile/src/components/screens/news/components/list-item/date-diff/DateDiff.tsx">
        <metrics statements="38" coveredstatements="38" conditionals="10" coveredconditionals="10" methods="11" coveredmethods="11"/>
        <line num="6" count="6" type="stmt"/>
        <line num="8" count="48" type="stmt"/>
        <line num="9" count="48" type="stmt"/>
        <line num="12" count="6" type="stmt"/>
        <line num="13" count="6" type="stmt"/>
        <line num="14" count="6" type="stmt"/>
        <line num="15" count="6" type="stmt"/>
        <line num="16" count="6" type="stmt"/>
        <line num="23" count="6" type="stmt"/>
        <line num="24" count="48" type="stmt"/>
        <line num="26" count="48" type="stmt"/>
        <line num="28" count="48" type="stmt"/>
        <line num="30" count="48" type="stmt"/>
        <line num="32" count="48" type="stmt"/>
        <line num="34" count="48" type="stmt"/>
        <line num="36" count="48" type="stmt"/>
        <line num="38" count="48" type="stmt"/>
        <line num="39" count="48" type="stmt"/>
        <line num="41" count="48" type="stmt"/>
        <line num="44" count="48" type="stmt"/>
        <line num="45" count="48" type="stmt"/>
        <line num="47" count="48" type="stmt"/>
        <line num="49" count="48" type="cond" truecount="2" falsecount="0"/>
        <line num="50" count="1" type="stmt"/>
        <line num="53" count="47" type="stmt"/>
        <line num="55" count="47" type="cond" truecount="2" falsecount="0"/>
        <line num="56" count="1" type="stmt"/>
        <line num="59" count="46" type="stmt"/>
        <line num="61" count="46" type="cond" truecount="2" falsecount="0"/>
        <line num="62" count="1" type="stmt"/>
        <line num="65" count="45" type="stmt"/>
        <line num="67" count="45" type="cond" truecount="2" falsecount="0"/>
        <line num="68" count="1" type="stmt"/>
        <line num="71" count="44" type="stmt"/>
        <line num="73" count="44" type="cond" truecount="2" falsecount="0"/>
        <line num="74" count="1" type="stmt"/>
        <line num="77" count="43" type="stmt"/>
        <line num="80" count="48" type="stmt"/>
      </file>
    </package>
    <package name="components.screens.news.components.list-item.news-image">
      <metrics statements="18" coveredstatements="17" conditionals="12" coveredconditionals="12" methods="7" coveredmethods="6"/>
      <file name="NewsListItemImage.tsx" path="/Users/steniowagner/Documents/dev/cine-tasty-mobile/src/components/screens/news/components/list-item/news-image/NewsListItemImage.tsx">
        <metrics statements="18" coveredstatements="17" conditionals="12" coveredconditionals="12" methods="7" coveredmethods="6"/>
        <line num="9" count="6" type="stmt"/>
        <line num="15" count="6" type="stmt"/>
        <line num="25" count="49" type="stmt"/>
        <line num="34" count="6" type="stmt"/>
        <line num="35" count="49" type="stmt"/>
        <line num="36" count="49" type="stmt"/>
        <line num="37" count="49" type="stmt"/>
        <line num="39" count="49" type="stmt"/>
        <line num="41" count="49" type="stmt"/>
        <line num="42" count="47" type="cond" truecount="4" falsecount="0"/>
        <line num="43" count="1" type="stmt"/>
        <line num="47" count="0" type="stmt"/>
        <line num="51" count="49" type="stmt"/>
        <line num="52" count="46" type="cond" truecount="2" falsecount="0"/>
        <line num="53" count="1" type="stmt"/>
        <line num="57" count="49" type="stmt"/>
        <line num="60" count="1" type="stmt"/>
        <line num="61" count="1" type="stmt"/>
      </file>
    </package>
    <package name="components.screens.news.routes">
      <metrics statements="8" coveredstatements="5" conditionals="0" coveredconditionals="0" methods="2" coveredmethods="0"/>
      <file name="route-names.ts" path="/Users/steniowagner/Documents/dev/cine-tasty-mobile/src/components/screens/news/routes/route-names.ts">
        <metrics statements="1" coveredstatements="1" conditionals="0" coveredconditionals="0" methods="0" coveredmethods="0"/>
        <line num="5" count="1" type="stmt"/>
      </file>
      <file name="stack-routes.tsx" path="/Users/steniowagner/Documents/dev/cine-tasty-mobile/src/components/screens/news/routes/stack-routes.tsx">
        <metrics statements="7" coveredstatements="4" conditionals="0" coveredconditionals="0" methods="2" coveredmethods="0"/>
        <line num="11" count="1" type="stmt"/>
        <line num="13" count="1" type="stmt"/>
        <line num="14" count="0" type="stmt"/>
        <line num="16" count="0" type="stmt"/>
        <line num="30" count="1" type="stmt"/>
        <line num="31" count="0" type="stmt"/>
        <line num="36" count="1" type="stmt"/>
      </file>
    </package>
    <package name="components.screens.quiz.components">
      <metrics statements="17" coveredstatements="17" conditionals="0" coveredconditionals="0" methods="8" coveredmethods="8"/>
      <file name="Quiz.tsx" path="/Users/steniowagner/Documents/dev/cine-tasty-mobile/src/components/screens/quiz/components/Quiz.tsx">
        <metrics statements="17" coveredstatements="17" conditionals="0" coveredconditionals="0" methods="8" coveredmethods="8"/>
        <line num="12" count="2" type="stmt"/>
        <line num="13" count="2" type="stmt"/>
        <line num="14" count="2" type="stmt"/>
        <line num="15" count="2" type="stmt"/>
        <line num="17" count="2" type="stmt"/>
        <line num="22" count="2" type="stmt"/>
        <line num="23" count="2" type="stmt"/>
        <line num="26" count="2" type="stmt"/>
        <line num="27" count="4" type="stmt"/>
        <line num="28" count="4" type="stmt"/>
        <line num="33" count="2" type="stmt"/>
        <line num="34" count="2" type="stmt"/>
        <line num="35" count="2" type="stmt"/>
        <line num="46" count="2" type="stmt"/>
        <line num="47" count="2" type="stmt"/>
        <line num="49" count="2" type="stmt"/>
        <line num="55" count="1" type="stmt"/>
      </file>
    </package>
    <package name="components.screens.quiz.components.questions">
      <metrics statements="53" coveredstatements="48" conditionals="40" coveredconditionals="37" methods="16" coveredmethods="11"/>
      <file name="Questions.tsx" path="/Users/steniowagner/Documents/dev/cine-tasty-mobile/src/components/screens/quiz/components/questions/Questions.tsx">
        <metrics statements="26" coveredstatements="23" conditionals="25" coveredconditionals="22" methods="9" coveredmethods="5"/>
        <line num="23" count="2" type="stmt"/>
        <line num="29" count="2" type="stmt"/>
        <line num="37" count="0" type="stmt"/>
        <line num="40" count="2" type="stmt"/>
        <line num="55" count="2" type="stmt"/>
        <line num="66" count="15" type="stmt"/>
        <line num="68" count="15" type="stmt"/>
        <line num="70" count="15" type="stmt"/>
        <line num="71" count="10" type="cond" truecount="2" falsecount="0"/>
        <line num="73" count="10" type="cond" truecount="3" falsecount="1"/>
        <line num="74" count="0" type="stmt"/>
        <line num="77" count="10" type="stmt"/>
        <line num="79" count="10" type="cond" truecount="2" falsecount="0"/>
        <line num="80" count="3" type="stmt"/>
        <line num="83" count="10" type="stmt"/>
        <line num="85" count="0" type="cond" truecount="0" falsecount="2"/>
        <line num="95" count="15" type="cond" truecount="2" falsecount="0"/>
        <line num="96" count="5" type="stmt"/>
        <line num="99" count="10" type="cond" truecount="2" falsecount="0"/>
        <line num="103" count="1" type="stmt"/>
        <line num="117" count="9" type="cond" truecount="5" falsecount="0"/>
        <line num="118" count="1" type="stmt"/>
        <line num="132" count="8" type="stmt"/>
        <line num="135" count="16" type="stmt"/>
        <line num="161" count="17" type="stmt"/>
        <line num="163" count="1" type="stmt"/>
      </file>
      <file name="useQuestions.ts" path="/Users/steniowagner/Documents/dev/cine-tasty-mobile/src/components/screens/quiz/components/questions/useQuestions.ts">
        <metrics statements="27" coveredstatements="25" conditionals="15" coveredconditionals="15" methods="7" coveredmethods="6"/>
        <line num="18" count="2" type="stmt"/>
        <line num="48" count="2" type="stmt"/>
        <line num="52" count="15" type="stmt"/>
        <line num="53" count="15" type="stmt"/>
        <line num="54" count="15" type="stmt"/>
        <line num="55" count="15" type="stmt"/>
        <line num="57" count="15" type="stmt"/>
        <line num="72" count="15" type="stmt"/>
        <line num="73" count="6" type="cond" truecount="2" falsecount="0"/>
        <line num="74" count="1" type="stmt"/>
        <line num="77" count="6" type="cond" truecount="4" falsecount="0"/>
        <line num="78" count="1" type="stmt"/>
        <line num="85" count="15" type="stmt"/>
        <line num="86" count="2" type="stmt"/>
        <line num="87" count="2" type="stmt"/>
        <line num="89" count="2" type="cond" truecount="2" falsecount="0"/>
        <line num="90" count="1" type="stmt"/>
        <line num="95" count="1" type="stmt"/>
        <line num="98" count="1" type="stmt"/>
        <line num="101" count="15" type="stmt"/>
        <line num="102" count="7" type="cond" truecount="5" falsecount="0"/>
        <line num="103" count="2" type="stmt"/>
        <line num="107" count="15" type="stmt"/>
        <line num="108" count="0" type="stmt"/>
        <line num="109" count="0" type="stmt"/>
        <line num="112" count="15" type="stmt"/>
        <line num="113" count="2" type="stmt"/>
      </file>
    </package>
    <package name="components.screens.quiz.components.questions.boolean-question">
      <metrics statements="14" coveredstatements="14" conditionals="2" coveredconditionals="2" methods="10" coveredmethods="10"/>
      <file name="BooleanQuestion.tsx" path="/Users/steniowagner/Documents/dev/cine-tasty-mobile/src/components/screens/quiz/components/questions/boolean-question/BooleanQuestion.tsx">
        <metrics statements="14" coveredstatements="14" conditionals="2" coveredconditionals="2" methods="10" coveredmethods="10"/>
        <line num="9" count="3" type="stmt"/>
        <line num="11" count="13" type="stmt"/>
        <line num="14" count="13" type="stmt"/>
        <line num="17" count="3" type="stmt"/>
        <line num="18" count="26" type="stmt"/>
        <line num="19" count="26" type="stmt"/>
        <line num="20" count="26" type="stmt"/>
        <line num="21" count="26" type="cond" truecount="2" falsecount="0"/>
        <line num="24" count="3" type="stmt"/>
        <line num="26" count="26" type="stmt"/>
        <line num="35" count="3" type="stmt"/>
        <line num="36" count="13" type="stmt"/>
        <line num="40" count="2" type="stmt"/>
        <line num="47" count="1" type="stmt"/>
      </file>
    </package>
    <package name="components.screens.quiz.components.questions.list-item-wrapper-question">
      <metrics statements="23" coveredstatements="23" conditionals="2" coveredconditionals="2" methods="15" coveredmethods="15"/>
      <file name="ListItemWrapperQuestion.tsx" path="/Users/steniowagner/Documents/dev/cine-tasty-mobile/src/components/screens/quiz/components/questions/list-item-wrapper-question/ListItemWrapperQuestion.tsx">
        <metrics statements="23" coveredstatements="23" conditionals="2" coveredconditionals="2" methods="15" coveredmethods="15"/>
        <line num="5" count="3" type="stmt"/>
        <line num="6" count="18" type="stmt"/>
        <line num="11" count="3" type="stmt"/>
        <line num="12" count="18" type="stmt"/>
        <line num="13" count="18" type="stmt"/>
        <line num="17" count="3" type="stmt"/>
        <line num="19" count="18" type="stmt"/>
        <line num="22" count="3" type="stmt"/>
        <line num="24" count="18" type="stmt"/>
        <line num="28" count="3" type="stmt"/>
        <line num="32" count="18" type="stmt"/>
        <line num="33" count="18" type="stmt"/>
        <line num="38" count="3" type="stmt"/>
        <line num="40" count="18" type="stmt"/>
        <line num="41" count="18" type="stmt"/>
        <line num="42" count="18" type="stmt"/>
        <line num="43" count="18" type="stmt"/>
        <line num="44" count="18" type="stmt"/>
        <line num="45" count="18" type="cond" truecount="2" falsecount="0"/>
        <line num="48" count="3" type="stmt"/>
        <line num="50" count="18" type="stmt"/>
        <line num="64" count="3" type="stmt"/>
        <line num="72" count="18" type="stmt"/>
      </file>
    </package>
    <package name="components.screens.quiz.components.questions.multi-choice-question">
      <metrics statements="23" coveredstatements="23" conditionals="14" coveredconditionals="14" methods="17" coveredmethods="17"/>
      <file name="MultiChoiceQuestion.tsx" path="/Users/steniowagner/Documents/dev/cine-tasty-mobile/src/components/screens/quiz/components/questions/multi-choice-question/MultiChoiceQuestion.tsx">
        <metrics statements="7" coveredstatements="7" conditionals="0" coveredconditionals="0" methods="5" coveredmethods="5"/>
        <line num="7" count="3" type="stmt"/>
        <line num="8" count="11" type="stmt"/>
        <line num="9" count="11" type="stmt"/>
        <line num="18" count="3" type="stmt"/>
        <line num="19" count="11" type="stmt"/>
        <line num="24" count="44" type="stmt"/>
        <line num="30" count="44" type="stmt"/>
      </file>
      <file name="MultiChoiceQuestionListItem.tsx" path="/Users/steniowagner/Documents/dev/cine-tasty-mobile/src/components/screens/quiz/components/questions/multi-choice-question/MultiChoiceQuestionListItem.tsx">
        <metrics statements="16" coveredstatements="16" conditionals="14" coveredconditionals="14" methods="12" coveredmethods="12"/>
        <line num="12" count="3" type="stmt"/>
        <line num="15" count="22" type="stmt"/>
        <line num="16" count="22" type="stmt"/>
        <line num="17" count="22" type="cond" truecount="2" falsecount="0"/>
        <line num="19" count="22" type="cond" truecount="2" falsecount="0"/>
        <line num="20" count="22" type="stmt"/>
        <line num="23" count="3" type="stmt"/>
        <line num="25" count="22" type="stmt"/>
        <line num="27" count="22" type="stmt"/>
        <line num="30" count="3" type="stmt"/>
        <line num="32" count="22" type="stmt"/>
        <line num="34" count="22" type="cond" truecount="2" falsecount="0"/>
        <line num="44" count="3" type="stmt"/>
        <line num="45" count="22" type="stmt"/>
        <line num="46" count="3" type="stmt"/>
        <line num="66" count="24" type="cond" truecount="4" falsecount="0"/>
      </file>
    </package>
    <package name="components.screens.quiz.components.results">
      <metrics statements="49" coveredstatements="46" conditionals="2" coveredconditionals="2" methods="26" coveredmethods="23"/>
      <file name="ResultListItem.tsx" path="/Users/steniowagner/Documents/dev/cine-tasty-mobile/src/components/screens/quiz/components/results/ResultListItem.tsx">
        <metrics statements="25" coveredstatements="25" conditionals="2" coveredconditionals="2" methods="14" coveredmethods="14"/>
        <line num="10" count="2" type="stmt"/>
        <line num="12" count="2" type="stmt"/>
        <line num="13" count="2" type="stmt"/>
        <line num="17" count="2" type="stmt"/>
        <line num="19" count="2" type="stmt"/>
        <line num="20" count="2" type="stmt"/>
        <line num="21" count="2" type="stmt"/>
        <line num="24" count="2" type="stmt"/>
        <line num="25" count="2" type="stmt"/>
        <line num="26" count="2" type="stmt"/>
        <line num="30" count="2" type="stmt"/>
        <line num="31" count="2" type="stmt"/>
        <line num="35" count="2" type="stmt"/>
        <line num="38" count="2" type="stmt"/>
        <line num="40" count="2" type="stmt"/>
        <line num="45" count="2" type="stmt"/>
        <line num="47" count="4" type="stmt"/>
        <line num="52" count="2" type="stmt"/>
        <line num="55" count="2" type="stmt"/>
        <line num="63" count="2" type="stmt"/>
        <line num="64" count="2" type="stmt"/>
        <line num="66" count="2" type="stmt"/>
        <line num="67" count="2" type="cond" truecount="2" falsecount="0"/>
        <line num="69" count="2" type="stmt"/>
        <line num="71" count="2" type="stmt"/>
      </file>
      <file name="Results.tsx" path="/Users/steniowagner/Documents/dev/cine-tasty-mobile/src/components/screens/quiz/components/results/Results.tsx">
        <metrics statements="12" coveredstatements="12" conditionals="0" coveredconditionals="0" methods="6" coveredmethods="6"/>
        <line num="14" count="2" type="stmt"/>
        <line num="20" count="2" type="stmt"/>
        <line num="22" count="2" type="stmt"/>
        <line num="34" count="2" type="stmt"/>
        <line num="35" count="2" type="stmt"/>
        <line num="37" count="2" type="stmt"/>
        <line num="38" count="2" type="stmt"/>
        <line num="39" count="2" type="stmt"/>
        <line num="43" count="2" type="stmt"/>
        <line num="48" count="2" type="stmt"/>
        <line num="52" count="2" type="stmt"/>
        <line num="61" count="5" type="stmt"/>
      </file>
      <file name="useResults.ts" path="/Users/steniowagner/Documents/dev/cine-tasty-mobile/src/components/screens/quiz/components/results/useResults.ts">
        <metrics statements="12" coveredstatements="9" conditionals="0" coveredconditionals="0" methods="6" coveredmethods="3"/>
        <line num="26" count="2" type="stmt"/>
        <line num="27" count="2" type="stmt"/>
        <line num="29" count="2" type="stmt"/>
        <line num="31" count="2" type="stmt"/>
        <line num="32" count="1" type="stmt"/>
        <line num="34" count="2" type="stmt"/>
        <line num="42" count="1" type="stmt"/>
        <line num="45" count="2" type="stmt"/>
        <line num="46" count="0" type="stmt"/>
        <line num="53" count="0" type="stmt"/>
        <line num="55" count="0" type="stmt"/>
        <line num="61" count="2" type="stmt"/>
      </file>
    </package>
    <package name="components.screens.quiz.components.setup-questions">
      <metrics statements="103" coveredstatements="102" conditionals="28" coveredconditionals="28" methods="41" coveredmethods="40"/>
      <file name="DropdownOption.tsx" path="/Users/steniowagner/Documents/dev/cine-tasty-mobile/src/components/screens/quiz/components/setup-questions/DropdownOption.tsx">
        <metrics statements="10" coveredstatements="10" conditionals="0" coveredconditionals="0" methods="7" coveredmethods="7"/>
        <line num="7" count="2" type="stmt"/>
        <line num="12" count="93" type="stmt"/>
        <line num="13" count="93" type="stmt"/>
        <line num="14" count="93" type="stmt"/>
        <line num="17" count="2" type="stmt"/>
        <line num="18" count="93" type="stmt"/>
        <line num="20" count="93" type="stmt"/>
        <line num="23" count="93" type="stmt"/>
        <line num="34" count="2" type="stmt"/>
        <line num="35" count="93" type="stmt"/>
      </file>
      <file name="NumberOfQuestionts.tsx" path="/Users/steniowagner/Documents/dev/cine-tasty-mobile/src/components/screens/quiz/components/setup-questions/NumberOfQuestionts.tsx">
        <metrics statements="11" coveredstatements="10" conditionals="0" coveredconditionals="0" methods="5" coveredmethods="4"/>
        <line num="6" count="2" type="stmt"/>
        <line num="7" count="2" type="stmt"/>
        <line num="9" count="2" type="stmt"/>
        <line num="10" count="93" type="stmt"/>
        <line num="11" count="93" type="stmt"/>
        <line num="15" count="2" type="stmt"/>
        <line num="28" count="2" type="stmt"/>
        <line num="29" count="31" type="stmt"/>
        <line num="31" count="31" type="stmt"/>
        <line num="42" count="0" type="stmt"/>
        <line num="45" count="1" type="stmt"/>
      </file>
      <file name="OptionListItem.tsx" path="/Users/steniowagner/Documents/dev/cine-tasty-mobile/src/components/screens/quiz/components/setup-questions/OptionListItem.tsx">
        <metrics statements="10" coveredstatements="10" conditionals="8" coveredconditionals="8" methods="7" coveredmethods="7"/>
        <line num="11" count="2" type="stmt"/>
        <line num="13" count="42" type="stmt"/>
        <line num="17" count="42" type="stmt"/>
        <line num="20" count="2" type="stmt"/>
        <line num="22" count="42" type="stmt"/>
        <line num="23" count="42" type="cond" truecount="2" falsecount="0"/>
        <line num="26" count="15" type="stmt"/>
        <line num="38" count="20" type="cond" truecount="4" falsecount="0"/>
        <line num="41" count="2" type="stmt"/>
        <line num="42" count="42" type="stmt"/>
      </file>
      <file name="SetupQuestions.tsx" path="/Users/steniowagner/Documents/dev/cine-tasty-mobile/src/components/screens/quiz/components/setup-questions/SetupQuestions.tsx">
        <metrics statements="20" coveredstatements="20" conditionals="2" coveredconditionals="2" methods="14" coveredmethods="14"/>
        <line num="17" count="2" type="stmt"/>
        <line num="21" count="31" type="stmt"/>
        <line num="22" count="31" type="stmt"/>
        <line num="25" count="2" type="stmt"/>
        <line num="29" count="2" type="stmt"/>
        <line num="35" count="2" type="stmt"/>
        <line num="36" count="124" type="stmt"/>
        <line num="37" count="124" type="stmt"/>
        <line num="38" count="124" type="stmt"/>
        <line num="40" count="124" type="stmt"/>
        <line num="47" count="2" type="stmt"/>
        <line num="64" count="31" type="stmt"/>
        <line num="66" count="31" type="stmt"/>
        <line num="71" count="3" type="stmt"/>
        <line num="76" count="3" type="stmt"/>
        <line num="81" count="3" type="stmt"/>
        <line num="107" count="50" type="stmt"/>
        <line num="109" count="6" type="stmt"/>
        <line num="113" count="35" type="stmt"/>
        <line num="114" count="50" type="stmt"/>
      </file>
      <file name="useSetupQuestions.ts" path="/Users/steniowagner/Documents/dev/cine-tasty-mobile/src/components/screens/quiz/components/setup-questions/useSetupQuestions.ts">
        <metrics statements="52" coveredstatements="52" conditionals="18" coveredconditionals="18" methods="8" coveredmethods="8"/>
        <line num="11" count="2" type="stmt"/>
        <line num="44" count="2" type="stmt"/>
        <line num="45" count="31" type="stmt"/>
        <line num="48" count="31" type="stmt"/>
        <line num="51" count="31" type="stmt"/>
        <line num="54" count="31" type="stmt"/>
        <line num="55" count="31" type="stmt"/>
        <line num="56" count="31" type="stmt"/>
        <line num="57" count="31" type="stmt"/>
        <line num="58" count="31" type="stmt"/>
        <line num="62" count="31" type="stmt"/>
        <line num="64" count="31" type="stmt"/>
        <line num="67" count="9" type="stmt"/>
        <line num="69" count="9" type="cond" truecount="2" falsecount="0"/>
        <line num="70" count="3" type="stmt"/>
        <line num="71" count="3" type="stmt"/>
        <line num="74" count="9" type="cond" truecount="2" falsecount="0"/>
        <line num="75" count="3" type="stmt"/>
        <line num="76" count="3" type="stmt"/>
        <line num="79" count="9" type="cond" truecount="2" falsecount="0"/>
        <line num="80" count="3" type="stmt"/>
        <line num="81" count="3" type="stmt"/>
        <line num="84" count="9" type="stmt"/>
        <line num="92" count="31" type="stmt"/>
        <line num="94" count="9" type="stmt"/>
        <line num="96" count="9" type="stmt"/>
        <line num="97" count="9" type="stmt"/>
        <line num="100" count="9" type="stmt"/>
        <line num="105" count="31" type="stmt"/>
        <line num="107" count="9" type="stmt"/>
        <line num="109" count="9" type="stmt"/>
        <line num="111" count="9" type="cond" truecount="2" falsecount="0"/>
        <line num="112" count="3" type="stmt"/>
        <line num="113" count="3" type="stmt"/>
        <line num="116" count="9" type="cond" truecount="2" falsecount="0"/>
        <line num="117" count="3" type="stmt"/>
        <line num="118" count="3" type="stmt"/>
        <line num="121" count="9" type="cond" truecount="2" falsecount="0"/>
        <line num="122" count="3" type="stmt"/>
        <line num="123" count="3" type="stmt"/>
        <line num="129" count="31" type="stmt"/>
        <line num="130" count="6" type="cond" truecount="2" falsecount="0"/>
        <line num="131" count="2" type="stmt"/>
        <line num="134" count="6" type="cond" truecount="2" falsecount="0"/>
        <line num="135" count="2" type="stmt"/>
        <line num="138" count="6" type="cond" truecount="2" falsecount="0"/>
        <line num="139" count="2" type="stmt"/>
        <line num="142" count="6" type="stmt"/>
        <line num="145" count="31" type="stmt"/>
        <line num="146" count="2" type="stmt"/>
        <line num="154" count="31" type="stmt"/>
        <line num="156" count="6" type="stmt"/>
      </file>
    </package>
    <package name="components.screens.quiz.components.setup-questions.options">
      <metrics statements="3" coveredstatements="3" conditionals="0" coveredconditionals="0" methods="0" coveredmethods="0"/>
      <file name="categories.ts" path="/Users/steniowagner/Documents/dev/cine-tasty-mobile/src/components/screens/quiz/components/setup-questions/options/categories.ts">
        <metrics statements="1" coveredstatements="1" conditionals="0" coveredconditionals="0" methods="0" coveredmethods="0"/>
        <line num="4" count="2" type="stmt"/>
      </file>
      <file name="difficulties.ts" path="/Users/steniowagner/Documents/dev/cine-tasty-mobile/src/components/screens/quiz/components/setup-questions/options/difficulties.ts">
        <metrics statements="1" coveredstatements="1" conditionals="0" coveredconditionals="0" methods="0" coveredmethods="0"/>
        <line num="4" count="2" type="stmt"/>
      </file>
      <file name="index.ts" path="/Users/steniowagner/Documents/dev/cine-tasty-mobile/src/components/screens/quiz/components/setup-questions/options/index.ts">
        <metrics statements="0" coveredstatements="0" conditionals="0" coveredconditionals="0" methods="0" coveredmethods="0"/>
      </file>
      <file name="types.ts" path="/Users/steniowagner/Documents/dev/cine-tasty-mobile/src/components/screens/quiz/components/setup-questions/options/types.ts">
        <metrics statements="1" coveredstatements="1" conditionals="0" coveredconditionals="0" methods="0" coveredmethods="0"/>
        <line num="4" count="2" type="stmt"/>
      </file>
    </package>
    <package name="components.screens.quiz.routes">
      <metrics statements="9" coveredstatements="5" conditionals="0" coveredconditionals="0" methods="3" coveredmethods="0"/>
      <file name="route-names.ts" path="/Users/steniowagner/Documents/dev/cine-tasty-mobile/src/components/screens/quiz/routes/route-names.ts">
        <metrics statements="1" coveredstatements="1" conditionals="0" coveredconditionals="0" methods="0" coveredmethods="0"/>
        <line num="5" count="4" type="stmt"/>
      </file>
      <file name="stack-routes.tsx" path="/Users/steniowagner/Documents/dev/cine-tasty-mobile/src/components/screens/quiz/routes/stack-routes.tsx">
        <metrics statements="8" coveredstatements="4" conditionals="0" coveredconditionals="0" methods="3" coveredmethods="0"/>
        <line num="14" count="1" type="stmt"/>
        <line num="16" count="1" type="stmt"/>
        <line num="17" count="0" type="stmt"/>
        <line num="19" count="0" type="stmt"/>
        <line num="48" count="0" type="stmt"/>
        <line num="57" count="1" type="stmt"/>
        <line num="58" count="0" type="stmt"/>
        <line num="63" count="1" type="stmt"/>
      </file>
    </package>
    <package name="components.screens.search.components.search">
      <metrics statements="24" coveredstatements="16" conditionals="15" coveredconditionals="9" methods="11" coveredmethods="8"/>
      <file name="Search.tsx" path="/Users/steniowagner/Documents/dev/cine-tasty-mobile/src/components/screens/search/components/search/Search.tsx">
        <metrics statements="24" coveredstatements="16" conditionals="15" coveredconditionals="9" methods="11" coveredmethods="8"/>
        <line num="23" count="7" type="stmt"/>
        <line num="34" count="7" type="stmt"/>
        <line num="46" count="57" type="stmt"/>
        <line num="53" count="57" type="stmt"/>
        <line num="54" count="10" type="stmt"/>
        <line num="56" count="16" type="stmt"/>
        <line num="58" count="0" type="stmt"/>
        <line num="65" count="57" type="stmt"/>
        <line num="66" count="0" type="cond" truecount="0" falsecount="2"/>
        <line num="67" count="0" type="stmt"/>
        <line num="70" count="0" type="cond" truecount="0" falsecount="2"/>
        <line num="71" count="0" type="stmt"/>
        <line num="74" count="0" type="cond" truecount="0" falsecount="2"/>
        <line num="75" count="0" type="stmt"/>
        <line num="79" count="57" type="cond" truecount="2" falsecount="0"/>
        <line num="80" count="10" type="stmt"/>
        <line num="83" count="47" type="cond" truecount="3" falsecount="0"/>
        <line num="85" count="47" type="stmt"/>
        <line num="89" count="47" type="cond" truecount="2" falsecount="0"/>
        <line num="94" count="47" type="stmt"/>
        <line num="111" count="9" type="stmt"/>
        <line num="118" count="280" type="stmt"/>
        <line num="119" count="0" type="stmt"/>
        <line num="126" count="304" type="stmt"/>
      </file>
    </package>
    <package name="components.screens.search.components.search.use-search">
      <metrics statements="82" coveredstatements="80" conditionals="16" coveredconditionals="13" methods="22" coveredmethods="22"/>
      <file name="usePaginatedSearch.ts" path="/Users/steniowagner/Documents/dev/cine-tasty-mobile/src/components/screens/search/components/search/use-search/usePaginatedSearch.ts">
        <metrics statements="27" coveredstatements="25" conditionals="6" coveredconditionals="4" methods="9" coveredmethods="9"/>
        <line num="8" count="7" type="stmt"/>
        <line num="10" count="7" type="stmt"/>
        <line num="43" count="7" type="stmt"/>
        <line num="50" count="57" type="stmt"/>
        <line num="52" count="57" type="stmt"/>
        <line num="54" count="6" type="stmt"/>
        <line num="55" count="6" type="stmt"/>
        <line num="58" count="6" type="stmt"/>
        <line num="60" count="3" type="stmt"/>
        <line num="65" count="3" type="cond" truecount="1" falsecount="1"/>
        <line num="66" count="0" type="stmt"/>
        <line num="69" count="3" type="stmt"/>
        <line num="71" count="3" type="stmt"/>
        <line num="76" count="3" type="stmt"/>
        <line num="82" count="57" type="stmt"/>
        <line num="84" count="6" type="stmt"/>
        <line num="88" count="57" type="stmt"/>
        <line num="89" count="22" type="cond" truecount="2" falsecount="0"/>
        <line num="90" count="6" type="stmt"/>
        <line num="97" count="57" type="stmt"/>
        <line num="98" count="6" type="stmt"/>
        <line num="99" count="6" type="cond" truecount="1" falsecount="1"/>
        <line num="100" count="0" type="stmt"/>
        <line num="103" count="6" type="stmt"/>
        <line num="110" count="57" type="stmt"/>
        <line num="111" count="8" type="stmt"/>
        <line num="114" count="57" type="stmt"/>
      </file>
      <file name="useSearch.ts" path="/Users/steniowagner/Documents/dev/cine-tasty-mobile/src/components/screens/search/components/search/use-search/useSearch.ts">
        <metrics statements="38" coveredstatements="38" conditionals="10" coveredconditionals="9" methods="9" coveredmethods="9"/>
        <line num="12" count="7" type="stmt"/>
        <line num="37" count="7" type="stmt"/>
        <line num="43" count="57" type="stmt"/>
        <line num="46" count="57" type="stmt"/>
        <line num="47" count="57" type="stmt"/>
        <line num="48" count="57" type="stmt"/>
        <line num="50" count="57" type="stmt"/>
        <line num="52" count="57" type="stmt"/>
        <line num="54" count="57" type="stmt"/>
        <line num="60" count="57" type="stmt"/>
        <line num="62" count="3" type="stmt"/>
        <line num="70" count="57" type="stmt"/>
        <line num="71" count="3" type="stmt"/>
        <line num="72" count="3" type="stmt"/>
        <line num="75" count="57" type="stmt"/>
        <line num="83" count="57" type="stmt"/>
        <line num="84" count="10" type="stmt"/>
        <line num="85" count="10" type="stmt"/>
        <line num="87" count="8" type="stmt"/>
        <line num="89" count="8" type="stmt"/>
        <line num="94" count="2" type="stmt"/>
        <line num="98" count="57" type="stmt"/>
        <line num="99" count="1" type="stmt"/>
        <line num="101" count="1" type="stmt"/>
        <line num="104" count="57" type="stmt"/>
        <line num="105" count="19" type="stmt"/>
        <line num="107" count="19" type="stmt"/>
        <line num="109" count="19" type="cond" truecount="2" falsecount="0"/>
        <line num="110" count="9" type="stmt"/>
        <line num="114" count="57" type="stmt"/>
        <line num="115" count="6" type="stmt"/>
        <line num="117" count="6" type="stmt"/>
        <line num="119" count="6" type="cond" truecount="3" falsecount="1"/>
        <line num="120" count="6" type="stmt"/>
        <line num="124" count="57" type="stmt"/>
        <line num="125" count="5" type="cond" truecount="4" falsecount="0"/>
        <line num="126" count="4" type="stmt"/>
        <line num="130" count="57" type="stmt"/>
      </file>
      <file name="useSearchByQuery.ts" path="/Users/steniowagner/Documents/dev/cine-tasty-mobile/src/components/screens/search/components/search/use-search/useSearchByQuery.ts">
        <metrics statements="17" coveredstatements="17" conditionals="0" coveredconditionals="0" methods="4" coveredmethods="4"/>
        <line num="8" count="7" type="stmt"/>
        <line num="26" count="7" type="stmt"/>
        <line num="27" count="57" type="stmt"/>
        <line num="29" count="57" type="stmt"/>
        <line num="31" count="9" type="stmt"/>
        <line num="35" count="57" type="stmt"/>
        <line num="36" count="9" type="stmt"/>
        <line num="39" count="57" type="stmt"/>
        <line num="40" count="10" type="stmt"/>
        <line num="41" count="10" type="stmt"/>
        <line num="43" count="10" type="stmt"/>
        <line num="47" count="10" type="stmt"/>
        <line num="49" count="8" type="stmt"/>
        <line num="51" count="8" type="stmt"/>
        <line num="53" count="2" type="stmt"/>
        <line num="55" count="2" type="stmt"/>
        <line num="59" count="57" type="stmt"/>
      </file>
    </package>
    <package name="components.screens.search.queries">
      <metrics statements="1" coveredstatements="1" conditionals="0" coveredconditionals="0" methods="0" coveredmethods="0"/>
      <file name="index.ts" path="/Users/steniowagner/Documents/dev/cine-tasty-mobile/src/components/screens/search/queries/index.ts">
        <metrics statements="0" coveredstatements="0" conditionals="0" coveredconditionals="0" methods="0" coveredmethods="0"/>
      </file>
      <file name="search-person.ts" path="/Users/steniowagner/Documents/dev/cine-tasty-mobile/src/components/screens/search/queries/search-person.ts">
        <metrics statements="1" coveredstatements="1" conditionals="0" coveredconditionals="0" methods="0" coveredmethods="0"/>
        <line num="3" count="13" type="stmt"/>
      </file>
    </package>
    <package name="components.utils.tab-navigator">
      <metrics statements="37" coveredstatements="36" conditionals="22" coveredconditionals="14" methods="14" coveredmethods="13"/>
      <file name="TabNavigator.tsx" path="/Users/steniowagner/Documents/dev/cine-tasty-mobile/src/components/utils/tab-navigator/TabNavigator.tsx">
        <metrics statements="25" coveredstatements="24" conditionals="12" coveredconditionals="9" methods="8" coveredmethods="8"/>
        <line num="18" count="1" type="stmt"/>
        <line num="19" count="3" type="stmt"/>
        <line num="20" count="3" type="cond" truecount="1" falsecount="1"/>
        <line num="22" count="3" type="stmt"/>
        <line num="26" count="1" type="stmt"/>
        <line num="35" count="1" type="stmt"/>
        <line num="37" count="1" type="stmt"/>
        <line num="38" count="4" type="stmt"/>
        <line num="40" count="4" type="stmt"/>
        <line num="41" count="4" type="stmt"/>
        <line num="43" count="4" type="cond" truecount="1" falsecount="1"/>
        <line num="44" count="0" type="stmt"/>
        <line num="47" count="4" type="stmt"/>
        <line num="49" count="4" type="cond" truecount="4" falsecount="0"/>
        <line num="50" count="1" type="stmt"/>
        <line num="53" count="3" type="stmt"/>
        <line num="55" count="3" type="stmt"/>
        <line num="58" count="4" type="stmt"/>
        <line num="60" count="4" type="cond" truecount="2" falsecount="0"/>
        <line num="61" count="1" type="stmt"/>
        <line num="64" count="3" type="stmt"/>
        <line num="69" count="12" type="stmt"/>
        <line num="70" count="1" type="stmt"/>
        <line num="83" count="1" type="stmt"/>
        <line num="84" count="4" type="stmt"/>
      </file>
      <file name="TabNavigatorItem.tsx" path="/Users/steniowagner/Documents/dev/cine-tasty-mobile/src/components/utils/tab-navigator/TabNavigatorItem.tsx">
        <metrics statements="11" coveredstatements="11" conditionals="10" coveredconditionals="5" methods="6" coveredmethods="5"/>
        <line num="16" count="2" type="stmt"/>
        <line num="17" count="16" type="stmt"/>
        <line num="23" count="2" type="stmt"/>
        <line num="24" count="16" type="cond" truecount="1" falsecount="1"/>
        <line num="26" count="16" type="stmt"/>
        <line num="27" count="16" type="stmt"/>
        <line num="40" count="2" type="cond" truecount="0" falsecount="4"/>
        <line num="43" count="2" type="stmt"/>
        <line num="47" count="16" type="cond" truecount="2" falsecount="0"/>
        <line num="48" count="16" type="cond" truecount="2" falsecount="0"/>
        <line num="50" count="16" type="stmt"/>
      </file>
      <file name="items.ts" path="/Users/steniowagner/Documents/dev/cine-tasty-mobile/src/components/utils/tab-navigator/items.ts">
        <metrics statements="1" coveredstatements="1" conditionals="0" coveredconditionals="0" methods="0" coveredmethods="0"/>
        <line num="8" count="1" type="stmt"/>
      </file>
    </package>
    <package name="hooks">
      <metrics statements="15" coveredstatements="11" conditionals="6" coveredconditionals="4" methods="6" coveredmethods="3"/>
      <file name="index.ts" path="/Users/steniowagner/Documents/dev/cine-tasty-mobile/src/hooks/index.ts">
        <metrics statements="0" coveredstatements="0" conditionals="0" coveredconditionals="0" methods="0" coveredmethods="0"/>
      </file>
      <file name="useLoadListItemImage.ts" path="/Users/steniowagner/Documents/dev/cine-tasty-mobile/src/hooks/useLoadListItemImage.ts">
        <metrics statements="15" coveredstatements="11" conditionals="6" coveredconditionals="4" methods="6" coveredmethods="3"/>
        <line num="16" count="16" type="stmt"/>
        <line num="17" count="601" type="stmt"/>
        <line num="18" count="601" type="stmt"/>
        <line num="19" count="601" type="stmt"/>
        <line num="21" count="601" type="stmt"/>
        <line num="23" count="601" type="stmt"/>
        <line num="24" count="227" type="cond" truecount="2" falsecount="2"/>
        <line num="25" count="0" type="stmt"/>
        <line num="29" count="0" type="stmt"/>
        <line num="33" count="601" type="stmt"/>
        <line num="34" count="227" type="cond" truecount="2" falsecount="0"/>
        <line num="35" count="69" type="stmt"/>
        <line num="39" count="601" type="stmt"/>
        <line num="40" count="0" type="stmt"/>
        <line num="42" count="0" type="stmt"/>
      </file>
    </package>
    <package name="hooks.use-paginated-query">
      <metrics statements="59" coveredstatements="58" conditionals="12" coveredconditionals="11" methods="19" coveredmethods="19"/>
      <file name="useEntryQuery.ts" path="/Users/steniowagner/Documents/dev/cine-tasty-mobile/src/hooks/use-paginated-query/useEntryQuery.ts">
        <metrics statements="13" coveredstatements="13" conditionals="2" coveredconditionals="2" methods="2" coveredmethods="2"/>
        <line num="17" count="16" type="stmt"/>
        <line num="24" count="103" type="stmt"/>
        <line num="26" count="103" type="stmt"/>
        <line num="28" count="27" type="stmt"/>
        <line num="29" count="27" type="stmt"/>
        <line num="31" count="27" type="stmt"/>
        <line num="33" count="19" type="stmt"/>
        <line num="35" count="19" type="stmt"/>
        <line num="37" count="19" type="stmt"/>
        <line num="40" count="8" type="stmt"/>
        <line num="41" count="8" type="stmt"/>
        <line num="43" count="8" type="stmt"/>
        <line num="49" count="103" type="stmt"/>
      </file>
      <file name="usePaginatedQuery.ts" path="/Users/steniowagner/Documents/dev/cine-tasty-mobile/src/hooks/use-paginated-query/usePaginatedQuery.ts">
        <metrics statements="16" coveredstatements="16" conditionals="3" coveredconditionals="3" methods="7" coveredmethods="7"/>
        <line num="31" count="16" type="stmt"/>
        <line num="40" count="103" type="stmt"/>
        <line num="45" count="103" type="stmt"/>
        <line num="46" count="103" type="stmt"/>
        <line num="47" count="23" type="stmt"/>
        <line num="59" count="103" type="stmt"/>
        <line num="61" count="4" type="stmt"/>
        <line num="64" count="103" type="stmt"/>
        <line num="70" count="8" type="stmt"/>
        <line num="73" count="103" type="stmt"/>
        <line num="74" count="19" type="cond" truecount="2" falsecount="0"/>
        <line num="75" count="10" type="stmt"/>
        <line num="79" count="103" type="stmt"/>
        <line num="80" count="17" type="stmt"/>
        <line num="82" count="17" type="stmt"/>
        <line num="85" count="103" type="stmt"/>
      </file>
      <file name="useQueryWithPagination.ts" path="/Users/steniowagner/Documents/dev/cine-tasty-mobile/src/hooks/use-paginated-query/useQueryWithPagination.ts">
        <metrics statements="30" coveredstatements="29" conditionals="7" coveredconditionals="6" methods="10" coveredmethods="10"/>
        <line num="8" count="16" type="stmt"/>
        <line num="10" count="16" type="stmt"/>
        <line num="36" count="16" type="stmt"/>
        <line num="42" count="103" type="stmt"/>
        <line num="44" count="103" type="stmt"/>
        <line num="46" count="8" type="stmt"/>
        <line num="47" count="8" type="stmt"/>
        <line num="52" count="8" type="stmt"/>
        <line num="54" count="4" type="stmt"/>
        <line num="56" count="4" type="stmt"/>
        <line num="63" count="4" type="stmt"/>
        <line num="65" count="4" type="stmt"/>
        <line num="67" count="4" type="stmt"/>
        <line num="77" count="103" type="stmt"/>
        <line num="79" count="8" type="stmt"/>
        <line num="83" count="103" type="stmt"/>
        <line num="84" count="58" type="cond" truecount="2" falsecount="0"/>
        <line num="85" count="8" type="stmt"/>
        <line num="89" count="103" type="stmt"/>
        <line num="90" count="10" type="cond" truecount="2" falsecount="0"/>
        <line num="91" count="2" type="stmt"/>
        <line num="94" count="8" type="stmt"/>
        <line num="95" count="8" type="cond" truecount="1" falsecount="1"/>
        <line num="96" count="0" type="stmt"/>
        <line num="99" count="8" type="stmt"/>
        <line num="107" count="103" type="stmt"/>
        <line num="108" count="17" type="stmt"/>
        <line num="111" count="103" type="stmt"/>
        <line num="112" count="19" type="stmt"/>
        <line num="118" count="103" type="stmt"/>
      </file>
    </package>
    <package name="i18n">
      <metrics statements="15" coveredstatements="15" conditionals="8" coveredconditionals="8" methods="3" coveredmethods="3"/>
      <file name="handleLanguageDetection.ts" path="/Users/steniowagner/Documents/dev/cine-tasty-mobile/src/i18n/handleLanguageDetection.ts">
        <metrics statements="15" coveredstatements="15" conditionals="8" coveredconditionals="8" methods="3" coveredmethods="3"/>
        <line num="11" count="7" type="stmt"/>
        <line num="12" count="6" type="stmt"/>
        <line num="34" count="6" type="cond" truecount="2" falsecount="0"/>
        <line num="36" count="6" type="stmt"/>
        <line num="39" count="7" type="stmt"/>
        <line num="40" count="6" type="cond" truecount="2" falsecount="0"/>
        <line num="45" count="6" type="stmt"/>
        <line num="48" count="7" type="stmt"/>
        <line num="49" count="7" type="stmt"/>
        <line num="54" count="7" type="cond" truecount="2" falsecount="0"/>
        <line num="55" count="1" type="stmt"/>
        <line num="58" count="6" type="stmt"/>
        <line num="60" count="6" type="stmt"/>
        <line num="62" count="6" type="stmt"/>
        <line num="64" count="6" type="stmt"/>
      </file>
    </package>
    <package name="routes">
      <metrics statements="1" coveredstatements="1" conditionals="0" coveredconditionals="0" methods="1" coveredmethods="0"/>
      <file name="constants.ts" path="/Users/steniowagner/Documents/dev/cine-tasty-mobile/src/routes/constants.ts">
        <metrics statements="1" coveredstatements="1" conditionals="0" coveredconditionals="0" methods="1" coveredmethods="0"/>
        <line num="3" count="1" type="stmt"/>
      </file>
    </package>
    <package name="styles.metrics">
      <metrics statements="9" coveredstatements="9" conditionals="2" coveredconditionals="1" methods="2" coveredmethods="2"/>
      <file name="index.ts" path="/Users/steniowagner/Documents/dev/cine-tasty-mobile/src/styles/metrics/index.ts">
        <metrics statements="9" coveredstatements="9" conditionals="2" coveredconditionals="1" methods="2" coveredmethods="2"/>
        <line num="3" count="37" type="stmt"/>
        <line num="5" count="37" type="stmt"/>
        <line num="6" count="2621" type="stmt"/>
        <line num="8" count="2621" type="stmt"/>
        <line num="12" count="2621" type="stmt"/>
        <line num="15" count="37" type="stmt"/>
        <line num="16" count="73" type="stmt"/>
        <line num="18" count="73" type="stmt"/>
        <line num="22" count="73" type="stmt"/>
      </file>
    </package>
    <package name="styles.theme-context-provider">
      <metrics statements="23" coveredstatements="23" conditionals="6" coveredconditionals="6" methods="8" coveredmethods="7"/>
      <file name="ThemeContextProvider.tsx" path="/Users/steniowagner/Documents/dev/cine-tasty-mobile/src/styles/theme-context-provider/ThemeContextProvider.tsx">
        <metrics statements="4" coveredstatements="4" conditionals="0" coveredconditionals="0" methods="2" coveredmethods="1"/>
        <line num="16" count="1" type="stmt"/>
        <line num="21" count="1" type="stmt"/>
        <line num="22" count="8" type="stmt"/>
        <line num="24" count="8" type="stmt"/>
      </file>
      <file name="useThemeContextProvider.ts" path="/Users/steniowagner/Documents/dev/cine-tasty-mobile/src/styles/theme-context-provider/useThemeContextProvider.ts">
        <metrics statements="19" coveredstatements="19" conditionals="6" coveredconditionals="6" methods="6" coveredmethods="6"/>
        <line num="19" count="2" type="stmt"/>
        <line num="20" count="20" type="stmt"/>
        <line num="22" count="20" type="stmt"/>
        <line num="23" count="8" type="stmt"/>
        <line num="28" count="8" type="cond" truecount="2" falsecount="0"/>
        <line num="29" count="2" type="stmt"/>
        <line num="31" count="2" type="stmt"/>
        <line num="34" count="6" type="stmt"/>
        <line num="37" count="20" type="stmt"/>
        <line num="38" count="8" type="stmt"/>
        <line num="41" count="20" type="stmt"/>
        <line num="42" count="4" type="stmt"/>
        <line num="43" count="4" type="cond" truecount="2" falsecount="0"/>
        <line num="45" count="4" type="stmt"/>
        <line num="47" count="4" type="stmt"/>
        <line num="51" count="20" type="stmt"/>
        <line num="52" count="20" type="cond" truecount="2" falsecount="0"/>
        <line num="54" count="20" type="stmt"/>
        <line num="57" count="20" type="stmt"/>
      </file>
    </package>
    <package name="styles.themes">
      <metrics statements="2" coveredstatements="2" conditionals="0" coveredconditionals="0" methods="0" coveredmethods="0"/>
      <file name="dark.ts" path="/Users/steniowagner/Documents/dev/cine-tasty-mobile/src/styles/themes/dark.ts">
        <metrics statements="1" coveredstatements="1" conditionals="0" coveredconditionals="0" methods="0" coveredmethods="0"/>
        <line num="6" count="37" type="stmt"/>
      </file>
      <file name="index.ts" path="/Users/steniowagner/Documents/dev/cine-tasty-mobile/src/styles/themes/index.ts">
        <metrics statements="0" coveredstatements="0" conditionals="0" coveredconditionals="0" methods="0" coveredmethods="0"/>
      </file>
      <file name="light.ts" path="/Users/steniowagner/Documents/dev/cine-tasty-mobile/src/styles/themes/light.ts">
        <metrics statements="1" coveredstatements="1" conditionals="0" coveredconditionals="0" methods="0" coveredmethods="0"/>
        <line num="6" count="37" type="stmt"/>
      </file>
    </package>
    <package name="types">
      <metrics statements="0" coveredstatements="0" conditionals="0" coveredconditionals="0" methods="0" coveredmethods="0"/>
      <file name="index.ts" path="/Users/steniowagner/Documents/dev/cine-tasty-mobile/src/types/index.ts">
        <metrics statements="0" coveredstatements="0" conditionals="0" coveredconditionals="0" methods="0" coveredmethods="0"/>
      </file>
      <file name="schema.ts" path="/Users/steniowagner/Documents/dev/cine-tasty-mobile/src/types/schema.ts">
        <metrics statements="0" coveredstatements="0" conditionals="0" coveredconditionals="0" methods="0" coveredmethods="0"/>
      </file>
    </package>
    <package name="utils">
      <metrics statements="15" coveredstatements="15" conditionals="3" coveredconditionals="3" methods="5" coveredmethods="5"/>
      <file name="constants.ts" path="/Users/steniowagner/Documents/dev/cine-tasty-mobile/src/utils/constants.ts">
        <metrics statements="3" coveredstatements="3" conditionals="0" coveredconditionals="0" methods="0" coveredmethods="0"/>
        <line num="1" count="28" type="stmt"/>
        <line num="8" count="28" type="stmt"/>
        <line num="16" count="28" type="stmt"/>
      </file>
      <file name="debounce.ts" path="/Users/steniowagner/Documents/dev/cine-tasty-mobile/src/utils/debounce.ts">
        <metrics statements="8" coveredstatements="8" conditionals="2" coveredconditionals="2" methods="3" coveredmethods="3"/>
        <line num="1" count="16" type="stmt"/>
        <line num="2" count="217" type="stmt"/>
        <line num="4" count="217" type="stmt"/>
        <line num="5" count="23" type="cond" truecount="2" falsecount="0"/>
        <line num="6" count="4" type="stmt"/>
        <line num="7" count="4" type="stmt"/>
        <line num="10" count="23" type="stmt"/>
        <line num="13" count="217" type="stmt"/>
      </file>
      <file name="useImperativeQuery.ts" path="/Users/steniowagner/Documents/dev/cine-tasty-mobile/src/utils/useImperativeQuery.ts">
        <metrics statements="4" coveredstatements="4" conditionals="1" coveredconditionals="1" methods="2" coveredmethods="2"/>
        <line num="5" count="16" type="stmt"/>
        <line num="9" count="160" type="stmt"/>
        <line num="11" count="160" type="stmt"/>
        <line num="13" count="160" type="stmt"/>
      </file>
    </package>
    <package name="utils.async-storage-adapter">
      <metrics statements="7" coveredstatements="7" conditionals="2" coveredconditionals="2" methods="3" coveredmethods="3"/>
      <file name="AsyncStorageAdapter.ts" path="/Users/steniowagner/Documents/dev/cine-tasty-mobile/src/utils/async-storage-adapter/AsyncStorageAdapter.ts">
        <metrics statements="7" coveredstatements="7" conditionals="2" coveredconditionals="2" methods="3" coveredmethods="3"/>
        <line num="5" count="4" type="stmt"/>
        <line num="9" count="2" type="stmt"/>
        <line num="13" count="2" type="cond" truecount="2" falsecount="0"/>
        <line num="14" count="1" type="stmt"/>
        <line num="17" count="1" type="stmt"/>
        <line num="20" count="4" type="stmt"/>
        <line num="22" count="4" type="stmt"/>
      </file>
    </package>
    <package name="utils.is-equals-or-largest-than-iphonex">
      <metrics statements="7" coveredstatements="7" conditionals="7" coveredconditionals="7" methods="1" coveredmethods="1"/>
      <file name="isEqualsOrLargestThanIphoneX.ts" path="/Users/steniowagner/Documents/dev/cine-tasty-mobile/src/utils/is-equals-or-largest-than-iphonex/isEqualsOrLargestThanIphoneX.ts">
        <metrics statements="7" coveredstatements="7" conditionals="7" coveredconditionals="7" methods="1" coveredmethods="1"/>
        <line num="3" count="11" type="stmt"/>
        <line num="5" count="11" type="stmt"/>
        <line num="6" count="11" type="stmt"/>
        <line num="8" count="11" type="stmt"/>
        <line num="9" count="34" type="cond" truecount="2" falsecount="0"/>
        <line num="10" count="34" type="cond" truecount="2" falsecount="0"/>
        <line num="12" count="34" type="stmt"/>
      </file>
    </package>
  </project>
</coverage>
