{"/Users/steniowagner/Documents/Dev/cine-tasty-mobile/src/components/common/Icon.tsx": {"path":"/Users/steniowagner/Documents/Dev/cine-tasty-mobile/src/components/common/Icon.tsx","statementMap":{"0":{"start":{"line":6,"column":19},"end":{"line":8,"column":1}},"1":{"start":{"line":16,"column":13},"end":{"line":23,"column":1}},"2":{"start":{"line":17,"column":2},"end":{"line":22,"column":4}}},"fnMap":{"0":{"name":"(anonymous_0)","decl":{"start":{"line":16,"column":13},"end":{"line":16,"column":14}},"loc":{"start":{"line":17,"column":2},"end":{"line":22,"column":4}},"line":17}},"branchMap":{"0":{"loc":{"start":{"line":7,"column":16},"end":{"line":7,"column":45}},"type":"cond-expr","locations":[{"start":{"line":7,"column":40},"end":{"line":7,"column":41}},{"start":{"line":7,"column":44},"end":{"line":7,"column":45}}],"line":7}},"s":{"0":12,"1":12,"2":174},"f":{"0":174},"b":{"0":[12,0]},"_coverageSchema":"43e27e138ebf9cfc5966b082cf9a028302ed4184","hash":"ed98b2ec95c1f4a57973456c35e2db54e5fe82dc"}
,"/Users/steniowagner/Documents/Dev/cine-tasty-mobile/src/components/common/LoadingIndicator.tsx": {"path":"/Users/steniowagner/Documents/Dev/cine-tasty-mobile/src/components/common/LoadingIndicator.tsx","statementMap":{"0":{"start":{"line":5,"column":16},"end":{"line":10,"column":1}},"1":{"start":{"line":12,"column":18},"end":{"line":15,"column":5}},"2":{"start":{"line":12,"column":66},"end":{"line":15,"column":1}},"3":{"start":{"line":17,"column":25},"end":{"line":23,"column":1}},"4":{"start":{"line":18,"column":2},"end":{"line":22,"column":12}}},"fnMap":{"0":{"name":"(anonymous_0)","decl":{"start":{"line":12,"column":50},"end":{"line":12,"column":51}},"loc":{"start":{"line":12,"column":66},"end":{"line":15,"column":1}},"line":12},"1":{"name":"(anonymous_1)","decl":{"start":{"line":17,"column":25},"end":{"line":17,"column":26}},"loc":{"start":{"line":18,"column":2},"end":{"line":22,"column":12}},"line":18}},"branchMap":{},"s":{"0":2,"1":2,"2":5,"3":2,"4":5},"f":{"0":5,"1":5},"b":{},"_coverageSchema":"43e27e138ebf9cfc5966b082cf9a028302ed4184","hash":"247bf7a343264b9f940e172c4ca472d687b1d3ec"}
,"/Users/steniowagner/Documents/Dev/cine-tasty-mobile/src/components/common/PaginationFooterLoading.tsx": {"path":"/Users/steniowagner/Documents/Dev/cine-tasty-mobile/src/components/common/PaginationFooterLoading.tsx","statementMap":{"0":{"start":{"line":5,"column":16},"end":{"line":11,"column":1}},"1":{"start":{"line":7,"column":27},"end":{"line":7,"column":63}},"2":{"start":{"line":8,"column":28},"end":{"line":8,"column":62}},"3":{"start":{"line":13,"column":32},"end":{"line":15,"column":5}},"4":{"start":{"line":13,"column":80},"end":{"line":15,"column":1}},"5":{"start":{"line":17,"column":32},"end":{"line":26,"column":1}},"6":{"start":{"line":18,"column":2},"end":{"line":25,"column":12}}},"fnMap":{"0":{"name":"(anonymous_0)","decl":{"start":{"line":7,"column":12},"end":{"line":7,"column":13}},"loc":{"start":{"line":7,"column":27},"end":{"line":7,"column":63}},"line":7},"1":{"name":"(anonymous_1)","decl":{"start":{"line":8,"column":13},"end":{"line":8,"column":14}},"loc":{"start":{"line":8,"column":28},"end":{"line":8,"column":62}},"line":8},"2":{"name":"(anonymous_2)","decl":{"start":{"line":13,"column":64},"end":{"line":13,"column":65}},"loc":{"start":{"line":13,"column":80},"end":{"line":15,"column":1}},"line":13},"3":{"name":"(anonymous_3)","decl":{"start":{"line":17,"column":32},"end":{"line":17,"column":33}},"loc":{"start":{"line":18,"column":2},"end":{"line":25,"column":12}},"line":18}},"branchMap":{},"s":{"0":3,"1":0,"2":0,"3":3,"4":0,"5":3,"6":0},"f":{"0":0,"1":0,"2":0,"3":0},"b":{},"_coverageSchema":"43e27e138ebf9cfc5966b082cf9a028302ed4184","hash":"1ac569191faccfd63c5082731d3a9ea7cc01bbf6"}
,"/Users/steniowagner/Documents/Dev/cine-tasty-mobile/src/components/common/PopupAdvice.tsx": {"path":"/Users/steniowagner/Documents/Dev/cine-tasty-mobile/src/components/common/PopupAdvice.tsx","statementMap":{"0":{"start":{"line":5,"column":16},"end":{"line":12,"column":1}},"1":{"start":{"line":8,"column":39},"end":{"line":8,"column":67}},"2":{"start":{"line":9,"column":37},"end":{"line":9,"column":60}},"3":{"start":{"line":10,"column":34},"end":{"line":10,"column":57}},"4":{"start":{"line":11,"column":37},"end":{"line":11,"column":55}},"5":{"start":{"line":14,"column":16},"end":{"line":18,"column":1}},"6":{"start":{"line":16,"column":30},"end":{"line":16,"column":53}},"7":{"start":{"line":20,"column":20},"end":{"line":52,"column":1}},"8":{"start":{"line":21,"column":25},"end":{"line":21,"column":62}},"9":{"start":{"line":23,"column":2},"end":{"line":39,"column":9}},"10":{"start":{"line":24,"column":24},"end":{"line":28,"column":28}},"11":{"start":{"line":24,"column":30},"end":{"line":28,"column":28}},"12":{"start":{"line":30,"column":4},"end":{"line":38,"column":7}},"13":{"start":{"line":35,"column":6},"end":{"line":37,"column":15}},"14":{"start":{"line":36,"column":8},"end":{"line":36,"column":22}},"15":{"start":{"line":41,"column":2},"end":{"line":51,"column":4}}},"fnMap":{"0":{"name":"(anonymous_0)","decl":{"start":{"line":8,"column":24},"end":{"line":8,"column":25}},"loc":{"start":{"line":8,"column":39},"end":{"line":8,"column":67}},"line":8},"1":{"name":"(anonymous_1)","decl":{"start":{"line":9,"column":22},"end":{"line":9,"column":23}},"loc":{"start":{"line":9,"column":37},"end":{"line":9,"column":60}},"line":9},"2":{"name":"(anonymous_2)","decl":{"start":{"line":10,"column":19},"end":{"line":10,"column":20}},"loc":{"start":{"line":10,"column":34},"end":{"line":10,"column":57}},"line":10},"3":{"name":"(anonymous_3)","decl":{"start":{"line":11,"column":22},"end":{"line":11,"column":23}},"loc":{"start":{"line":11,"column":37},"end":{"line":11,"column":55}},"line":11},"4":{"name":"(anonymous_4)","decl":{"start":{"line":16,"column":15},"end":{"line":16,"column":16}},"loc":{"start":{"line":16,"column":30},"end":{"line":16,"column":53}},"line":16},"5":{"name":"(anonymous_5)","decl":{"start":{"line":20,"column":20},"end":{"line":20,"column":21}},"loc":{"start":{"line":20,"column":50},"end":{"line":52,"column":1}},"line":20},"6":{"name":"(anonymous_6)","decl":{"start":{"line":23,"column":12},"end":{"line":23,"column":13}},"loc":{"start":{"line":23,"column":18},"end":{"line":39,"column":3}},"line":23},"7":{"name":"(anonymous_7)","decl":{"start":{"line":24,"column":24},"end":{"line":24,"column":25}},"loc":{"start":{"line":24,"column":30},"end":{"line":28,"column":28}},"line":24},"8":{"name":"(anonymous_8)","decl":{"start":{"line":34,"column":13},"end":{"line":34,"column":14}},"loc":{"start":{"line":34,"column":19},"end":{"line":38,"column":5}},"line":34},"9":{"name":"(anonymous_9)","decl":{"start":{"line":35,"column":17},"end":{"line":35,"column":18}},"loc":{"start":{"line":35,"column":23},"end":{"line":37,"column":7}},"line":35}},"branchMap":{},"s":{"0":3,"1":0,"2":0,"3":0,"4":0,"5":3,"6":0,"7":3,"8":0,"9":0,"10":0,"11":0,"12":0,"13":0,"14":0,"15":0},"f":{"0":0,"1":0,"2":0,"3":0,"4":0,"5":0,"6":0,"7":0,"8":0,"9":0},"b":{},"_coverageSchema":"43e27e138ebf9cfc5966b082cf9a028302ed4184","hash":"fd62a7db12646c9594460c1b3e6cb276f1749175"}
,"/Users/steniowagner/Documents/Dev/cine-tasty-mobile/src/components/common/RoundedButton.tsx": {"path":"/Users/steniowagner/Documents/Dev/cine-tasty-mobile/src/components/common/RoundedButton.tsx","statementMap":{"0":{"start":{"line":5,"column":16},"end":{"line":11,"column":1}},"1":{"start":{"line":6,"column":39},"end":{"line":6,"column":74}},"2":{"start":{"line":7,"column":37},"end":{"line":7,"column":60}},"3":{"start":{"line":8,"column":37},"end":{"line":8,"column":57}},"4":{"start":{"line":9,"column":34},"end":{"line":9,"column":53}},"5":{"start":{"line":10,"column":32},"end":{"line":10,"column":50}},"6":{"start":{"line":13,"column":19},"end":{"line":19,"column":1}},"7":{"start":{"line":14,"column":30},"end":{"line":14,"column":53}},"8":{"start":{"line":15,"column":26},"end":{"line":15,"column":43}},"9":{"start":{"line":27,"column":22},"end":{"line":35,"column":1}},"10":{"start":{"line":28,"column":2},"end":{"line":34,"column":12}}},"fnMap":{"0":{"name":"(anonymous_0)","decl":{"start":{"line":6,"column":24},"end":{"line":6,"column":25}},"loc":{"start":{"line":6,"column":39},"end":{"line":6,"column":74}},"line":6},"1":{"name":"(anonymous_1)","decl":{"start":{"line":7,"column":22},"end":{"line":7,"column":23}},"loc":{"start":{"line":7,"column":37},"end":{"line":7,"column":60}},"line":7},"2":{"name":"(anonymous_2)","decl":{"start":{"line":8,"column":22},"end":{"line":8,"column":23}},"loc":{"start":{"line":8,"column":37},"end":{"line":8,"column":57}},"line":8},"3":{"name":"(anonymous_3)","decl":{"start":{"line":9,"column":19},"end":{"line":9,"column":20}},"loc":{"start":{"line":9,"column":34},"end":{"line":9,"column":53}},"line":9},"4":{"name":"(anonymous_4)","decl":{"start":{"line":10,"column":13},"end":{"line":10,"column":14}},"loc":{"start":{"line":10,"column":32},"end":{"line":10,"column":50}},"line":10},"5":{"name":"(anonymous_5)","decl":{"start":{"line":14,"column":15},"end":{"line":14,"column":16}},"loc":{"start":{"line":14,"column":30},"end":{"line":14,"column":53}},"line":14},"6":{"name":"(anonymous_6)","decl":{"start":{"line":15,"column":11},"end":{"line":15,"column":12}},"loc":{"start":{"line":15,"column":26},"end":{"line":15,"column":43}},"line":15},"7":{"name":"(anonymous_7)","decl":{"start":{"line":27,"column":22},"end":{"line":27,"column":23}},"loc":{"start":{"line":28,"column":2},"end":{"line":34,"column":12}},"line":28}},"branchMap":{"0":{"loc":{"start":{"line":10,"column":32},"end":{"line":10,"column":50}},"type":"cond-expr","locations":[{"start":{"line":10,"column":43},"end":{"line":10,"column":46}},{"start":{"line":10,"column":49},"end":{"line":10,"column":50}}],"line":10}},"s":{"0":2,"1":31,"2":31,"3":31,"4":31,"5":31,"6":2,"7":31,"8":31,"9":2,"10":31},"f":{"0":31,"1":31,"2":31,"3":31,"4":31,"5":31,"6":31,"7":31},"b":{"0":[0,31]},"_coverageSchema":"43e27e138ebf9cfc5966b082cf9a028302ed4184","hash":"7c585186e16a42bff068a07dcafd74a7658636e2"}
,"/Users/steniowagner/Documents/Dev/cine-tasty-mobile/src/components/common/RouteSuspenseWrapper.tsx": {"path":"/Users/steniowagner/Documents/Dev/cine-tasty-mobile/src/components/common/RouteSuspenseWrapper.tsx","statementMap":{"0":{"start":{"line":5,"column":23},"end":{"line":11,"column":1}},"1":{"start":{"line":10,"column":37},"end":{"line":10,"column":60}},"2":{"start":{"line":13,"column":32},"end":{"line":19,"column":5}},"3":{"start":{"line":13,"column":80},"end":{"line":19,"column":1}},"4":{"start":{"line":25,"column":29},"end":{"line":35,"column":1}},"5":{"start":{"line":26,"column":2},"end":{"line":34,"column":13}}},"fnMap":{"0":{"name":"(anonymous_0)","decl":{"start":{"line":10,"column":22},"end":{"line":10,"column":23}},"loc":{"start":{"line":10,"column":37},"end":{"line":10,"column":60}},"line":10},"1":{"name":"(anonymous_1)","decl":{"start":{"line":13,"column":64},"end":{"line":13,"column":65}},"loc":{"start":{"line":13,"column":80},"end":{"line":19,"column":1}},"line":13},"2":{"name":"(anonymous_2)","decl":{"start":{"line":25,"column":29},"end":{"line":25,"column":30}},"loc":{"start":{"line":26,"column":2},"end":{"line":34,"column":13}},"line":26}},"branchMap":{},"s":{"0":1,"1":0,"2":1,"3":0,"4":1,"5":0},"f":{"0":0,"1":0,"2":0},"b":{},"_coverageSchema":"43e27e138ebf9cfc5966b082cf9a028302ed4184","hash":"a1679702767305bd7b6253d1e3701bc45bd53347"}
,"/Users/steniowagner/Documents/Dev/cine-tasty-mobile/src/components/common/ShimmerPlaceholder.tsx": {"path":"/Users/steniowagner/Documents/Dev/cine-tasty-mobile/src/components/common/ShimmerPlaceholder.tsx","statementMap":{"0":{"start":{"line":10,"column":20},"end":{"line":18,"column":1}},"1":{"start":{"line":11,"column":2},"end":{"line":17,"column":4}}},"fnMap":{"0":{"name":"(anonymous_0)","decl":{"start":{"line":10,"column":20},"end":{"line":10,"column":21}},"loc":{"start":{"line":11,"column":2},"end":{"line":17,"column":4}},"line":11}},"branchMap":{},"s":{"0":3,"1":60},"f":{"0":60},"b":{},"_coverageSchema":"43e27e138ebf9cfc5966b082cf9a028302ed4184","hash":"28707952a5d6a6e30fed512550ad37a1c0916d1c"}
,"/Users/steniowagner/Documents/Dev/cine-tasty-mobile/src/components/common/advise/Advise.tsx": {"path":"/Users/steniowagner/Documents/Dev/cine-tasty-mobile/src/components/common/advise/Advise.tsx","statementMap":{"0":{"start":{"line":7,"column":16},"end":{"line":11,"column":1}},"1":{"start":{"line":13,"column":20},"end":{"line":20,"column":1}},"2":{"start":{"line":14,"column":26},"end":{"line":14,"column":61}},"3":{"start":{"line":15,"column":27},"end":{"line":15,"column":62}},"4":{"start":{"line":18,"column":34},"end":{"line":18,"column":71}},"5":{"start":{"line":19,"column":37},"end":{"line":19,"column":62}},"6":{"start":{"line":22,"column":14},"end":{"line":30,"column":1}},"7":{"start":{"line":25,"column":31},"end":{"line":25,"column":59}},"8":{"start":{"line":28,"column":30},"end":{"line":28,"column":64}},"9":{"start":{"line":29,"column":26},"end":{"line":29,"column":43}},"10":{"start":{"line":32,"column":20},"end":{"line":40,"column":1}},"11":{"start":{"line":35,"column":36},"end":{"line":35,"column":59}},"12":{"start":{"line":38,"column":30},"end":{"line":38,"column":64}},"13":{"start":{"line":39,"column":26},"end":{"line":39,"column":46}},"14":{"start":{"line":42,"column":19},"end":{"line":49,"column":1}},"15":{"start":{"line":47,"column":30},"end":{"line":47,"column":64}},"16":{"start":{"line":48,"column":26},"end":{"line":48,"column":43}},"17":{"start":{"line":51,"column":19},"end":{"line":55,"column":5}},"18":{"start":{"line":51,"column":60},"end":{"line":55,"column":1}},"19":{"start":{"line":64,"column":15},"end":{"line":81,"column":1}},"20":{"start":{"line":67,"column":2},"end":{"line":80,"column":12}}},"fnMap":{"0":{"name":"(anonymous_0)","decl":{"start":{"line":14,"column":11},"end":{"line":14,"column":12}},"loc":{"start":{"line":14,"column":26},"end":{"line":14,"column":61}},"line":14},"1":{"name":"(anonymous_1)","decl":{"start":{"line":15,"column":12},"end":{"line":15,"column":13}},"loc":{"start":{"line":15,"column":27},"end":{"line":15,"column":62}},"line":15},"2":{"name":"(anonymous_2)","decl":{"start":{"line":18,"column":19},"end":{"line":18,"column":20}},"loc":{"start":{"line":18,"column":34},"end":{"line":18,"column":71}},"line":18},"3":{"name":"(anonymous_3)","decl":{"start":{"line":19,"column":22},"end":{"line":19,"column":23}},"loc":{"start":{"line":19,"column":37},"end":{"line":19,"column":62}},"line":19},"4":{"name":"(anonymous_4)","decl":{"start":{"line":25,"column":16},"end":{"line":25,"column":17}},"loc":{"start":{"line":25,"column":31},"end":{"line":25,"column":59}},"line":25},"5":{"name":"(anonymous_5)","decl":{"start":{"line":28,"column":15},"end":{"line":28,"column":16}},"loc":{"start":{"line":28,"column":30},"end":{"line":28,"column":64}},"line":28},"6":{"name":"(anonymous_6)","decl":{"start":{"line":29,"column":11},"end":{"line":29,"column":12}},"loc":{"start":{"line":29,"column":26},"end":{"line":29,"column":43}},"line":29},"7":{"name":"(anonymous_7)","decl":{"start":{"line":35,"column":21},"end":{"line":35,"column":22}},"loc":{"start":{"line":35,"column":36},"end":{"line":35,"column":59}},"line":35},"8":{"name":"(anonymous_8)","decl":{"start":{"line":38,"column":15},"end":{"line":38,"column":16}},"loc":{"start":{"line":38,"column":30},"end":{"line":38,"column":64}},"line":38},"9":{"name":"(anonymous_9)","decl":{"start":{"line":39,"column":11},"end":{"line":39,"column":12}},"loc":{"start":{"line":39,"column":26},"end":{"line":39,"column":46}},"line":39},"10":{"name":"(anonymous_10)","decl":{"start":{"line":47,"column":15},"end":{"line":47,"column":16}},"loc":{"start":{"line":47,"column":30},"end":{"line":47,"column":64}},"line":47},"11":{"name":"(anonymous_11)","decl":{"start":{"line":48,"column":11},"end":{"line":48,"column":12}},"loc":{"start":{"line":48,"column":26},"end":{"line":48,"column":43}},"line":48},"12":{"name":"(anonymous_12)","decl":{"start":{"line":51,"column":38},"end":{"line":51,"column":39}},"loc":{"start":{"line":51,"column":60},"end":{"line":55,"column":1}},"line":51},"13":{"name":"(anonymous_13)","decl":{"start":{"line":64,"column":15},"end":{"line":64,"column":16}},"loc":{"start":{"line":67,"column":2},"end":{"line":80,"column":12}},"line":67}},"branchMap":{"0":{"loc":{"start":{"line":77,"column":5},"end":{"line":77,"column":38}},"type":"binary-expr","locations":[{"start":{"line":77,"column":5},"end":{"line":77,"column":12}},{"start":{"line":77,"column":16},"end":{"line":77,"column":38}}],"line":77},"1":{"loc":{"start":{"line":78,"column":5},"end":{"line":78,"column":62}},"type":"binary-expr","locations":[{"start":{"line":78,"column":5},"end":{"line":78,"column":18}},{"start":{"line":78,"column":22},"end":{"line":78,"column":62}}],"line":78},"2":{"loc":{"start":{"line":79,"column":5},"end":{"line":79,"column":58}},"type":"binary-expr","locations":[{"start":{"line":79,"column":5},"end":{"line":79,"column":17}},{"start":{"line":79,"column":21},"end":{"line":79,"column":58}}],"line":79}},"s":{"0":5,"1":5,"2":8,"3":8,"4":8,"5":8,"6":5,"7":7,"8":7,"9":7,"10":5,"11":7,"12":7,"13":7,"14":5,"15":7,"16":7,"17":5,"18":8,"19":5,"20":8},"f":{"0":8,"1":8,"2":8,"3":8,"4":7,"5":7,"6":7,"7":7,"8":7,"9":7,"10":7,"11":7,"12":8,"13":8},"b":{"0":[8,7],"1":[8,7],"2":[8,7]},"_coverageSchema":"43e27e138ebf9cfc5966b082cf9a028302ed4184","hash":"4f693353dc80f097f139583e91a46a1df2485655"}
,"/Users/steniowagner/Documents/Dev/cine-tasty-mobile/src/components/common/custom-modal/CustomModal.tsx": {"path":"/Users/steniowagner/Documents/Dev/cine-tasty-mobile/src/components/common/custom-modal/CustomModal.tsx","statementMap":{"0":{"start":{"line":18,"column":30},"end":{"line":18,"column":60}},"1":{"start":{"line":19,"column":32},"end":{"line":19,"column":35}},"2":{"start":{"line":21,"column":16},"end":{"line":27,"column":1}},"3":{"start":{"line":25,"column":32},"end":{"line":25,"column":52}},"4":{"start":{"line":26,"column":37},"end":{"line":26,"column":59}},"5":{"start":{"line":29,"column":23},"end":{"line":32,"column":1}},"6":{"start":{"line":31,"column":27},"end":{"line":31,"column":63}},"7":{"start":{"line":34,"column":20},"end":{"line":40,"column":1}},"8":{"start":{"line":37,"column":43},"end":{"line":37,"column":67}},"9":{"start":{"line":38,"column":44},"end":{"line":38,"column":68}},"10":{"start":{"line":42,"column":20},"end":{"line":46,"column":1}},"11":{"start":{"line":45,"column":37},"end":{"line":45,"column":61}},"12":{"start":{"line":48,"column":13},"end":{"line":53,"column":1}},"13":{"start":{"line":49,"column":26},"end":{"line":49,"column":61}},"14":{"start":{"line":50,"column":27},"end":{"line":50,"column":63}},"15":{"start":{"line":51,"column":34},"end":{"line":51,"column":62}},"16":{"start":{"line":52,"column":37},"end":{"line":52,"column":63}},"17":{"start":{"line":55,"column":21},"end":{"line":61,"column":1}},"18":{"start":{"line":56,"column":38},"end":{"line":56,"column":61}},"19":{"start":{"line":57,"column":34},"end":{"line":57,"column":57}},"20":{"start":{"line":59,"column":30},"end":{"line":59,"column":64}},"21":{"start":{"line":63,"column":20},"end":{"line":67,"column":1}},"22":{"start":{"line":69,"column":26},"end":{"line":71,"column":1}},"23":{"start":{"line":70,"column":31},"end":{"line":70,"column":59}},"24":{"start":{"line":73,"column":21},"end":{"line":81,"column":1}},"25":{"start":{"line":75,"column":28},"end":{"line":77,"column":41}},"26":{"start":{"line":80,"column":37},"end":{"line":80,"column":57}},"27":{"start":{"line":83,"column":25},"end":{"line":88,"column":1}},"28":{"start":{"line":85,"column":30},"end":{"line":85,"column":58}},"29":{"start":{"line":98,"column":20},"end":{"line":174,"column":1}},"30":{"start":{"line":112,"column":6},"end":{"line":117,"column":4}},"31":{"start":{"line":119,"column":2},"end":{"line":173,"column":4}}},"fnMap":{"0":{"name":"(anonymous_0)","decl":{"start":{"line":25,"column":17},"end":{"line":25,"column":18}},"loc":{"start":{"line":25,"column":32},"end":{"line":25,"column":52}},"line":25},"1":{"name":"(anonymous_1)","decl":{"start":{"line":26,"column":22},"end":{"line":26,"column":23}},"loc":{"start":{"line":26,"column":37},"end":{"line":26,"column":59}},"line":26},"2":{"name":"(anonymous_2)","decl":{"start":{"line":31,"column":12},"end":{"line":31,"column":13}},"loc":{"start":{"line":31,"column":27},"end":{"line":31,"column":63}},"line":31},"3":{"name":"(anonymous_3)","decl":{"start":{"line":37,"column":28},"end":{"line":37,"column":29}},"loc":{"start":{"line":37,"column":43},"end":{"line":37,"column":67}},"line":37},"4":{"name":"(anonymous_4)","decl":{"start":{"line":38,"column":29},"end":{"line":38,"column":30}},"loc":{"start":{"line":38,"column":44},"end":{"line":38,"column":68}},"line":38},"5":{"name":"(anonymous_5)","decl":{"start":{"line":45,"column":22},"end":{"line":45,"column":23}},"loc":{"start":{"line":45,"column":37},"end":{"line":45,"column":61}},"line":45},"6":{"name":"(anonymous_6)","decl":{"start":{"line":49,"column":11},"end":{"line":49,"column":12}},"loc":{"start":{"line":49,"column":26},"end":{"line":49,"column":61}},"line":49},"7":{"name":"(anonymous_7)","decl":{"start":{"line":50,"column":12},"end":{"line":50,"column":13}},"loc":{"start":{"line":50,"column":27},"end":{"line":50,"column":63}},"line":50},"8":{"name":"(anonymous_8)","decl":{"start":{"line":51,"column":19},"end":{"line":51,"column":20}},"loc":{"start":{"line":51,"column":34},"end":{"line":51,"column":62}},"line":51},"9":{"name":"(anonymous_9)","decl":{"start":{"line":52,"column":22},"end":{"line":52,"column":23}},"loc":{"start":{"line":52,"column":37},"end":{"line":52,"column":63}},"line":52},"10":{"name":"(anonymous_10)","decl":{"start":{"line":56,"column":23},"end":{"line":56,"column":24}},"loc":{"start":{"line":56,"column":38},"end":{"line":56,"column":61}},"line":56},"11":{"name":"(anonymous_11)","decl":{"start":{"line":57,"column":19},"end":{"line":57,"column":20}},"loc":{"start":{"line":57,"column":34},"end":{"line":57,"column":57}},"line":57},"12":{"name":"(anonymous_12)","decl":{"start":{"line":59,"column":15},"end":{"line":59,"column":16}},"loc":{"start":{"line":59,"column":30},"end":{"line":59,"column":64}},"line":59},"13":{"name":"(anonymous_13)","decl":{"start":{"line":70,"column":16},"end":{"line":70,"column":17}},"loc":{"start":{"line":70,"column":31},"end":{"line":70,"column":59}},"line":70},"14":{"name":"(anonymous_14)","decl":{"start":{"line":75,"column":12},"end":{"line":75,"column":13}},"loc":{"start":{"line":75,"column":28},"end":{"line":77,"column":41}},"line":75},"15":{"name":"(anonymous_15)","decl":{"start":{"line":80,"column":22},"end":{"line":80,"column":23}},"loc":{"start":{"line":80,"column":37},"end":{"line":80,"column":57}},"line":80},"16":{"name":"(anonymous_16)","decl":{"start":{"line":85,"column":15},"end":{"line":85,"column":16}},"loc":{"start":{"line":85,"column":30},"end":{"line":85,"column":58}},"line":85},"17":{"name":"(anonymous_17)","decl":{"start":{"line":98,"column":20},"end":{"line":98,"column":21}},"loc":{"start":{"line":104,"column":13},"end":{"line":174,"column":1}},"line":104}},"branchMap":{"0":{"loc":{"start":{"line":75,"column":28},"end":{"line":77,"column":41}},"type":"cond-expr","locations":[{"start":{"line":76,"column":6},"end":{"line":76,"column":41}},{"start":{"line":77,"column":6},"end":{"line":77,"column":41}}],"line":75},"1":{"loc":{"start":{"line":136,"column":9},"end":{"line":170,"column":9}},"type":"binary-expr","locations":[{"start":{"line":136,"column":9},"end":{"line":136,"column":24}},{"start":{"line":137,"column":10},"end":{"line":169,"column":30}}],"line":136}},"s":{"0":2,"1":2,"2":2,"3":15,"4":15,"5":2,"6":15,"7":2,"8":15,"9":15,"10":2,"11":15,"12":2,"13":15,"14":15,"15":15,"16":15,"17":2,"18":15,"19":15,"20":15,"21":2,"22":2,"23":15,"24":2,"25":15,"26":15,"27":2,"28":15,"29":2,"30":15,"31":15},"f":{"0":15,"1":15,"2":15,"3":15,"4":15,"5":15,"6":15,"7":15,"8":15,"9":15,"10":15,"11":15,"12":15,"13":15,"14":15,"15":15,"16":15,"17":15},"b":{"0":[15,0],"1":[15,15]},"_coverageSchema":"43e27e138ebf9cfc5966b082cf9a028302ed4184","hash":"148865cff958d52a8d14493ef0d0f20d2e197d1c"}
,"/Users/steniowagner/Documents/Dev/cine-tasty-mobile/src/components/common/custom-modal/useCustomModal.ts": {"path":"/Users/steniowagner/Documents/Dev/cine-tasty-mobile/src/components/common/custom-modal/useCustomModal.ts","statementMap":{"0":{"start":{"line":27,"column":23},"end":{"line":129,"column":1}},"1":{"start":{"line":33,"column":15},"end":{"line":33,"column":16}},"2":{"start":{"line":35,"column":21},"end":{"line":35,"column":76}},"3":{"start":{"line":37,"column":46},"end":{"line":37,"column":70}},"4":{"start":{"line":39,"column":24},"end":{"line":53,"column":3}},"5":{"start":{"line":40,"column":10},"end":{"line":51,"column":5}},"6":{"start":{"line":55,"column":24},"end":{"line":61,"column":8}},"7":{"start":{"line":56,"column":4},"end":{"line":60,"column":23}},"8":{"start":{"line":63,"column":2},"end":{"line":65,"column":9}},"9":{"start":{"line":64,"column":4},"end":{"line":64,"column":21}},"10":{"start":{"line":67,"column":31},"end":{"line":75,"column":3}},"11":{"start":{"line":72,"column":4},"end":{"line":72,"column":44}},"12":{"start":{"line":73,"column":4},"end":{"line":73,"column":42}},"13":{"start":{"line":74,"column":4},"end":{"line":74,"column":25}},"14":{"start":{"line":77,"column":31},"end":{"line":101,"column":3}},"15":{"start":{"line":78,"column":4},"end":{"line":100,"column":5}},"16":{"start":{"line":79,"column":31},"end":{"line":79,"column":48}},"17":{"start":{"line":80,"column":25},"end":{"line":80,"column":30}},"18":{"start":{"line":82,"column":6},"end":{"line":82,"column":29}},"19":{"start":{"line":84,"column":6},"end":{"line":88,"column":7}},"20":{"start":{"line":85,"column":8},"end":{"line":85,"column":28}},"21":{"start":{"line":87,"column":8},"end":{"line":87,"column":43}},"22":{"start":{"line":90,"column":31},"end":{"line":90,"column":69}},"23":{"start":{"line":92,"column":6},"end":{"line":99,"column":9}},"24":{"start":{"line":93,"column":8},"end":{"line":93,"column":68}},"25":{"start":{"line":95,"column":8},"end":{"line":98,"column":9}},"26":{"start":{"line":96,"column":10},"end":{"line":96,"column":34}},"27":{"start":{"line":97,"column":10},"end":{"line":97,"column":20}},"28":{"start":{"line":103,"column":23},"end":{"line":109,"column":3}},"29":{"start":{"line":104,"column":4},"end":{"line":108,"column":7}},"30":{"start":{"line":105,"column":6},"end":{"line":105,"column":30}},"31":{"start":{"line":107,"column":6},"end":{"line":107,"column":16}},"32":{"start":{"line":111,"column":30},"end":{"line":119,"column":3}},"33":{"start":{"line":112,"column":4},"end":{"line":118,"column":7}},"34":{"start":{"line":113,"column":6},"end":{"line":113,"column":30}},"35":{"start":{"line":115,"column":6},"end":{"line":115,"column":22}},"36":{"start":{"line":117,"column":6},"end":{"line":117,"column":16}},"37":{"start":{"line":121,"column":2},"end":{"line":128,"column":4}}},"fnMap":{"0":{"name":"(anonymous_0)","decl":{"start":{"line":27,"column":23},"end":{"line":27,"column":24}},"loc":{"start":{"line":32,"column":24},"end":{"line":129,"column":1}},"line":32},"1":{"name":"(anonymous_1)","decl":{"start":{"line":40,"column":4},"end":{"line":40,"column":5}},"loc":{"start":{"line":40,"column":10},"end":{"line":51,"column":5}},"line":40},"2":{"name":"(anonymous_2)","decl":{"start":{"line":55,"column":36},"end":{"line":55,"column":37}},"loc":{"start":{"line":55,"column":86},"end":{"line":61,"column":3}},"line":55},"3":{"name":"(anonymous_3)","decl":{"start":{"line":63,"column":12},"end":{"line":63,"column":13}},"loc":{"start":{"line":63,"column":18},"end":{"line":65,"column":3}},"line":63},"4":{"name":"(anonymous_4)","decl":{"start":{"line":67,"column":31},"end":{"line":67,"column":32}},"loc":{"start":{"line":71,"column":13},"end":{"line":75,"column":3}},"line":71},"5":{"name":"(anonymous_5)","decl":{"start":{"line":77,"column":31},"end":{"line":77,"column":32}},"loc":{"start":{"line":77,"column":83},"end":{"line":101,"column":3}},"line":77},"6":{"name":"(anonymous_6)","decl":{"start":{"line":92,"column":38},"end":{"line":92,"column":39}},"loc":{"start":{"line":92,"column":44},"end":{"line":99,"column":7}},"line":92},"7":{"name":"(anonymous_7)","decl":{"start":{"line":103,"column":23},"end":{"line":103,"column":24}},"loc":{"start":{"line":103,"column":29},"end":{"line":109,"column":3}},"line":103},"8":{"name":"(anonymous_8)","decl":{"start":{"line":104,"column":39},"end":{"line":104,"column":40}},"loc":{"start":{"line":104,"column":45},"end":{"line":108,"column":5}},"line":104},"9":{"name":"(anonymous_9)","decl":{"start":{"line":111,"column":30},"end":{"line":111,"column":31}},"loc":{"start":{"line":111,"column":36},"end":{"line":119,"column":3}},"line":111},"10":{"name":"(anonymous_10)","decl":{"start":{"line":112,"column":39},"end":{"line":112,"column":40}},"loc":{"start":{"line":112,"column":45},"end":{"line":118,"column":5}},"line":112}},"branchMap":{"0":{"loc":{"start":{"line":57,"column":16},"end":{"line":57,"column":69}},"type":"cond-expr","locations":[{"start":{"line":57,"column":32},"end":{"line":57,"column":47}},{"start":{"line":57,"column":50},"end":{"line":57,"column":69}}],"line":57},"1":{"loc":{"start":{"line":78,"column":4},"end":{"line":100,"column":5}},"type":"if","locations":[{"start":{"line":78,"column":4},"end":{"line":100,"column":5}},{"start":{"line":78,"column":4},"end":{"line":100,"column":5}}],"line":78},"2":{"loc":{"start":{"line":84,"column":6},"end":{"line":88,"column":7}},"type":"if","locations":[{"start":{"line":84,"column":6},"end":{"line":88,"column":7}},{"start":{"line":84,"column":6},"end":{"line":88,"column":7}}],"line":84},"3":{"loc":{"start":{"line":90,"column":31},"end":{"line":90,"column":69}},"type":"cond-expr","locations":[{"start":{"line":90,"column":46},"end":{"line":90,"column":65}},{"start":{"line":90,"column":68},"end":{"line":90,"column":69}}],"line":90},"4":{"loc":{"start":{"line":95,"column":8},"end":{"line":98,"column":9}},"type":"if","locations":[{"start":{"line":95,"column":8},"end":{"line":98,"column":9}},{"start":{"line":95,"column":8},"end":{"line":98,"column":9}}],"line":95}},"s":{"0":2,"1":15,"2":15,"3":15,"4":15,"5":9,"6":15,"7":15,"8":15,"9":9,"10":15,"11":0,"12":0,"13":0,"14":15,"15":0,"16":0,"17":0,"18":0,"19":0,"20":0,"21":0,"22":0,"23":0,"24":0,"25":0,"26":0,"27":0,"28":15,"29":0,"30":0,"31":0,"32":15,"33":6,"34":6,"35":6,"36":6,"37":15},"f":{"0":15,"1":9,"2":15,"3":9,"4":0,"5":0,"6":0,"7":0,"8":0,"9":6,"10":6},"b":{"0":[9,6],"1":[0,0],"2":[0,0],"3":[0,0],"4":[0,0]},"_coverageSchema":"43e27e138ebf9cfc5966b082cf9a028302ed4184","hash":"0282c3a56433195e634a070b90af30875e98d84f"}
,"/Users/steniowagner/Documents/Dev/cine-tasty-mobile/src/components/screens/discover/components/Discover.tsx": {"path":"/Users/steniowagner/Documents/Dev/cine-tasty-mobile/src/components/screens/discover/components/Discover.tsx","statementMap":{"0":{"start":{"line":4,"column":16},"end":{"line":10,"column":1}},"1":{"start":{"line":9,"column":37},"end":{"line":9,"column":57}},"2":{"start":{"line":12,"column":13},"end":{"line":16,"column":1}},"3":{"start":{"line":18,"column":17},"end":{"line":24,"column":1}},"4":{"start":{"line":19,"column":2},"end":{"line":23,"column":12}}},"fnMap":{"0":{"name":"(anonymous_0)","decl":{"start":{"line":9,"column":22},"end":{"line":9,"column":23}},"loc":{"start":{"line":9,"column":37},"end":{"line":9,"column":57}},"line":9},"1":{"name":"(anonymous_1)","decl":{"start":{"line":18,"column":17},"end":{"line":18,"column":18}},"loc":{"start":{"line":19,"column":2},"end":{"line":23,"column":12}},"line":19}},"branchMap":{},"s":{"0":1,"1":0,"2":1,"3":1,"4":0},"f":{"0":0,"1":0},"b":{},"_coverageSchema":"43e27e138ebf9cfc5966b082cf9a028302ed4184","hash":"2552ccdc2b01f11544744276a19fa990c757ea64"}
,"/Users/steniowagner/Documents/Dev/cine-tasty-mobile/src/components/screens/discover/routes/route-names.ts": {"path":"/Users/steniowagner/Documents/Dev/cine-tasty-mobile/src/components/screens/discover/routes/route-names.ts","statementMap":{"0":{"start":{"line":5,"column":62},"end":{"line":9,"column":1}}},"fnMap":{},"branchMap":{},"s":{"0":1},"f":{},"b":{},"_coverageSchema":"43e27e138ebf9cfc5966b082cf9a028302ed4184","hash":"a0d488bf9b2f73a7d62599367d4c8b9b9da307e0"}
,"/Users/steniowagner/Documents/Dev/cine-tasty-mobile/src/components/screens/discover/routes/stack-routes.tsx": {"path":"/Users/steniowagner/Documents/Dev/cine-tasty-mobile/src/components/screens/discover/routes/stack-routes.tsx","statementMap":{"0":{"start":{"line":12,"column":14},"end":{"line":12,"column":36}},"1":{"start":{"line":16,"column":22},"end":{"line":31,"column":1}},"2":{"start":{"line":17,"column":16},"end":{"line":17,"column":32}},"3":{"start":{"line":19,"column":2},"end":{"line":30,"column":4}},"4":{"start":{"line":33,"column":16},"end":{"line":40,"column":1}},"5":{"start":{"line":34,"column":2},"end":{"line":39,"column":25}},"6":{"start":{"line":42,"column":21},"end":{"line":42,"column":45}}},"fnMap":{"0":{"name":"(anonymous_0)","decl":{"start":{"line":16,"column":22},"end":{"line":16,"column":23}},"loc":{"start":{"line":16,"column":44},"end":{"line":31,"column":1}},"line":16},"1":{"name":"(anonymous_1)","decl":{"start":{"line":33,"column":16},"end":{"line":33,"column":17}},"loc":{"start":{"line":34,"column":2},"end":{"line":39,"column":25}},"line":34}},"branchMap":{},"s":{"0":1,"1":1,"2":0,"3":0,"4":1,"5":0,"6":1},"f":{"0":0,"1":0},"b":{},"_coverageSchema":"43e27e138ebf9cfc5966b082cf9a028302ed4184","hash":"3e7d83ede41fd4eb132e0388621bbc9c6c2bdb32"}
,"/Users/steniowagner/Documents/Dev/cine-tasty-mobile/src/components/screens/news/components/News.tsx": {"path":"/Users/steniowagner/Documents/Dev/cine-tasty-mobile/src/components/screens/news/components/News.tsx","statementMap":{"0":{"start":{"line":24,"column":16},"end":{"line":29,"column":1}},"1":{"start":{"line":27,"column":37},"end":{"line":27,"column":60}},"2":{"start":{"line":31,"column":23},"end":{"line":35,"column":1}},"3":{"start":{"line":34,"column":37},"end":{"line":34,"column":60}},"4":{"start":{"line":37,"column":21},"end":{"line":42,"column":1}},"5":{"start":{"line":41,"column":37},"end":{"line":41,"column":60}},"6":{"start":{"line":44,"column":34},"end":{"line":48,"column":1}},"7":{"start":{"line":47,"column":32},"end":{"line":47,"column":67}},"8":{"start":{"line":50,"column":19},"end":{"line":54,"column":5}},"9":{"start":{"line":50,"column":54},"end":{"line":54,"column":1}},"10":{"start":{"line":56,"column":21},"end":{"line":65,"column":1}},"11":{"start":{"line":56,"column":68},"end":{"line":63,"column":1}},"12":{"start":{"line":64,"column":33},"end":{"line":64,"column":56}},"13":{"start":{"line":67,"column":20},"end":{"line":67,"column":64}},"14":{"start":{"line":69,"column":39},"end":{"line":69,"column":91}},"15":{"start":{"line":71,"column":22},"end":{"line":73,"column":3}},"16":{"start":{"line":71,"column":85},"end":{"line":73,"column":1}},"17":{"start":{"line":80,"column":13},"end":{"line":232,"column":1}},"18":{"start":{"line":100,"column":6},"end":{"line":100,"column":15}},"19":{"start":{"line":102,"column":2},"end":{"line":113,"column":25}},"20":{"start":{"line":103,"column":4},"end":{"line":112,"column":7}},"21":{"start":{"line":104,"column":25},"end":{"line":111,"column":7}},"22":{"start":{"line":107,"column":27},"end":{"line":107,"column":61}},"23":{"start":{"line":115,"column":2},"end":{"line":127,"column":3}},"24":{"start":{"line":116,"column":4},"end":{"line":126,"column":6}},"25":{"start":{"line":121,"column":10},"end":{"line":123,"column":12}},"26":{"start":{"line":129,"column":2},"end":{"line":154,"column":3}},"27":{"start":{"line":133,"column":4},"end":{"line":153,"column":6}},"28":{"start":{"line":147,"column":32},"end":{"line":147,"column":67}},"29":{"start":{"line":156,"column":2},"end":{"line":231,"column":4}},"30":{"start":{"line":161,"column":35},"end":{"line":167,"column":9}},"31":{"start":{"line":169,"column":10},"end":{"line":176,"column":12}},"32":{"start":{"line":179,"column":10},"end":{"line":188,"column":38}},"33":{"start":{"line":201,"column":39},"end":{"line":201,"column":59}},"34":{"start":{"line":207,"column":42},"end":{"line":211,"column":9}},"35":{"start":{"line":219,"column":30},"end":{"line":219,"column":65}}},"fnMap":{"0":{"name":"(anonymous_0)","decl":{"start":{"line":27,"column":22},"end":{"line":27,"column":23}},"loc":{"start":{"line":27,"column":37},"end":{"line":27,"column":60}},"line":27},"1":{"name":"(anonymous_1)","decl":{"start":{"line":34,"column":22},"end":{"line":34,"column":23}},"loc":{"start":{"line":34,"column":37},"end":{"line":34,"column":60}},"line":34},"2":{"name":"(anonymous_2)","decl":{"start":{"line":41,"column":22},"end":{"line":41,"column":23}},"loc":{"start":{"line":41,"column":37},"end":{"line":41,"column":60}},"line":41},"3":{"name":"(anonymous_3)","decl":{"start":{"line":47,"column":17},"end":{"line":47,"column":18}},"loc":{"start":{"line":47,"column":32},"end":{"line":47,"column":67}},"line":47},"4":{"name":"(anonymous_4)","decl":{"start":{"line":50,"column":38},"end":{"line":50,"column":39}},"loc":{"start":{"line":50,"column":54},"end":{"line":54,"column":1}},"line":50},"5":{"name":"(anonymous_5)","decl":{"start":{"line":56,"column":52},"end":{"line":56,"column":53}},"loc":{"start":{"line":56,"column":68},"end":{"line":63,"column":1}},"line":56},"6":{"name":"(anonymous_6)","decl":{"start":{"line":64,"column":18},"end":{"line":64,"column":19}},"loc":{"start":{"line":64,"column":33},"end":{"line":64,"column":56}},"line":64},"7":{"name":"(anonymous_7)","decl":{"start":{"line":71,"column":70},"end":{"line":71,"column":71}},"loc":{"start":{"line":71,"column":85},"end":{"line":73,"column":1}},"line":71},"8":{"name":"(anonymous_8)","decl":{"start":{"line":80,"column":13},"end":{"line":80,"column":14}},"loc":{"start":{"line":80,"column":47},"end":{"line":232,"column":1}},"line":80},"9":{"name":"(anonymous_9)","decl":{"start":{"line":102,"column":18},"end":{"line":102,"column":19}},"loc":{"start":{"line":102,"column":24},"end":{"line":113,"column":3}},"line":102},"10":{"name":"(anonymous_10)","decl":{"start":{"line":104,"column":19},"end":{"line":104,"column":20}},"loc":{"start":{"line":104,"column":25},"end":{"line":111,"column":7}},"line":104},"11":{"name":"(anonymous_11)","decl":{"start":{"line":107,"column":21},"end":{"line":107,"column":22}},"loc":{"start":{"line":107,"column":27},"end":{"line":107,"column":61}},"line":107},"12":{"name":"(anonymous_12)","decl":{"start":{"line":120,"column":27},"end":{"line":120,"column":28}},"loc":{"start":{"line":121,"column":10},"end":{"line":123,"column":12}},"line":121},"13":{"name":"(anonymous_13)","decl":{"start":{"line":147,"column":26},"end":{"line":147,"column":27}},"loc":{"start":{"line":147,"column":32},"end":{"line":147,"column":67}},"line":147},"14":{"name":"(anonymous_14)","decl":{"start":{"line":161,"column":29},"end":{"line":161,"column":30}},"loc":{"start":{"line":161,"column":35},"end":{"line":167,"column":9}},"line":161},"15":{"name":"(anonymous_15)","decl":{"start":{"line":168,"column":20},"end":{"line":168,"column":21}},"loc":{"start":{"line":169,"column":10},"end":{"line":176,"column":12}},"line":169},"16":{"name":"(anonymous_16)","decl":{"start":{"line":178,"column":28},"end":{"line":178,"column":29}},"loc":{"start":{"line":179,"column":10},"end":{"line":188,"column":38}},"line":179},"17":{"name":"(anonymous_17)","decl":{"start":{"line":201,"column":22},"end":{"line":201,"column":23}},"loc":{"start":{"line":201,"column":39},"end":{"line":201,"column":59}},"line":201},"18":{"name":"(anonymous_18)","decl":{"start":{"line":207,"column":23},"end":{"line":207,"column":24}},"loc":{"start":{"line":207,"column":42},"end":{"line":211,"column":9}},"line":207},"19":{"name":"(anonymous_19)","decl":{"start":{"line":219,"column":24},"end":{"line":219,"column":25}},"loc":{"start":{"line":219,"column":30},"end":{"line":219,"column":65}},"line":219}},"branchMap":{"0":{"loc":{"start":{"line":104,"column":25},"end":{"line":111,"column":7}},"type":"binary-expr","locations":[{"start":{"line":104,"column":25},"end":{"line":104,"column":35}},{"start":{"line":105,"column":11},"end":{"line":105,"column":17}},{"start":{"line":106,"column":10},"end":{"line":110,"column":25}}],"line":104},"1":{"loc":{"start":{"line":115,"column":2},"end":{"line":127,"column":3}},"type":"if","locations":[{"start":{"line":115,"column":2},"end":{"line":127,"column":3}},{"start":{"line":115,"column":2},"end":{"line":127,"column":3}}],"line":115},"2":{"loc":{"start":{"line":129,"column":2},"end":{"line":154,"column":3}},"type":"if","locations":[{"start":{"line":129,"column":2},"end":{"line":154,"column":3}},{"start":{"line":129,"column":2},"end":{"line":154,"column":3}}],"line":129},"3":{"loc":{"start":{"line":130,"column":4},"end":{"line":131,"column":81}},"type":"binary-expr","locations":[{"start":{"line":130,"column":4},"end":{"line":130,"column":9}},{"start":{"line":131,"column":7},"end":{"line":131,"column":81}}],"line":130},"4":{"loc":{"start":{"line":145,"column":9},"end":{"line":151,"column":9}},"type":"binary-expr","locations":[{"start":{"line":145,"column":9},"end":{"line":145,"column":34}},{"start":{"line":146,"column":10},"end":{"line":150,"column":12}}],"line":145},"5":{"loc":{"start":{"line":161,"column":35},"end":{"line":167,"column":9}},"type":"binary-expr","locations":[{"start":{"line":161,"column":35},"end":{"line":161,"column":65}},{"start":{"line":162,"column":8},"end":{"line":166,"column":10}}],"line":161},"6":{"loc":{"start":{"line":191,"column":10},"end":{"line":199,"column":11}},"type":"binary-expr","locations":[{"start":{"line":191,"column":10},"end":{"line":191,"column":25}},{"start":{"line":192,"column":12},"end":{"line":198,"column":14}}],"line":191},"7":{"loc":{"start":{"line":194,"column":26},"end":{"line":194,"column":51}},"type":"binary-expr","locations":[{"start":{"line":194,"column":26},"end":{"line":194,"column":38}},{"start":{"line":194,"column":42},"end":{"line":194,"column":51}}],"line":194},"8":{"loc":{"start":{"line":217,"column":7},"end":{"line":223,"column":7}},"type":"binary-expr","locations":[{"start":{"line":217,"column":7},"end":{"line":217,"column":32}},{"start":{"line":218,"column":8},"end":{"line":222,"column":10}}],"line":217},"9":{"loc":{"start":{"line":224,"column":7},"end":{"line":229,"column":7}},"type":"binary-expr","locations":[{"start":{"line":224,"column":7},"end":{"line":224,"column":26}},{"start":{"line":225,"column":8},"end":{"line":228,"column":10}}],"line":224}},"s":{"0":3,"1":2,"2":3,"3":5,"4":3,"5":1,"6":3,"7":1,"8":3,"9":0,"10":3,"11":0,"12":0,"13":3,"14":3,"15":3,"16":12,"17":3,"18":8,"19":8,"20":6,"21":0,"22":0,"23":8,"24":5,"25":20,"26":3,"27":1,"28":0,"29":2,"30":2,"31":5,"32":1,"33":7,"34":2,"35":0},"f":{"0":2,"1":5,"2":1,"3":1,"4":0,"5":0,"6":0,"7":12,"8":8,"9":6,"10":0,"11":0,"12":20,"13":0,"14":2,"15":5,"16":1,"17":7,"18":2,"19":0},"b":{"0":[0,0,0],"1":[5,3],"2":[1,2],"3":[3,1],"4":[1,0],"5":[2,0],"6":[2,1],"7":[1,0],"8":[2,0],"9":[2,0]},"_coverageSchema":"43e27e138ebf9cfc5966b082cf9a028302ed4184","hash":"c41917d7829bc303bb5f9ded911b3a230079c7c2"}
,"/Users/steniowagner/Documents/Dev/cine-tasty-mobile/src/components/screens/news/components/NewsListFooter.tsx": {"path":"/Users/steniowagner/Documents/Dev/cine-tasty-mobile/src/components/screens/news/components/NewsListFooter.tsx","statementMap":{"0":{"start":{"line":13,"column":23},"end":{"line":31,"column":1}},"1":{"start":{"line":18,"column":2},"end":{"line":20,"column":3}},"2":{"start":{"line":19,"column":4},"end":{"line":19,"column":39}},"3":{"start":{"line":22,"column":2},"end":{"line":28,"column":3}},"4":{"start":{"line":23,"column":4},"end":{"line":27,"column":6}},"5":{"start":{"line":30,"column":2},"end":{"line":30,"column":14}}},"fnMap":{"0":{"name":"(anonymous_0)","decl":{"start":{"line":13,"column":23},"end":{"line":13,"column":24}},"loc":{"start":{"line":17,"column":13},"end":{"line":31,"column":1}},"line":17}},"branchMap":{"0":{"loc":{"start":{"line":18,"column":2},"end":{"line":20,"column":3}},"type":"if","locations":[{"start":{"line":18,"column":2},"end":{"line":20,"column":3}},{"start":{"line":18,"column":2},"end":{"line":20,"column":3}}],"line":18},"1":{"loc":{"start":{"line":22,"column":2},"end":{"line":28,"column":3}},"type":"if","locations":[{"start":{"line":22,"column":2},"end":{"line":28,"column":3}},{"start":{"line":22,"column":2},"end":{"line":28,"column":3}}],"line":22}},"s":{"0":3,"1":0,"2":0,"3":0,"4":0,"5":0},"f":{"0":0},"b":{"0":[0,0],"1":[0,0]},"_coverageSchema":"43e27e138ebf9cfc5966b082cf9a028302ed4184","hash":"83ce6d35e2a4c8b742c22ba9d2e49e77f395c68f"}
,"/Users/steniowagner/Documents/Dev/cine-tasty-mobile/src/components/screens/news/components/ReloadButton.tsx": {"path":"/Users/steniowagner/Documents/Dev/cine-tasty-mobile/src/components/screens/news/components/ReloadButton.tsx","statementMap":{"0":{"start":{"line":7,"column":16},"end":{"line":14,"column":1}},"1":{"start":{"line":11,"column":56},"end":{"line":13,"column":34}},"2":{"start":{"line":16,"column":21},"end":{"line":20,"column":5}},"3":{"start":{"line":16,"column":56},"end":{"line":20,"column":1}},"4":{"start":{"line":22,"column":19},"end":{"line":29,"column":5}},"5":{"start":{"line":22,"column":66},"end":{"line":29,"column":1}},"6":{"start":{"line":36,"column":21},"end":{"line":46,"column":1}},"7":{"start":{"line":37,"column":2},"end":{"line":45,"column":12}}},"fnMap":{"0":{"name":"(anonymous_0)","decl":{"start":{"line":11,"column":21},"end":{"line":11,"column":22}},"loc":{"start":{"line":11,"column":56},"end":{"line":13,"column":34}},"line":11},"1":{"name":"(anonymous_1)","decl":{"start":{"line":16,"column":40},"end":{"line":16,"column":41}},"loc":{"start":{"line":16,"column":56},"end":{"line":20,"column":1}},"line":16},"2":{"name":"(anonymous_2)","decl":{"start":{"line":22,"column":50},"end":{"line":22,"column":51}},"loc":{"start":{"line":22,"column":66},"end":{"line":29,"column":1}},"line":22},"3":{"name":"(anonymous_3)","decl":{"start":{"line":36,"column":21},"end":{"line":36,"column":22}},"loc":{"start":{"line":37,"column":2},"end":{"line":45,"column":12}},"line":37}},"branchMap":{"0":{"loc":{"start":{"line":11,"column":56},"end":{"line":13,"column":34}},"type":"cond-expr","locations":[{"start":{"line":12,"column":6},"end":{"line":12,"column":41}},{"start":{"line":13,"column":6},"end":{"line":13,"column":34}}],"line":11}},"s":{"0":3,"1":1,"2":3,"3":1,"4":3,"5":1,"6":3,"7":1},"f":{"0":1,"1":1,"2":1,"3":1},"b":{"0":[1,0]},"_coverageSchema":"43e27e138ebf9cfc5966b082cf9a028302ed4184","hash":"9210c6a99c7442268e80b3d58a7deebf7cc4b8a9"}
,"/Users/steniowagner/Documents/Dev/cine-tasty-mobile/src/components/screens/news/components/hooks/useFetchFromFirstPage.ts": {"path":"/Users/steniowagner/Documents/Dev/cine-tasty-mobile/src/components/screens/news/components/hooks/useFetchFromFirstPage.ts","statementMap":{"0":{"start":{"line":30,"column":30},"end":{"line":74,"column":1}},"1":{"start":{"line":39,"column":29},"end":{"line":63,"column":3}},"2":{"start":{"line":40,"column":4},"end":{"line":62,"column":5}},"3":{"start":{"line":41,"column":6},"end":{"line":41,"column":25}},"4":{"start":{"line":43,"column":6},"end":{"line":46,"column":9}},"5":{"start":{"line":48,"column":6},"end":{"line":48,"column":17}},"6":{"start":{"line":50,"column":37},"end":{"line":50,"column":73}},"7":{"start":{"line":52,"column":6},"end":{"line":52,"column":39}},"8":{"start":{"line":54,"column":6},"end":{"line":57,"column":9}},"9":{"start":{"line":59,"column":6},"end":{"line":59,"column":38}},"10":{"start":{"line":61,"column":6},"end":{"line":61,"column":26}},"11":{"start":{"line":65,"column":2},"end":{"line":69,"column":17}},"12":{"start":{"line":66,"column":4},"end":{"line":68,"column":5}},"13":{"start":{"line":67,"column":6},"end":{"line":67,"column":27}},"14":{"start":{"line":71,"column":2},"end":{"line":73,"column":4}}},"fnMap":{"0":{"name":"(anonymous_0)","decl":{"start":{"line":30,"column":30},"end":{"line":30,"column":31}},"loc":{"start":{"line":38,"column":20},"end":{"line":74,"column":1}},"line":38},"1":{"name":"(anonymous_1)","decl":{"start":{"line":39,"column":29},"end":{"line":39,"column":30}},"loc":{"start":{"line":39,"column":56},"end":{"line":63,"column":3}},"line":39},"2":{"name":"(anonymous_2)","decl":{"start":{"line":65,"column":12},"end":{"line":65,"column":13}},"loc":{"start":{"line":65,"column":18},"end":{"line":69,"column":3}},"line":65}},"branchMap":{"0":{"loc":{"start":{"line":66,"column":4},"end":{"line":68,"column":5}},"type":"if","locations":[{"start":{"line":66,"column":4},"end":{"line":68,"column":5}},{"start":{"line":66,"column":4},"end":{"line":68,"column":5}}],"line":66}},"s":{"0":2,"1":7,"2":0,"3":0,"4":0,"5":0,"6":0,"7":0,"8":0,"9":0,"10":0,"11":7,"12":3,"13":0,"14":7},"f":{"0":7,"1":0,"2":3},"b":{"0":[0,3]},"_coverageSchema":"43e27e138ebf9cfc5966b082cf9a028302ed4184","hash":"f7ff1d10598f83e4d099deb485d8e8ffbbf526a2"}
,"/Users/steniowagner/Documents/Dev/cine-tasty-mobile/src/components/screens/news/components/hooks/useNews.ts": {"path":"/Users/steniowagner/Documents/Dev/cine-tasty-mobile/src/components/screens/news/components/hooks/useNews.ts","statementMap":{"0":{"start":{"line":18,"column":28},"end":{"line":34,"column":1}},"1":{"start":{"line":62,"column":45},"end":{"line":65,"column":1}},"2":{"start":{"line":67,"column":16},"end":{"line":194,"column":1}},"3":{"start":{"line":68,"column":68},"end":{"line":70,"column":3}},"4":{"start":{"line":71,"column":46},"end":{"line":73,"column":3}},"5":{"start":{"line":74,"column":48},"end":{"line":76,"column":3}},"6":{"start":{"line":77,"column":76},"end":{"line":79,"column":10}},"7":{"start":{"line":83,"column":6},"end":{"line":83,"column":40}},"8":{"start":{"line":84,"column":58},"end":{"line":84,"column":82}},"9":{"start":{"line":85,"column":52},"end":{"line":85,"column":72}},"10":{"start":{"line":86,"column":42},"end":{"line":86,"column":66}},"11":{"start":{"line":87,"column":42},"end":{"line":87,"column":66}},"12":{"start":{"line":88,"column":36},"end":{"line":88,"column":59}},"13":{"start":{"line":89,"column":26},"end":{"line":89,"column":45}},"14":{"start":{"line":91,"column":16},"end":{"line":91,"column":32}},"15":{"start":{"line":93,"column":35},"end":{"line":101,"column":3}},"16":{"start":{"line":94,"column":4},"end":{"line":94,"column":45}},"17":{"start":{"line":94,"column":22},"end":{"line":94,"column":45}},"18":{"start":{"line":96,"column":4},"end":{"line":96,"column":39}},"19":{"start":{"line":96,"column":19},"end":{"line":96,"column":39}},"20":{"start":{"line":98,"column":4},"end":{"line":98,"column":45}},"21":{"start":{"line":98,"column":22},"end":{"line":98,"column":45}},"22":{"start":{"line":100,"column":4},"end":{"line":100,"column":66}},"23":{"start":{"line":100,"column":33},"end":{"line":100,"column":66}},"24":{"start":{"line":105,"column":6},"end":{"line":127,"column":3}},"25":{"start":{"line":112,"column":8},"end":{"line":112,"column":35}},"26":{"start":{"line":115,"column":8},"end":{"line":122,"column":9}},"27":{"start":{"line":116,"column":10},"end":{"line":119,"column":13}},"28":{"start":{"line":121,"column":10},"end":{"line":121,"column":40}},"29":{"start":{"line":124,"column":8},"end":{"line":124,"column":35}},"30":{"start":{"line":129,"column":2},"end":{"line":140,"column":5}},"31":{"start":{"line":130,"column":31},"end":{"line":130,"column":59}},"32":{"start":{"line":142,"column":33},"end":{"line":150,"column":4}},"33":{"start":{"line":152,"column":2},"end":{"line":166,"column":5}},"34":{"start":{"line":153,"column":31},"end":{"line":153,"column":59}},"35":{"start":{"line":168,"column":33},"end":{"line":171,"column":3}},"36":{"start":{"line":169,"column":4},"end":{"line":169,"column":40}},"37":{"start":{"line":170,"column":4},"end":{"line":170,"column":32}},"38":{"start":{"line":173,"column":2},"end":{"line":193,"column":4}},"39":{"start":{"line":176,"column":24},"end":{"line":176,"column":67}},"40":{"start":{"line":177,"column":39},"end":{"line":177,"column":60}},"41":{"start":{"line":179,"column":36},"end":{"line":179,"column":56}},"42":{"start":{"line":180,"column":28},"end":{"line":180,"column":52}},"43":{"start":{"line":181,"column":29},"end":{"line":181,"column":50}}},"fnMap":{"0":{"name":"(anonymous_0)","decl":{"start":{"line":67,"column":16},"end":{"line":67,"column":17}},"loc":{"start":{"line":67,"column":29},"end":{"line":194,"column":1}},"line":67},"1":{"name":"(anonymous_1)","decl":{"start":{"line":93,"column":35},"end":{"line":93,"column":36}},"loc":{"start":{"line":93,"column":41},"end":{"line":101,"column":3}},"line":93},"2":{"name":"(anonymous_2)","decl":{"start":{"line":111,"column":15},"end":{"line":111,"column":16}},"loc":{"start":{"line":111,"column":21},"end":{"line":113,"column":7}},"line":111},"3":{"name":"(anonymous_3)","decl":{"start":{"line":114,"column":19},"end":{"line":114,"column":20}},"loc":{"start":{"line":114,"column":25},"end":{"line":125,"column":7}},"line":114},"4":{"name":"(anonymous_4)","decl":{"start":{"line":130,"column":14},"end":{"line":130,"column":15}},"loc":{"start":{"line":130,"column":31},"end":{"line":130,"column":59}},"line":130},"5":{"name":"(anonymous_5)","decl":{"start":{"line":153,"column":14},"end":{"line":153,"column":15}},"loc":{"start":{"line":153,"column":31},"end":{"line":153,"column":59}},"line":153},"6":{"name":"(anonymous_6)","decl":{"start":{"line":168,"column":33},"end":{"line":168,"column":34}},"loc":{"start":{"line":168,"column":70},"end":{"line":171,"column":3}},"line":168},"7":{"name":"(anonymous_7)","decl":{"start":{"line":176,"column":18},"end":{"line":176,"column":19}},"loc":{"start":{"line":176,"column":24},"end":{"line":176,"column":67}},"line":176},"8":{"name":"(anonymous_8)","decl":{"start":{"line":177,"column":33},"end":{"line":177,"column":34}},"loc":{"start":{"line":177,"column":39},"end":{"line":177,"column":60}},"line":177},"9":{"name":"(anonymous_9)","decl":{"start":{"line":179,"column":30},"end":{"line":179,"column":31}},"loc":{"start":{"line":179,"column":36},"end":{"line":179,"column":56}},"line":179},"10":{"name":"(anonymous_10)","decl":{"start":{"line":180,"column":22},"end":{"line":180,"column":23}},"loc":{"start":{"line":180,"column":28},"end":{"line":180,"column":52}},"line":180},"11":{"name":"(anonymous_11)","decl":{"start":{"line":181,"column":23},"end":{"line":181,"column":24}},"loc":{"start":{"line":181,"column":29},"end":{"line":181,"column":50}},"line":181}},"branchMap":{"0":{"loc":{"start":{"line":94,"column":4},"end":{"line":94,"column":45}},"type":"if","locations":[{"start":{"line":94,"column":4},"end":{"line":94,"column":45}},{"start":{"line":94,"column":4},"end":{"line":94,"column":45}}],"line":94},"1":{"loc":{"start":{"line":96,"column":4},"end":{"line":96,"column":39}},"type":"if","locations":[{"start":{"line":96,"column":4},"end":{"line":96,"column":39}},{"start":{"line":96,"column":4},"end":{"line":96,"column":39}}],"line":96},"2":{"loc":{"start":{"line":98,"column":4},"end":{"line":98,"column":45}},"type":"if","locations":[{"start":{"line":98,"column":4},"end":{"line":98,"column":45}},{"start":{"line":98,"column":4},"end":{"line":98,"column":45}}],"line":98},"3":{"loc":{"start":{"line":100,"column":4},"end":{"line":100,"column":66}},"type":"if","locations":[{"start":{"line":100,"column":4},"end":{"line":100,"column":66}},{"start":{"line":100,"column":4},"end":{"line":100,"column":66}}],"line":100},"4":{"loc":{"start":{"line":115,"column":8},"end":{"line":122,"column":9}},"type":"if","locations":[{"start":{"line":115,"column":8},"end":{"line":122,"column":9}},{"start":{"line":115,"column":8},"end":{"line":122,"column":9}}],"line":115},"5":{"loc":{"start":{"line":115,"column":12},"end":{"line":115,"column":51}},"type":"binary-expr","locations":[{"start":{"line":115,"column":12},"end":{"line":115,"column":33}},{"start":{"line":115,"column":37},"end":{"line":115,"column":41}},{"start":{"line":115,"column":45},"end":{"line":115,"column":51}}],"line":115},"6":{"loc":{"start":{"line":175,"column":6},"end":{"line":175,"column":66}},"type":"binary-expr","locations":[{"start":{"line":175,"column":6},"end":{"line":175,"column":39}},{"start":{"line":175,"column":43},"end":{"line":175,"column":66}}],"line":175},"7":{"loc":{"start":{"line":176,"column":24},"end":{"line":176,"column":67}},"type":"binary-expr","locations":[{"start":{"line":176,"column":24},"end":{"line":176,"column":42}},{"start":{"line":176,"column":46},"end":{"line":176,"column":67}}],"line":176},"8":{"loc":{"start":{"line":178,"column":18},"end":{"line":178,"column":57}},"type":"binary-expr","locations":[{"start":{"line":178,"column":18},"end":{"line":178,"column":30}},{"start":{"line":178,"column":34},"end":{"line":178,"column":57}}],"line":178},"9":{"loc":{"start":{"line":182,"column":11},"end":{"line":182,"column":43}},"type":"binary-expr","locations":[{"start":{"line":182,"column":11},"end":{"line":182,"column":34}},{"start":{"line":182,"column":38},"end":{"line":182,"column":43}}],"line":182}},"s":{"0":2,"1":2,"2":2,"3":7,"4":7,"5":7,"6":7,"7":7,"8":7,"9":7,"10":7,"11":7,"12":7,"13":7,"14":7,"15":7,"16":2,"17":0,"18":2,"19":2,"20":2,"21":0,"22":2,"23":0,"24":7,"25":0,"26":2,"27":2,"28":2,"29":2,"30":7,"31":0,"32":7,"33":7,"34":0,"35":7,"36":0,"37":0,"38":7,"39":0,"40":0,"41":0,"42":0,"43":0},"f":{"0":7,"1":2,"2":0,"3":2,"4":0,"5":0,"6":0,"7":0,"8":0,"9":0,"10":0,"11":0},"b":{"0":[0,2],"1":[2,0],"2":[0,2],"3":[0,2],"4":[2,0],"5":[2,2,2],"6":[7,1],"7":[0,0],"8":[7,0],"9":[7,7]},"_coverageSchema":"43e27e138ebf9cfc5966b082cf9a028302ed4184","hash":"a0df01eebd954c8be9c1dfa0e5cfd56ebcf9e63f"}
,"/Users/steniowagner/Documents/Dev/cine-tasty-mobile/src/components/screens/news/components/hooks/usePaginateArticles.ts": {"path":"/Users/steniowagner/Documents/Dev/cine-tasty-mobile/src/components/screens/news/components/hooks/usePaginateArticles.ts","statementMap":{"0":{"start":{"line":28,"column":28},"end":{"line":88,"column":1}},"1":{"start":{"line":43,"column":34},"end":{"line":43,"column":43}},"2":{"start":{"line":45,"column":29},"end":{"line":66,"column":3}},"3":{"start":{"line":46,"column":4},"end":{"line":65,"column":5}},"4":{"start":{"line":47,"column":6},"end":{"line":60,"column":9}},"5":{"start":{"line":51,"column":10},"end":{"line":54,"column":13}},"6":{"start":{"line":56,"column":10},"end":{"line":56,"column":85}},"7":{"start":{"line":56,"column":45},"end":{"line":56,"column":85}},"8":{"start":{"line":58,"column":10},"end":{"line":58,"column":32}},"9":{"start":{"line":62,"column":6},"end":{"line":62,"column":56}},"10":{"start":{"line":63,"column":6},"end":{"line":63,"column":45}},"11":{"start":{"line":64,"column":6},"end":{"line":64,"column":33}},"12":{"start":{"line":68,"column":2},"end":{"line":72,"column":13}},"13":{"start":{"line":69,"column":4},"end":{"line":71,"column":5}},"14":{"start":{"line":70,"column":6},"end":{"line":70,"column":27}},"15":{"start":{"line":74,"column":2},"end":{"line":87,"column":21}},"16":{"start":{"line":75,"column":4},"end":{"line":75,"column":41}},"17":{"start":{"line":75,"column":34},"end":{"line":75,"column":41}},"18":{"start":{"line":77,"column":16},"end":{"line":77,"column":36}},"19":{"start":{"line":79,"column":32},"end":{"line":79,"column":76}},"20":{"start":{"line":81,"column":4},"end":{"line":86,"column":5}},"21":{"start":{"line":82,"column":6},"end":{"line":82,"column":44}},"22":{"start":{"line":83,"column":6},"end":{"line":83,"column":24}},"23":{"start":{"line":85,"column":6},"end":{"line":85,"column":29}}},"fnMap":{"0":{"name":"(anonymous_0)","decl":{"start":{"line":28,"column":28},"end":{"line":28,"column":29}},"loc":{"start":{"line":42,"column":13},"end":{"line":88,"column":1}},"line":42},"1":{"name":"(anonymous_1)","decl":{"start":{"line":45,"column":29},"end":{"line":45,"column":30}},"loc":{"start":{"line":45,"column":56},"end":{"line":66,"column":3}},"line":45},"2":{"name":"(anonymous_2)","decl":{"start":{"line":50,"column":21},"end":{"line":50,"column":22}},"loc":{"start":{"line":50,"column":62},"end":{"line":59,"column":9}},"line":50},"3":{"name":"(anonymous_3)","decl":{"start":{"line":68,"column":12},"end":{"line":68,"column":13}},"loc":{"start":{"line":68,"column":18},"end":{"line":72,"column":3}},"line":68},"4":{"name":"(anonymous_4)","decl":{"start":{"line":74,"column":12},"end":{"line":74,"column":13}},"loc":{"start":{"line":74,"column":18},"end":{"line":87,"column":3}},"line":74}},"branchMap":{"0":{"loc":{"start":{"line":56,"column":10},"end":{"line":56,"column":85}},"type":"if","locations":[{"start":{"line":56,"column":10},"end":{"line":56,"column":85}},{"start":{"line":56,"column":10},"end":{"line":56,"column":85}}],"line":56},"1":{"loc":{"start":{"line":69,"column":4},"end":{"line":71,"column":5}},"type":"if","locations":[{"start":{"line":69,"column":4},"end":{"line":71,"column":5}},{"start":{"line":69,"column":4},"end":{"line":71,"column":5}}],"line":69},"2":{"loc":{"start":{"line":75,"column":4},"end":{"line":75,"column":41}},"type":"if","locations":[{"start":{"line":75,"column":4},"end":{"line":75,"column":41}},{"start":{"line":75,"column":4},"end":{"line":75,"column":41}}],"line":75},"3":{"loc":{"start":{"line":81,"column":4},"end":{"line":86,"column":5}},"type":"if","locations":[{"start":{"line":81,"column":4},"end":{"line":86,"column":5}},{"start":{"line":81,"column":4},"end":{"line":86,"column":5}}],"line":81},"4":{"loc":{"start":{"line":81,"column":8},"end":{"line":81,"column":43}},"type":"binary-expr","locations":[{"start":{"line":81,"column":8},"end":{"line":81,"column":27}},{"start":{"line":81,"column":31},"end":{"line":81,"column":43}}],"line":81}},"s":{"0":2,"1":7,"2":7,"3":0,"4":0,"5":0,"6":0,"7":0,"8":0,"9":0,"10":0,"11":0,"12":7,"13":3,"14":0,"15":7,"16":3,"17":0,"18":3,"19":3,"20":3,"21":0,"22":0,"23":3},"f":{"0":7,"1":0,"2":0,"3":3,"4":3},"b":{"0":[0,0],"1":[0,3],"2":[0,3],"3":[0,3],"4":[3,3]},"_coverageSchema":"43e27e138ebf9cfc5966b082cf9a028302ed4184","hash":"e615aa199312c6f22bd35faa4289280380c91db4"}
,"/Users/steniowagner/Documents/Dev/cine-tasty-mobile/src/components/screens/news/components/hooks/useRefreshArticles.ts": {"path":"/Users/steniowagner/Documents/Dev/cine-tasty-mobile/src/components/screens/news/components/hooks/useRefreshArticles.ts","statementMap":{"0":{"start":{"line":25,"column":27},"end":{"line":68,"column":1}},"1":{"start":{"line":37,"column":28},"end":{"line":61,"column":3}},"2":{"start":{"line":38,"column":4},"end":{"line":60,"column":5}},"3":{"start":{"line":39,"column":6},"end":{"line":54,"column":9}},"4":{"start":{"line":43,"column":10},"end":{"line":46,"column":13}},"5":{"start":{"line":48,"column":10},"end":{"line":48,"column":85}},"6":{"start":{"line":48,"column":45},"end":{"line":48,"column":85}},"7":{"start":{"line":50,"column":10},"end":{"line":50,"column":21}},"8":{"start":{"line":52,"column":10},"end":{"line":52,"column":32}},"9":{"start":{"line":56,"column":6},"end":{"line":56,"column":54}},"10":{"start":{"line":57,"column":6},"end":{"line":57,"column":45}},"11":{"start":{"line":59,"column":6},"end":{"line":59,"column":33}},"12":{"start":{"line":63,"column":2},"end":{"line":67,"column":21}},"13":{"start":{"line":64,"column":4},"end":{"line":66,"column":5}},"14":{"start":{"line":65,"column":6},"end":{"line":65,"column":26}}},"fnMap":{"0":{"name":"(anonymous_0)","decl":{"start":{"line":25,"column":27},"end":{"line":25,"column":28}},"loc":{"start":{"line":36,"column":13},"end":{"line":68,"column":1}},"line":36},"1":{"name":"(anonymous_1)","decl":{"start":{"line":37,"column":28},"end":{"line":37,"column":29}},"loc":{"start":{"line":37,"column":55},"end":{"line":61,"column":3}},"line":37},"2":{"name":"(anonymous_2)","decl":{"start":{"line":42,"column":21},"end":{"line":42,"column":22}},"loc":{"start":{"line":42,"column":62},"end":{"line":53,"column":9}},"line":42},"3":{"name":"(anonymous_3)","decl":{"start":{"line":63,"column":12},"end":{"line":63,"column":13}},"loc":{"start":{"line":63,"column":18},"end":{"line":67,"column":3}},"line":63}},"branchMap":{"0":{"loc":{"start":{"line":48,"column":10},"end":{"line":48,"column":85}},"type":"if","locations":[{"start":{"line":48,"column":10},"end":{"line":48,"column":85}},{"start":{"line":48,"column":10},"end":{"line":48,"column":85}}],"line":48},"1":{"loc":{"start":{"line":64,"column":4},"end":{"line":66,"column":5}},"type":"if","locations":[{"start":{"line":64,"column":4},"end":{"line":66,"column":5}},{"start":{"line":64,"column":4},"end":{"line":66,"column":5}}],"line":64}},"s":{"0":2,"1":7,"2":0,"3":0,"4":0,"5":0,"6":0,"7":0,"8":0,"9":0,"10":0,"11":0,"12":7,"13":3,"14":0},"f":{"0":7,"1":0,"2":0,"3":3},"b":{"0":[0,0],"1":[0,3]},"_coverageSchema":"43e27e138ebf9cfc5966b082cf9a028302ed4184","hash":"add93f9a183a25407f503e08cf977313676eb357"}
,"/Users/steniowagner/Documents/Dev/cine-tasty-mobile/src/components/screens/news/components/language-filter/LanguageFilter.tsx": {"path":"/Users/steniowagner/Documents/Dev/cine-tasty-mobile/src/components/screens/news/components/language-filter/LanguageFilter.tsx","statementMap":{"0":{"start":{"line":23,"column":30},"end":{"line":23,"column":60}},"1":{"start":{"line":24,"column":32},"end":{"line":24,"column":35}},"2":{"start":{"line":26,"column":16},"end":{"line":32,"column":1}},"3":{"start":{"line":30,"column":32},"end":{"line":30,"column":52}},"4":{"start":{"line":31,"column":37},"end":{"line":31,"column":59}},"5":{"start":{"line":34,"column":23},"end":{"line":37,"column":1}},"6":{"start":{"line":36,"column":27},"end":{"line":36,"column":63}},"7":{"start":{"line":39,"column":20},"end":{"line":45,"column":1}},"8":{"start":{"line":42,"column":43},"end":{"line":42,"column":67}},"9":{"start":{"line":43,"column":44},"end":{"line":43,"column":68}},"10":{"start":{"line":47,"column":20},"end":{"line":51,"column":1}},"11":{"start":{"line":50,"column":37},"end":{"line":50,"column":61}},"12":{"start":{"line":53,"column":13},"end":{"line":58,"column":1}},"13":{"start":{"line":54,"column":26},"end":{"line":54,"column":61}},"14":{"start":{"line":55,"column":27},"end":{"line":55,"column":63}},"15":{"start":{"line":56,"column":34},"end":{"line":56,"column":62}},"16":{"start":{"line":57,"column":37},"end":{"line":57,"column":63}},"17":{"start":{"line":60,"column":21},"end":{"line":66,"column":1}},"18":{"start":{"line":61,"column":38},"end":{"line":61,"column":61}},"19":{"start":{"line":62,"column":34},"end":{"line":62,"column":57}},"20":{"start":{"line":64,"column":30},"end":{"line":64,"column":64}},"21":{"start":{"line":68,"column":20},"end":{"line":72,"column":1}},"22":{"start":{"line":74,"column":26},"end":{"line":76,"column":1}},"23":{"start":{"line":75,"column":31},"end":{"line":75,"column":59}},"24":{"start":{"line":78,"column":29},"end":{"line":86,"column":1}},"25":{"start":{"line":80,"column":28},"end":{"line":82,"column":41}},"26":{"start":{"line":85,"column":37},"end":{"line":85,"column":57}},"27":{"start":{"line":88,"column":27},"end":{"line":92,"column":1}},"28":{"start":{"line":90,"column":30},"end":{"line":90,"column":58}},"29":{"start":{"line":100,"column":23},"end":{"line":199,"column":1}},"30":{"start":{"line":115,"column":6},"end":{"line":121,"column":4}},"31":{"start":{"line":123,"column":16},"end":{"line":123,"column":32}},"32":{"start":{"line":125,"column":2},"end":{"line":198,"column":4}},"33":{"start":{"line":167,"column":18},"end":{"line":174,"column":20}},"34":{"start":{"line":171,"column":22},"end":{"line":171,"column":51}},"35":{"start":{"line":176,"column":46},"end":{"line":176,"column":61}},"36":{"start":{"line":178,"column":46},"end":{"line":182,"column":17}},"37":{"start":{"line":183,"column":40},"end":{"line":183,"column":47}}},"fnMap":{"0":{"name":"(anonymous_0)","decl":{"start":{"line":30,"column":17},"end":{"line":30,"column":18}},"loc":{"start":{"line":30,"column":32},"end":{"line":30,"column":52}},"line":30},"1":{"name":"(anonymous_1)","decl":{"start":{"line":31,"column":22},"end":{"line":31,"column":23}},"loc":{"start":{"line":31,"column":37},"end":{"line":31,"column":59}},"line":31},"2":{"name":"(anonymous_2)","decl":{"start":{"line":36,"column":12},"end":{"line":36,"column":13}},"loc":{"start":{"line":36,"column":27},"end":{"line":36,"column":63}},"line":36},"3":{"name":"(anonymous_3)","decl":{"start":{"line":42,"column":28},"end":{"line":42,"column":29}},"loc":{"start":{"line":42,"column":43},"end":{"line":42,"column":67}},"line":42},"4":{"name":"(anonymous_4)","decl":{"start":{"line":43,"column":29},"end":{"line":43,"column":30}},"loc":{"start":{"line":43,"column":44},"end":{"line":43,"column":68}},"line":43},"5":{"name":"(anonymous_5)","decl":{"start":{"line":50,"column":22},"end":{"line":50,"column":23}},"loc":{"start":{"line":50,"column":37},"end":{"line":50,"column":61}},"line":50},"6":{"name":"(anonymous_6)","decl":{"start":{"line":54,"column":11},"end":{"line":54,"column":12}},"loc":{"start":{"line":54,"column":26},"end":{"line":54,"column":61}},"line":54},"7":{"name":"(anonymous_7)","decl":{"start":{"line":55,"column":12},"end":{"line":55,"column":13}},"loc":{"start":{"line":55,"column":27},"end":{"line":55,"column":63}},"line":55},"8":{"name":"(anonymous_8)","decl":{"start":{"line":56,"column":19},"end":{"line":56,"column":20}},"loc":{"start":{"line":56,"column":34},"end":{"line":56,"column":62}},"line":56},"9":{"name":"(anonymous_9)","decl":{"start":{"line":57,"column":22},"end":{"line":57,"column":23}},"loc":{"start":{"line":57,"column":37},"end":{"line":57,"column":63}},"line":57},"10":{"name":"(anonymous_10)","decl":{"start":{"line":61,"column":23},"end":{"line":61,"column":24}},"loc":{"start":{"line":61,"column":38},"end":{"line":61,"column":61}},"line":61},"11":{"name":"(anonymous_11)","decl":{"start":{"line":62,"column":19},"end":{"line":62,"column":20}},"loc":{"start":{"line":62,"column":34},"end":{"line":62,"column":57}},"line":62},"12":{"name":"(anonymous_12)","decl":{"start":{"line":64,"column":15},"end":{"line":64,"column":16}},"loc":{"start":{"line":64,"column":30},"end":{"line":64,"column":64}},"line":64},"13":{"name":"(anonymous_13)","decl":{"start":{"line":75,"column":16},"end":{"line":75,"column":17}},"loc":{"start":{"line":75,"column":31},"end":{"line":75,"column":59}},"line":75},"14":{"name":"(anonymous_14)","decl":{"start":{"line":80,"column":12},"end":{"line":80,"column":13}},"loc":{"start":{"line":80,"column":28},"end":{"line":82,"column":41}},"line":80},"15":{"name":"(anonymous_15)","decl":{"start":{"line":85,"column":22},"end":{"line":85,"column":23}},"loc":{"start":{"line":85,"column":37},"end":{"line":85,"column":57}},"line":85},"16":{"name":"(anonymous_16)","decl":{"start":{"line":90,"column":15},"end":{"line":90,"column":16}},"loc":{"start":{"line":90,"column":30},"end":{"line":90,"column":58}},"line":90},"17":{"name":"(anonymous_17)","decl":{"start":{"line":100,"column":23},"end":{"line":100,"column":24}},"loc":{"start":{"line":104,"column":13},"end":{"line":199,"column":1}},"line":104},"18":{"name":"(anonymous_18)","decl":{"start":{"line":166,"column":28},"end":{"line":166,"column":29}},"loc":{"start":{"line":167,"column":18},"end":{"line":174,"column":20}},"line":167},"19":{"name":"(anonymous_19)","decl":{"start":{"line":170,"column":29},"end":{"line":170,"column":30}},"loc":{"start":{"line":170,"column":35},"end":{"line":172,"column":21}},"line":170},"20":{"name":"(anonymous_20)","decl":{"start":{"line":176,"column":40},"end":{"line":176,"column":41}},"loc":{"start":{"line":176,"column":46},"end":{"line":176,"column":61}},"line":176},"21":{"name":"(anonymous_21)","decl":{"start":{"line":178,"column":31},"end":{"line":178,"column":32}},"loc":{"start":{"line":178,"column":46},"end":{"line":182,"column":17}},"line":178},"22":{"name":"(anonymous_22)","decl":{"start":{"line":183,"column":30},"end":{"line":183,"column":31}},"loc":{"start":{"line":183,"column":40},"end":{"line":183,"column":47}},"line":183}},"branchMap":{"0":{"loc":{"start":{"line":80,"column":28},"end":{"line":82,"column":41}},"type":"cond-expr","locations":[{"start":{"line":81,"column":6},"end":{"line":81,"column":41}},{"start":{"line":82,"column":6},"end":{"line":82,"column":41}}],"line":80},"1":{"loc":{"start":{"line":140,"column":9},"end":{"line":195,"column":9}},"type":"binary-expr","locations":[{"start":{"line":140,"column":9},"end":{"line":140,"column":24}},{"start":{"line":141,"column":10},"end":{"line":194,"column":30}}],"line":140}},"s":{"0":4,"1":4,"2":4,"3":11,"4":11,"5":4,"6":11,"7":4,"8":8,"9":8,"10":4,"11":8,"12":4,"13":8,"14":8,"15":8,"16":8,"17":4,"18":8,"19":8,"20":8,"21":4,"22":4,"23":8,"24":4,"25":8,"26":8,"27":4,"28":8,"29":4,"30":11,"31":11,"32":11,"33":80,"34":3,"35":80,"36":22,"37":100},"f":{"0":11,"1":11,"2":11,"3":8,"4":8,"5":8,"6":8,"7":8,"8":8,"9":8,"10":8,"11":8,"12":8,"13":8,"14":8,"15":8,"16":8,"17":11,"18":80,"19":3,"20":80,"21":22,"22":100},"b":{"0":[8,0],"1":[11,8]},"_coverageSchema":"43e27e138ebf9cfc5966b082cf9a028302ed4184","hash":"67d530031deae1a08d3906a35233fb25976dfc7a"}
,"/Users/steniowagner/Documents/Dev/cine-tasty-mobile/src/components/screens/news/components/language-filter/languages.ts": {"path":"/Users/steniowagner/Documents/Dev/cine-tasty-mobile/src/components/screens/news/components/language-filter/languages.ts","statementMap":{"0":{"start":{"line":24,"column":30},"end":{"line":90,"column":1}}},"fnMap":{},"branchMap":{},"s":{"0":5},"f":{},"b":{},"_coverageSchema":"43e27e138ebf9cfc5966b082cf9a028302ed4184","hash":"e397fef50c48ed001b7e2a1b5983ca65c0caf804"}
,"/Users/steniowagner/Documents/Dev/cine-tasty-mobile/src/components/screens/news/components/language-filter/useLanguageFilter.ts": {"path":"/Users/steniowagner/Documents/Dev/cine-tasty-mobile/src/components/screens/news/components/language-filter/useLanguageFilter.ts","statementMap":{"0":{"start":{"line":35,"column":26},"end":{"line":151,"column":1}},"1":{"start":{"line":42,"column":15},"end":{"line":42,"column":16}},"2":{"start":{"line":44,"column":21},"end":{"line":44,"column":76}},"3":{"start":{"line":46,"column":50},"end":{"line":48,"column":3}},"4":{"start":{"line":50,"column":46},"end":{"line":50,"column":70}},"5":{"start":{"line":52,"column":31},"end":{"line":54,"column":3}},"6":{"start":{"line":53,"column":18},"end":{"line":53,"column":54}},"7":{"start":{"line":56,"column":24},"end":{"line":70,"column":3}},"8":{"start":{"line":57,"column":10},"end":{"line":68,"column":5}},"9":{"start":{"line":72,"column":24},"end":{"line":78,"column":8}},"10":{"start":{"line":73,"column":4},"end":{"line":77,"column":23}},"11":{"start":{"line":80,"column":2},"end":{"line":82,"column":9}},"12":{"start":{"line":81,"column":4},"end":{"line":81,"column":21}},"13":{"start":{"line":84,"column":30},"end":{"line":94,"column":3}},"14":{"start":{"line":85,"column":4},"end":{"line":93,"column":7}},"15":{"start":{"line":86,"column":6},"end":{"line":86,"column":30}},"16":{"start":{"line":88,"column":6},"end":{"line":90,"column":7}},"17":{"start":{"line":89,"column":8},"end":{"line":89,"column":43}},"18":{"start":{"line":92,"column":6},"end":{"line":92,"column":21}},"19":{"start":{"line":96,"column":31},"end":{"line":104,"column":3}},"20":{"start":{"line":101,"column":4},"end":{"line":101,"column":44}},"21":{"start":{"line":102,"column":4},"end":{"line":102,"column":42}},"22":{"start":{"line":103,"column":4},"end":{"line":103,"column":25}},"23":{"start":{"line":106,"column":31},"end":{"line":130,"column":3}},"24":{"start":{"line":107,"column":4},"end":{"line":129,"column":5}},"25":{"start":{"line":108,"column":31},"end":{"line":108,"column":48}},"26":{"start":{"line":109,"column":25},"end":{"line":109,"column":30}},"27":{"start":{"line":111,"column":6},"end":{"line":111,"column":29}},"28":{"start":{"line":113,"column":6},"end":{"line":117,"column":7}},"29":{"start":{"line":114,"column":8},"end":{"line":114,"column":28}},"30":{"start":{"line":116,"column":8},"end":{"line":116,"column":43}},"31":{"start":{"line":119,"column":31},"end":{"line":119,"column":69}},"32":{"start":{"line":121,"column":6},"end":{"line":128,"column":9}},"33":{"start":{"line":122,"column":8},"end":{"line":122,"column":68}},"34":{"start":{"line":124,"column":8},"end":{"line":127,"column":9}},"35":{"start":{"line":125,"column":10},"end":{"line":125,"column":34}},"36":{"start":{"line":126,"column":10},"end":{"line":126,"column":25}},"37":{"start":{"line":132,"column":32},"end":{"line":138,"column":3}},"38":{"start":{"line":133,"column":4},"end":{"line":137,"column":7}},"39":{"start":{"line":134,"column":6},"end":{"line":134,"column":30}},"40":{"start":{"line":136,"column":6},"end":{"line":136,"column":21}},"41":{"start":{"line":140,"column":2},"end":{"line":150,"column":4}}},"fnMap":{"0":{"name":"(anonymous_0)","decl":{"start":{"line":35,"column":26},"end":{"line":35,"column":27}},"loc":{"start":{"line":41,"column":24},"end":{"line":151,"column":1}},"line":41},"1":{"name":"(anonymous_1)","decl":{"start":{"line":53,"column":4},"end":{"line":53,"column":5}},"loc":{"start":{"line":53,"column":18},"end":{"line":53,"column":54}},"line":53},"2":{"name":"(anonymous_2)","decl":{"start":{"line":57,"column":4},"end":{"line":57,"column":5}},"loc":{"start":{"line":57,"column":10},"end":{"line":68,"column":5}},"line":57},"3":{"name":"(anonymous_3)","decl":{"start":{"line":72,"column":36},"end":{"line":72,"column":37}},"loc":{"start":{"line":72,"column":86},"end":{"line":78,"column":3}},"line":72},"4":{"name":"(anonymous_4)","decl":{"start":{"line":80,"column":12},"end":{"line":80,"column":13}},"loc":{"start":{"line":80,"column":18},"end":{"line":82,"column":3}},"line":80},"5":{"name":"(anonymous_5)","decl":{"start":{"line":84,"column":30},"end":{"line":84,"column":31}},"loc":{"start":{"line":84,"column":42},"end":{"line":94,"column":3}},"line":84},"6":{"name":"(anonymous_6)","decl":{"start":{"line":85,"column":39},"end":{"line":85,"column":40}},"loc":{"start":{"line":85,"column":45},"end":{"line":93,"column":5}},"line":85},"7":{"name":"(anonymous_7)","decl":{"start":{"line":96,"column":31},"end":{"line":96,"column":32}},"loc":{"start":{"line":100,"column":13},"end":{"line":104,"column":3}},"line":100},"8":{"name":"(anonymous_8)","decl":{"start":{"line":106,"column":31},"end":{"line":106,"column":32}},"loc":{"start":{"line":106,"column":83},"end":{"line":130,"column":3}},"line":106},"9":{"name":"(anonymous_9)","decl":{"start":{"line":121,"column":38},"end":{"line":121,"column":39}},"loc":{"start":{"line":121,"column":44},"end":{"line":128,"column":7}},"line":121},"10":{"name":"(anonymous_10)","decl":{"start":{"line":132,"column":32},"end":{"line":132,"column":33}},"loc":{"start":{"line":132,"column":38},"end":{"line":138,"column":3}},"line":132},"11":{"name":"(anonymous_11)","decl":{"start":{"line":133,"column":39},"end":{"line":133,"column":40}},"loc":{"start":{"line":133,"column":45},"end":{"line":137,"column":5}},"line":133}},"branchMap":{"0":{"loc":{"start":{"line":74,"column":16},"end":{"line":74,"column":69}},"type":"cond-expr","locations":[{"start":{"line":74,"column":32},"end":{"line":74,"column":47}},{"start":{"line":74,"column":50},"end":{"line":74,"column":69}}],"line":74},"1":{"loc":{"start":{"line":88,"column":6},"end":{"line":90,"column":7}},"type":"if","locations":[{"start":{"line":88,"column":6},"end":{"line":90,"column":7}},{"start":{"line":88,"column":6},"end":{"line":90,"column":7}}],"line":88},"2":{"loc":{"start":{"line":107,"column":4},"end":{"line":129,"column":5}},"type":"if","locations":[{"start":{"line":107,"column":4},"end":{"line":129,"column":5}},{"start":{"line":107,"column":4},"end":{"line":129,"column":5}}],"line":107},"3":{"loc":{"start":{"line":113,"column":6},"end":{"line":117,"column":7}},"type":"if","locations":[{"start":{"line":113,"column":6},"end":{"line":117,"column":7}},{"start":{"line":113,"column":6},"end":{"line":117,"column":7}}],"line":113},"4":{"loc":{"start":{"line":119,"column":31},"end":{"line":119,"column":69}},"type":"cond-e
[...]
rt":{"line":23,"column":17},"end":{"line":28,"column":1}},"3":{"start":{"line":24,"column":32},"end":{"line":24,"column":92}},"4":{"start":{"line":26,"column":26},"end":{"line":26,"column":31}},"5":{"start":{"line":27,"column":30},"end":{"line":27,"column":60}},"6":{"start":{"line":40,"column":30},"end":{"line":41,"column":56}},"7":{"start":{"line":40,"column":83},"end":{"line":41,"column":56}},"8":{"start":{"line":43,"column":22},"end":{"line":70,"column":1}},"9":{"start":{"line":47,"column":18},"end":{"line":47,"column":80}},"10":{"start":{"line":48,"column":17},"end":{"line":48,"column":55}},"11":{"start":{"line":50,"column":4},"end":{"line":68,"column":6}}},"fnMap":{"0":{"name":"(anonymous_0)","decl":{"start":{"line":17,"column":11},"end":{"line":17,"column":12}},"loc":{"start":{"line":17,"column":26},"end":{"line":17,"column":31}},"line":17},"1":{"name":"(anonymous_1)","decl":{"start":{"line":24,"column":16},"end":{"line":24,"column":17}},"loc":{"start":{"line":24,"column":32},"end":{"line":24,"column":92}},"line":24},"2":{"name":"(anonymous_2)","decl":{"start":{"line":26,"column":11},"end":{"line":26,"column":12}},"loc":{"start":{"line":26,"column":26},"end":{"line":26,"column":31}},"line":26},"3":{"name":"(anonymous_3)","decl":{"start":{"line":27,"column":15},"end":{"line":27,"column":16}},"loc":{"start":{"line":27,"column":30},"end":{"line":27,"column":60}},"line":27},"4":{"name":"(anonymous_4)","decl":{"start":{"line":40,"column":30},"end":{"line":40,"column":31}},"loc":{"start":{"line":40,"column":83},"end":{"line":41,"column":56}},"line":40},"5":{"name":"(anonymous_5)","decl":{"start":{"line":44,"column":2},"end":{"line":44,"column":3}},"loc":{"start":{"line":46,"column":15},"end":{"line":69,"column":3}},"line":46}},"branchMap":{"0":{"loc":{"start":{"line":24,"column":32},"end":{"line":24,"column":92}},"type":"cond-expr","locations":[{"start":{"line":24,"column":60},"end":{"line":24,"column":88}},{"start":{"line":24,"column":91},"end":{"line":24,"column":92}}],"line":24},"1":{"loc":{"start":{"line":40,"column":83},"end":{"line":41,"column":56}},"type":"binary-expr","locations":[{"start":{"line":40,"column":84},"end":{"line":40,"column":108}},{"start":{"line":40,"column":112},"end":{"line":40,"column":133}},{"start":{"line":41,"column":6},"end":{"line":41,"column":31}},{"start":{"line":41,"column":35},"end":{"line":41,"column":55}}],"line":40},"2":{"loc":{"start":{"line":47,"column":18},"end":{"line":47,"column":80}},"type":"cond-expr","locations":[{"start":{"line":47,"column":31},"end":{"line":47,"column":51}},{"start":{"line":47,"column":54},"end":{"line":47,"column":80}}],"line":47},"3":{"loc":{"start":{"line":48,"column":17},"end":{"line":48,"column":55}},"type":"cond-expr","locations":[{"start":{"line":48,"column":30},"end":{"line":48,"column":40}},{"start":{"line":48,"column":43},"end":{"line":48,"column":55}}],"line":48}},"s":{"0":2,"1":16,"2":2,"3":16,"4":16,"5":16,"6":2,"7":0,"8":2,"9":16,"10":16,"11":16},"f":{"0":16,"1":16,"2":16,"3":16,"4":0,"5":16},"b":{"0":[0,16],"1":[0,0,0,0],"2":[6,10],"3":[6,10]},"_coverageSchema":"43e27e138ebf9cfc5966b082cf9a028302ed4184","hash":"2a2587c1e5548578f5c83a039365ccdef0914d26"}
,"/Users/steniowagner/Documents/Dev/cine-tasty-mobile/src/components/utils/tab-navigator/items.ts": {"path":"/Users/steniowagner/Documents/Dev/cine-tasty-mobile/src/components/utils/tab-navigator/items.ts","statementMap":{"0":{"start":{"line":8,"column":34},"end":{"line":29,"column":1}}},"fnMap":{},"branchMap":{},"s":{"0":1},"f":{},"b":{},"_coverageSchema":"43e27e138ebf9cfc5966b082cf9a028302ed4184","hash":"5877e3d45b2bd37e98a64684a55bed3fa34a5d7b"}
,"/Users/steniowagner/Documents/Dev/cine-tasty-mobile/src/i18n/handleLanguageDetection.ts": {"path":"/Users/steniowagner/Documents/Dev/cine-tasty-mobile/src/i18n/handleLanguageDetection.ts","statementMap":{"0":{"start":{"line":11,"column":26},"end":{"line":37,"column":1}},"1":{"start":{"line":12,"column":27},"end":{"line":32,"column":3}},"2":{"start":{"line":34,"column":29},"end":{"line":34,"column":93}},"3":{"start":{"line":36,"column":2},"end":{"line":36,"column":28}},"4":{"start":{"line":39,"column":29},"end":{"line":46,"column":1}},"5":{"start":{"line":40,"column":25},"end":{"line":43,"column":48}},"6":{"start":{"line":45,"column":2},"end":{"line":45,"column":24}},"7":{"start":{"line":48,"column":32},"end":{"line":65,"column":1}},"8":{"start":{"line":49,"column":25},"end":{"line":52,"column":3}},"9":{"start":{"line":54,"column":2},"end":{"line":56,"column":3}},"10":{"start":{"line":55,"column":4},"end":{"line":55,"column":26}},"11":{"start":{"line":58,"column":25},"end":{"line":58,"column":47}},"12":{"start":{"line":60,"column":24},"end":{"line":60,"column":57}},"13":{"start":{"line":62,"column":2},"end":{"line":62,"column":69}},"14":{"start":{"line":64,"column":2},"end":{"line":64,"column":23}}},"fnMap":{"0":{"name":"(anonymous_0)","decl":{"start":{"line":11,"column":26},"end":{"line":11,"column":27}},"loc":{"start":{"line":11,"column":56},"end":{"line":37,"column":1}},"line":11},"1":{"name":"(anonymous_1)","decl":{"start":{"line":39,"column":29},"end":{"line":39,"column":30}},"loc":{"start":{"line":39,"column":43},"end":{"line":46,"column":1}},"line":39},"2":{"name":"(anonymous_2)","decl":{"start":{"line":48,"column":32},"end":{"line":48,"column":33}},"loc":{"start":{"line":48,"column":61},"end":{"line":65,"column":1}},"line":48}},"branchMap":{"0":{"loc":{"start":{"line":34,"column":29},"end":{"line":34,"column":93}},"type":"binary-expr","locations":[{"start":{"line":34,"column":29},"end":{"line":34,"column":55}},{"start":{"line":34,"column":59},"end":{"line":34,"column":93}}],"line":34},"1":{"loc":{"start":{"line":40,"column":25},"end":{"line":43,"column":48}},"type":"cond-expr","locations":[{"start":{"line":41,"column":6},"end":{"line":42,"column":67}},{"start":{"line":43,"column":6},"end":{"line":43,"column":48}}],"line":40},"2":{"loc":{"start":{"line":41,"column":6},"end":{"line":42,"column":67}},"type":"binary-expr","locations":[{"start":{"line":41,"column":6},"end":{"line":41,"column":56}},{"start":{"line":42,"column":11},"end":{"line":42,"column":67}}],"line":41},"3":{"loc":{"start":{"line":54,"column":2},"end":{"line":56,"column":3}},"type":"if","locations":[{"start":{"line":54,"column":2},"end":{"line":56,"column":3}},{"start":{"line":54,"column":2},"end":{"line":56,"column":3}}],"line":54}},"s":{"0":7,"1":6,"2":6,"3":6,"4":7,"5":6,"6":6,"7":7,"8":7,"9":7,"10":1,"11":6,"12":6,"13":6,"14":6},"f":{"0":6,"1":6,"2":7},"b":{"0":[6,3],"1":[4,2],"2":[4,2],"3":[1,6]},"_coverageSchema":"43e27e138ebf9cfc5966b082cf9a028302ed4184","hash":"73d62eb632b8428b6acd435cec9be54679a80ab4"}
,"/Users/steniowagner/Documents/Dev/cine-tasty-mobile/src/routes/constants.ts": {"path":"/Users/steniowagner/Documents/Dev/cine-tasty-mobile/src/routes/constants.ts","statementMap":{"0":{"start":{"line":5,"column":39},"end":{"line":18,"column":2}},"1":{"start":{"line":5,"column":65},"end":{"line":18,"column":1}}},"fnMap":{"0":{"name":"(anonymous_0)","decl":{"start":{"line":5,"column":39},"end":{"line":5,"column":40}},"loc":{"start":{"line":5,"column":65},"end":{"line":18,"column":1}},"line":5}},"branchMap":{},"s":{"0":1,"1":0},"f":{"0":0},"b":{},"_coverageSchema":"43e27e138ebf9cfc5966b082cf9a028302ed4184","hash":"0a9839e46505553b2600b5555b8a2e5a9042ce83"}
,"/Users/steniowagner/Documents/Dev/cine-tasty-mobile/src/styles/metrics/index.ts": {"path":"/Users/steniowagner/Documents/Dev/cine-tasty-mobile/src/styles/metrics/index.ts","statementMap":{"0":{"start":{"line":3,"column":26},"end":{"line":3,"column":50}},"1":{"start":{"line":5,"column":23},"end":{"line":13,"column":1}},"2":{"start":{"line":6,"column":28},"end":{"line":6,"column":55}},"3":{"start":{"line":8,"column":30},"end":{"line":10,"column":3}},"4":{"start":{"line":12,"column":2},"end":{"line":12,"column":29}},"5":{"start":{"line":15,"column":24},"end":{"line":23,"column":1}},"6":{"start":{"line":16,"column":28},"end":{"line":16,"column":56}},"7":{"start":{"line":18,"column":31},"end":{"line":20,"column":3}},"8":{"start":{"line":22,"column":2},"end":{"line":22,"column":30}}},"fnMap":{"0":{"name":"(anonymous_0)","decl":{"start":{"line":5,"column":23},"end":{"line":5,"column":24}},"loc":{"start":{"line":5,"column":60},"end":{"line":13,"column":1}},"line":5},"1":{"name":"(anonymous_1)","decl":{"start":{"line":15,"column":24},"end":{"line":15,"column":25}},"loc":{"start":{"line":15,"column":62},"end":{"line":23,"column":1}},"line":15}},"branchMap":{"0":{"loc":{"start":{"line":26,"column":28},"end":{"line":26,"column":59}},"type":"cond-expr","locations":[{"start":{"line":26,"column":52},"end":{"line":26,"column":54}},{"start":{"line":26,"column":57},"end":{"line":26,"column":59}}],"line":26}},"s":{"0":16,"1":16,"2":1063,"3":1063,"4":1063,"5":16,"6":42,"7":42,"8":42},"f":{"0":1063,"1":42},"b":{"0":[16,0]},"_coverageSchema":"43e27e138ebf9cfc5966b082cf9a028302ed4184","hash":"358229b0e28f6b41b763fafbe9d837460a2061aa"}
,"/Users/steniowagner/Documents/Dev/cine-tasty-mobile/src/styles/theme-context-provider/ThemeContextProvider.tsx": {"path":"/Users/steniowagner/Documents/Dev/cine-tasty-mobile/src/styles/theme-context-provider/ThemeContextProvider.tsx","statementMap":{"0":{"start":{"line":16,"column":21},"end":{"line":19,"column":2}},"1":{"start":{"line":21,"column":29},"end":{"line":38,"column":1}},"2":{"start":{"line":22,"column":38},"end":{"line":22,"column":63}},"3":{"start":{"line":24,"column":2},"end":{"line":37,"column":4}}},"fnMap":{"0":{"name":"(anonymous_0)","decl":{"start":{"line":17,"column":17},"end":{"line":17,"column":18}},"loc":{"start":{"line":17,"column":23},"end":{"line":17,"column":25}},"line":17},"1":{"name":"(anonymous_1)","decl":{"start":{"line":21,"column":29},"end":{"line":21,"column":30}},"loc":{"start":{"line":21,"column":54},"end":{"line":38,"column":1}},"line":21}},"branchMap":{},"s":{"0":1,"1":1,"2":8,"3":8},"f":{"0":0,"1":8},"b":{},"_coverageSchema":"43e27e138ebf9cfc5966b082cf9a028302ed4184","hash":"681fd9b53bce172f9ff2112d5ea657cd8f3ffb2f"}
,"/Users/steniowagner/Documents/Dev/cine-tasty-mobile/src/styles/theme-context-provider/useThemeContextProvider.ts": {"path":"/Users/steniowagner/Documents/Dev/cine-tasty-mobile/src/styles/theme-context-provider/useThemeContextProvider.ts","statementMap":{"0":{"start":{"line":19,"column":32},"end":{"line":61,"column":1}},"1":{"start":{"line":20,"column":28},"end":{"line":20,"column":51}},"2":{"start":{"line":22,"column":31},"end":{"line":35,"column":3}},"3":{"start":{"line":23,"column":23},"end":{"line":26,"column":5}},"4":{"start":{"line":28,"column":4},"end":{"line":32,"column":5}},"5":{"start":{"line":29,"column":6},"end":{"line":29,"column":29}},"6":{"start":{"line":31,"column":6},"end":{"line":31,"column":13}},"7":{"start":{"line":34,"column":4},"end":{"line":34,"column":25}},"8":{"start":{"line":37,"column":2},"end":{"line":39,"column":9}},"9":{"start":{"line":38,"column":4},"end":{"line":38,"column":27}},"10":{"start":{"line":41,"column":24},"end":{"line":49,"column":3}},"11":{"start":{"line":42,"column":4},"end":{"line":48,"column":7}},"12":{"start":{"line":43,"column":28},"end":{"line":43,"column":89}},"13":{"start":{"line":45,"column":6},"end":{"line":45,"column":68}},"14":{"start":{"line":47,"column":6},"end":{"line":47,"column":27}},"15":{"start":{"line":51,"column":22},"end":{"line":55,"column":3}},"16":{"start":{"line":52,"column":26},"end":{"line":52,"column":73}},"17":{"start":{"line":54,"column":4},"end":{"line":54,"column":25}},"18":{"start":{"line":57,"column":2},"end":{"line":60,"column":4}}},"fnMap":{"0":{"name":"(anonymous_0)","decl":{"start":{"line":19,"column":32},"end":{"line":19,"column":33}},"loc":{"start":{"line":19,"column":65},"end":{"line":61,"column":1}},"line":19},"1":{"name":"(anonymous_1)","decl":{"start":{"line":22,"column":31},"end":{"line":22,"column":32}},"loc":{"start":{"line":22,"column":58},"end":{"line":35,"column":3}},"line":22},"2":{"name":"(anonymous_2)","decl":{"start":{"line":37,"column":12},"end":{"line":37,"column":13}},"loc":{"start":{"line":37,"column":18},"end":{"line":39,"column":3}},"line":37},"3":{"name":"(anonymous_3)","decl":{"start":{"line":41,"column":24},"end":{"line":41,"column":25}},"loc":{"start":{"line":41,"column":30},"end":{"line":49,"column":3}},"line":41},"4":{"name":"(anonymous_4)","decl":{"start":{"line":42,"column":13},"end":{"line":42,"column":14}},"loc":{"start":{"line":42,"column":41},"end":{"line":48,"column":5}},"line":42},"5":{"name":"(anonymous_5)","decl":{"start":{"line":51,"column":22},"end":{"line":51,"column":23}},"loc":{"start":{"line":51,"column":42},"end":{"line":55,"column":3}},"line":51}},"branchMap":{"0":{"loc":{"start":{"line":28,"column":4},"end":{"line":32,"column":5}},"type":"if","locations":[{"start":{"line":28,"column":4},"end":{"line":32,"column":5}},{"start":{"line":28,"column":4},"end":{"line":32,"column":5}}],"line":28},"1":{"loc":{"start":{"line":43,"column":28},"end":{"line":43,"column":89}},"type":"cond-expr","locations":[{"start":{"line":43,"column":61},"end":{"line":43,"column":74}},{"start":{"line":43,"column":77},"end":{"line":43,"column":89}}],"line":43},"2":{"loc":{"start":{"line":52,"column":26},"end":{"line":52,"column":73}},"type":"cond-expr","locations":[{"start":{"line":52,"column":51},"end":{"line":52,"column":60}},{"start":{"line":52,"column":63},"end":{"line":52,"column":73}}],"line":52}},"s":{"0":2,"1":20,"2":20,"3":8,"4":8,"5":2,"6":2,"7":6,"8":20,"9":8,"10":20,"11":4,"12":4,"13":4,"14":4,"15":20,"16":20,"17":20,"18":20},"f":{"0":20,"1":8,"2":8,"3":4,"4":4,"5":20},"b":{"0":[2,6],"1":[2,2],"2":[7,13]},"_coverageSchema":"43e27e138ebf9cfc5966b082cf9a028302ed4184","hash":"8d124cbd3bb259bfe0bafef4d2c7c4a65b15df0f"}
,"/Users/steniowagner/Documents/Dev/cine-tasty-mobile/src/styles/themes/dark.ts": {"path":"/Users/steniowagner/Documents/Dev/cine-tasty-mobile/src/styles/themes/dark.ts","statementMap":{"0":{"start":{"line":6,"column":27},"end":{"line":23,"column":1}}},"fnMap":{},"branchMap":{},"s":{"0":16},"f":{},"b":{},"_coverageSchema":"43e27e138ebf9cfc5966b082cf9a028302ed4184","hash":"c1bbd7dff65824cf17abe872e6709c0295d53df2"}
,"/Users/steniowagner/Documents/Dev/cine-tasty-mobile/src/styles/themes/index.ts": {"path":"/Users/steniowagner/Documents/Dev/cine-tasty-mobile/src/styles/themes/index.ts","statementMap":{},"fnMap":{},"branchMap":{},"s":{},"f":{},"b":{},"_coverageSchema":"43e27e138ebf9cfc5966b082cf9a028302ed4184","hash":"3cf85132fc7ff66ce273b9b81448ba92b20ad6d8"}
,"/Users/steniowagner/Documents/Dev/cine-tasty-mobile/src/styles/themes/light.ts": {"path":"/Users/steniowagner/Documents/Dev/cine-tasty-mobile/src/styles/themes/light.ts","statementMap":{"0":{"start":{"line":6,"column":28},"end":{"line":23,"column":1}}},"fnMap":{},"branchMap":{},"s":{"0":16},"f":{},"b":{},"_coverageSchema":"43e27e138ebf9cfc5966b082cf9a028302ed4184","hash":"f55b7a7a099b9c4c326ec5aefefcf593ac137967"}
,"/Users/steniowagner/Documents/Dev/cine-tasty-mobile/src/types/index.ts": {"path":"/Users/steniowagner/Documents/Dev/cine-tasty-mobile/src/types/index.ts","statementMap":{},"fnMap":{},"branchMap":{},"s":{},"f":{},"b":{},"_coverageSchema":"43e27e138ebf9cfc5966b082cf9a028302ed4184","hash":"9d5f8ddee726d26d4918d108fa6ccff38b4afcf8"}
,"/Users/steniowagner/Documents/Dev/cine-tasty-mobile/src/types/schema.ts": {"path":"/Users/steniowagner/Documents/Dev/cine-tasty-mobile/src/types/schema.ts","statementMap":{},"fnMap":{},"branchMap":{},"s":{},"f":{},"b":{},"_coverageSchema":"43e27e138ebf9cfc5966b082cf9a028302ed4184","hash":"43581947032823d78cbcccccbe11994b10fcf1ed"}
,"/Users/steniowagner/Documents/Dev/cine-tasty-mobile/src/utils/constants.ts": {"path":"/Users/steniowagner/Documents/Dev/cine-tasty-mobile/src/utils/constants.ts","statementMap":{"0":{"start":{"line":1,"column":13},"end":{"line":6,"column":1}},"1":{"start":{"line":8,"column":15},"end":{"line":10,"column":1}},"2":{"start":{"line":12,"column":23},"end":{"line":14,"column":1}}},"fnMap":{},"branchMap":{},"s":{"0":18,"1":18,"2":18},"f":{},"b":{},"_coverageSchema":"43e27e138ebf9cfc5966b082cf9a028302ed4184","hash":"e31763f9a31d9b6641d03abc59087f70d0a0e74e"}
,"/Users/steniowagner/Documents/Dev/cine-tasty-mobile/src/utils/async-storage-adapter/AsyncStorageAdapter.ts": {"path":"/Users/steniowagner/Documents/Dev/cine-tasty-mobile/src/utils/async-storage-adapter/AsyncStorageAdapter.ts","statementMap":{"0":{"start":{"line":5,"column":34},"end":{"line":18,"column":1}},"1":{"start":{"line":9,"column":27},"end":{"line":11,"column":3}},"2":{"start":{"line":13,"column":2},"end":{"line":15,"column":3}},"3":{"start":{"line":14,"column":4},"end":{"line":14,"column":40}},"4":{"start":{"line":17,"column":2},"end":{"line":17,"column":22}},"5":{"start":{"line":20,"column":36},"end":{"line":20,"column":173}},"6":{"start":{"line":20,"column":86},"end":{"line":20,"column":173}},"7":{"start":{"line":22,"column":37},"end":{"line":22,"column":142}},"8":{"start":{"line":22,"column":75},"end":{"line":22,"column":142}}},"fnMap":{"0":{"name":"(anonymous_0)","decl":{"start":{"line":5,"column":34},"end":{"line":5,"column":35}},"loc":{"start":{"line":8,"column":21},"end":{"line":18,"column":1}},"line":8},"1":{"name":"(anonymous_1)","decl":{"start":{"line":20,"column":36},"end":{"line":20,"column":37}},"loc":{"start":{"line":20,"column":86},"end":{"line":20,"column":173}},"line":20},"2":{"name":"(anonymous_2)","decl":{"start":{"line":22,"column":37},"end":{"line":22,"column":38}},"loc":{"start":{"line":22,"column":75},"end":{"line":22,"column":142}},"line":22}},"branchMap":{"0":{"loc":{"start":{"line":13,"column":2},"end":{"line":15,"column":3}},"type":"if","locations":[{"start":{"line":13,"column":2},"end":{"line":15,"column":3}},{"start":{"line":13,"column":2},"end":{"line":15,"column":3}}],"line":13}},"s":{"0":4,"1":2,"2":2,"3":1,"4":1,"5":4,"6":1,"7":4,"8":2},"f":{"0":2,"1":1,"2":2},"b":{"0":[1,1]},"_coverageSchema":"43e27e138ebf9cfc5966b082cf9a028302ed4184","hash":"230ac7edb4b0d90e42a8e2fe9f9853be939f3b26"}
,"/Users/steniowagner/Documents/Dev/cine-tasty-mobile/src/utils/is-equals-or-largest-than-iphonex/isEqualsOrLargestThanIphoneX.ts": {"path":"/Users/steniowagner/Documents/Dev/cine-tasty-mobile/src/utils/is-equals-or-largest-than-iphonex/isEqualsOrLargestThanIphoneX.ts","statementMap":{"0":{"start":{"line":3,"column":26},"end":{"line":3,"column":50}},"1":{"start":{"line":5,"column":22},"end":{"line":5,"column":25}},"2":{"start":{"line":6,"column":23},"end":{"line":6,"column":26}},"3":{"start":{"line":8,"column":37},"end":{"line":16,"column":1}},"4":{"start":{"line":9,"column":47},"end":{"line":9,"column":97}},"5":{"start":{"line":10,"column":48},"end":{"line":10,"column":98}},"6":{"start":{"line":12,"column":2},"end":{"line":15,"column":4}}},"fnMap":{"0":{"name":"(anonymous_0)","decl":{"start":{"line":8,"column":37},"end":{"line":8,"column":38}},"loc":{"start":{"line":8,"column":52},"end":{"line":16,"column":1}},"line":8}},"branchMap":{"0":{"loc":{"start":{"line":9,"column":47},"end":{"line":9,"column":97}},"type":"binary-expr","locations":[{"start":{"line":9,"column":47},"end":{"line":9,"column":71}},{"start":{"line":9,"column":75},"end":{"line":9,"column":97}}],"line":9},"1":{"loc":{"start":{"line":10,"column":48},"end":{"line":10,"column":98}},"type":"binary-expr","locations":[{"start":{"line":10,"column":48},"end":{"line":10,"column":71}},{"start":{"line":10,"column":75},"end":{"line":10,"column":98}}],"line":10},"2":{"loc":{"start":{"line":13,"column":4},"end":{"line":14,"column":86}},"type":"binary-expr","locations":[{"start":{"line":13,"column":4},"end":{"line":13,"column":25}},{"start":{"line":14,"column":8},"end":{"line":14,"column":44}},{"start":{"line":14,"column":48},"end":{"line":14,"column":85}}],"line":13}},"s":{"0":9,"1":9,"2":9,"3":9,"4":31,"5":31,"6":31},"f":{"0":31},"b":{"0":[31,29],"1":[31,29],"2":[31,30,1]},"_coverageSchema":"43e27e138ebf9cfc5966b082cf9a028302ed4184","hash":"8077287e89abf317cc144dda49e6f275b73ade13"}
}
