{"/Users/steniowagner/Documents/Dev/cine-tasty-mobile/src/components/common/Icon.tsx": {"path":"/Users/steniowagner/Documents/Dev/cine-tasty-mobile/src/components/common/Icon.tsx","statementMap":{"0":{"start":{"line":6,"column":19},"end":{"line":8,"column":1}},"1":{"start":{"line":16,"column":13},"end":{"line":23,"column":1}},"2":{"start":{"line":17,"column":2},"end":{"line":22,"column":4}}},"fnMap":{"0":{"name":"(anonymous_0)","decl":{"start":{"line":16,"column":13},"end":{"line":16,"column":14}},"loc":{"start":{"line":17,"column":2},"end":{"line":22,"column":4}},"line":17}},"branchMap":{"0":{"loc":{"start":{"line":7,"column":16},"end":{"line":7,"column":45}},"type":"cond-expr","locations":[{"start":{"line":7,"column":40},"end":{"line":7,"column":41}},{"start":{"line":7,"column":44},"end":{"line":7,"column":45}}],"line":7}},"s":{"0":4,"1":4,"2":32},"f":{"0":32},"b":{"0":[4,0]},"_coverageSchema":"43e27e138ebf9cfc5966b082cf9a028302ed4184","hash":"ed98b2ec95c1f4a57973456c35e2db54e5fe82dc"}
,"/Users/steniowagner/Documents/Dev/cine-tasty-mobile/src/components/common/RouteSuspenseWrapper.tsx": {"path":"/Users/steniowagner/Documents/Dev/cine-tasty-mobile/src/components/common/RouteSuspenseWrapper.tsx","statementMap":{"0":{"start":{"line":5,"column":23},"end":{"line":11,"column":1}},"1":{"start":{"line":10,"column":37},"end":{"line":10,"column":60}},"2":{"start":{"line":13,"column":32},"end":{"line":19,"column":5}},"3":{"start":{"line":13,"column":80},"end":{"line":19,"column":1}},"4":{"start":{"line":25,"column":29},"end":{"line":35,"column":1}},"5":{"start":{"line":26,"column":2},"end":{"line":34,"column":13}}},"fnMap":{"0":{"name":"(anonymous_0)","decl":{"start":{"line":10,"column":22},"end":{"line":10,"column":23}},"loc":{"start":{"line":10,"column":37},"end":{"line":10,"column":60}},"line":10},"1":{"name":"(anonymous_1)","decl":{"start":{"line":13,"column":64},"end":{"line":13,"column":65}},"loc":{"start":{"line":13,"column":80},"end":{"line":19,"column":1}},"line":13},"2":{"name":"(anonymous_2)","decl":{"start":{"line":25,"column":29},"end":{"line":25,"column":30}},"loc":{"start":{"line":26,"column":2},"end":{"line":34,"column":13}},"line":26}},"branchMap":{},"s":{"0":2,"1":0,"2":2,"3":0,"4":2,"5":0},"f":{"0":0,"1":0,"2":0},"b":{},"_coverageSchema":"43e27e138ebf9cfc5966b082cf9a028302ed4184","hash":"a1679702767305bd7b6253d1e3701bc45bd53347"}
,"/Users/steniowagner/Documents/Dev/cine-tasty-mobile/src/components/common/ShimmerPlaceholder.tsx": {"path":"/Users/steniowagner/Documents/Dev/cine-tasty-mobile/src/components/common/ShimmerPlaceholder.tsx","statementMap":{"0":{"start":{"line":10,"column":20},"end":{"line":18,"column":1}},"1":{"start":{"line":11,"column":2},"end":{"line":17,"column":4}}},"fnMap":{"0":{"name":"(anonymous_0)","decl":{"start":{"line":10,"column":20},"end":{"line":10,"column":21}},"loc":{"start":{"line":11,"column":2},"end":{"line":17,"column":4}},"line":11}},"branchMap":{},"s":{"0":3,"1":24},"f":{"0":24},"b":{},"_coverageSchema":"43e27e138ebf9cfc5966b082cf9a028302ed4184","hash":"28707952a5d6a6e30fed512550ad37a1c0916d1c"}
,"/Users/steniowagner/Documents/Dev/cine-tasty-mobile/src/components/common/tab-navigator/TabNavigator.tsx": {"path":"/Users/steniowagner/Documents/Dev/cine-tasty-mobile/src/components/common/tab-navigator/TabNavigator.tsx","statementMap":{"0":{"start":{"line":12,"column":16},"end":{"line":18,"column":1}},"1":{"start":{"line":13,"column":26},"end":{"line":13,"column":45}},"2":{"start":{"line":14,"column":27},"end":{"line":14,"column":106}},"3":{"start":{"line":16,"column":37},"end":{"line":16,"column":60}},"4":{"start":{"line":20,"column":19},"end":{"line":20,"column":47}},"5":{"start":{"line":22,"column":21},"end":{"line":42,"column":1}},"6":{"start":{"line":23,"column":16},"end":{"line":23,"column":32}},"7":{"start":{"line":25,"column":2},"end":{"line":41,"column":4}},"8":{"start":{"line":30,"column":8},"end":{"line":38,"column":10}},"9":{"start":{"line":31,"column":25},"end":{"line":31,"column":69}},"10":{"start":{"line":44,"column":28},"end":{"line":53,"column":1}},"11":{"start":{"line":45,"column":2},"end":{"line":52,"column":13}}},"fnMap":{"0":{"name":"(anonymous_0)","decl":{"start":{"line":13,"column":11},"end":{"line":13,"column":12}},"loc":{"start":{"line":13,"column":26},"end":{"line":13,"column":45}},"line":13},"1":{"name":"(anonymous_1)","decl":{"start":{"line":14,"column":12},"end":{"line":14,"column":13}},"loc":{"start":{"line":14,"column":27},"end":{"line":14,"column":106}},"line":14},"2":{"name":"(anonymous_2)","decl":{"start":{"line":16,"column":22},"end":{"line":16,"column":23}},"loc":{"start":{"line":16,"column":37},"end":{"line":16,"column":60}},"line":16},"3":{"name":"(anonymous_3)","decl":{"start":{"line":22,"column":21},"end":{"line":22,"column":22}},"loc":{"start":{"line":22,"column":67},"end":{"line":42,"column":1}},"line":22},"4":{"name":"(anonymous_4)","decl":{"start":{"line":29,"column":17},"end":{"line":29,"column":18}},"loc":{"start":{"line":30,"column":8},"end":{"line":38,"column":10}},"line":30},"5":{"name":"(anonymous_5)","decl":{"start":{"line":31,"column":19},"end":{"line":31,"column":20}},"loc":{"start":{"line":31,"column":25},"end":{"line":31,"column":69}},"line":31},"6":{"name":"(anonymous_6)","decl":{"start":{"line":44,"column":28},"end":{"line":44,"column":29}},"loc":{"start":{"line":45,"column":2},"end":{"line":52,"column":13}},"line":45}},"branchMap":{"0":{"loc":{"start":{"line":14,"column":66},"end":{"line":14,"column":105}},"type":"cond-expr","locations":[{"start":{"line":14,"column":99},"end":{"line":14,"column":101}},{"start":{"line":14,"column":104},"end":{"line":14,"column":105}}],"line":14},"1":{"loc":{"start":{"line":17,"column":20},"end":{"line":17,"column":59}},"type":"cond-expr","locations":[{"start":{"line":17,"column":53},"end":{"line":17,"column":55}},{"start":{"line":17,"column":58},"end":{"line":17,"column":59}}],"line":17}},"s":{"0":1,"1":3,"2":3,"3":3,"4":1,"5":1,"6":3,"7":3,"8":12,"9":1,"10":1,"11":3},"f":{"0":3,"1":3,"2":3,"3":3,"4":12,"5":1,"6":3},"b":{"0":[3,0],"1":[1,0]},"_coverageSchema":"43e27e138ebf9cfc5966b082cf9a028302ed4184","hash":"0a35042cdf1c3b0f73edc1a64427c58875c31dd8"}
,"/Users/steniowagner/Documents/Dev/cine-tasty-mobile/src/components/common/tab-navigator/TabNavigatorItem.tsx": {"path":"/Users/steniowagner/Documents/Dev/cine-tasty-mobile/src/components/common/tab-navigator/TabNavigatorItem.tsx","statementMap":{"0":{"start":{"line":16,"column":16},"end":{"line":21,"column":1}},"1":{"start":{"line":17,"column":26},"end":{"line":17,"column":31}},"2":{"start":{"line":23,"column":17},"end":{"line":28,"column":1}},"3":{"start":{"line":24,"column":32},"end":{"line":24,"column":92}},"4":{"start":{"line":26,"column":26},"end":{"line":26,"column":31}},"5":{"start":{"line":27,"column":30},"end":{"line":27,"column":60}},"6":{"start":{"line":40,"column":30},"end":{"line":41,"column":56}},"7":{"start":{"line":40,"column":83},"end":{"line":41,"column":56}},"8":{"start":{"line":43,"column":22},"end":{"line":70,"column":1}},"9":{"start":{"line":47,"column":18},"end":{"line":47,"column":80}},"10":{"start":{"line":48,"column":17},"end":{"line":48,"column":55}},"11":{"start":{"line":50,"column":4},"end":{"line":68,"column":6}}},"fnMap":{"0":{"name":"(anonymous_0)","decl":{"start":{"line":17,"column":11},"end":{"line":17,"column":12}},"loc":{"start":{"line":17,"column":26},"end":{"line":17,"column":31}},"line":17},"1":{"name":"(anonymous_1)","decl":{"start":{"line":24,"column":16},"end":{"line":24,"column":17}},"loc":{"start":{"line":24,"column":32},"end":{"line":24,"column":92}},"line":24},"2":{"name":"(anonymous_2)","decl":{"start":{"line":26,"column":11},"end":{"line":26,"column":12}},"loc":{"start":{"line":26,"column":26},"end":{"line":26,"column":31}},"line":26},"3":{"name":"(anonymous_3)","decl":{"start":{"line":27,"column":15},"end":{"line":27,"column":16}},"loc":{"start":{"line":27,"column":30},"end":{"line":27,"column":60}},"line":27},"4":{"name":"(anonymous_4)","decl":{"start":{"line":40,"column":30},"end":{"line":40,"column":31}},"loc":{"start":{"line":40,"column":83},"end":{"line":41,"column":56}},"line":40},"5":{"name":"(anonymous_5)","decl":{"start":{"line":44,"column":2},"end":{"line":44,"column":3}},"loc":{"start":{"line":46,"column":15},"end":{"line":69,"column":3}},"line":46}},"branchMap":{"0":{"loc":{"start":{"line":24,"column":32},"end":{"line":24,"column":92}},"type":"cond-expr","locations":[{"start":{"line":24,"column":60},"end":{"line":24,"column":88}},{"start":{"line":24,"column":91},"end":{"line":24,"column":92}}],"line":24},"1":{"loc":{"start":{"line":40,"column":83},"end":{"line":41,"column":56}},"type":"binary-expr","locations":[{"start":{"line":40,"column":84},"end":{"line":40,"column":108}},{"start":{"line":40,"column":112},"end":{"line":40,"column":133}},{"start":{"line":41,"column":6},"end":{"line":41,"column":31}},{"start":{"line":41,"column":35},"end":{"line":41,"column":55}}],"line":40},"2":{"loc":{"start":{"line":47,"column":18},"end":{"line":47,"column":80}},"type":"cond-expr","locations":[{"start":{"line":47,"column":31},"end":{"line":47,"column":51}},{"start":{"line":47,"column":54},"end":{"line":47,"column":80}}],"line":47},"3":{"loc":{"start":{"line":48,"column":17},"end":{"line":48,"column":55}},"type":"cond-expr","locations":[{"start":{"line":48,"column":30},"end":{"line":48,"column":40}},{"start":{"line":48,"column":43},"end":{"line":48,"column":55}}],"line":48}},"s":{"0":2,"1":16,"2":2,"3":16,"4":16,"5":16,"6":2,"7":0,"8":2,"9":16,"10":16,"11":16},"f":{"0":16,"1":16,"2":16,"3":16,"4":0,"5":16},"b":{"0":[0,16],"1":[0,0,0,0],"2":[6,10],"3":[6,10]},"_coverageSchema":"43e27e138ebf9cfc5966b082cf9a028302ed4184","hash":"02c2fa7bac209568d54b27d84f52c80d3f3a897a"}
,"/Users/steniowagner/Documents/Dev/cine-tasty-mobile/src/components/common/tab-navigator/items.ts": {"path":"/Users/steniowagner/Documents/Dev/cine-tasty-mobile/src/components/common/tab-navigator/items.ts","statementMap":{"0":{"start":{"line":8,"column":34},"end":{"line":29,"column":1}}},"fnMap":{},"branchMap":{},"s":{"0":1},"f":{},"b":{},"_coverageSchema":"43e27e138ebf9cfc5966b082cf9a028302ed4184","hash":"05b017d74abd83c5d7a3dc1aa70de86d06918d12"}
,"/Users/steniowagner/Documents/Dev/cine-tasty-mobile/src/components/screens/home/components/Home.tsx": {"path":"/Users/steniowagner/Documents/Dev/cine-tasty-mobile/src/components/screens/home/components/Home.tsx","statementMap":{"0":{"start":{"line":4,"column":16},"end":{"line":10,"column":1}},"1":{"start":{"line":9,"column":37},"end":{"line":9,"column":57}},"2":{"start":{"line":12,"column":13},"end":{"line":16,"column":1}},"3":{"start":{"line":18,"column":17},"end":{"line":24,"column":1}},"4":{"start":{"line":19,"column":2},"end":{"line":23,"column":12}}},"fnMap":{"0":{"name":"(anonymous_0)","decl":{"start":{"line":9,"column":22},"end":{"line":9,"column":23}},"loc":{"start":{"line":9,"column":37},"end":{"line":9,"column":57}},"line":9},"1":{"name":"(anonymous_1)","decl":{"start":{"line":18,"column":17},"end":{"line":18,"column":18}},"loc":{"start":{"line":19,"column":2},"end":{"line":23,"column":12}},"line":19}},"branchMap":{},"s":{"0":2,"1":0,"2":2,"3":2,"4":0},"f":{"0":0,"1":0},"b":{},"_coverageSchema":"43e27e138ebf9cfc5966b082cf9a028302ed4184","hash":"25ca31a163c4cdf194726bda00a097383334780a"}
,"/Users/steniowagner/Documents/Dev/cine-tasty-mobile/src/components/screens/home/routes/route-names.ts": {"path":"/Users/steniowagner/Documents/Dev/cine-tasty-mobile/src/components/screens/home/routes/route-names.ts","statementMap":{"0":{"start":{"line":5,"column":54},"end":{"line":9,"column":1}}},"fnMap":{},"branchMap":{},"s":{"0":2},"f":{},"b":{},"_coverageSchema":"43e27e138ebf9cfc5966b082cf9a028302ed4184","hash":"ad7e522f947fa126c05c1fc0791edb7c75fddc8f"}
,"/Users/steniowagner/Documents/Dev/cine-tasty-mobile/src/components/screens/home/routes/stack-routes.tsx": {"path":"/Users/steniowagner/Documents/Dev/cine-tasty-mobile/src/components/screens/home/routes/stack-routes.tsx","statementMap":{"0":{"start":{"line":10,"column":14},"end":{"line":10,"column":36}},"1":{"start":{"line":12,"column":22},"end":{"line":27,"column":1}},"2":{"start":{"line":13,"column":16},"end":{"line":13,"column":32}},"3":{"start":{"line":15,"column":2},"end":{"line":26,"column":4}},"4":{"start":{"line":29,"column":16},"end":{"line":36,"column":1}},"5":{"start":{"line":30,"column":2},"end":{"line":35,"column":25}},"6":{"start":{"line":38,"column":21},"end":{"line":38,"column":45}}},"fnMap":{"0":{"name":"(anonymous_0)","decl":{"start":{"line":12,"column":22},"end":{"line":12,"column":23}},"loc":{"start":{"line":12,"column":28},"end":{"line":27,"column":1}},"line":12},"1":{"name":"(anonymous_1)","decl":{"start":{"line":29,"column":16},"end":{"line":29,"column":17}},"loc":{"start":{"line":30,"column":2},"end":{"line":35,"column":25}},"line":30}},"branchMap":{},"s":{"0":2,"1":2,"2":0,"3":0,"4":2,"5":0,"6":2},"f":{"0":0,"1":0},"b":{},"_coverageSchema":"43e27e138ebf9cfc5966b082cf9a028302ed4184","hash":"3bd80cb8545c0e6d981119f78b0ea1d27893e770"}
,"/Users/steniowagner/Documents/Dev/cine-tasty-mobile/src/components/screens/news/components/News.tsx": {"path":"/Users/steniowagner/Documents/Dev/cine-tasty-mobile/src/components/screens/news/components/News.tsx","statementMap":{"0":{"start":{"line":13,"column":16},"end":{"line":17,"column":1}},"1":{"start":{"line":16,"column":37},"end":{"line":16,"column":60}},"2":{"start":{"line":19,"column":35},"end":{"line":19,"column":87}},"3":{"start":{"line":20,"column":22},"end":{"line":20,"column":101}},"4":{"start":{"line":20,"column":81},"end":{"line":20,"column":99}},"5":{"start":{"line":22,"column":21},"end":{"line":38,"column":1}},"6":{"start":{"line":40,"column":13},"end":{"line":83,"column":1}},"7":{"start":{"line":41,"column":28},"end":{"line":47,"column":3}},"8":{"start":{"line":49,"column":2},"end":{"line":61,"column":3}},"9":{"start":{"line":50,"column":4},"end":{"line":60,"column":6}},"10":{"start":{"line":55,"column":10},"end":{"line":57,"column":12}},"11":{"start":{"line":63,"column":2},"end":{"line":82,"column":4}},"12":{"start":{"line":70,"column":10},"end":{"line":76,"column":12}},"13":{"start":{"line":79,"column":32},"end":{"line":79,"column":39}}},"fnMap":{"0":{"name":"(anonymous_0)","decl":{"start":{"line":16,"column":22},"end":{"line":16,"column":23}},"loc":{"start":{"line":16,"column":37},"end":{"line":16,"column":60}},"line":16},"1":{"name":"(anonymous_1)","decl":{"start":{"line":20,"column":66},"end":{"line":20,"column":67}},"loc":{"start":{"line":20,"column":81},"end":{"line":20,"column":99}},"line":20},"2":{"name":"(anonymous_2)","decl":{"start":{"line":40,"column":13},"end":{"line":40,"column":14}},"loc":{"start":{"line":40,"column":19},"end":{"line":83,"column":1}},"line":40},"3":{"name":"(anonymous_3)","decl":{"start":{"line":54,"column":27},"end":{"line":54,"column":28}},"loc":{"start":{"line":55,"column":10},"end":{"line":57,"column":12}},"line":55},"4":{"name":"(anonymous_4)","decl":{"start":{"line":69,"column":20},"end":{"line":69,"column":21}},"loc":{"start":{"line":70,"column":10},"end":{"line":76,"column":12}},"line":70},"5":{"name":"(anonymous_5)","decl":{"start":{"line":79,"column":22},"end":{"line":79,"column":23}},"loc":{"start":{"line":79,"column":32},"end":{"line":79,"column":39}},"line":79}},"branchMap":{"0":{"loc":{"start":{"line":49,"column":2},"end":{"line":61,"column":3}},"type":"if","locations":[{"start":{"line":49,"column":2},"end":{"line":61,"column":3}},{"start":{"line":49,"column":2},"end":{"line":61,"column":3}}],"line":49}},"s":{"0":3,"1":3,"2":3,"3":3,"4":12,"5":3,"6":3,"7":3,"8":3,"9":2,"10":8,"11":1,"12":10,"13":10},"f":{"0":3,"1":12,"2":3,"3":8,"4":10,"5":10},"b":{"0":[2,1]},"_coverageSchema":"43e27e138ebf9cfc5966b082cf9a028302ed4184","hash":"baa3fbc38cd7045c5ef5413271c1195cf9a81e91"}
,"/Users/steniowagner/Documents/Dev/cine-tasty-mobile/src/components/screens/news/components/list-item/NewsListItem.tsx": {"path":"/Users/steniowagner/Documents/Dev/cine-tasty-mobile/src/components/screens/news/components/list-item/NewsListItem.tsx","statementMap":{"0":{"start":{"line":12,"column":19},"end":{"line":19,"column":1}},"1":{"start":{"line":15,"column":33},"end":{"line":15,"column":56}},"2":{"start":{"line":17,"column":30},"end":{"line":17,"column":53}},"3":{"start":{"line":18,"column":26},"end":{"line":18,"column":46}},"4":{"start":{"line":21,"column":33},"end":{"line":25,"column":1}},"5":{"start":{"line":24,"column":31},"end":{"line":24,"column":54}},"6":{"start":{"line":27,"column":18},"end":{"line":31,"column":1}},"7":{"start":{"line":41,"column":21},"end":{"line":66,"column":1}},"8":{"start":{"line":44,"column":2},"end":{"line":65,"column":12}},"9":{"start":{"line":46,"column":19},"end":{"line":46,"column":39}}},"fnMap":{"0":{"name":"(anonymous_0)","decl":{"start":{"line":15,"column":18},"end":{"line":15,"column":19}},"loc":{"start":{"line":15,"column":33},"end":{"line":15,"column":56}},"line":15},"1":{"name":"(anonymous_1)","decl":{"start":{"line":17,"column":15},"end":{"line":17,"column":16}},"loc":{"start":{"line":17,"column":30},"end":{"line":17,"column":53}},"line":17},"2":{"name":"(anonymous_2)","decl":{"start":{"line":18,"column":11},"end":{"line":18,"column":12}},"loc":{"start":{"line":18,"column":26},"end":{"line":18,"column":46}},"line":18},"3":{"name":"(anonymous_3)","decl":{"start":{"line":24,"column":16},"end":{"line":24,"column":17}},"loc":{"start":{"line":24,"column":31},"end":{"line":24,"column":54}},"line":24},"4":{"name":"(anonymous_4)","decl":{"start":{"line":41,"column":21},"end":{"line":41,"column":22}},"loc":{"start":{"line":44,"column":2},"end":{"line":65,"column":12}},"line":44},"5":{"name":"(anonymous_5)","decl":{"start":{"line":46,"column":13},"end":{"line":46,"column":14}},"loc":{"start":{"line":46,"column":19},"end":{"line":46,"column":39}},"line":46}},"branchMap":{},"s":{"0":4,"1":12,"2":12,"3":12,"4":4,"5":12,"6":4,"7":4,"8":12,"9":1},"f":{"0":12,"1":12,"2":12,"3":12,"4":12,"5":1},"b":{},"_coverageSchema":"43e27e138ebf9cfc5966b082cf9a028302ed4184","hash":"1d8ebf5466a0c04872beb2d0ef4764afddb6b8ea"}
,"/Users/steniowagner/Documents/Dev/cine-tasty-mobile/src/components/screens/news/components/list-item/NewsListItemPlaceholder.tsx": {"path":"/Users/steniowagner/Documents/Dev/cine-tasty-mobile/src/components/screens/news/components/list-item/NewsListItemPlaceholder.tsx","statementMap":{"0":{"start":{"line":7,"column":32},"end":{"line":30,"column":1}},"1":{"start":{"line":8,"column":2},"end":{"line":29,"column":12}}},"fnMap":{"0":{"name":"(anonymous_0)","decl":{"start":{"line":7,"column":32},"end":{"line":7,"column":33}},"loc":{"start":{"line":8,"column":2},"end":{"line":29,"column":12}},"line":8}},"branchMap":{},"s":{"0":3,"1":8},"f":{"0":8},"b":{},"_coverageSchema":"43e27e138ebf9cfc5966b082cf9a028302ed4184","hash":"80fb12c72fafe5c80be4695c1eafa52fa5fe7ee6"}
,"/Users/steniowagner/Documents/Dev/cine-tasty-mobile/src/components/screens/news/components/list-item/common-styles.ts": {"path":"/Users/steniowagner/Documents/Dev/cine-tasty-mobile/src/components/screens/news/components/list-item/common-styles.ts","statementMap":{"0":{"start":{"line":6,"column":23},"end":{"line":12,"column":1}},"1":{"start":{"line":10,"column":36},"end":{"line":10,"column":60}},"2":{"start":{"line":11,"column":39},"end":{"line":11,"column":62}},"3":{"start":{"line":14,"column":27},"end":{"line":17,"column":1}},"4":{"start":{"line":15,"column":26},"end":{"line":15,"column":61}},"5":{"start":{"line":16,"column":32},"end":{"line":16,"column":56}},"6":{"start":{"line":19,"column":27},"end":{"line":23,"column":1}},"7":{"start":{"line":21,"column":30},"end":{"line":21,"column":53}},"8":{"start":{"line":22,"column":26},"end":{"line":22,"column":43}},"9":{"start":{"line":25,"column":28},"end":{"line":29,"column":1}}},"fnMap":{"0":{"name":"(anonymous_0)","decl":{"start":{"line":10,"column":21},"end":{"line":10,"column":22}},"loc":{"start":{"line":10,"column":36},"end":{"line":10,"column":60}},"line":10},"1":{"name":"(anonymous_1)","decl":{"start":{"line":11,"column":24},"end":{"line":11,"column":25}},"loc":{"start":{"line":11,"column":39},"end":{"line":11,"column":62}},"line":11},"2":{"name":"(anonymous_2)","decl":{"start":{"line":15,"column":11},"end":{"line":15,"column":12}},"loc":{"start":{"line":15,"column":26},"end":{"line":15,"column":61}},"line":15},"3":{"name":"(anonymous_3)","decl":{"start":{"line":16,"column":17},"end":{"line":16,"column":18}},"loc":{"start":{"line":16,"column":32},"end":{"line":16,"column":56}},"line":16},"4":{"name":"(anonymous_4)","decl":{"start":{"line":21,"column":15},"end":{"line":21,"column":16}},"loc":{"start":{"line":21,"column":30},"end":{"line":21,"column":53}},"line":21},"5":{"name":"(anonymous_5)","decl":{"start":{"line":22,"column":11},"end":{"line":22,"column":12}},"loc":{"start":{"line":22,"column":26},"end":{"line":22,"column":43}},"line":22}},"branchMap":{},"s":{"0":5,"1":20,"2":20,"3":5,"4":20,"5":20,"6":5,"7":30,"8":30,"9":5},"f":{"0":20,"1":20,"2":20,"3":20,"4":30,"5":30},"b":{},"_coverageSchema":"43e27e138ebf9cfc5966b082cf9a028302ed4184","hash":"0aef8c24a1d4f362da76a80b20e737da6d78bdd5"}
,"/Users/steniowagner/Documents/Dev/cine-tasty-mobile/src/components/screens/news/components/list-item/date-diff/DateDiff.tsx": {"path":"/Users/steniowagner/Documents/Dev/cine-tasty-mobile/src/components/screens/news/components/list-item/date-diff/DateDiff.tsx","statementMap":{"0":{"start":{"line":11,"column":30},"end":{"line":11,"column":32}},"1":{"start":{"line":12,"column":28},"end":{"line":12,"column":54}},"2":{"start":{"line":13,"column":27},"end":{"line":13,"column":51}},"3":{"start":{"line":14,"column":29},"end":{"line":14,"column":52}},"4":{"start":{"line":15,"column":28},"end":{"line":15,"column":53}},"5":{"start":{"line":17,"column":17},"end":{"line":77,"column":1}},"6":{"start":{"line":18,"column":16},"end":{"line":18,"column":32}},"7":{"start":{"line":20,"column":28},"end":{"line":20,"column":93}},"8":{"start":{"line":20,"column":55},"end":{"line":20,"column":93}},"9":{"start":{"line":22,"column":29},"end":{"line":22,"column":95}},"10":{"start":{"line":22,"column":56},"end":{"line":22,"column":95}},"11":{"start":{"line":24,"column":27},"end":{"line":24,"column":91}},"12":{"start":{"line":24,"column":54},"end":{"line":24,"column":91}},"13":{"start":{"line":26,"column":28},"end":{"line":26,"column":93}},"14":{"start":{"line":26,"column":55},"end":{"line":26,"column":93}},"15":{"start":{"line":28,"column":30},"end":{"line":28,"column":97}},"16":{"start":{"line":28,"column":57},"end":{"line":28,"column":97}},"17":{"start":{"line":30,"column":30},"end":{"line":30,"column":97}},"18":{"start":{"line":30,"column":57},"end":{"line":30,"column":97}},"19":{"start":{"line":32,"column":31},"end":{"line":36,"column":3}},"20":{"start":{"line":33,"column":26},"end":{"line":33,"column":40}},"21":{"start":{"line":35,"column":4},"end":{"line":35,"column":68}},"22":{"start":{"line":38,"column":26},"end":{"line":72,"column":3}},"23":{"start":{"line":39,"column":22},"end":{"line":39,"column":44}},"24":{"start":{"line":41,"column":24},"end":{"line":41,"column":67}},"25":{"start":{"line":43,"column":4},"end":{"line":45,"column":5}},"26":{"start":{"line":44,"column":6},"end":{"line":44,"column":44}},"27":{"start":{"line":47,"column":25},"end":{"line":47,"column":69}},"28":{"start":{"line":49,"column":4},"end":{"line":51,"column":5}},"29":{"start":{"line":50,"column":6},"end":{"line":50,"column":46}},"30":{"start":{"line":53,"column":23},"end":{"line":53,"column":65}},"31":{"start":{"line":55,"column":4},"end":{"line":57,"column":5}},"32":{"start":{"line":56,"column":6},"end":{"line":56,"column":42}},"33":{"start":{"line":59,"column":24},"end":{"line":59,"column":67}},"34":{"start":{"line":61,"column":4},"end":{"line":63,"column":5}},"35":{"start":{"line":62,"column":6},"end":{"line":62,"column":44}},"36":{"start":{"line":65,"column":26},"end":{"line":65,"column":71}},"37":{"start":{"line":67,"column":4},"end":{"line":69,"column":5}},"38":{"start":{"line":68,"column":6},"end":{"line":68,"column":48}},"39":{"start":{"line":71,"column":4},"end":{"line":71,"column":42}},"40":{"start":{"line":74,"column":2},"end":{"line":76,"column":4}}},"fnMap":{"0":{"name":"(anonymous_0)","decl":{"start":{"line":17,"column":17},"end":{"line":17,"column":18}},"loc":{"start":{"line":17,"column":43},"end":{"line":77,"column":1}},"line":17},"1":{"name":"(anonymous_1)","decl":{"start":{"line":20,"column":28},"end":{"line":20,"column":29}},"loc":{"start":{"line":20,"column":55},"end":{"line":20,"column":93}},"line":20},"2":{"name":"(anonymous_2)","decl":{"start":{"line":22,"column":29},"end":{"line":22,"column":30}},"loc":{"start":{"line":22,"column":56},"end":{"line":22,"column":95}},"line":22},"3":{"name":"(anonymous_3)","decl":{"start":{"line":24,"column":27},"end":{"line":24,"column":28}},"loc":{"start":{"line":24,"column":54},"end":{"line":24,"column":91}},"line":24},"4":{"name":"(anonymous_4)","decl":{"start":{"line":26,"column":28},"end":{"line":26,"column":29}},"loc":{"start":{"line":26,"column":55},"end":{"line":26,"column":93}},"line":26},"5":{"name":"(anonymous_5)","decl":{"start":{"line":28,"column":30},"end":{"line":28,"column":31}},"loc":{"start":{"line":28,"column":57},"end":{"line":28,"column":97}},"line":28},"6":{"name":"(anonymous_6)","decl":{"start":{"line":30,"column":30},"end":{"line":30,"column":31}},"loc":{"start":{"line":30,"column":57},"end":{"line":30,"column":97}},"line":30},"7":{"name":"(anonymous_7)","decl":{"start":{"line":32,"column":31},"end":{"line":32,"column":32}},"loc":{"start":{"line":32,"column":45},"end":{"line":36,"column":3}},"line":32},"8":{"name":"(anonymous_8)","decl":{"start":{"line":38,"column":26},"end":{"line":38,"column":27}},"loc":{"start":{"line":38,"column":40},"end":{"line":72,"column":3}},"line":38}},"branchMap":{"0":{"loc":{"start":{"line":43,"column":4},"end":{"line":45,"column":5}},"type":"if","locations":[{"start":{"line":43,"column":4},"end":{"line":45,"column":5}},{"start":{"line":43,"column":4},"end":{"line":45,"column":5}}],"line":43},"1":{"loc":{"start":{"line":49,"column":4},"end":{"line":51,"column":5}},"type":"if","locations":[{"start":{"line":49,"column":4},"end":{"line":51,"column":5}},{"start":{"line":49,"column":4},"end":{"line":51,"column":5}}],"line":49},"2":{"loc":{"start":{"line":55,"column":4},"end":{"line":57,"column":5}},"type":"if","locations":[{"start":{"line":55,"column":4},"end":{"line":57,"column":5}},{"start":{"line":55,"column":4},"end":{"line":57,"column":5}}],"line":55},"3":{"loc":{"start":{"line":61,"column":4},"end":{"line":63,"column":5}},"type":"if","locations":[{"start":{"line":61,"column":4},"end":{"line":63,"column":5}},{"start":{"line":61,"column":4},"end":{"line":63,"column":5}}],"line":61},"4":{"loc":{"start":{"line":67,"column":4},"end":{"line":69,"column":5}},"type":"if","locations":[{"start":{"line":67,"column":4},"end":{"line":69,"column":5}},{"start":{"line":67,"column":4},"end":{"line":69,"column":5}}],"line":67}},"s":{"0":5,"1":5,"2":5,"3":5,"4":5,"5":5,"6":18,"7":18,"8":1,"9":18,"10":1,"11":18,"12":1,"13":18,"14":1,"15":18,"16":1,"17":18,"18":13,"19":18,"20":18,"21":18,"22":18,"23":18,"24":18,"25":18,"26":1,"27":17,"28":17,"29":1,"30":16,"31":16,"32":1,"33":15,"34":15,"35":1,"36":14,"37":14,"38":1,"39":13,"40":18},"f":{"0":18,"1":1,"2":1,"3":1,"4":1,"5":1,"6":13,"7":18,"8":18},"b":{"0":[1,17],"1":[1,16],"2":[1,15],"3":[1,14],"4":[1,13]},"_coverageSchema":"43e27e138ebf9cfc5966b082cf9a028302ed4184","hash":"c70bd169458595dfcbee8a889cedadfacf237131"}
,"/Users/steniowagner/Documents/Dev/cine-tasty-mobile/src/components/screens/news/routes/route-names.ts": {"path":"/Users/steniowagner/Documents/Dev/cine-tasty-mobile/src/components/screens/news/routes/route-names.ts","statementMap":{"0":{"start":{"line":5,"column":54},"end":{"line":9,"column":1}}},"fnMap":{},"branchMap":{},"s":{"0":2},"f":{},"b":{},"_coverageSchema":"43e27e138ebf9cfc5966b082cf9a028302ed4184","hash":"5e8ffbe58e3244f5c58b49ee997b01167120ca7b"}
,"/Users/steniowagner/Documents/Dev/cine-tasty-mobile/src/components/screens/news/routes/stack-routes.tsx": {"path":"/Users/steniowagner/Documents/Dev/cine-tasty-mobile/src/components/screens/news/routes/stack-routes.tsx","statementMap":{"0":{"start":{"line":10,"column":14},"end":{"line":10,"column":36}},"1":{"start":{"line":12,"column":18},"end":{"line":27,"column":1}},"2":{"start":{"line":13,"column":16},"end":{"line":13,"column":32}},"3":{"start":{"line":15,"column":2},"end":{"line":26,"column":4}},"4":{"start":{"line":29,"column":16},"end":{"line":36,"column":1}},"5":{"start":{"line":30,"column":2},"end":{"line":35,"column":25}},"6":{"start":{"line":38,"column":21},"end":{"line":38,"column":41}}},"fnMap":{"0":{"name":"(anonymous_0)","decl":{"start":{"line":12,"column":18},"end":{"line":12,"column":19}},"loc":{"start":{"line":12,"column":24},"end":{"line":27,"column":1}},"line":12},"1":{"name":"(anonymous_1)","decl":{"start":{"line":29,"column":16},"end":{"line":29,"column":17}},"loc":{"start":{"line":30,"column":2},"end":{"line":35,"column":25}},"line":30}},"branchMap":{},"s":{"0":2,"1":2,"2":0,"3":0,"4":2,"5":0,"6":2},"f":{"0":0,"1":0},"b":{},"_coverageSchema":"43e27e138ebf9cfc5966b082cf9a028302ed4184","hash":"b4f18dd9ae33c1868620943808fd99da902c302a"}
,"/Users/steniowagner/Documents/Dev/cine-tasty-mobile/src/components/screens/people/components/People.tsx": {"path":"/Users/steniowagner/Documents/Dev/cine-tasty-mobile/src/components/screens/people/components/People.tsx","statementMap":{"0":{"start":{"line":4,"column":16},"end":{"line":10,"column":1}},"1":{"start":{"line":9,"column":37},"end":{"line":9,"column":57}},"2":{"start":{"line":12,"column":13},"end":{"line":16,"column":1}},"3":{"start":{"line":18,"column":15},"end":{"line":22,"column":1}},"4":{"start":{"line":19,"column":2},"end":{"line":21,"column":12}}},"fnMap":{"0":{"name":"(anonymous_0)","decl":{"start":{"line":9,"column":22},"end":{"line":9,"column":23}},"loc":{"start":{"line":9,"column":37},"end":{"line":9,"column":57}},"line":9},"1":{"name":"(anonymous_1)","decl":{"start":{"line":18,"column":15},"end":{"line":18,"column":16}},"loc":{"start":{"line":19,"column":2},"end":{"line":21,"column":12}},"line":19}},"branchMap":{},"s":{"0":2,"1":0,"2":2,"3":2,"4":0},"f":{"0":0,"1":0},"b":{},"_coverageSchema":"43e27e138ebf9cfc5966b082cf9a028302ed4184","hash":"9bf31f1e153e4c57bb4f69f21ea9400a3b0abd62"}
,"/Users/steniowagner/Documents/Dev/cine-tasty-mobile/src/components/screens/people/routes/route-names.ts": {"path":"/Users/steniowagner/Documents/Dev/cine-tasty-mobile/src/components/screens/people/routes/route-names.ts","statementMap":{"0":{"start":{"line":5,"column":54},"end":{"line":9,"column":1}}},"fnMap":{},"branchMap":{},"s":{"0":2},"f":{},"b":{},"_coverageSchema":"43e27e138ebf9cfc5966b082cf9a028302ed4184","hash":"04f4f2655520d593f93342bad9c150120d11224a"}
,"/Users/steniowagner/Documents/Dev/cine-tasty-mobile/src/components/screens/people/routes/stack-routes.tsx": {"path":"/Users/steniowagner/Documents/Dev/cine-tasty-mobile/src/components/screens/people/routes/stack-routes.tsx","statementMap":{"0":{"start":{"line":10,"column":14},"end":{"line":10,"column":36}},"1":{"start":{"line":12,"column":20},"end":{"line":27,"column":1}},"2":{"start":{"line":13,"column":16},"end":{"line":13,"column":32}},"3":{"start":{"line":15,"column":2},"end":{"line":26,"column":4}},"4":{"start":{"line":29,"column":16},"end":{"line":36,"column":1}},"5":{"start":{"line":30,"column":2},"end":{"line":35,"column":25}},"6":{"start":{"line":38,"column":21},"end":{"line":38,"column":43}}},"fnMap":{"0":{"name":"(anonymous_0)","decl":{"start":{"line":12,"column":20},"end":{"line":12,"column":21}},"loc":{"start":{"line":12,"column":26},"end":{"line":27,"column":1}},"line":12},"1":{"name":"(anonymous_1)","decl":{"start":{"line":29,"column":16},"end":{"line":29,"column":17}},"loc":{"start":{"line":30,"column":2},"end":{"line":35,"column":25}},"line":30}},"branchMap":{},"s":{"0":2,"1":2,"2":0,"3":0,"4":2,"5":0,"6":2},"f":{"0":0,"1":0},"b":{},"_coverageSchema":"43e27e138ebf9cfc5966b082cf9a028302ed4184","hash":"c9758c9d68f4795bc7cdb9640fe08c80df7a3526"}
,"/Users/steniowagner/Documents/Dev/cine-tasty-mobile/src/components/screens/quiz/components/Quiz.tsx": {"path":"/Users/steniowagner/Documents/Dev/cine-tasty-mobile/src/components/screens/quiz/components/Quiz.tsx","statementMap":{"0":{"start":{"line":4,"column":16},"end":{"line":10,"column":1}},"1":{"start":{"line":9,"column":37},"end":{"line":9,"column":57}},"2":{"start":{"line":12,"column":13},"end":{"line":16,"column":1}},"3":{"start":{"line":18,"column":13},"end":{"line":22,"column":1}},"4":{"start":{"line":19,"column":2},"end":{"line":21,"column":12}}},"fnMap":{"0":{"name":"(anonymous_0)","decl":{"start":{"line":9,"column":22},"end":{"line":9,"column":23}},"loc":{"start":{"line":9,"column":37},"end":{"line":9,"column":57}},"line":9},"1":{"name":"(anonymous_1)","decl":{"start":{"line":18,"column":13},"end":{"line":18,"column":14}},"loc":{"start":{"line":19,"column":2},"end":{"line":21,"column":12}},"line":19}},"branchMap":{},"s":{"0":2,"1":0,"2":2,"3":2,"4":0},"f":{"0":0,"1":0},"b":{},"_coverageSchema":"43e27e138ebf9cfc5966b082cf9a028302ed4184","hash":"8407b880bdccf16556cd72140fe3a78dcb042808"}
,"/Users/steniowagner/Documents/Dev/cine-tasty-mobile/src/components/screens/quiz/routes/route-names.ts": {"path":"/Users/steniowagner/Documents/Dev/cine-tasty-mobile/src/components/screens/quiz/routes/route-names.ts","statementMap":{"0":{"start":{"line":5,"column":54},"end":{"line":9,"column":1}}},"fnMap":{},"branchMap":{},"s":{"0":2},"f":{},"b":{},"_coverageSchema":"43e27e138ebf9cfc5966b082cf9a028302ed4184","hash":"afd01102b1a35490c8c18bdbb5467c1362ce6f6d"}
,"/Users/steniowagner/Documents/Dev/cine-tasty-mobile/src/components/screens/quiz/routes/stack-routes.tsx": {"path":"/Users/steniowagner/Documents/Dev/cine-tasty-mobile/src/components/screens/quiz/routes/stack-routes.tsx","statementMap":{"0":{"start":{"line":10,"column":14},"end":{"line":10,"column":36}},"1":{"start":{"line":12,"column":18},"end":{"line":27,"column":1}},"2":{"start":{"line":13,"column":16},"end":{"line":13,"column":32}},"3":{"start":{"line":15,"column":2},"end":{"line":26,"column":4}},"4":{"start":{"line":29,"column":16},"end":{"line":36,"column":1}},"5":{"start":{"line":30,"column":2},"end":{"line":35,"column":25}},"6":{"start":{"line":38,"column":21},"end":{"line":38,"column":41}}},"fnMap":{"0":{"name":"(anonymous_0)","decl":{"start":{"line":12,"column":18},"end":{"line":12,"column":19}},"loc":{"start":{"line":12,"column":24},"end":{"line":27,"column":1}},"line":12},"1":{"name":"(anonymous_1)","decl":{"start":{"line":29,"column":16},"end":{"line":29,"column":17}},"loc":{"start":{"line":30,"column":2},"end":{"line":35,"column":25}},"line":30}},"branchMap":{},"s":{"0":2,"1":2,"2":0,"3":0,"4":2,"5":0,"6":2},"f":{"0":0,"1":0},"b":{},"_coverageSchema":"43e27e138ebf9cfc5966b082cf9a028302ed4184","hash":"2c41d8886d1563d28c6e2084d3b2ebf50187257e"}
,"/Users/steniowagner/Documents/Dev/cine-tasty-mobile/src/components/tab-navigator/TabNavigator.tsx": {"path":"/Users/steniowagner/Documents/Dev/cine-tasty-mobile/src/components/tab-navigator/TabNavigator.tsx","statementMap":{"0":{"start":{"line":12,"column":16},"end":{"line":18,"column":1}},"1":{"start":{"line":13,"column":26},"end":{"line":13,"column":45}},"2":{"start":{"line":14,"column":27},"end":{"line":14,"column":106}},"3":{"start":{"line":16,"column":37},"end":{"line":16,"column":60}},"4":{"start":{"line":20,"column":19},"end":{"line":20,"column":47}},"5":{"start":{"line":22,"column":21},"end":{"line":42,"column":1}},"6":{"start":{"line":23,"column":16},"end":{"line":23,"column":32}},"7":{"start":{"line":25,"column":2},"end":{"line":41,"column":4}},"8":{"start":{"line":30,"column":8},"end":{"line":38,"column":10}},"9":{"start":{"line":31,"column":25},"end":{"line":31,"column":69}},"10":{"start":{"line":44,"column":28},"end":{"line":53,"column":1}},"11":{"start":{"line":45,"column":2},"end":{"line":52,"column":13}}},"fnMap":{"0":{"name":"(anonymous_0)","decl":{"start":{"line":13,"column":11},"end":{"line":13,"column":12}},"loc":{"start":{"line":13,"column":26},"end":{"line":13,"column":45}},"line":13},"1":{"name":"(anonymous_1)","decl":{"start":{"line":14,"column":12},"end":{"line":14,"column":13}},"loc":{"start":{"line":14,"column":27},"end":{"line":14,"column":106}},"line":14},"2":{"name":"(anonymous_2)","decl":{"start":{"line":16,"column":22},"end":{"line":16,"column":23}},"loc":{"start":{"line":16,"column":37},"end":{"line":16,"column":60}},"line":16},"3":{"name":"(anonymous_3)","decl":{"start":{"line":22,"column":21},"end":{"line":22,"column":22}},"loc":{"start":{"line":22,"column":67},"end":{"line":42,"column":1}},"line":22},"4":{"name":"(anonymous_4)","decl":{"start":{"line":29,"column":17},"end":{"line":29,"column":18}},"loc":{"start":{"line":30,"column":8},"end":{"line":38,"column":10}},"line":30},"5":{"name":"(anonymous_5)","decl":{"start":{"line":31,"column":19},"end":{"line":31,"column":20}},"loc":{"start":{"line":31,"column":25},"end":{"line":31,"column":69}},"line":31},"6":{"name":"(anonymous_6)","decl":{"start":{"line":44,"column":28},"end":{"line":44,"column":29}},"loc":{"start":{"line":45,"column":2},"end":{"line":52,"column":13}},"line":45}},"branchMap":{"0":{"loc":{"start":{"line":14,"column":66},"end":{"line":14,"column":105}},"type":"cond-expr","locations":[{"start":{"line":14,"column":99},"end":{"line":14,"column":101}},{"start":{"line":14,"column":104},"end":{"line":14,"column":105}}],"line":14},"1":{"loc":{"start":{"line":17,"column":20},"end":{"line":17,"column":59}},"type":"cond-expr","locations":[{"start":{"line":17,"column":53},"end":{"line":17,"column":55}},{"start":{"line":17,"column":58},"end":{"line":17,"column":59}}],"line":17}},"s":{"0":1,"1":3,"2":3,"3":3,"4":1,"5":1,"6":3,"7":3,"8":12,"9":1,"10":1,"11":3},"f":{"0":3,"1":3,"2":3,"3":3,"4":12,"5":1,"6":3},"b":{"0":[3,0],"1":[1,0]},"_coverageSchema":"43e27e138ebf9cfc5966b082cf9a028302ed4184","hash":"a6d85e91067266cf1112e160df254a5f2bc5f5e5"}
,"/Users/steniowagner/Documents/Dev/cine-tasty-mobile/src/components/tab-navigator/TabNavigatorItem.tsx": {"path":"/Users/steniowagner/Documents/Dev/cine-tasty-mobile/src/components/tab-navigator/TabNavigatorItem.tsx","statementMap":{"0":{"start":{"line":16,"column":16},"end":{"line":21,"column":1}},"1":{"start":{"line":17,"column":26},"end":{"line":17,"column":31}},"2":{"start":{"line":23,"column":17},"end":{"line":28,"column":1}},"3":{"start":{"line":24,"column":32},"end":{"line":24,"column":92}},"4":{"start":{"line":26,"column":26},"end":{"line":26,"column":31}},"5":{"start":{"line":27,"column":30},"end":{"line":27,"column":60}},"6":{"start":{"line":40,"column":30},"end":{"line":41,"column":56}},"7":{"start":{"line":40,"column":83},"end":{"line":41,"column":56}},"8":{"start":{"line":43,"column":22},"end":{"line":70,"column":1}},"9":{"start":{"line":47,"column":18},"end":{"line":47,"column":80}},"10":{"start":{"line":48,"column":17},"end":{"line":48,"column":55}},"11":{"start":{"line":50,"column":4},"end":{"line":68,"column":6}}},"fnMap":{"0":{"name":"(anonymous_0)","decl":{"start":{"line":17,"column":11},"end":{"line":17,"column":12}},"loc":{"start":{"line":17,"column":26},"end":{"line":17,"column":31}},"line":17},"1":{"name":"(anonymous_1)","decl":{"start":{"line":24,"column":16},"end":{"line":24,"column":17}},"loc":{"start":{"line":24,"column":32},"end":{"line":24,"column":92}},"line":24},"2":{"name":"(anonymous_2)","decl":{"start":{"line":26,"column":11},"end":{"line":26,"column":12}},"loc":{"start":{"line":26,"column":26},"end":{"line":26,"column":31}},"line":26},"3":{"name":"(anonymous_3)","decl":{"start":{"line":27,"column":15},"end":{"line":27,"column":16}},"loc":{"start":{"line":27,"column":30},"end":{"line":27,"column":60}},"line":27},"4":{"name":"(anonymous_4)","decl":{"start":{"line":40,"column":30},"end":{"line":40,"column":31}},"loc":{"start":{"line":40,"column":83},"end":{"line":41,"column":56}},"line":40},"5":{"name":"(anonymous_5)","decl":{"start":{"line":44,"column":2},"end":{"line":44,"column":3}},"loc":{"start":{"line":46,"column":15},"end":{"line":69,"column":3}},"line":46}},"branchMap":{"0":{"loc":{"start":{"line":24,"column":32},"end":{"line":24,"column":92}},"type":"cond-expr","locations":[{"start":{"line":24,"column":60},"end":{"line":24,"column":88}},{"start":{"line":24,"column":91},"end":{"line":24,"column":92}}],"line":24},"1":{"loc":{"start":{"line":40,"column":83},"end":{"line":41,"column":56}},"type":"binary-expr","locations":[{"start":{"line":40,"column":84},"end":{"line":40,"column":108}},{"start":{"line":40,"column":112},"end":{"line":40,"column":133}},{"start":{"line":41,"column":6},"end":{"line":41,"column":31}},{"start":{"line":41,"column":35},"end":{"line":41,"column":55}}],"line":40},"2":{"loc":{"start":{"line":47,"column":18},"end":{"line":47,"column":80}},"type":"cond-expr","locations":[{"start":{"line":47,"column":31},"end":{"line":47,"column":51}},{"start":{"line":47,"column":54},"end":{"line":47,"column":80}}],"line":47},"3":{"loc":{"start":{"line":48,"column":17},"end":{"line":48,"column":55}},"type":"cond-expr","locations":[{"start":{"line":48,"column":30},"end":{"line":48,"column":40}},{"start":{"line":48,"column":43},"end":{"line":48,"column":55}}],"line":48}},"s":{"0":2,"1":16,"2":2,"3":16,"4":16,"5":16,"6":2,"7":0,"8":2,"9":16,"10":16,"11":16},"f":{"0":16,"1":16,"2":16,"3":16,"4":0,"5":16},"b":{"0":[0,16],"1":[0,0,0,0],"2":[6,10],"3":[6,10]},"_coverageSchema":"43e27e138ebf9cfc5966b082cf9a028302ed4184","hash":"300995f2be6305c51e7e56b5e486917c5b093d08"}
,"/Users/steniowagner/Documents/Dev/cine-tasty-mobile/src/components/tab-navigator/items.ts": {"path":"/Users/steniowagner/Documents/Dev/cine-tasty-mobile/src/components/tab-navigator/items.ts","statementMap":{"0":{"start":{"line":8,"column":34},"end":{"line":29,"column":1}}},"fnMap":{},"branchMap":{},"s":{"0":1},"f":{},"b":{},"_coverageSchema":"43e27e138ebf9cfc5966b082cf9a028302ed4184","hash":"87b43c8e33368540116127ad3fd3aa2b67d6576b"}
,"/Users/steniowagner/Documents/Dev/cine-tasty-mobile/src/i18n/handleLanguageDetection.ts": {"path":"/Users/steniowagner/Documents/Dev/cine-tasty-mobile/src/i18n/handleLanguageDetection.ts","statementMap":{"0":{"start":{"line":11,"column":26},"end":{"line":37,"column":1}},"1":{"start":{"line":12,"column":27},"end":{"line":32,"column":3}},"2":{"start":{"line":34,"column":29},"end":{"line":34,"column":93}},"3":{"start":{"line":36,"column":2},"end":{"line":36,"column":28}},"4":{"start":{"line":39,"column":29},"end":{"line":46,"column":1}},"5":{"start":{"line":40,"column":25},"end":{"line":43,"column":48}},"6":{"start":{"line":45,"column":2},"end":{"line":45,"column":24}},"7":{"start":{"line":48,"column":32},"end":{"line":65,"column":1}},"8":{"start":{"line":49,"column":25},"end":{"line":52,"column":3}},"9":{"start":{"line":54,"column":2},"end":{"line":56,"column":3}},"10":{"start":{"line":55,"column":4},"end":{"line":55,"column":26}},"11":{"start":{"line":58,"column":25},"end":{"line":58,"column":47}},"12":{"start":{"line":60,"column":24},"end":{"line":60,"column":57}},"13":{"start":{"line":62,"column":2},"end":{"line":62,"column":69}},"14":{"start":{"line":64,"column":2},"end":{"line":64,"column":23}}},"fnMap":{"0":{"name":"(anonymous_0)","decl":{"start":{"line":11,"column":26},"end":{"line":11,"column":27}},"loc":{"start":{"line":11,"column":56},"end":{"line":37,"column":1}},"line":11},"1":{"name":"(anonymous_1)","decl":{"start":{"line":39,"column":29},"end":{"line":39,"column":30}},"loc":{"start":{"line":39,"column":43},"end":{"line":46,"column":1}},"line":39},"2":{"name":"(anonymous_2)","decl":{"start":{"line":48,"column":32},"end":{"line":48,"column":33}},"loc":{"start":{"line":48,"column":61},"end":{"line":65,"column":1}},"line":48}},"branchMap":{"0":{"loc":{"start":{"line":34,"column":29},"end":{"line":34,"column":93}},"type":"binary-expr","locations":[{"start":{"line":34,"column":29},"end":{"line":34,"column":55}},{"start":{"line":34,"column":59},"end":{"line":34,"column":93}}],"line":34},"1":{"loc":{"start":{"line":40,"column":25},"end":{"line":43,"column":48}},"type":"cond-expr","locations":[{"start":{"line":41,"column":6},"end":{"line":42,"column":67}},{"start":{"line":43,"column":6},"end":{"line":43,"column":48}}],"line":40},"2":{"loc":{"start":{"line":41,"column":6},"end":{"line":42,"column":67}},"type":"binary-expr","locations":[{"start":{"line":41,"column":6},"end":{"line":41,"column":56}},{"start":{"line":42,"column":11},"end":{"line":42,"column":67}}],"line":41},"3":{"loc":{"start":{"line":54,"column":2},"end":{"line":56,"column":3}},"type":"if","locations":[{"start":{"line":54,"column":2},"end":{"line":56,"column":3}},{"start":{"line":54,"column":2},"end":{"line":56,"column":3}}],"line":54}},"s":{"0":7,"1":6,"2":6,"3":6,"4":7,"5":6,"6":6,"7":7,"8":7,"9":7,"10":1,"11":6,"12":6,"13":6,"14":6},"f":{"0":6,"1":6,"2":7},"b":{"0":[6,3],"1":[4,2],"2":[4,2],"3":[1,6]},"_coverageSchema":"43e27e138ebf9cfc5966b082cf9a028302ed4184","hash":"73d62eb632b8428b6acd435cec9be54679a80ab4"}
,"/Users/steniowagner/Documents/Dev/cine-tasty-mobile/src/routes/constants.ts": {"path":"/Users/steniowagner/Documents/Dev/cine-tasty-mobile/src/routes/constants.ts","statementMap":{"0":{"start":{"line":3,"column":38},"end":{"line":9,"column":1}}},"fnMap":{},"branchMap":{},"s":{"0":2},"f":{},"b":{},"_coverageSchema":"43e27e138ebf9cfc5966b082cf9a028302ed4184","hash":"5a9ed2b4f55c289fe83d49f9dd0cc2e0c8b9808d"}
,"/Users/steniowagner/Documents/Dev/cine-tasty-mobile/src/styles/metrics/index.ts": {"path":"/Users/steniowagner/Documents/Dev/cine-tasty-mobile/src/styles/metrics/index.ts","statementMap":{"0":{"start":{"line":3,"column":26},"end":{"line":3,"column":50}},"1":{"start":{"line":5,"column":23},"end":{"line":12,"column":1}},"2":{"start":{"line":6,"column":28},"end":{"line":6,"column":55}},"3":{"start":{"line":7,"column":30},"end":{"line":9,"column":3}},"4":{"start":{"line":11,"column":2},"end":{"line":11,"column":29}},"5":{"start":{"line":14,"column":24},"end":{"line":21,"column":1}},"6":{"start":{"line":15,"column":28},"end":{"line":15,"column":56}},"7":{"start":{"line":16,"column":31},"end":{"line":18,"column":3}},"8":{"start":{"line":20,"column":2},"end":{"line":20,"column":30}}},"fnMap":{"0":{"name":"(anonymous_0)","decl":{"start":{"line":5,"column":23},"end":{"line":5,"column":24}},"loc":{"start":{"line":5,"column":60},"end":{"line":12,"column":1}},"line":5},"1":{"name":"(anonymous_1)","decl":{"start":{"line":14,"column":24},"end":{"line":14,"column":25}},"loc":{"start":{"line":14,"column":62},"end":{"line":21,"column":1}},"line":14}},"branchMap":{"0":{"loc":{"start":{"line":24,"column":28},"end":{"line":24,"column":59}},"type":"cond-expr","locations":[{"start":{"line":24,"column":52},"end":{"line":24,"column":54}},{"start":{"line":24,"column":57},"end":{"line":24,"column":59}}],"line":24}},"s":{"0":9,"1":9,"2":131,"3":131,"4":131,"5":9,"6":0,"7":0,"8":0},"f":{"0":131,"1":0},"b":{"0":[9,0]},"_coverageSchema":"43e27e138ebf9cfc5966b082cf9a028302ed4184","hash":"365eee6a647b3bff95d672f179c53d9d7d0bfd42"}
,"/Users/steniowagner/Documents/Dev/cine-tasty-mobile/src/styles/theme-context-provider/ThemeContextProvider.tsx": {"path":"/Users/steniowagner/Documents/Dev/cine-tasty-mobile/src/styles/theme-context-provider/ThemeContextProvider.tsx","statementMap":{"0":{"start":{"line":16,"column":21},"end":{"line":19,"column":2}},"1":{"start":{"line":21,"column":29},"end":{"line":38,"column":1}},"2":{"start":{"line":22,"column":38},"end":{"line":22,"column":63}},"3":{"start":{"line":24,"column":2},"end":{"line":37,"column":4}}},"fnMap":{"0":{"name":"(anonymous_0)","decl":{"start":{"line":17,"column":17},"end":{"line":17,"column":18}},"loc":{"start":{"line":17,"column":23},"end":{"line":17,"column":25}},"line":17},"1":{"name":"(anonymous_1)","decl":{"start":{"line":21,"column":29},"end":{"line":21,"column":30}},"loc":{"start":{"line":21,"column":54},"end":{"line":38,"column":1}},"line":21}},"branchMap":{},"s":{"0":1,"1":1,"2":8,"3":8},"f":{"0":0,"1":8},"b":{},"_coverageSchema":"43e27e138ebf9cfc5966b082cf9a028302ed4184","hash":"681fd9b53bce172f9ff2112d5ea657cd8f3ffb2f"}
,"/Users/steniowagner/Documents/Dev/cine-tasty-mobile/src/styles/theme-context-provider/useThemeContextProvider.ts": {"path":"/Users/steniowagner/Documents/Dev/cine-tasty-mobile/src/styles/theme-context-provider/useThemeContextProvider.ts","statementMap":{"0":{"start":{"line":18,"column":32},"end":{"line":60,"column":1}},"1":{"start":{"line":19,"column":28},"end":{"line":19,"column":51}},"2":{"start":{"line":21,"column":31},"end":{"line":34,"column":3}},"3":{"start":{"line":22,"column":23},"end":{"line":25,"column":5}},"4":{"start":{"line":27,"column":4},"end":{"line":31,"column":5}},"5":{"start":{"line":28,"column":6},"end":{"line":28,"column":29}},"6":{"start":{"line":30,"column":6},"end":{"line":30,"column":13}},"7":{"start":{"line":33,"column":4},"end":{"line":33,"column":25}},"8":{"start":{"line":36,"column":2},"end":{"line":38,"column":9}},"9":{"start":{"line":37,"column":4},"end":{"line":37,"column":27}},"10":{"start":{"line":40,"column":24},"end":{"line":48,"column":3}},"11":{"start":{"line":41,"column":4},"end":{"line":47,"column":7}},"12":{"start":{"line":42,"column":28},"end":{"line":42,"column":89}},"13":{"start":{"line":44,"column":6},"end":{"line":44,"column":68}},"14":{"start":{"line":46,"column":6},"end":{"line":46,"column":27}},"15":{"start":{"line":50,"column":22},"end":{"line":54,"column":3}},"16":{"start":{"line":51,"column":26},"end":{"line":51,"column":73}},"17":{"start":{"line":53,"column":4},"end":{"line":53,"column":25}},"18":{"start":{"line":56,"column":2},"end":{"line":59,"column":4}}},"fnMap":{"0":{"name":"(anonymous_0)","decl":{"start":{"line":18,"column":32},"end":{"line":18,"column":33}},"loc":{"start":{"line":18,"column":65},"end":{"line":60,"column":1}},"line":18},"1":{"name":"(anonymous_1)","decl":{"start":{"line":21,"column":31},"end":{"line":21,"column":32}},"loc":{"start":{"line":21,"column":58},"end":{"line":34,"column":3}},"line":21},"2":{"name":"(anonymous_2)","decl":{"start":{"line":36,"column":12},"end":{"line":36,"column":13}},"loc":{"start":{"line":36,"column":18},"end":{"line":38,"column":3}},"line":36},"3":{"name":"(anonymous_3)","decl":{"start":{"line":40,"column":24},"end":{"line":40,"column":25}},"loc":{"start":{"line":40,"column":30},"end":{"line":48,"column":3}},"line":40},"4":{"name":"(anonymous_4)","decl":{"start":{"line":41,"column":13},"end":{"line":41,"column":14}},"loc":{"start":{"line":41,"column":41},"end":{"line":47,"column":5}},"line":41},"5":{"name":"(anonymous_5)","decl":{"start":{"line":50,"column":22},"end":{"line":50,"column":23}},"loc":{"start":{"line":50,"column":42},"end":{"line":54,"column":3}},"line":50}},"branchMap":{"0":{"loc":{"start":{"line":27,"column":4},"end":{"line":31,"column":5}},"type":"if","locations":[{"start":{"line":27,"column":4},"end":{"line":31,"column":5}},{"start":{"line":27,"column":4},"end":{"line":31,"column":5}}],"line":27},"1":{"loc":{"start":{"line":42,"column":28},"end":{"line":42,"column":89}},"type":"cond-expr","locations":[{"start":{"line":42,"column":61},"end":{"line":42,"column":74}},{"start":{"line":42,"column":77},"end":{"line":42,"column":89}}],"line":42},"2":{"loc":{"start":{"line":51,"column":26},"end":{"line":51,"column":73}},"type":"cond-expr","locations":[{"start":{"line":51,"column":51},"end":{"line":51,"column":60}},{"start":{"line":51,"column":63},"end":{"line":51,"column":73}}],"line":51}},"s":{"0":2,"1":20,"2":20,"3":8,"4":8,"5":2,"6":2,"7":6,"8":20,"9":8,"10":20,"11":4,"12":4,"13":4,"14":4,"15":20,"16":20,"17":20,"18":20},"f":{"0":20,"1":8,"2":8,"3":4,"4":4,"5":20},"b":{"0":[2,6],"1":[2,2],"2":[7,13]},"_coverageSchema":"43e27e138ebf9cfc5966b082cf9a028302ed4184","hash":"e0e12e12333ece9f80acd334bd1b9204f08d8c3f"}
,"/Users/steniowagner/Documents/Dev/cine-tasty-mobile/src/styles/themes/dark.ts": {"path":"/Users/steniowagner/Documents/Dev/cine-tasty-mobile/src/styles/themes/dark.ts","statementMap":{"0":{"start":{"line":6,"column":27},"end":{"line":19,"column":1}}},"fnMap":{},"branchMap":{},"s":{"0":9},"f":{},"b":{},"_coverageSchema":"43e27e138ebf9cfc5966b082cf9a028302ed4184","hash":"a78de1d634f36fa8276dc555d485839b24e3e310"}
,"/Users/steniowagner/Documents/Dev/cine-tasty-mobile/src/styles/themes/index.ts": {"path":"/Users/steniowagner/Documents/Dev/cine-tasty-mobile/src/styles/themes/index.ts","statementMap":{},"fnMap":{},"branchMap":{},"s":{},"f":{},"b":{},"_coverageSchema":"43e27e138ebf9cfc5966b082cf9a028302ed4184","hash":"3cf85132fc7ff66ce273b9b81448ba92b20ad6d8"}
,"/Users/steniowagner/Documents/Dev/cine-tasty-mobile/src/styles/themes/light.ts": {"path":"/Users/steniowagner/Documents/Dev/cine-tasty-mobile/src/styles/themes/light.ts","statementMap":{"0":{"start":{"line":6,"column":28},"end":{"line":19,"column":1}}},"fnMap":{},"branchMap":{},"s":{"0":9},"f":{},"b":{},"_coverageSchema":"43e27e138ebf9cfc5966b082cf9a028302ed4184","hash":"f54cbd7e6f6610c4f53102268bd16a5bd2c87dae"}
,"/Users/steniowagner/Documents/Dev/cine-tasty-mobile/src/types/index.ts": {"path":"/Users/steniowagner/Documents/Dev/cine-tasty-mobile/src/types/index.ts","statementMap":{},"fnMap":{},"branchMap":{},"s":{},"f":{},"b":{},"_coverageSchema":"43e27e138ebf9cfc5966b082cf9a028302ed4184","hash":"9d5f8ddee726d26d4918d108fa6ccff38b4afcf8"}
,"/Users/steniowagner/Documents/Dev/cine-tasty-mobile/src/utils/AutoMockedProvider.tsx": {"path":"/Users/steniowagner/Documents/Dev/cine-tasty-mobile/src/utils/AutoMockedProvider.tsx","statementMap":{"0":{"start":{"line":22,"column":27},"end":{"line":48,"column":1}},"1":{"start":{"line":23,"column":20},"end":{"line":25,"column":3}},"2":{"start":{"line":27,"column":17},"end":{"line":32,"column":4}},"3":{"start":{"line":34,"column":2},"end":{"line":34,"column":61}},"4":{"start":{"line":36,"column":17},"end":{"line":39,"column":4}},"5":{"start":{"line":41,"column":2},"end":{"line":47,"column":4}}},"fnMap":{"0":{"name":"(anonymous_0)","decl":{"start":{"line":22,"column":27},"end":{"line":22,"column":28}},"loc":{"start":{"line":22,"column":67},"end":{"line":48,"column":1}},"line":22}},"branchMap":{},"s":{"0":1,"1":2,"2":2,"3":2,"4":2,"5":2},"f":{"0":2},"b":{},"_coverageSchema":"43e27e138ebf9cfc5966b082cf9a028302ed4184","hash":"392fcf5f3412cb966dae2e5f10b4cc7e5c63ebe1"}
,"/Users/steniowagner/Documents/Dev/cine-tasty-mobile/src/utils/constants.ts": {"path":"/Users/steniowagner/Documents/Dev/cine-tasty-mobile/src/utils/constants.ts","statementMap":{"0":{"start":{"line":1,"column":13},"end":{"line":6,"column":1}},"1":{"start":{"line":8,"column":15},"end":{"line":10,"column":1}}},"fnMap":{},"branchMap":{},"s":{"0":14,"1":14},"f":{},"b":{},"_coverageSchema":"43e27e138ebf9cfc5966b082cf9a028302ed4184","hash":"f8cd40174fb3386c36dd1f471d47a80c383d650a"}
,"/Users/steniowagner/Documents/Dev/cine-tasty-mobile/src/utils/async-storage-adapter/AsyncStorageAdapter.ts": {"path":"/Users/steniowagner/Documents/Dev/cine-tasty-mobile/src/utils/async-storage-adapter/AsyncStorageAdapter.ts","statementMap":{"0":{"start":{"line":4,"column":34},"end":{"line":17,"column":1}},"1":{"start":{"line":8,"column":27},"end":{"line":10,"column":3}},"2":{"start":{"line":12,"column":2},"end":{"line":14,"column":3}},"3":{"start":{"line":13,"column":4},"end":{"line":13,"column":40}},"4":{"start":{"line":16,"column":2},"end":{"line":16,"column":22}},"5":{"start":{"line":19,"column":36},"end":{"line":19,"column":173}},"6":{"start":{"line":19,"column":86},"end":{"line":19,"column":173}},"7":{"start":{"line":21,"column":37},"end":{"line":21,"column":142}},"8":{"start":{"line":21,"column":75},"end":{"line":21,"column":142}}},"fnMap":{"0":{"name":"(anonymous_0)","decl":{"start":{"line":4,"column":34},"end":{"line":4,"column":35}},"loc":{"start":{"line":7,"column":21},"end":{"line":17,"column":1}},"line":7},"1":{"name":"(anonymous_1)","decl":{"start":{"line":19,"column":36},"end":{"line":19,"column":37}},"loc":{"start":{"line":19,"column":86},"end":{"line":19,"column":173}},"line":19},"2":{"name":"(anonymous_2)","decl":{"start":{"line":21,"column":37},"end":{"line":21,"column":38}},"loc":{"start":{"line":21,"column":75},"end":{"line":21,"column":142}},"line":21}},"branchMap":{"0":{"loc":{"start":{"line":12,"column":2},"end":{"line":14,"column":3}},"type":"if","locations":[{"start":{"line":12,"column":2},"end":{"line":14,"column":3}},{"start":{"line":12,"column":2},"end":{"line":14,"column":3}}],"line":12}},"s":{"0":4,"1":2,"2":2,"3":1,"4":1,"5":4,"6":1,"7":4,"8":2},"f":{"0":2,"1":1,"2":2},"b":{"0":[1,1]},"_coverageSchema":"43e27e138ebf9cfc5966b082cf9a028302ed4184","hash":"65f63241a45a918b22c9ffc3434df64175842fe4"}
,"/Users/steniowagner/Documents/Dev/cine-tasty-mobile/src/utils/is-equals-or-largest-than-iphonex/isEqualsOrLargestThanIphoneX.ts": {"path":"/Users/steniowagner/Documents/Dev/cine-tasty-mobile/src/utils/is-equals-or-largest-than-iphonex/isEqualsOrLargestThanIphoneX.ts","statementMap":{"0":{"start":{"line":3,"column":26},"end":{"line":3,"column":50}},"1":{"start":{"line":5,"column":22},"end":{"line":5,"column":25}},"2":{"start":{"line":6,"column":23},"end":{"line":6,"column":26}},"3":{"start":{"line":8,"column":37},"end":{"line":16,"column":1}},"4":{"start":{"line":9,"column":47},"end":{"line":9,"column":97}},"5":{"start":{"line":10,"column":48},"end":{"line":10,"column":98}},"6":{"start":{"line":12,"column":2},"end":{"line":15,"column":4}}},"fnMap":{"0":{"name":"(anonymous_0)","decl":{"start":{"line":8,"column":37},"end":{"line":8,"column":38}},"loc":{"start":{"line":8,"column":52},"end":{"line":16,"column":1}},"line":8}},"branchMap":{"0":{"loc":{"start":{"line":9,"column":47},"end":{"line":9,"column":97}},"type":"binary-expr","locations":[{"start":{"line":9,"column":47},"end":{"line":9,"column":71}},{"start":{"line":9,"column":75},"end":{"line":9,"column":97}}],"line":9},"1":{"loc":{"start":{"line":10,"column":48},"end":{"line":10,"column":98}},"type":"binary-expr","locations":[{"start":{"line":10,"column":48},"end":{"line":10,"column":71}},{"start":{"line":10,"column":75},"end":{"line":10,"column":98}}],"line":10},"2":{"loc":{"start":{"line":13,"column":4},"end":{"line":14,"column":86}},"type":"binary-expr","locations":[{"start":{"line":13,"column":4},"end":{"line":13,"column":25}},{"start":{"line":14,"column":8},"end":{"line":14,"column":44}},{"start":{"line":14,"column":48},"end":{"line":14,"column":85}}],"line":13}},"s":{"0":6,"1":6,"2":6,"3":6,"4":12,"5":12,"6":12},"f":{"0":12},"b":{"0":[12,10],"1":[12,10],"2":[12,11,1]},"_coverageSchema":"43e27e138ebf9cfc5966b082cf9a028302ed4184","hash":"8077287e89abf317cc144dda49e6f275b73ade13"}
}
