TN:
SF:/Users/steniowagner/Documents/dev/cine-tasty-mobile/src/components/common/CustomRefreshControl.tsx
FN:4,(anonymous_0)
FNF:1
FNH:1
FNDA:66,(anonymous_0)
DA:4,66
LF:1
LH:1
BRF:0
BRH:0
end_of_record
TN:
SF:/Users/steniowagner/Documents/dev/cine-tasty-mobile/src/components/common/DefaultListItem.tsx
FN:19,(anonymous_0)
FN:21,(anonymous_1)
FN:31,(anonymous_2)
FN:32,(anonymous_3)
FN:34,(anonymous_4)
FN:40,(anonymous_5)
FN:49,(anonymous_6)
FN:53,(anonymous_7)
FN:68,(anonymous_8)
FNF:9
FNH:9
FNDA:601,(anonymous_0)
FNDA:601,(anonymous_1)
FNDA:601,(anonymous_2)
FNDA:601,(anonymous_3)
FNDA:601,(anonymous_4)
FNDA:601,(anonymous_5)
FNDA:601,(anonymous_6)
FNDA:601,(anonymous_7)
FNDA:601,(anonymous_8)
DA:16,13
DA:18,13
DA:19,601
DA:22,601
DA:24,601
DA:28,13
DA:31,601
DA:32,601
DA:34,601
DA:37,13
DA:40,601
DA:43,13
DA:49,601
DA:53,601
DA:66,13
DA:68,13
DA:77,601
DA:81,601
LF:18
LH:18
BRDA:22,0,0,185
BRDA:22,0,1,416
BRDA:94,1,0,601
BRDA:94,1,1,601
BRDA:104,2,0,151
BRDA:104,2,1,450
BRF:6
BRH:6
end_of_record
TN:
SF:/Users/steniowagner/Documents/dev/cine-tasty-mobile/src/components/common/HeaderIconButton.tsx
FN:13,(anonymous_0)
FN:21,(anonymous_1)
FN:22,(anonymous_2)
FN:23,(anonymous_3)
FN:28,(anonymous_4)
FN:41,(anonymous_5)
FNF:6
FNH:6
FNDA:38,(anonymous_0)
FNDA:38,(anonymous_1)
FNDA:38,(anonymous_2)
FNDA:38,(anonymous_3)
FNDA:38,(anonymous_4)
FNDA:38,(anonymous_5)
DA:13,38
DA:21,38
DA:22,38
DA:23,38
DA:28,38
DA:41,18
DA:48,38
LF:7
LH:7
BRDA:21,0,0,0
BRDA:21,0,1,38
BRDA:22,1,0,38
BRDA:22,1,1,0
BRDA:23,2,0,0
BRDA:23,2,1,38
BRF:6
BRH:3
end_of_record
TN:
SF:/Users/steniowagner/Documents/dev/cine-tasty-mobile/src/components/common/Icon.tsx
FN:16,(anonymous_0)
FNF:1
FNH:1
FNDA:883,(anonymous_0)
DA:6,29
DA:16,29
DA:17,883
LF:3
LH:3
BRDA:7,0,0,29
BRDA:7,0,1,0
BRF:2
BRH:1
end_of_record
TN:
SF:/Users/steniowagner/Documents/dev/cine-tasty-mobile/src/components/common/LoadingIndicator.tsx
FN:12,(anonymous_0)
FN:17,(anonymous_1)
FNF:2
FNH:2
FNDA:42,(anonymous_0)
FNDA:42,(anonymous_1)
DA:5,17
DA:12,42
DA:17,17
DA:18,42
LF:4
LH:4
BRF:0
BRH:0
end_of_record
TN:
SF:/Users/steniowagner/Documents/dev/cine-tasty-mobile/src/components/common/PaginatedListHeader.tsx
FN:7,(anonymous_0)
FN:16,(anonymous_1)
FN:19,(anonymous_2)
FN:29,(anonymous_3)
FNF:4
FNH:4
FNDA:13,(anonymous_0)
FNDA:13,(anonymous_1)
FNDA:13,(anonymous_2)
FNDA:13,(anonymous_3)
DA:7,16
DA:16,13
DA:19,16
DA:29,16
DA:30,13
LF:5
LH:5
BRF:0
BRH:0
end_of_record
TN:
SF:/Users/steniowagner/Documents/dev/cine-tasty-mobile/src/components/common/RoundedButton.tsx
FN:6,(anonymous_0)
FN:7,(anonymous_1)
FN:8,(anonymous_2)
FN:9,(anonymous_3)
FN:10,(anonymous_4)
FN:14,(anonymous_5)
FN:15,(anonymous_6)
FN:27,(anonymous_7)
FNF:8
FNH:8
FNDA:35,(anonymous_0)
FNDA:35,(anonymous_1)
FNDA:35,(anonymous_2)
FNDA:35,(anonymous_3)
FNDA:35,(anonymous_4)
FNDA:35,(anonymous_5)
FNDA:35,(anonymous_6)
FNDA:35,(anonymous_7)
DA:5,4
DA:6,35
DA:7,35
DA:8,35
DA:9,35
DA:10,35
DA:13,4
DA:14,35
DA:15,35
DA:27,4
DA:28,35
LF:11
LH:11
BRDA:10,0,0,0
BRDA:10,0,1,35
BRF:2
BRH:1
end_of_record
TN:
SF:/Users/steniowagner/Documents/dev/cine-tasty-mobile/src/components/common/RouteSuspenseWrapper.tsx
FN:10,(anonymous_0)
FN:13,(anonymous_1)
FN:25,(anonymous_2)
FNF:3
FNH:0
FNDA:0,(anonymous_0)
FNDA:0,(anonymous_1)
FNDA:0,(anonymous_2)
DA:5,1
DA:10,0
DA:13,1
DA:25,1
DA:26,0
LF:5
LH:3
BRF:0
BRH:0
end_of_record
TN:
SF:/Users/steniowagner/Documents/dev/cine-tasty-mobile/src/components/common/advise/Advise.tsx
FN:15,(anonymous_0)
FN:16,(anonymous_1)
FN:19,(anonymous_2)
FN:20,(anonymous_3)
FN:26,(anonymous_4)
FN:29,(anonymous_5)
FN:30,(anonymous_6)
FN:36,(anonymous_7)
FN:39,(anonymous_8)
FN:40,(anonymous_9)
FN:48,(anonymous_10)
FN:49,(anonymous_11)
FN:52,(anonymous_12)
FN:65,(anonymous_13)
FNF:14
FNH:14
FNDA:16,(anonymous_0)
FNDA:16,(anonymous_1)
FNDA:16,(anonymous_2)
FNDA:16,(anonymous_3)
FNDA:15,(anonymous_4)
FNDA:15,(anonymous_5)
FNDA:15,(anonymous_6)
FNDA:15,(anonymous_7)
FNDA:15,(anonymous_8)
FNDA:15,(anonymous_9)
FNDA:15,(anonymous_10)
FNDA:15,(anonymous_11)
FNDA:16,(anonymous_12)
FNDA:16,(anonymous_13)
DA:7,6
DA:14,6
DA:15,16
DA:16,16
DA:19,16
DA:20,16
DA:23,6
DA:26,15
DA:29,15
DA:30,15
DA:33,6
DA:36,15
DA:39,15
DA:40,15
DA:43,6
DA:48,15
DA:49,15
DA:52,16
DA:65,6
DA:68,16
LF:20
LH:20
BRDA:78,0,0,16
BRDA:78,0,1,15
BRDA:79,1,0,16
BRDA:79,1,1,15
BRDA:80,2,0,16
BRDA:80,2,1,15
BRF:6
BRH:6
end_of_record
TN:
SF:/Users/steniowagner/Documents/dev/cine-tasty-mobile/src/components/common/custom-modal/CustomModal.tsx
FN:25,(anonymous_0)
FN:26,(anonymous_1)
FN:31,(anonymous_2)
FN:37,(anonymous_3)
FN:38,(anonymous_4)
FN:45,(anonymous_5)
FN:49,(anonymous_6)
FN:50,(anonymous_7)
FN:51,(anonymous_8)
FN:52,(anonymous_9)
FN:56,(anonymous_10)
FN:57,(anonymous_11)
FN:59,(anonymous_12)
FN:70,(anonymous_13)
FN:75,(anonymous_14)
FN:80,(anonymous_15)
FN:85,(anonymous_16)
FN:98,(anonymous_17)
FNF:18
FNH:18
FNDA:31,(anonymous_0)
FNDA:31,(anonymous_1)
FNDA:31,(anonymous_2)
FNDA:26,(anonymous_3)
FNDA:26,(anonymous_4)
FNDA:26,(anonymous_5)
FNDA:26,(anonymous_6)
FNDA:26,(anonymous_7)
FNDA:26,(anonymous_8)
FNDA:26,(anonymous_9)
FNDA:26,(anonymous_10)
FNDA:26,(anonymous_11)
FNDA:26,(anonymous_12)
FNDA:26,(anonymous_13)
FNDA:26,(anonymous_14)
FNDA:26,(anonymous_15)
FNDA:26,(anonymous_16)
FNDA:31,(anonymous_17)
DA:18,7
DA:19,7
DA:21,7
DA:25,31
DA:26,31
DA:29,7
DA:31,31
DA:34,7
DA:37,26
DA:38,26
DA:42,7
DA:45,26
DA:48,7
DA:49,26
DA:50,26
DA:51,26
DA:52,26
DA:55,7
DA:56,26
DA:57,26
DA:59,26
DA:63,7
DA:69,7
DA:70,26
DA:73,7
DA:75,26
DA:80,26
DA:83,7
DA:85,26
DA:98,7
DA:112,31
DA:119,31
LF:32
LH:32
BRDA:75,0,0,26
BRDA:75,0,1,0
BRDA:136,1,0,31
BRDA:136,1,1,26
BRF:4
BRH:3
end_of_record
TN:
SF:/Users/steniowagner/Documents/dev/cine-tasty-mobile/src/components/common/custom-modal/useCustomModal.ts
FN:27,(anonymous_0)
FN:40,(anonymous_1)
FN:55,(anonymous_2)
FN:63,(anonymous_3)
FN:68,(anonymous_4)
FN:77,(anonymous_5)
FN:92,(anonymous_6)
FN:105,(anonymous_7)
FN:106,(anonymous_8)
FN:113,(anonymous_9)
FN:114,(anonymous_10)
FNF:11
FNH:8
FNDA:31,(anonymous_0)
FNDA:18,(anonymous_1)
FNDA:29,(anonymous_2)
FNDA:18,(anonymous_3)
FNDA:0,(anonymous_4)
FNDA:0,(anonymous_5)
FNDA:0,(anonymous_6)
FNDA:2,(anonymous_7)
FNDA:2,(anonymous_8)
FNDA:9,(anonymous_9)
FNDA:9,(anonymous_10)
DA:27,7
DA:33,31
DA:35,31
DA:37,31
DA:39,31
DA:40,18
DA:55,31
DA:56,29
DA:63,31
DA:64,18
DA:67,31
DA:69,0
DA:70,0
DA:71,0
DA:76,31
DA:78,0
DA:79,0
DA:80,0
DA:82,0
DA:84,0
DA:85,0
DA:87,0
DA:90,0
DA:92,0
DA:93,0
DA:95,0
DA:96,0
DA:97,0
DA:105,31
DA:106,2
DA:107,2
DA:109,2
DA:113,31
DA:114,9
DA:115,9
DA:117,9
DA:119,9
DA:123,31
LF:38
LH:22
BRDA:57,0,0,18
BRDA:57,0,1,11
BRDA:78,1,0,0
BRDA:78,1,1,0
BRDA:84,2,0,0
BRDA:84,2,1,0
BRDA:90,3,0,0
BRDA:90,3,1,0
BRDA:95,4,0,0
BRDA:95,4,1,0
BRF:10
BRH:2
end_of_record
TN:
SF:/Users/steniowagner/Documents/dev/cine-tasty-mobile/src/components/common/pagination-footer/PaginationFooter.tsx
FN:11,(anonymous_0)
FN:16,(anonymous_1)
FN:22,(anonymous_2)
FN:31,(anonymous_3)
FN:41,(anonymous_4)
FNF:5
FNH:5
FNDA:65,(anonymous_0)
FNDA:9,(anonymous_1)
FNDA:9,(anonymous_2)
FNDA:19,(anonymous_3)
FNDA:65,(anonymous_4)
DA:9,17
DA:11,65
DA:16,17
DA:22,17
DA:31,19
DA:41,17
DA:42,65
LF:7
LH:7
BRDA:45,0,0,65
BRDA:45,0,1,19
BRDA:54,1,0,65
BRDA:54,1,1,9
BRF:4
BRH:4
end_of_record
TN:
SF:/Users/steniowagner/Documents/dev/cine-tasty-mobile/src/components/common/popup-advice/PopupAdvice.tsx
FN:11,(anonymous_0)
FN:12,(anonymous_1)
FN:13,(anonymous_2)
FN:14,(anonymous_3)
FN:15,(anonymous_4)
FN:20,(anonymous_5)
FN:29,(anonymous_6)
FN:29,(anonymous_7)
FN:32,(anonymous_8)
FN:33,(anonymous_9)
FN:45,(anonymous_10)
FN:46,(anonymous_11)
FNF:12
FNH:11
FNDA:22,(anonymous_0)
FNDA:22,(anonymous_1)
FNDA:22,(anonymous_2)
FNDA:22,(anonymous_3)
FNDA:22,(anonymous_4)
FNDA:22,(anonymous_5)
FNDA:22,(anonymous_6)
FNDA:0,(anonymous_7)
FNDA:19,(anonymous_8)
FNDA:8,(anonymous_9)
FNDA:14,(anonymous_10)
FNDA:8,(anonymous_11)
DA:5,17
DA:6,17
DA:8,17
DA:11,22
DA:12,22
DA:13,22
DA:14,22
DA:15,22
DA:18,17
DA:20,22
DA:29,17
DA:30,22
DA:32,22
DA:33,19
DA:34,8
DA:41,19
DA:46,14
DA:47,8
DA:52,22
LF:19
LH:19
BRDA:29,0,0,20
BRF:1
BRH:1
end_of_record
TN:
SF:/Users/steniowagner/Documents/dev/cine-tasty-mobile/src/components/common/searchbar/SearchBar.android.tsx
FN:9,(anonymous_0)
FN:11,(anonymous_1)
FN:14,(anonymous_2)
FN:25,(anonymous_3)
FN:27,(anonymous_4)
FN:28,(anonymous_5)
FN:38,(anonymous_6)
FN:45,(anonymous_7)
FN:62,(anonymous_8)
FNF:9
FNH:9
FNDA:4,(anonymous_0)
FNDA:4,(anonymous_1)
FNDA:4,(anonymous_2)
FNDA:4,(anonymous_3)
FNDA:4,(anonymous_4)
FNDA:4,(anonymous_5)
FNDA:4,(anonymous_6)
FNDA:4,(anonymous_7)
FNDA:1,(anonymous_8)
DA:7,1
DA:9,4
DA:11,4
DA:14,4
DA:25,4
DA:27,4
DA:28,4
DA:38,1
DA:44,4
DA:45,4
DA:46,4
DA:47,4
DA:51,4
DA:62,1
LF:14
LH:14
BRDA:46,0,0,4
BRDA:46,0,1,0
BRDA:46,1,0,4
BRDA:46,1,1,4
BRF:4
BRH:3
end_of_record
TN:
SF:/Users/steniowagner/Documents/dev/cine-tasty-mobile/src/components/common/searchbar/SearchBar.ios.tsx
FN:14,(anonymous_0)
FN:16,(anonymous_1)
FN:17,(anonymous_2)
FN:24,(anonymous_3)
FN:35,(anonymous_4)
FN:37,(anonymous_5)
FN:38,(anonymous_6)
FN:48,(anonymous_7)
FN:64,(anonymous_8)
FN:85,(anonymous_9)
FNF:10
FNH:10
FNDA:34,(anonymous_0)
FNDA:34,(anonymous_1)
FNDA:34,(anonymous_2)
FNDA:34,(anonymous_3)
FNDA:34,(anonymous_4)
FNDA:34,(anonymous_5)
FNDA:34,(anonymous_6)
FNDA:34,(anonymous_7)
FNDA:14,(anonymous_8)
FNDA:10,(anonymous_9)
DA:12,8
DA:14,34
DA:16,34
DA:17,34
DA:20,8
DA:24,34
DA:35,34
DA:37,34
DA:38,34
DA:48,8
DA:54,34
DA:55,34
DA:56,34
DA:58,34
DA:59,34
DA:61,26
DA:64,34
DA:65,14
DA:67,14
DA:68,14
DA:72,34
DA:85,10
LF:22
LH:22
BRDA:67,0,0,14
BRDA:67,0,1,0
BRDA:67,1,0,14
BRDA:67,1,1,14
BRF:4
BRH:3
end_of_record
TN:
SF:/Users/steniowagner/Documents/dev/cine-tasty-mobile/src/components/screens/discover/components/Discover.tsx
FN:9,(anonymous_0)
FN:18,(anonymous_1)
FNF:2
FNH:0
FNDA:0,(anonymous_0)
FNDA:0,(anonymous_1)
DA:4,1
DA:9,0
DA:12,1
DA:18,1
DA:19,0
LF:5
LH:3
BRF:0
BRH:0
end_of_record
TN:
SF:/Users/steniowagner/Documents/dev/cine-tasty-mobile/src/components/screens/discover/routes/route-names.ts
FNF:0
FNH:0
DA:5,1
LF:1
LH:1
BRF:0
BRH:0
end_of_record
TN:
SF:/Users/steniowagner/Documents/dev/cine-tasty-mobile/src/components/screens/discover/routes/stack-routes.tsx
FN:16,(anonymous_0)
FN:33,(anonymous_1)
FNF:2
FNH:0
FNDA:0,(anonymous_0)
FNDA:0,(anonymous_1)
DA:12,1
DA:16,1
DA:17,0
DA:19,0
DA:33,1
DA:34,0
DA:42,1
LF:7
LH:4
BRF:0
BRH:0
end_of_record
TN:
SF:/Users/steniowagner/Documents/dev/cine-tasty-mobile/src/components/screens/famous/components/Famous.tsx
FN:31,(anonymous_0)
FN:45,(anonymous_1)
FN:47,(anonymous_2)
FN:49,(anonymous_3)
FN:75,(anonymous_4)
FN:86,(anonymous_5)
FN:104,(anonymous_6)
FN:110,(anonymous_7)
FN:112,(anonymous_8)
FN:119,(anonymous_9)
FNF:10
FNH:7
FNDA:53,(anonymous_0)
FNDA:10,(anonymous_1)
FNDA:0,(anonymous_2)
FNDA:0,(anonymous_3)
FNDA:39,(anonymous_4)
FNDA:39,(anonymous_5)
FNDA:6,(anonymous_6)
FNDA:252,(anonymous_7)
FNDA:0,(anonymous_8)
FNDA:268,(anonymous_9)
DA:23,6
DA:31,6
DA:43,53
DA:45,53
DA:46,10
DA:48,0
DA:49,0
DA:64,53
DA:65,14
DA:68,39
DA:69,39
DA:71,39
DA:75,39
DA:86,39
DA:104,6
DA:111,252
DA:112,0
DA:119,268
LF:18
LH:15
BRDA:64,0,0,14
BRDA:64,0,1,39
BRDA:68,1,0,39
BRDA:68,1,1,15
BRDA:68,1,2,5
BRDA:69,2,0,39
BRDA:69,2,1,24
BRDA:69,2,2,22
BRDA:75,3,0,39
BRDA:75,3,1,5
BRDA:86,4,0,39
BRDA:86,4,1,7
BRDA:123,5,0,39
BRDA:123,5,1,7
BRF:14
BRH:14
end_of_record
TN:
SF:/Users/steniowagner/Documents/dev/cine-tasty-mobile/src/components/screens/famous/components/useFamous.ts
FN:41,(anonymous_0)
FN:49,(anonymous_1)
FN:50,(anonymous_2)
FN:64,(anonymous_3)
FN:68,(anonymous_4)
FN:80,(anonymous_5)
FN:92,(anonymous_6)
FN:100,(anonymous_7)
FN:108,(anonymous_8)
FN:115,(anonymous_9)
FNF:10
FNH:10
FNDA:53,(anonymous_0)
FNDA:12,(anonymous_1)
FNDA:12,(anonymous_2)
FNDA:2,(anonymous_3)
FNDA:4,(anonymous_4)
FNDA:2,(anonymous_5)
FNDA:2,(anonymous_6)
FNDA:1,(anonymous_7)
FNDA:14,(anonymous_8)
FNDA:2,(anonymous_9)
DA:25,6
DA:38,6
DA:39,6
DA:41,6
DA:42,53
DA:43,53
DA:44,53
DA:45,53
DA:47,53
DA:49,53
DA:50,12
DA:55,12
DA:60,53
DA:65,2
DA:66,2
DA:69,4
DA:71,4
DA:72,0
DA:80,53
DA:81,2
DA:82,0
DA:85,2
DA:87,2
DA:89,2
DA:92,53
DA:93,2
DA:95,2
DA:97,2
DA:100,53
DA:101,1
DA:103,1
DA:105,1
DA:108,53
DA:109,14
DA:110,2
DA:114,53
DA:115,2
LF:37
LH:35
BRDA:71,0,0,0
BRDA:71,0,1,4
BRDA:81,1,0,0
BRDA:81,1,1,2
BRDA:109,2,0,2
BRDA:109,2,1,12
BRF:6
BRH:4
end_of_record
TN:
SF:/Users/steniowagner/Documents/dev/cine-tasty-mobile/src/components/screens/famous/routes/route-names.ts
FNF:0
FNH:0
DA:5,1
LF:1
LH:1
BRF:0
BRH:0
end_of_record
TN:
SF:/Users/steniowagner/Documents/dev/cine-tasty-mobile/src/components/screens/famous/routes/stack-routes.tsx
FN:12,(anonymous_0)
FNF:1
FNH:0
FNDA:0,(anonymous_0)
DA:10,1
DA:12,1
DA:13,0
DA:15,0
DA:32,1
LF:5
LH:3
BRF:0
BRH:0
end_of_record
TN:
SF:/Users/steniowagner/Documents/dev/cine-tasty-mobile/src/components/screens/news/components/News.tsx
FN:33,(anonymous_0)
FN:52,(anonymous_1)
FN:54,(anonymous_2)
FN:56,(anonymous_3)
FN:84,(anonymous_4)
FN:99,(anonymous_5)
FN:104,(anonymous_6)
FN:111,(anonymous_7)
FN:127,(anonymous_8)
FN:133,(anonymous_9)
FN:145,(anonymous_10)
FNF:11
FNH:7
FNDA:50,(anonymous_0)
FNDA:35,(anonymous_1)
FNDA:0,(anonymous_2)
FNDA:0,(anonymous_3)
FNDA:0,(anonymous_4)
FNDA:27,(anonymous_5)
FNDA:27,(anonymous_6)
FNDA:110,(anonymous_7)
FNDA:168,(anonymous_8)
FNDA:58,(anonymous_9)
FNDA:0,(anonymous_10)
DA:23,4
DA:25,4
DA:33,4
DA:50,50
DA:52,50
DA:53,35
DA:55,0
DA:56,0
DA:65,50
DA:66,13
DA:69,37
DA:71,37
DA:72,10
DA:84,0
DA:93,27
DA:94,27
DA:96,27
DA:99,27
DA:104,27
DA:112,110
DA:127,168
DA:133,58
DA:145,0
LF:23
LH:19
BRDA:65,0,0,13
BRDA:65,0,1,37
BRDA:69,1,0,37
BRDA:69,1,1,37
BRDA:69,1,2,30
BRDA:71,2,0,10
BRDA:71,2,1,27
BRDA:82,3,0,10
BRDA:82,3,1,0
BRDA:93,4,0,27
BRDA:93,4,1,5
BRDA:93,4,2,5
BRDA:94,5,0,27
BRDA:94,5,1,22
BRDA:94,5,2,20
BRDA:99,6,0,27
BRDA:99,6,1,5
BRDA:104,7,0,27
BRDA:104,7,1,7
BRDA:143,8,0,27
BRDA:143,8,1,0
BRDA:150,9,0,27
BRDA:150,9,1,7
BRF:23
BRH:21
end_of_record
TN:
SF:/Users/steniowagner/Documents/dev/cine-tasty-mobile/src/components/screens/news/components/useNews.ts
FN:52,(anonymous_0)
FN:66,(anonymous_1)
FN:67,(anonymous_2)
FN:81,(anonymous_3)
FN:85,(anonymous_4)
FN:101,(anonymous_5)
FN:109,(anonymous_6)
FN:121,(anonymous_7)
FN:127,(anonymous_8)
FN:135,(anonymous_9)
FN:147,(anonymous_10)
FN:156,(anonymous_11)
FNF:12
FNH:11
FNDA:50,(anonymous_0)
FNDA:11,(anonymous_1)
FNDA:11,(anonymous_2)
FNDA:2,(anonymous_3)
FNDA:4,(anonymous_4)
FNDA:1,(anonymous_5)
FNDA:2,(anonymous_6)
FNDA:13,(anonymous_7)
FNDA:9,(anonymous_8)
FNDA:0,(anonymous_9)
FNDA:2,(anonymous_10)
FNDA:2,(anonymous_11)
DA:13,4
DA:14,4
DA:16,4
DA:52,4
DA:53,50
DA:56,50
DA:57,50
DA:60,50
DA:61,50
DA:62,50
DA:64,50
DA:66,50
DA:67,11
DA:72,11
DA:77,50
DA:82,2
DA:83,2
DA:86,4
DA:88,4
DA:89,0
DA:101,50
DA:102,1
DA:104,1
DA:106,1
DA:109,50
DA:110,2
DA:111,0
DA:114,2
DA:116,2
DA:118,2
DA:121,50
DA:122,13
DA:123,2
DA:127,50
DA:128,9
DA:129,0
DA:132,9
DA:135,50
DA:136,0
DA:138,0
DA:139,0
DA:142,0
DA:144,0
DA:147,50
DA:148,2
DA:150,2
DA:152,2
DA:155,50
DA:156,2
LF:49
LH:41
BRDA:88,0,0,0
BRDA:88,0,1,4
BRDA:110,1,0,0
BRDA:110,1,1,2
BRDA:122,2,0,2
BRDA:122,2,1,11
BRDA:128,3,0,0
BRDA:128,3,1,9
BRDA:138,4,0,0
BRDA:138,4,1,0
BRF:10
BRH:5
end_of_record
TN:
SF:/Users/steniowagner/Documents/dev/cine-tasty-mobile/src/components/screens/news/components/language-filter/LanguageFilter.tsx
FN:27,(anonymous_0)
FN:53,(anonymous_1)
FN:57,(anonymous_2)
FN:63,(anonymous_3)
FN:65,(anonymous_4)
FN:70,(anonymous_5)
FNF:6
FNH:6
FNDA:8,(anonymous_0)
FNDA:80,(anonymous_1)
FNDA:3,(anonymous_2)
FNDA:80,(anonymous_3)
FNDA:22,(anonymous_4)
FNDA:100,(anonymous_5)
DA:13,5
DA:15,5
DA:27,5
DA:37,8
DA:43,8
DA:45,8
DA:54,80
DA:58,3
DA:63,80
DA:65,22
DA:70,100
LF:11
LH:11
BRF:0
BRH:0
end_of_record
TN:
SF:/Users/steniowagner/Documents/dev/cine-tasty-mobile/src/components/screens/news/components/language-filter/languages.ts
FNF:0
FNH:0
DA:24,6
LF:1
LH:1
BRF:0
BRH:0
end_of_record
TN:
SF:/Users/steniowagner/Documents/dev/cine-tasty-mobile/src/components/screens/news/components/language-filter/useLanguageFilter.ts
FN:20,(anonymous_0)
FN:30,(anonymous_1)
FN:30,(anonymous_2)
FN:34,(anonymous_3)
FNF:4
FNH:4
FNDA:8,(anonymous_0)
FNDA:6,(anonymous_1)
FNDA:8,(anonymous_2)
FNDA:2,(anonymous_3)
DA:20,5
DA:25,8
DA:29,8
DA:30,8
DA:34,8
DA:35,2
DA:36,1
DA:39,2
DA:42,8
LF:9
LH:9
BRDA:35,0,0,1
BRDA:35,0,1,1
BRF:2
BRH:2
end_of_record
TN:
SF:/Users/steniowagner/Documents/dev/cine-tasty-mobile/src/components/screens/news/components/language-filter/flags/China.tsx
FN:8,(anonymous_0)
FNF:1
FNH:1
FNDA:7,(anonymous_0)
DA:4,6
DA:8,6
DA:9,7
LF:3
LH:3
BRF:0
BRH:0
end_of_record
TN:
SF:/Users/steniowagner/Documents/dev/cine-tasty-mobile/src/components/screens/news/components/language-filter/flags/Finland.tsx
FN:7,(anonymous_0)
FNF:1
FNH:0
FNDA:0,(anonymous_0)
DA:4,6
DA:7,6
DA:8,0
LF:3
LH:2
BRF:0
BRH:0
end_of_record
TN:
SF:/Users/steniowagner/Documents/dev/cine-tasty-mobile/src/components/screens/news/components/language-filter/flags/France.tsx
FN:8,(anonymous_0)
FNF:1
FNH:1
FNDA:6,(anonymous_0)
DA:4,6
DA:8,6
DA:9,6
LF:3
LH:3
BRF:0
BRH:0
end_of_record
TN:
SF:/Users/steniowagner/Documents/dev/cine-tasty-mobile/src/components/screens/news/components/language-filter/flags/Germany.tsx
FN:8,(anonymous_0)
FNF:1
FNH:1
FNDA:6,(anonymous_0)
DA:4,6
DA:8,6
DA:9,6
LF:3
LH:3
BRF:0
BRH:0
end_of_record
TN:
SF:/Users/steniowagner/Documents/dev/cine-tasty-mobile/src/components/screens/news/components/language-filter/flags/Israel.tsx
FN:8,(anonymous_0)
FNF:1
FNH:1
FNDA:6,(anonymous_0)
DA:4,6
DA:8,6
DA:9,6
LF:3
LH:3
BRF:0
BRH:0
end_of_record
TN:
SF:/Users/steniowagner/Documents/dev/cine-tasty-mobile/src/components/screens/news/components/language-filter/flags/Italy.tsx
FN:8,(anonymous_0)
FNF:1
FNH:1
FNDA:6,(anonymous_0)
DA:4,6
DA:8,6
DA:9,6
LF:3
LH:3
BRF:0
BRH:0
end_of_record
TN:
SF:/Users/steniowagner/Documents/dev/cine-tasty-mobile/src/components/screens/news/components/language-filter/flags/Nederlands.tsx
FN:8,(anonymous_0)
FNF:1
FNH:1
FNDA:6,(anonymous_0)
DA:4,6
DA:8,6
DA:9,6
LF:3
LH:3
BRF:0
BRH:0
end_of_record
TN:
SF:/Users/steniowagner/Documents/dev/cine-tasty-mobile/src/components/screens/news/components/language-filter/flags/Norway.tsx
FN:8,(anonymous_0)
FNF:1
FNH:1
FNDA:6,(anonymous_0)
DA:4,6
DA:8,6
DA:9,6
LF:3
LH:3
BRF:0
BRH:0
end_of_record
TN:
SF:/Users/steniowagner/Documents/dev/cine-tasty-mobile/src/components/screens/news/components/language-filter/flags/Portugal.tsx
FN:8,(anonymous_0)
FNF:1
FNH:1
FNDA:6,(anonymous_0)
DA:4,6
DA:8,6
DA:9,6
LF:3
LH:3
BRF:0
BRH:0
end_of_record
TN:
SF:/Users/steniowagner/Documents/dev/cine-tasty-mobile/src/components/screens/news/components/language-filter/flags/Russia.tsx
FN:8,(anonymous_0)
FNF:1
FNH:1
FNDA:2,(anonymous_0)
DA:4,6
DA:8,6
DA:9,2
LF:3
LH:3
BRF:0
BRH:0
end_of_record
TN:
SF:/Users/steniowagner/Documents/dev/cine-tasty-mobile/src/components/screens/news/components/language-filter/flags/SaudiArabia.tsx
FN:8,(anonymous_0)
FNF:1
FNH:1
FNDA:7,(anonymous_0)
DA:4,6
DA:8,6
DA:9,7
LF:3
LH:3
BRF:0
BRH:0
end_of_record
TN:
SF:/Users/steniowagner/Documents/dev/cine-tasty-mobile/src/components/screens/news/components/language-filter/flags/Spain.tsx
FN:8,(anonymous_0)
FNF:1
FNH:0
FNDA:0,(anonymous_0)
DA:4,6
DA:8,6
DA:9,0
LF:3
LH:2
BRF:0
BRH:0
end_of_record
TN:
SF:/Users/steniowagner/Documents/dev/cine-tasty-mobile/src/components/screens/news/components/language-filter/flags/UK.tsx
FN:8,(anonymous_0)
FNF:1
FNH:1
FNDA:9,(anonymous_0)
DA:4,6
DA:8,6
DA:9,9
LF:3
LH:3
BRF:0
BRH:0
end_of_record
TN:
SF:/Users/steniowagner/Documents/dev/cine-tasty-mobile/src/components/screens/news/components/language-filter/list-item/LanguageListItem.tsx
FN:19,(anonymous_0)
FN:23,(anonymous_1)
FN:25,(anonymous_2)
FN:30,(anonymous_3)
FN:31,(anonymous_4)
FN:32,(anonymous_5)
FN:33,(anonymous_6)
FN:39,(anonymous_7)
FN:40,(anonymous_8)
FN:43,(anonymous_9)
FN:61,(anonymous_10)
FN:64,(anonymous_11)
FNF:12
FNH:12
FNDA:67,(anonymous_0)
FNDA:67,(anonymous_1)
FNDA:67,(anonymous_2)
FNDA:67,(anonymous_3)
FNDA:67,(anonymous_4)
FNDA:67,(anonymous_5)
FNDA:67,(anonymous_6)
FNDA:67,(anonymous_7)
FNDA:67,(anonymous_8)
FNDA:9,(anonymous_9)
FNDA:20,(anonymous_10)
FNDA:67,(anonymous_11)
DA:12,6
DA:14,6
DA:19,67
DA:22,6
DA:23,67
DA:25,67
DA:29,6
DA:30,67
DA:31,67
DA:32,67
DA:33,67
DA:38,6
DA:39,67
DA:40,67
DA:43,9
DA:49,6
DA:61,20
DA:64,6
DA:67,67
LF:19
LH:19
BRDA:33,0,0,9
BRDA:33,0,1,58
BRDA:61,1,0,20
BRDA:61,1,1,18
BRDA:61,1,2,18
BRDA:61,1,3,2
BRDA:82,2,0,67
BRDA:82,2,1,9
BRF:8
BRH:8
end_of_record
TN:
SF:/Users/steniowagner/Documents/dev/cine-tasty-mobile/src/components/screens/news/components/list-item/NewsListItem.tsx
FN:12,(anonymous_0)
FN:14,(anonymous_1)
FN:15,(anonymous_2)
FN:21,(anonymous_3)
FN:26,(anonymous_4)
FN:27,(anonymous_5)
FN:28,(anonymous_6)
FN:40,(anonymous_7)
FN:44,(anonymous_8)
FNF:9
FNH:9
FNDA:42,(anonymous_0)
FNDA:42,(anonymous_1)
FNDA:42,(anonymous_2)
FNDA:42,(anonymous_3)
FNDA:42,(anonymous_4)
FNDA:42,(anonymous_5)
FNDA:42,(anonymous_6)
FNDA:42,(anonymous_7)
FNDA:1,(anonymous_8)
DA:9,5
DA:12,42
DA:14,42
DA:15,42
DA:18,5
DA:21,42
DA:24,5
DA:26,42
DA:27,42
DA:28,42
DA:40,5
DA:43,42
DA:44,1
LF:13
LH:13
BRDA:28,0,0,0
BRDA:28,0,1,42
BRF:2
BRH:1
end_of_record
TN:
SF:/Users/steniowagner/Documents/dev/cine-tasty-mobile/src/components/screens/news/components/list-item/common-styles.ts
FN:10,(anonymous_0)
FN:11,(anonymous_1)
FN:15,(anonymous_2)
FN:16,(anonymous_3)
FNF:4
FNH:4
FNDA:42,(anonymous_0)
FNDA:42,(anonymous_1)
FNDA:42,(anonymous_2)
FNDA:42,(anonymous_3)
DA:6,6
DA:10,42
DA:11,42
DA:14,6
DA:15,42
DA:16,42
DA:19,6
LF:7
LH:7
BRF:0
BRH:0
end_of_record
TN:
SF:/Users/steniowagner/Documents/dev/cine-tasty-mobile/src/components/screens/news/components/list-item/date-diff/DateDiff.tsx
FN:8,(anonymous_0)
FN:9,(anonymous_1)
FN:23,(anonymous_2)
FN:26,(anonymous_3)
FN:28,(anonymous_4)
FN:30,(anonymous_5)
FN:32,(anonymous_6)
FN:34,(anonymous_7)
FN:36,(anonymous_8)
FN:38,(anonymous_9)
FN:44,(anonymous_10)
FNF:11
FNH:11
FNDA:48,(anonymous_0)
FNDA:48,(anonymous_1)
FNDA:48,(anonymous_2)
FNDA:1,(anonymous_3)
FNDA:1,(anonymous_4)
FNDA:1,(anonymous_5)
FNDA:1,(anonymous_6)
FNDA:1,(anonymous_7)
FNDA:43,(anonymous_8)
FNDA:48,(anonymous_9)
FNDA:48,(anonymous_10)
DA:6,6
DA:8,48
DA:9,48
DA:12,6
DA:13,6
DA:14,6
DA:15,6
DA:16,6
DA:23,6
DA:24,48
DA:26,48
DA:28,48
DA:30,48
DA:32,48
DA:34,48
DA:36,48
DA:38,48
DA:39,48
DA:41,48
DA:44,48
DA:45,48
DA:47,48
DA:49,48
DA:50,1
DA:53,47
DA:55,47
DA:56,1
DA:59,46
DA:61,46
DA:62,1
DA:65,45
DA:67,45
DA:68,1
DA:71,44
DA:73,44
DA:74,1
DA:77,43
DA:80,48
LF:38
LH:38
BRDA:49,0,0,1
BRDA:49,0,1,47
BRDA:55,1,0,1
BRDA:55,1,1,46
BRDA:61,2,0,1
BRDA:61,2,1,45
BRDA:67,3,0,1
BRDA:67,3,1,44
BRDA:73,4,0,1
BRDA:73,4,1,43
BRF:10
BRH:10
end_of_record
TN:
SF:/Users/steniowagner/Documents/dev/cine-tasty-mobile/src/components/screens/news/components/list-item/news-image/NewsListItemImage.tsx
FN:25,(anonymous_0)
FN:34,(anonymous_1)
FN:41,(anonymous_2)
FN:47,(anonymous_3)
FN:51,(anonymous_4)
FN:60,(anonymous_5)
FN:61,(anonymous_6)
FNF:7
FNH:6
FNDA:49,(anonymous_0)
FNDA:49,(anonymous_1)
FNDA:47,(anonymous_2)
FNDA:0,(anonymous_3)
FNDA:46,(anonymous_4)
FNDA:1,(anonymous_5)
FNDA:1,(anonymous_6)
DA:9,6
DA:15,6
DA:25,49
DA:34,6
DA:35,49
DA:36,49
DA:37,49
DA:39,49
DA:41,49
DA:42,47
DA:43,1
DA:47,0
DA:51,49
DA:52,46
DA:53,1
DA:57,49
DA:60,1
DA:61,1
LF:18
LH:17
BRDA:42,0,0,1
BRDA:42,0,1,46
BRDA:42,1,0,47
BRDA:42,1,1,1
BRDA:52,2,0,1
BRDA:52,2,1,45
BRDA:62,3,0,49
BRDA:62,3,1,2
BRDA:65,4,0,49
BRDA:65,4,1,49
BRDA:75,5,0,2
BRDA:75,5,1,47
BRF:12
BRH:12
end_of_record
TN:
SF:/Users/steniowagner/Documents/dev/cine-tasty-mobile/src/components/screens/news/routes/route-names.ts
FNF:0
FNH:0
DA:5,1
LF:1
LH:1
BRF:0
BRH:0
end_of_record
TN:
SF:/Users/steniowagner/Documents/dev/cine-tasty-mobile/src/components/screens/news/routes/stack-routes.tsx
FN:13,(anonymous_0)
FN:30,(anonymous_1)
FNF:2
FNH:0
FNDA:0,(anonymous_0)
FNDA:0,(anonymous_1)
DA:11,1
DA:13,1
DA:14,0
DA:16,0
DA:30,1
DA:31,0
DA:36,1
LF:7
LH:4
BRF:0
BRH:0
end_of_record
TN:
SF:/Users/steniowagner/Documents/dev/cine-tasty-mobile/src/components/screens/quiz/components/Quiz.tsx
FN:22,(anonymous_0)
FN:23,(anonymous_1)
FN:27,(anonymous_2)
FN:28,(anonymous_3)
FN:34,(anonymous_4)
FN:35,(anonymous_5)
FN:46,(anonymous_6)
FN:55,(anonymous_7)
FNF:8
FNH:8
FNDA:2,(anonymous_0)
FNDA:2,(anonymous_1)
FNDA:4,(anonymous_2)
FNDA:4,(anonymous_3)
FNDA:2,(anonymous_4)
FNDA:2,(anonymous_5)
FNDA:2,(anonymous_6)
FNDA:1,(anonymous_7)
DA:12,2
DA:13,2
DA:14,2
DA:15,2
DA:17,2
DA:22,2
DA:23,2
DA:26,2
DA:27,4
DA:28,4
DA:33,2
DA:34,2
DA:35,2
DA:46,2
DA:47,2
DA:49,2
DA:55,1
LF:17
LH:17
BRF:0
BRH:0
end_of_record
TN:
SF:/Users/steniowagner/Documents/dev/cine-tasty-mobile/src/components/screens/quiz/components/questions/Questions.tsx
FN:23,(anonymous_0)
FN:29,(anonymous_1)
FN:37,(anonymous_2)
FN:55,(anonymous_3)
FN:70,(anonymous_4)
FN:85,(anonymous_5)
FN:134,(anonymous_6)
FN:161,(anonymous_7)
FN:163,(anonymous_8)
FNF:9
FNH:5
FNDA:0,(anonymous_0)
FNDA:0,(anonymous_1)
FNDA:0,(anonymous_2)
FNDA:15,(anonymous_3)
FNDA:10,(anonymous_4)
FNDA:0,(anonymous_5)
FNDA:16,(anonymous_6)
FNDA:17,(anonymous_7)
FNDA:1,(anonymous_8)
DA:23,2
DA:29,2
DA:37,0
DA:40,2
DA:55,2
DA:66,15
DA:68,15
DA:70,15
DA:71,10
DA:73,10
DA:74,0
DA:77,10
DA:79,10
DA:80,3
DA:83,10
DA:85,0
DA:95,15
DA:96,5
DA:99,10
DA:103,1
DA:117,9
DA:118,1
DA:132,8
DA:135,16
DA:161,17
DA:163,1
LF:26
LH:23
BRDA:71,0,0,10
BRDA:71,0,1,5
BRDA:73,1,0,0
BRDA:73,1,1,10
BRDA:73,2,0,10
BRDA:73,2,1,6
BRDA:79,3,0,3
BRDA:79,3,1,7
BRDA:85,4,0,0
BRDA:85,4,1,0
BRDA:95,5,0,5
BRDA:95,5,1,10
BRDA:99,6,0,1
BRDA:99,6,1,9
BRDA:100,7,0,10
BRDA:100,7,1,1
BRDA:117,8,0,1
BRDA:117,8,1,8
BRDA:117,9,0,9
BRDA:117,9,1,9
BRDA:117,9,2,9
BRDA:143,10,0,16
BRDA:143,10,1,8
BRDA:150,11,0,16
BRDA:150,11,1,8
BRF:25
BRH:22
end_of_record
TN:
SF:/Users/steniowagner/Documents/dev/cine-tasty-mobile/src/components/screens/quiz/components/questions/useQuestions.ts
FN:48,(anonymous_0)
FN:72,(anonymous_1)
FN:85,(anonymous_2)
FN:101,(anonymous_3)
FN:107,(anonymous_4)
FN:113,(anonymous_5)
FN:113,(anonymous_6)
FNF:7
FNH:6
FNDA:15,(anonymous_0)
FNDA:6,(anonymous_1)
FNDA:2,(anonymous_2)
FNDA:7,(anonymous_3)
FNDA:0,(anonymous_4)
FNDA:2,(anonymous_5)
FNDA:2,(anonymous_6)
DA:18,2
DA:48,2
DA:52,15
DA:53,15
DA:54,15
DA:55,15
DA:57,15
DA:72,15
DA:73,6
DA:74,1
DA:77,6
DA:78,1
DA:85,15
DA:86,2
DA:87,2
DA:89,2
DA:90,1
DA:95,1
DA:98,1
DA:101,15
DA:102,7
DA:103,2
DA:107,15
DA:108,0
DA:109,0
DA:112,15
DA:113,2
LF:27
LH:25
BRDA:73,0,0,1
BRDA:73,0,1,5
BRDA:77,1,0,1
BRDA:77,1,1,5
BRDA:77,2,0,6
BRDA:77,2,1,6
BRDA:89,3,0,1
BRDA:89,3,1,1
BRDA:102,4,0,2
BRDA:102,4,1,5
BRDA:102,5,0,7
BRDA:102,5,1,2
BRDA:102,5,2,2
BRDA:114,6,0,9
BRDA:114,6,1,6
BRF:15
BRH:15
end_of_record
TN:
SF:/Users/steniowagner/Documents/dev/cine-tasty-mobile/src/components/screens/quiz/components/questions/boolean-question/BooleanQuestion.tsx
FN:11,(anonymous_0)
FN:14,(anonymous_1)
FN:18,(anonymous_2)
FN:19,(anonymous_3)
FN:20,(anonymous_4)
FN:21,(anonymous_5)
FN:26,(anonymous_6)
FN:35,(anonymous_7)
FN:40,(anonymous_8)
FN:47,(anonymous_9)
FNF:10
FNH:10
FNDA:13,(anonymous_0)
FNDA:13,(anonymous_1)
FNDA:26,(anonymous_2)
FNDA:26,(anonymous_3)
FNDA:26,(anonymous_4)
FNDA:26,(anonymous_5)
FNDA:26,(anonymous_6)
FNDA:13,(anonymous_7)
FNDA:2,(anonymous_8)
FNDA:1,(anonymous_9)
DA:9,3
DA:11,13
DA:14,13
DA:17,3
DA:18,26
DA:19,26
DA:20,26
DA:21,26
DA:24,3
DA:26,26
DA:35,3
DA:36,13
DA:40,2
DA:47,1
LF:14
LH:14
BRDA:21,0,0,4
BRDA:21,0,1,22
BRF:2
BRH:2
end_of_record
TN:
SF:/Users/steniowagner/Documents/dev/cine-tasty-mobile/src/components/screens/quiz/components/questions/list-item-wrapper-question/ListItemWrapperQuestion.tsx
FN:6,(anonymous_0)
FN:12,(anonymous_1)
FN:13,(anonymous_2)
FN:19,(anonymous_3)
FN:24,(anonymous_4)
FN:32,(anonymous_5)
FN:33,(anonymous_6)
FN:40,(anonymous_7)
FN:41,(anonymous_8)
FN:42,(anonymous_9)
FN:43,(anonymous_10)
FN:44,(anonymous_11)
FN:45,(anonymous_12)
FN:50,(anonymous_13)
FN:64,(anonymous_14)
FNF:15
FNH:15
FNDA:18,(anonymous_0)
FNDA:18,(anonymous_1)
FNDA:18,(anonymous_2)
FNDA:18,(anonymous_3)
FNDA:18,(anonymous_4)
FNDA:18,(anonymous_5)
FNDA:18,(anonymous_6)
FNDA:18,(anonymous_7)
FNDA:18,(anonymous_8)
FNDA:18,(anonymous_9)
FNDA:18,(anonymous_10)
FNDA:18,(anonymous_11)
FNDA:18,(anonymous_12)
FNDA:18,(anonymous_13)
FNDA:18,(anonymous_14)
DA:5,3
DA:6,18
DA:11,3
DA:12,18
DA:13,18
DA:17,3
DA:19,18
DA:22,3
DA:24,18
DA:28,3
DA:32,18
DA:33,18
DA:38,3
DA:40,18
DA:41,18
DA:42,18
DA:43,18
DA:44,18
DA:45,18
DA:48,3
DA:50,18
DA:64,3
DA:72,18
LF:23
LH:23
BRDA:45,0,0,7
BRDA:45,0,1,11
BRF:2
BRH:2
end_of_record
TN:
SF:/Users/steniowagner/Documents/dev/cine-tasty-mobile/src/components/screens/quiz/components/questions/multi-choice-question/MultiChoiceQuestion.tsx
FN:8,(anonymous_0)
FN:9,(anonymous_1)
FN:18,(anonymous_2)
FN:23,(anonymous_3)
FN:30,(anonymous_4)
FNF:5
FNH:5
FNDA:11,(anonymous_0)
FNDA:11,(anonymous_1)
FNDA:11,(anonymous_2)
FNDA:44,(anonymous_3)
FNDA:44,(anonymous_4)
DA:7,3
DA:8,11
DA:9,11
DA:18,3
DA:19,11
DA:24,44
DA:30,44
LF:7
LH:7
BRF:0
BRH:0
end_of_record
TN:
SF:/Users/steniowagner/Documents/dev/cine-tasty-mobile/src/components/screens/quiz/components/questions/multi-choice-question/MultiChoiceQuestionListItem.tsx
FN:15,(anonymous_0)
FN:16,(anonymous_1)
FN:17,(anonymous_2)
FN:19,(anonymous_3)
FN:20,(anonymous_4)
FN:25,(anonymous_5)
FN:27,(anonymous_6)
FN:32,(anonymous_7)
FN:34,(anonymous_8)
FN:44,(anonymous_9)
FN:46,(anonymous_10)
FN:66,(anonymous_11)
FNF:12
FNH:12
FNDA:22,(anonymous_0)
FNDA:22,(anonymous_1)
FNDA:22,(anonymous_2)
FNDA:22,(anonymous_3)
FNDA:22,(anonymous_4)
FNDA:22,(anonymous_5)
FNDA:22,(anonymous_6)
FNDA:22,(anonymous_7)
FNDA:22,(anonymous_8)
FNDA:22,(anonymous_9)
FNDA:3,(anonymous_10)
FNDA:24,(anonymous_11)
DA:12,3
DA:15,22
DA:16,22
DA:17,22
DA:19,22
DA:20,22
DA:23,3
DA:25,22
DA:27,22
DA:30,3
DA:32,22
DA:34,22
DA:44,3
DA:45,22
DA:46,3
DA:66,24
LF:16
LH:16
BRDA:17,0,0,3
BRDA:17,0,1,19
BRDA:19,1,0,3
BRDA:19,1,1,19
BRDA:34,2,0,3
BRDA:34,2,1,19
BRDA:52,3,0,3
BRDA:52,3,1,19
BRDA:53,4,0,3
BRDA:53,4,1,19
BRDA:66,5,0,24
BRDA:66,5,1,21
BRDA:66,5,2,23
BRDA:66,5,3,3
BRF:14
BRH:14
end_of_record
TN:
SF:/Users/steniowagner/Documents/dev/cine-tasty-mobile/src/components/screens/quiz/components/results/ResultListItem.tsx
FN:12,(anonymous_0)
FN:13,(anonymous_1)
FN:19,(anonymous_2)
FN:20,(anonymous_3)
FN:21,(anonymous_4)
FN:25,(anonymous_5)
FN:26,(anonymous_6)
FN:30,(anonymous_7)
FN:31,(anonymous_8)
FN:38,(anonymous_9)
FN:40,(anonymous_10)
FN:47,(anonymous_11)
FN:55,(anonymous_12)
FN:66,(anonymous_13)
FNF:14
FNH:14
FNDA:2,(anonymous_0)
FNDA:2,(anonymous_1)
FNDA:2,(anonymous_2)
FNDA:2,(anonymous_3)
FNDA:2,(anonymous_4)
FNDA:2,(anonymous_5)
FNDA:2,(anonymous_6)
FNDA:2,(anonymous_7)
FNDA:2,(anonymous_8)
FNDA:2,(anonymous_9)
FNDA:2,(anonymous_10)
FNDA:4,(anonymous_11)
FNDA:2,(anonymous_12)
FNDA:2,(anonymous_13)
DA:10,2
DA:12,2
DA:13,2
DA:17,2
DA:19,2
DA:20,2
DA:21,2
DA:24,2
DA:25,2
DA:26,2
DA:30,2
DA:31,2
DA:35,2
DA:38,2
DA:40,2
DA:45,2
DA:47,4
DA:52,2
DA:55,2
DA:63,2
DA:64,2
DA:66,2
DA:67,2
DA:69,2
DA:71,2
LF:25
LH:25
BRDA:67,0,0,1
BRDA:67,0,1,1
BRF:2
BRH:2
end_of_record
TN:
SF:/Users/steniowagner/Documents/dev/cine-tasty-mobile/src/components/screens/quiz/components/results/Results.tsx
FN:22,(anonymous_0)
FN:34,(anonymous_1)
FN:37,(anonymous_2)
FN:39,(anonymous_3)
FN:51,(anonymous_4)
FN:61,(anonymous_5)
FNF:6
FNH:6
FNDA:2,(anonymous_0)
FNDA:2,(anonymous_1)
FNDA:2,(anonymous_2)
FNDA:2,(anonymous_3)
FNDA:2,(anonymous_4)
FNDA:5,(anonymous_5)
DA:14,2
DA:20,2
DA:22,2
DA:34,2
DA:35,2
DA:37,2
DA:38,2
DA:39,2
DA:43,2
DA:48,2
DA:52,2
DA:61,5
LF:12
LH:12
BRF:0
BRH:0
end_of_record
TN:
SF:/Users/steniowagner/Documents/dev/cine-tasty-mobile/src/components/screens/quiz/components/results/useResults.ts
FN:26,(anonymous_0)
FN:31,(anonymous_1)
FN:34,(anonymous_2)
FN:45,(anonymous_3)
FN:53,(anonymous_4)
FN:55,(anonymous_5)
FNF:6
FNH:3
FNDA:2,(anonymous_0)
FNDA:1,(anonymous_1)
FNDA:2,(anonymous_2)
FNDA:0,(anonymous_3)
FNDA:0,(anonymous_4)
FNDA:0,(anonymous_5)
DA:26,2
DA:27,2
DA:29,2
DA:31,2
DA:32,1
DA:34,2
DA:42,1
DA:45,2
DA:46,0
DA:53,0
DA:55,0
DA:61,2
LF:12
LH:9
BRF:0
BRH:0
end_of_record
TN:
SF:/Users/steniowagner/Documents/dev/cine-tasty-mobile/src/components/screens/quiz/components/setup-questions/DropdownOption.tsx
FN:12,(anonymous_0)
FN:13,(anonymous_1)
FN:14,(anonymous_2)
FN:18,(anonymous_3)
FN:20,(anonymous_4)
FN:23,(anonymous_5)
FN:34,(anonymous_6)
FNF:7
FNH:7
FNDA:93,(anonymous_0)
FNDA:93,(anonymous_1)
FNDA:93,(anonymous_2)
FNDA:93,(anonymous_3)
FNDA:93,(anonymous_4)
FNDA:93,(anonymous_5)
FNDA:93,(anonymous_6)
DA:7,2
DA:12,93
DA:13,93
DA:14,93
DA:17,2
DA:18,93
DA:20,93
DA:23,93
DA:34,2
DA:35,93
LF:10
LH:10
BRF:0
BRH:0
end_of_record
TN:
SF:/Users/steniowagner/Documents/dev/cine-tasty-mobile/src/components/screens/quiz/components/setup-questions/NumberOfQuestionts.tsx
FN:10,(anonymous_0)
FN:11,(anonymous_1)
FN:28,(anonymous_2)
FN:42,(anonymous_3)
FN:45,(anonymous_4)
FNF:5
FNH:4
FNDA:93,(anonymous_0)
FNDA:93,(anonymous_1)
FNDA:31,(anonymous_2)
FNDA:0,(anonymous_3)
FNDA:1,(anonymous_4)
DA:6,2
DA:7,2
DA:9,2
DA:10,93
DA:11,93
DA:15,2
DA:28,2
DA:29,31
DA:31,31
DA:42,0
DA:45,1
LF:11
LH:10
BRF:0
BRH:0
end_of_record
TN:
SF:/Users/steniowagner/Documents/dev/cine-tasty-mobile/src/components/screens/quiz/components/setup-questions/OptionListItem.tsx
FN:13,(anonymous_0)
FN:17,(anonymous_1)
FN:22,(anonymous_2)
FN:23,(anonymous_3)
FN:26,(anonymous_4)
FN:38,(anonymous_5)
FN:41,(anonymous_6)
FNF:7
FNH:7
FNDA:42,(anonymous_0)
FNDA:42,(anonymous_1)
FNDA:42,(anonymous_2)
FNDA:42,(anonymous_3)
FNDA:15,(anonymous_4)
FNDA:20,(anonymous_5)
FNDA:42,(anonymous_6)
DA:11,2
DA:13,42
DA:17,42
DA:20,2
DA:22,42
DA:23,42
DA:26,15
DA:38,20
DA:41,2
DA:42,42
LF:10
LH:10
BRDA:23,0,0,15
BRDA:23,0,1,27
BRDA:38,1,0,20
BRDA:38,1,1,14
BRDA:38,1,2,14
BRDA:38,1,3,6
BRDA:51,2,0,42
BRDA:51,2,1,15
BRF:8
BRH:8
end_of_record
TN:
SF:/Users/steniowagner/Documents/dev/cine-tasty-mobile/src/components/screens/quiz/components/setup-questions/SetupQuestions.tsx
FN:21,(anonymous_0)
FN:22,(anonymous_1)
FN:36,(anonymous_2)
FN:37,(anonymous_3)
FN:38,(anonymous_4)
FN:40,(anonymous_5)
FN:47,(anonymous_6)
FN:71,(anonymous_7)
FN:76,(anonymous_8)
FN:81,(anonymous_9)
FN:106,(anonymous_10)
FN:109,(anonymous_11)
FN:113,(anonymous_12)
FN:114,(anonymous_13)
FNF:14
FNH:14
FNDA:31,(anonymous_0)
FNDA:31,(anonymous_1)
FNDA:124,(anonymous_2)
FNDA:124,(anonymous_3)
FNDA:124,(anonymous_4)
FNDA:124,(anonymous_5)
FNDA:31,(anonymous_6)
FNDA:3,(anonymous_7)
FNDA:3,(anonymous_8)
FNDA:3,(anonymous_9)
FNDA:50,(anonymous_10)
FNDA:6,(anonymous_11)
FNDA:35,(anonymous_12)
FNDA:50,(anonymous_13)
DA:17,2
DA:21,31
DA:22,31
DA:25,2
DA:29,2
DA:35,2
DA:36,124
DA:37,124
DA:38,124
DA:40,124
DA:47,2
DA:64,31
DA:66,31
DA:71,3
DA:76,3
DA:81,3
DA:107,50
DA:109,6
DA:113,35
DA:114,50
LF:20
LH:20
BRDA:98,0,0,31
BRDA:98,0,1,15
BRF:2
BRH:2
end_of_record
TN:
SF:/Users/steniowagner/Documents/dev/cine-tasty-mobile/src/components/screens/quiz/components/setup-questions/useSetupQuestions.ts
FN:44,(anonymous_0)
FN:65,(anonymous_1)
FN:93,(anonymous_2)
FN:97,(anonymous_3)
FN:106,(anonymous_4)
FN:129,(anonymous_5)
FN:145,(anonymous_6)
FN:156,(anonymous_7)
FNF:8
FNH:8
FNDA:31,(anonymous_0)
FNDA:9,(anonymous_1)
FNDA:9,(anonymous_2)
FNDA:9,(anonymous_3)
FNDA:9,(anonymous_4)
FNDA:6,(anonymous_5)
FNDA:2,(anonymous_6)
FNDA:6,(anonymous_7)
DA:11,2
DA:44,2
DA:45,31
DA:48,31
DA:51,31
DA:54,31
DA:55,31
DA:56,31
DA:57,31
DA:58,31
DA:62,31
DA:64,31
DA:67,9
DA:69,9
DA:70,3
DA:71,3
DA:74,9
DA:75,3
DA:76,3
DA:79,9
DA:80,3
DA:81,3
DA:84,9
DA:92,31
DA:94,9
DA:96,9
DA:97,9
DA:100,9
DA:105,31
DA:107,9
DA:109,9
DA:111,9
DA:112,3
DA:113,3
DA:116,9
DA:117,3
DA:118,3
DA:121,9
DA:122,3
DA:123,3
DA:129,31
DA:130,6
DA:131,2
DA:134,6
DA:135,2
DA:138,6
DA:139,2
DA:142,6
DA:145,31
DA:146,2
DA:154,31
DA:156,6
LF:52
LH:52
BRDA:69,0,0,3
BRDA:69,0,1,6
BRDA:74,1,0,3
BRDA:74,1,1,6
BRDA:79,2,0,3
BRDA:79,2,1,6
BRDA:111,3,0,3
BRDA:111,3,1,6
BRDA:116,4,0,3
BRDA:116,4,1,6
BRDA:121,5,0,3
BRDA:121,5,1,6
BRDA:130,6,0,2
BRDA:130,6,1,4
BRDA:134,7,0,2
BRDA:134,7,1,4
BRDA:138,8,0,2
BRDA:138,8,1,4
BRF:18
BRH:18
end_of_record
TN:
SF:/Users/steniowagner/Documents/dev/cine-tasty-mobile/src/components/screens/quiz/components/setup-questions/options/categories.ts
FNF:0
FNH:0
DA:4,2
LF:1
LH:1
BRF:0
BRH:0
end_of_record
TN:
SF:/Users/steniowagner/Documents/dev/cine-tasty-mobile/src/components/screens/quiz/components/setup-questions/options/difficulties.ts
FNF:0
FNH:0
DA:4,2
LF:1
LH:1
BRF:0
BRH:0
end_of_record
TN:
SF:/Users/steniowagner/Documents/dev/cine-tasty-mobile/src/components/screens/quiz/components/setup-questions/options/index.ts
FNF:0
FNH:0
LF:0
LH:0
BRF:0
BRH:0
end_of_record
TN:
SF:/Users/steniowagner/Documents/dev/cine-tasty-mobile/src/components/screens/quiz/components/setup-questions/options/types.ts
FNF:0
FNH:0
DA:4,2
LF:1
LH:1
BRF:0
BRH:0
end_of_record
TN:
SF:/Users/steniowagner/Documents/dev/cine-tasty-mobile/src/components/screens/quiz/routes/route-names.ts
FNF:0
FNH:0
DA:5,4
LF:1
LH:1
BRF:0
BRH:0
end_of_record
TN:
SF:/Users/steniowagner/Documents/dev/cine-tasty-mobile/src/components/screens/quiz/routes/stack-routes.tsx
FN:16,(anonymous_0)
FN:48,(anonymous_1)
FN:57,(anonymous_2)
FNF:3
FNH:0
FNDA:0,(anonymous_0)
FNDA:0,(anonymous_1)
FNDA:0,(anonymous_2)
DA:14,1
DA:16,1
DA:17,0
DA:19,0
DA:48,0
DA:57,1
DA:58,0
DA:63,1
LF:8
LH:4
BRF:0
BRH:0
end_of_record
TN:
SF:/Users/steniowagner/Documents/dev/cine-tasty-mobile/src/components/screens/search/components/search/Search.tsx
FN:34,(anonymous_0)
FN:53,(anonymous_1)
FN:55,(anonymous_2)
FN:58,(anonymous_3)
FN:65,(anonymous_4)
FN:88,(anonymous_5)
FN:93,(anonymous_6)
FN:111,(anonymous_7)
FN:117,(anonymous_8)
FN:119,(anonymous_9)
FN:126,(anonymous_10)
FNF:11
FNH:8
FNDA:57,(anonymous_0)
FNDA:10,(anonymous_1)
FNDA:16,(anonymous_2)
FNDA:0,(anonymous_3)
FNDA:0,(anonymous_4)
FNDA:47,(anonymous_5)
FNDA:47,(anonymous_6)
FNDA:9,(anonymous_7)
FNDA:280,(anonymous_8)
FNDA:0,(anonymous_9)
FNDA:304,(anonymous_10)
DA:23,7
DA:34,7
DA:46,57
DA:53,57
DA:54,10
DA:56,16
DA:58,0
DA:65,57
DA:66,0
DA:67,0
DA:70,0
DA:71,0
DA:74,0
DA:75,0
DA:79,57
DA:80,10
DA:83,47
DA:85,47
DA:89,47
DA:94,47
DA:111,9
DA:118,280
DA:119,0
DA:126,304
LF:24
LH:16
BRDA:66,0,0,0
BRDA:66,0,1,0
BRDA:70,1,0,0
BRDA:70,1,1,0
BRDA:74,2,0,0
BRDA:74,2,1,0
BRDA:79,3,0,10
BRDA:79,3,1,47
BRDA:83,4,0,47
BRDA:83,4,1,22
BRDA:83,4,2,3
BRDA:89,5,0,47
BRDA:89,5,1,3
BRDA:131,6,0,47
BRDA:131,6,1,6
BRF:15
BRH:9
end_of_record
TN:
SF:/Users/steniowagner/Documents/dev/cine-tasty-mobile/src/components/screens/search/components/search/use-search/usePaginatedSearch.ts
FN:43,(anonymous_0)
FN:53,(anonymous_1)
FN:60,(anonymous_2)
FN:71,(anonymous_3)
FN:83,(anonymous_4)
FN:88,(anonymous_5)
FN:97,(anonymous_6)
FN:98,(anonymous_7)
FN:110,(anonymous_8)
FNF:9
FNH:9
FNDA:57,(anonymous_0)
FNDA:6,(anonymous_1)
FNDA:3,(anonymous_2)
FNDA:3,(anonymous_3)
FNDA:6,(anonymous_4)
FNDA:22,(anonymous_5)
FNDA:6,(anonymous_6)
FNDA:6,(anonymous_7)
FNDA:8,(anonymous_8)
DA:8,7
DA:10,7
DA:43,7
DA:50,57
DA:52,57
DA:54,6
DA:55,6
DA:58,6
DA:60,3
DA:65,3
DA:66,0
DA:69,3
DA:71,3
DA:76,3
DA:82,57
DA:84,6
DA:88,57
DA:89,22
DA:90,6
DA:97,57
DA:98,6
DA:99,6
DA:100,0
DA:103,6
DA:110,57
DA:111,8
DA:114,57
LF:27
LH:25
BRDA:65,0,0,0
BRDA:65,0,1,3
BRDA:89,1,0,6
BRDA:89,1,1,16
BRDA:99,2,0,0
BRDA:99,2,1,6
BRF:6
BRH:4
end_of_record
TN:
SF:/Users/steniowagner/Documents/dev/cine-tasty-mobile/src/components/screens/search/components/search/use-search/useSearch.ts
FN:37,(anonymous_0)
FN:61,(anonymous_1)
FN:62,(anonymous_2)
FN:70,(anonymous_3)
FN:83,(anonymous_4)
FN:98,(anonymous_5)
FN:104,(anonymous_6)
FN:114,(anonymous_7)
FN:124,(anonymous_8)
FNF:9
FNH:9
FNDA:57,(anonymous_0)
FNDA:3,(anonymous_1)
FNDA:3,(anonymous_2)
FNDA:3,(anonymous_3)
FNDA:10,(anonymous_4)
FNDA:1,(anonymous_5)
FNDA:19,(anonymous_6)
FNDA:6,(anonymous_7)
FNDA:5,(anonymous_8)
DA:12,7
DA:37,7
DA:43,57
DA:46,57
DA:47,57
DA:48,57
DA:50,57
DA:52,57
DA:54,57
DA:60,57
DA:62,3
DA:70,57
DA:71,3
DA:72,3
DA:75,57
DA:83,57
DA:84,10
DA:85,10
DA:87,8
DA:89,8
DA:94,2
DA:98,57
DA:99,1
DA:101,1
DA:104,57
DA:105,19
DA:107,19
DA:109,19
DA:110,9
DA:114,57
DA:115,6
DA:117,6
DA:119,6
DA:120,6
DA:124,57
DA:125,5
DA:126,4
DA:130,57
LF:38
LH:38
BRDA:109,0,0,9
BRDA:109,0,1,10
BRDA:119,1,0,6
BRDA:119,1,1,0
BRDA:119,2,0,6
BRDA:119,2,1,6
BRDA:125,3,0,4
BRDA:125,3,1,1
BRDA:125,4,0,5
BRDA:125,4,1,4
BRF:10
BRH:9
end_of_record
TN:
SF:/Users/steniowagner/Documents/dev/cine-tasty-mobile/src/components/screens/search/components/search/use-search/useSearchByQuery.ts
FN:26,(anonymous_0)
FN:30,(anonymous_1)
FN:35,(anonymous_2)
FN:39,(anonymous_3)
FNF:4
FNH:4
FNDA:57,(anonymous_0)
FNDA:9,(anonymous_1)
FNDA:9,(anonymous_2)
FNDA:10,(anonymous_3)
DA:8,7
DA:26,7
DA:27,57
DA:29,57
DA:31,9
DA:35,57
DA:36,9
DA:39,57
DA:40,10
DA:41,10
DA:43,10
DA:47,10
DA:49,8
DA:51,8
DA:53,2
DA:55,2
DA:59,57
LF:17
LH:17
BRF:0
BRH:0
end_of_record
TN:
SF:/Users/steniowagner/Documents/dev/cine-tasty-mobile/src/components/screens/search/queries/index.ts
FNF:0
FNH:0
LF:0
LH:0
BRF:0
BRH:0
end_of_record
TN:
SF:/Users/steniowagner/Documents/dev/cine-tasty-mobile/src/components/screens/search/queries/search-person.ts
FNF:0
FNH:0
DA:3,13
LF:1
LH:1
BRF:0
BRH:0
end_of_record
TN:
SF:/Users/steniowagner/Documents/dev/cine-tasty-mobile/src/components/utils/tab-navigator/TabNavigator.tsx
FN:19,(anonymous_0)
FN:20,(anonymous_1)
FN:22,(anonymous_2)
FN:37,(anonymous_3)
FN:40,(anonymous_4)
FN:68,(anonymous_5)
FN:70,(anonymous_6)
FN:83,(anonymous_7)
FNF:8
FNH:8
FNDA:3,(anonymous_0)
FNDA:3,(anonymous_1)
FNDA:3,(anonymous_2)
FNDA:4,(anonymous_3)
FNDA:4,(anonymous_4)
FNDA:12,(anonymous_5)
FNDA:1,(anonymous_6)
FNDA:4,(anonymous_7)
DA:18,1
DA:19,3
DA:20,3
DA:22,3
DA:26,1
DA:35,1
DA:37,1
DA:38,4
DA:40,4
DA:41,4
DA:43,4
DA:44,0
DA:47,4
DA:49,4
DA:50,1
DA:53,3
DA:55,3
DA:58,4
DA:60,4
DA:61,1
DA:64,3
DA:69,12
DA:70,1
DA:83,1
DA:84,4
LF:25
LH:24
BRDA:20,0,0,3
BRDA:20,0,1,0
BRDA:23,1,0,1
BRDA:23,1,1,0
BRDA:43,2,0,0
BRDA:43,2,1,4
BRDA:49,3,0,1
BRDA:49,3,1,3
BRDA:49,4,0,4
BRDA:49,4,1,4
BRDA:60,5,0,1
BRDA:60,5,1,3
BRF:12
BRH:9
end_of_record
TN:
SF:/Users/steniowagner/Documents/dev/cine-tasty-mobile/src/components/utils/tab-navigator/TabNavigatorItem.tsx
FN:17,(anonymous_0)
FN:24,(anonymous_1)
FN:26,(anonymous_2)
FN:27,(anonymous_3)
FN:40,(anonymous_4)
FN:44,(anonymous_5)
FNF:6
FNH:5
FNDA:16,(anonymous_0)
FNDA:16,(anonymous_1)
FNDA:16,(anonymous_2)
FNDA:16,(anonymous_3)
FNDA:0,(anonymous_4)
FNDA:16,(anonymous_5)
DA:16,2
DA:17,16
DA:23,2
DA:24,16
DA:26,16
DA:27,16
DA:40,2
DA:43,2
DA:47,16
DA:48,16
DA:50,16
LF:11
LH:11
BRDA:24,0,0,0
BRDA:24,0,1,16
BRDA:40,1,0,0
BRDA:40,1,1,0
BRDA:40,1,2,0
BRDA:40,1,3,0
BRDA:47,2,0,6
BRDA:47,2,1,10
BRDA:48,3,0,6
BRDA:48,3,1,10
BRF:10
BRH:5
end_of_record
TN:
SF:/Users/steniowagner/Documents/dev/cine-tasty-mobile/src/components/utils/tab-navigator/items.ts
FNF:0
FNH:0
DA:8,1
LF:1
LH:1
BRF:0
BRH:0
end_of_record
TN:
SF:/Users/steniowagner/Documents/dev/cine-tasty-mobile/src/hooks/index.ts
FNF:0
FNH:0
LF:0
LH:0
BRF:0
BRH:0
end_of_record
TN:
SF:/Users/steniowagner/Documents/dev/cine-tasty-mobile/src/hooks/useLoadListItemImage.ts
FN:16,(anonymous_0)
FN:23,(anonymous_1)
FN:29,(anonymous_2)
FN:33,(anonymous_3)
FN:40,(anonymous_4)
FN:42,(anonymous_5)
FNF:6
FNH:3
FNDA:601,(anonymous_0)
FNDA:227,(anonymous_1)
FNDA:0,(anonymous_2)
FNDA:227,(anonymous_3)
FNDA:0,(anonymous_4)
FNDA:0,(anonymous_5)
DA:16,16
DA:17,601
DA:18,601
DA:19,601
DA:21,601
DA:23,601
DA:24,227
DA:25,0
DA:29,0
DA:33,601
DA:34,227
DA:35,69
DA:39,601
DA:40,0
DA:42,0
LF:15
LH:11
BRDA:24,0,0,0
BRDA:24,0,1,227
BRDA:24,1,0,227
BRDA:24,1,1,0
BRDA:34,2,0,69
BRDA:34,2,1,158
BRF:6
BRH:4
end_of_record
TN:
SF:/Users/steniowagner/Documents/dev/cine-tasty-mobile/src/hooks/use-paginated-query/useEntryQuery.ts
FN:17,(anonymous_0)
FN:27,(anonymous_1)
FNF:2
FNH:2
FNDA:103,(anonymous_0)
FNDA:27,(anonymous_1)
DA:17,16
DA:24,103
DA:26,103
DA:28,27
DA:29,27
DA:31,27
DA:33,19
DA:35,19
DA:37,19
DA:40,8
DA:41,8
DA:43,8
DA:49,103
LF:13
LH:13
BRDA:18,0,0,53
BRDA:27,1,0,14
BRF:2
BRH:2
end_of_record
TN:
SF:/Users/steniowagner/Documents/dev/cine-tasty-mobile/src/hooks/use-paginated-query/usePaginatedQuery.ts
FN:31,(anonymous_0)
FN:46,(anonymous_1)
FN:47,(anonymous_2)
FN:61,(anonymous_3)
FN:70,(anonymous_4)
FN:73,(anonymous_5)
FN:79,(anonymous_6)
FNF:7
FNH:7
FNDA:103,(anonymous_0)
FNDA:103,(anonymous_1)
FNDA:23,(anonymous_2)
FNDA:4,(anonymous_3)
FNDA:8,(anonymous_4)
FNDA:19,(anonymous_5)
FNDA:17,(anonymous_6)
DA:31,16
DA:40,103
DA:45,103
DA:46,103
DA:47,23
DA:59,103
DA:61,4
DA:64,103
DA:70,8
DA:73,103
DA:74,19
DA:75,10
DA:79,103
DA:80,17
DA:82,17
DA:85,103
LF:16
LH:16
BRDA:32,0,0,53
BRDA:74,1,0,10
BRDA:74,1,1,9
BRF:3
BRH:3
end_of_record
TN:
SF:/Users/steniowagner/Documents/dev/cine-tasty-mobile/src/hooks/use-paginated-query/useQueryWithPagination.ts
FN:36,(anonymous_0)
FN:45,(anonymous_1)
FN:56,(anonymous_2)
FN:67,(anonymous_3)
FN:78,(anonymous_4)
FN:83,(anonymous_5)
FN:89,(anonymous_6)
FN:94,(anonymous_7)
FN:107,(anonymous_8)
FN:111,(anonymous_9)
FNF:10
FNH:10
FNDA:103,(anonymous_0)
FNDA:8,(anonymous_1)
FNDA:4,(anonymous_2)
FNDA:4,(anonymous_3)
FNDA:8,(anonymous_4)
FNDA:58,(anonymous_5)
FNDA:10,(anonymous_6)
FNDA:8,(anonymous_7)
FNDA:17,(anonymous_8)
FNDA:19,(anonymous_9)
DA:8,16
DA:10,16
DA:36,16
DA:42,103
DA:44,103
DA:46,8
DA:47,8
DA:52,8
DA:54,4
DA:56,4
DA:63,4
DA:65,4
DA:67,4
DA:77,103
DA:79,8
DA:83,103
DA:84,58
DA:85,8
DA:89,103
DA:90,10
DA:91,2
DA:94,8
DA:95,8
DA:96,0
DA:99,8
DA:107,103
DA:108,17
DA:111,103
DA:112,19
DA:118,103
LF:30
LH:29
BRDA:37,0,0,53
BRDA:84,1,0,8
BRDA:84,1,1,50
BRDA:90,2,0,2
BRDA:90,2,1,8
BRDA:95,3,0,0
BRDA:95,3,1,8
BRF:7
BRH:6
end_of_record
TN:
SF:/Users/steniowagner/Documents/dev/cine-tasty-mobile/src/i18n/handleLanguageDetection.ts
FN:11,(anonymous_0)
FN:39,(anonymous_1)
FN:48,(anonymous_2)
FNF:3
FNH:3
FNDA:6,(anonymous_0)
FNDA:6,(anonymous_1)
FNDA:7,(anonymous_2)
DA:11,7
DA:12,6
DA:34,6
DA:36,6
DA:39,7
DA:40,6
DA:45,6
DA:48,7
DA:49,7
DA:54,7
DA:55,1
DA:58,6
DA:60,6
DA:62,6
DA:64,6
LF:15
LH:15
BRDA:34,0,0,6
BRDA:34,0,1,3
BRDA:40,1,0,4
BRDA:40,1,1,2
BRDA:41,2,0,4
BRDA:41,2,1,2
BRDA:54,3,0,1
BRDA:54,3,1,6
BRF:8
BRH:8
end_of_record
TN:
SF:/Users/steniowagner/Documents/dev/cine-tasty-mobile/src/routes/constants.ts
FN:3,(anonymous_0)
FNF:1
FNH:0
FNDA:0,(anonymous_0)
DA:3,1
LF:1
LH:1
BRF:0
BRH:0
end_of_record
TN:
SF:/Users/steniowagner/Documents/dev/cine-tasty-mobile/src/styles/metrics/index.ts
FN:5,(anonymous_0)
FN:15,(anonymous_1)
FNF:2
FNH:2
FNDA:2621,(anonymous_0)
FNDA:73,(anonymous_1)
DA:3,37
DA:5,37
DA:6,2621
DA:8,2621
DA:12,2621
DA:15,37
DA:16,73
DA:18,73
DA:22,73
LF:9
LH:9
BRDA:26,0,0,37
BRDA:26,0,1,0
BRF:2
BRH:1
end_of_record
TN:
SF:/Users/steniowagner/Documents/dev/cine-tasty-mobile/src/styles/theme-context-provider/ThemeContextProvider.tsx
FN:17,(anonymous_0)
FN:21,(anonymous_1)
FNF:2
FNH:1
FNDA:0,(anonymous_0)
FNDA:8,(anonymous_1)
DA:16,1
DA:21,1
DA:22,8
DA:24,8
LF:4
LH:4
BRF:0
BRH:0
end_of_record
TN:
SF:/Users/steniowagner/Documents/dev/cine-tasty-mobile/src/styles/theme-context-provider/useThemeContextProvider.ts
FN:19,(anonymous_0)
FN:22,(anonymous_1)
FN:37,(anonymous_2)
FN:41,(anonymous_3)
FN:42,(anonymous_4)
FN:51,(anonymous_5)
FNF:6
FNH:6
FNDA:20,(anonymous_0)
FNDA:8,(anonymous_1)
FNDA:8,(anonymous_2)
FNDA:4,(anonymous_3)
FNDA:4,(anonymous_4)
FNDA:20,(anonymous_5)
DA:19,2
DA:20,20
DA:22,20
DA:23,8
DA:28,8
DA:29,2
DA:31,2
DA:34,6
DA:37,20
DA:38,8
DA:41,20
DA:42,4
DA:43,4
DA:45,4
DA:47,4
DA:51,20
DA:52,20
DA:54,20
DA:57,20
LF:19
LH:19
BRDA:28,0,0,2
BRDA:28,0,1,6
BRDA:43,1,0,2
BRDA:43,1,1,2
BRDA:52,2,0,7
BRDA:52,2,1,13
BRF:6
BRH:6
end_of_record
TN:
SF:/Users/steniowagner/Documents/dev/cine-tasty-mobile/src/styles/themes/dark.ts
FNF:0
FNH:0
DA:6,37
LF:1
LH:1
BRF:0
BRH:0
end_of_record
TN:
SF:/Users/steniowagner/Documents/dev/cine-tasty-mobile/src/styles/themes/index.ts
FNF:0
FNH:0
LF:0
LH:0
BRF:0
BRH:0
end_of_record
TN:
SF:/Users/steniowagner/Documents/dev/cine-tasty-mobile/src/styles/themes/light.ts
FNF:0
FNH:0
DA:6,37
LF:1
LH:1
BRF:0
BRH:0
end_of_record
TN:
SF:/Users/steniowagner/Documents/dev/cine-tasty-mobile/src/types/index.ts
FNF:0
FNH:0
LF:0
LH:0
BRF:0
BRH:0
end_of_record
TN:
SF:/Users/steniowagner/Documents/dev/cine-tasty-mobile/src/types/schema.ts
FNF:0
FNH:0
LF:0
LH:0
BRF:0
BRH:0
end_of_record
TN:
SF:/Users/steniowagner/Documents/dev/cine-tasty-mobile/src/utils/constants.ts
FNF:0
FNH:0
DA:1,28
DA:8,28
DA:16,28
LF:3
LH:3
BRF:0
BRH:0
end_of_record
TN:
SF:/Users/steniowagner/Documents/dev/cine-tasty-mobile/src/utils/debounce.ts
FN:1,(anonymous_0)
FN:4,(anonymous_1)
FN:10,(anonymous_2)
FNF:3
FNH:3
FNDA:217,(anonymous_0)
FNDA:23,(anonymous_1)
FNDA:23,(anonymous_2)
DA:1,16
DA:2,217
DA:4,217
DA:5,23
DA:6,4
DA:7,4
DA:10,23
DA:13,217
LF:8
LH:8
BRDA:5,0,0,4
BRDA:5,0,1,19
BRF:2
BRH:2
end_of_record
TN:
SF:/Users/steniowagner/Documents/dev/cine-tasty-mobile/src/utils/useImperativeQuery.ts
FN:5,(anonymous_0)
FN:11,(anonymous_1)
FNF:2
FNH:2
FNDA:160,(anonymous_0)
FNDA:51,(anonymous_1)
DA:5,16
DA:9,160
DA:11,160
DA:13,160
LF:4
LH:4
BRDA:7,0,0,57
BRF:1
BRH:1
end_of_record
TN:
SF:/Users/steniowagner/Documents/dev/cine-tasty-mobile/src/utils/async-storage-adapter/AsyncStorageAdapter.ts
FN:5,(anonymous_0)
FN:20,(anonymous_1)
FN:22,(anonymous_2)
FNF:3
FNH:3
FNDA:2,(anonymous_0)
FNDA:1,(anonymous_1)
FNDA:2,(anonymous_2)
DA:5,4
DA:9,2
DA:13,2
DA:14,1
DA:17,1
DA:20,4
DA:22,4
LF:7
LH:7
BRDA:13,0,0,1
BRDA:13,0,1,1
BRF:2
BRH:2
end_of_record
TN:
SF:/Users/steniowagner/Documents/dev/cine-tasty-mobile/src/utils/is-equals-or-largest-than-iphonex/isEqualsOrLargestThanIphoneX.ts
FN:8,(anonymous_0)
FNF:1
FNH:1
FNDA:34,(anonymous_0)
DA:3,11
DA:5,11
DA:6,11
DA:8,11
DA:9,34
DA:10,34
DA:12,34
LF:7
LH:7
BRDA:9,0,0,34
BRDA:9,0,1,32
BRDA:10,1,0,34
BRDA:10,1,1,32
BRDA:13,2,0,34
BRDA:13,2,1,33
BRDA:13,2,2,1
BRF:7
BRH:7
end_of_record
