TN:
SF:/Users/steniowagner/Documents/dev/cine-tasty-mobile/src/components/common/CustomRefreshControl.tsx
FN:4,(anonymous_0)
FNF:1
FNH:1
FNDA:27,(anonymous_0)
DA:4,27
LF:1
LH:1
BRF:0
BRH:0
end_of_record
TN:
SF:/Users/steniowagner/Documents/dev/cine-tasty-mobile/src/components/common/HeaderIconButton.tsx
FN:13,(anonymous_0)
FN:21,(anonymous_1)
FN:22,(anonymous_2)
FN:23,(anonymous_3)
FN:28,(anonymous_4)
FN:41,(anonymous_5)
FNF:6
FNH:6
FNDA:267,(anonymous_0)
FNDA:267,(anonymous_1)
FNDA:267,(anonymous_2)
FNDA:267,(anonymous_3)
FNDA:267,(anonymous_4)
FNDA:267,(anonymous_5)
DA:13,267
DA:21,267
DA:22,267
DA:23,267
DA:28,267
DA:41,36
DA:48,267
LF:7
LH:7
BRDA:21,0,0,102
BRDA:21,0,1,165
BRDA:22,1,0,165
BRDA:22,1,1,102
BRDA:23,2,0,142
BRDA:23,2,1,125
BRF:6
BRH:6
end_of_record
TN:
SF:/Users/steniowagner/Documents/dev/cine-tasty-mobile/src/components/common/Icon.tsx
FN:16,(anonymous_0)
FNF:1
FNH:1
FNDA:6463,(anonymous_0)
DA:6,73
DA:16,73
DA:17,6463
LF:3
LH:3
BRDA:7,0,0,73
BRDA:7,0,1,0
BRF:2
BRH:1
end_of_record
TN:
SF:/Users/steniowagner/Documents/dev/cine-tasty-mobile/src/components/common/LoadingIndicator.tsx
FN:12,(anonymous_0)
FN:17,(anonymous_1)
FNF:2
FNH:2
FNDA:8,(anonymous_0)
FNDA:8,(anonymous_1)
DA:5,3
DA:12,8
DA:17,3
DA:18,8
LF:4
LH:4
BRF:0
BRH:0
end_of_record
TN:
SF:/Users/steniowagner/Documents/dev/cine-tasty-mobile/src/components/common/ModalSelectButton.tsx
FN:9,(anonymous_0)
FN:14,(anonymous_1)
FN:19,(anonymous_2)
FN:29,(anonymous_3)
FNF:4
FNH:4
FNDA:30,(anonymous_0)
FNDA:30,(anonymous_1)
FNDA:30,(anonymous_2)
FNDA:30,(anonymous_3)
DA:7,6
DA:9,30
DA:14,30
DA:17,6
DA:19,30
DA:29,6
DA:30,30
LF:7
LH:7
BRDA:9,0,0,30
BRDA:9,0,1,0
BRF:2
BRH:1
end_of_record
TN:
SF:/Users/steniowagner/Documents/dev/cine-tasty-mobile/src/components/common/PaginatedListHeader.tsx
FN:7,(anonymous_0)
FN:16,(anonymous_1)
FN:19,(anonymous_2)
FN:29,(anonymous_3)
FNF:4
FNH:4
FNDA:16,(anonymous_0)
FNDA:16,(anonymous_1)
FNDA:16,(anonymous_2)
FNDA:16,(anonymous_3)
DA:7,30
DA:16,16
DA:19,30
DA:29,30
DA:30,16
LF:5
LH:5
BRF:0
BRH:0
end_of_record
TN:
SF:/Users/steniowagner/Documents/dev/cine-tasty-mobile/src/components/common/RoundedButton.tsx
FN:6,(anonymous_0)
FN:7,(anonymous_1)
FN:8,(anonymous_2)
FN:9,(anonymous_3)
FN:10,(anonymous_4)
FN:14,(anonymous_5)
FN:28,(anonymous_6)
FNF:7
FNH:7
FNDA:59,(anonymous_0)
FNDA:59,(anonymous_1)
FNDA:59,(anonymous_2)
FNDA:59,(anonymous_3)
FNDA:59,(anonymous_4)
FNDA:59,(anonymous_5)
FNDA:59,(anonymous_6)
DA:5,7
DA:6,59
DA:7,59
DA:8,59
DA:9,59
DA:10,59
DA:13,7
DA:14,59
DA:28,7
DA:29,59
LF:10
LH:10
BRDA:10,0,0,0
BRDA:10,0,1,59
BRF:2
BRH:1
end_of_record
TN:
SF:/Users/steniowagner/Documents/dev/cine-tasty-mobile/src/components/common/RouteSuspenseWrapper.tsx
FN:10,(anonymous_0)
FN:13,(anonymous_1)
FN:25,(anonymous_2)
FNF:3
FNH:0
FNDA:0,(anonymous_0)
FNDA:0,(anonymous_1)
FNDA:0,(anonymous_2)
DA:5,1
DA:10,0
DA:13,1
DA:25,1
DA:26,0
LF:5
LH:3
BRF:0
BRH:0
end_of_record
TN:
SF:/Users/steniowagner/Documents/dev/cine-tasty-mobile/src/components/common/Section.tsx
FN:19,(anonymous_0)
FN:20,(anonymous_1)
FN:21,(anonymous_2)
FN:25,(anonymous_3)
FN:26,(anonymous_4)
FN:27,(anonymous_5)
FN:28,(anonymous_6)
FN:40,(anonymous_7)
FNF:8
FNH:8
FNDA:206,(anonymous_0)
FNDA:206,(anonymous_1)
FNDA:206,(anonymous_2)
FNDA:206,(anonymous_3)
FNDA:206,(anonymous_4)
FNDA:206,(anonymous_5)
FNDA:206,(anonymous_6)
FNDA:206,(anonymous_7)
DA:17,8
DA:19,206
DA:20,206
DA:21,206
DA:24,8
DA:25,206
DA:26,206
DA:27,206
DA:28,206
DA:40,8
DA:47,206
LF:11
LH:11
BRDA:19,0,0,0
BRDA:19,0,1,206
BRDA:20,1,0,22
BRDA:20,1,1,184
BRDA:21,2,0,54
BRDA:21,2,1,152
BRDA:25,3,0,206
BRDA:25,3,1,0
BRF:8
BRH:6
end_of_record
TN:
SF:/Users/steniowagner/Documents/dev/cine-tasty-mobile/src/components/common/SectionViewAll.tsx
FN:12,(anonymous_0)
FN:17,(anonymous_1)
FN:26,(anonymous_2)
FN:27,(anonymous_3)
FN:31,(anonymous_4)
FN:35,(anonymous_5)
FN:36,(anonymous_6)
FN:43,(anonymous_7)
FN:47,(anonymous_8)
FN:60,(anonymous_9)
FNF:10
FNH:9
FNDA:0,(anonymous_0)
FNDA:170,(anonymous_1)
FNDA:170,(anonymous_2)
FNDA:170,(anonymous_3)
FNDA:170,(anonymous_4)
FNDA:170,(anonymous_5)
FNDA:170,(anonymous_6)
FNDA:170,(anonymous_7)
FNDA:170,(anonymous_8)
FNDA:170,(anonymous_9)
DA:10,5
DA:12,0
DA:15,5
DA:17,170
DA:24,5
DA:26,170
DA:27,170
DA:30,5
DA:31,170
DA:35,170
DA:36,170
DA:39,5
DA:43,170
DA:47,170
DA:60,5
DA:61,170
DA:63,170
LF:17
LH:16
BRDA:60,0,0,154
BRDA:70,1,0,170
BRDA:70,1,1,170
BRF:3
BRH:3
end_of_record
TN:
SF:/Users/steniowagner/Documents/dev/cine-tasty-mobile/src/components/common/advise/Advise.tsx
FN:15,(anonymous_0)
FN:16,(anonymous_1)
FN:19,(anonymous_2)
FN:20,(anonymous_3)
FN:26,(anonymous_4)
FN:29,(anonymous_5)
FN:30,(anonymous_6)
FN:36,(anonymous_7)
FN:39,(anonymous_8)
FN:40,(anonymous_9)
FN:48,(anonymous_10)
FN:49,(anonymous_11)
FN:52,(anonymous_12)
FN:65,(anonymous_13)
FNF:14
FNH:14
FNDA:26,(anonymous_0)
FNDA:26,(anonymous_1)
FNDA:26,(anonymous_2)
FNDA:26,(anonymous_3)
FNDA:25,(anonymous_4)
FNDA:25,(anonymous_5)
FNDA:25,(anonymous_6)
FNDA:25,(anonymous_7)
FNDA:25,(anonymous_8)
FNDA:25,(anonymous_9)
FNDA:25,(anonymous_10)
FNDA:25,(anonymous_11)
FNDA:26,(anonymous_12)
FNDA:26,(anonymous_13)
DA:7,31
DA:14,31
DA:15,26
DA:16,26
DA:19,26
DA:20,26
DA:23,31
DA:26,25
DA:29,25
DA:30,25
DA:33,31
DA:36,25
DA:39,25
DA:40,25
DA:43,31
DA:48,25
DA:49,25
DA:52,31
DA:65,31
DA:68,26
LF:20
LH:20
BRDA:78,0,0,26
BRDA:78,0,1,25
BRDA:79,1,0,26
BRDA:79,1,1,25
BRDA:80,2,0,26
BRDA:80,2,1,25
BRF:6
BRH:6
end_of_record
TN:
SF:/Users/steniowagner/Documents/dev/cine-tasty-mobile/src/components/common/expansible-text-section/ExpansibleTextSection.tsx
FN:13,(anonymous_0)
FN:22,(anonymous_1)
FNF:2
FNH:2
FNDA:7,(anonymous_0)
FNDA:16,(anonymous_1)
DA:11,3
DA:13,7
DA:22,3
DA:23,16
LF:4
LH:4
BRDA:27,0,0,9
BRDA:27,0,1,7
BRF:2
BRH:2
end_of_record
TN:
SF:/Users/steniowagner/Documents/dev/cine-tasty-mobile/src/components/common/expansible-text-section/LoadingExpansibleTextSection.tsx
FN:15,(anonymous_0)
FN:21,(anonymous_1)
FNF:2
FNH:2
FNDA:9,(anonymous_0)
FNDA:36,(anonymous_1)
DA:9,3
DA:11,3
DA:15,3
DA:16,9
DA:22,36
LF:5
LH:5
BRF:0
BRH:0
end_of_record
TN:
SF:/Users/steniowagner/Documents/dev/cine-tasty-mobile/src/components/common/famous-list-item/FamousListItem.tsx
FN:16,(anonymous_0)
FN:17,(anonymous_1)
FN:19,(anonymous_2)
FN:25,(anonymous_3)
FN:34,(anonymous_4)
FN:35,(anonymous_5)
FN:38,(anonymous_6)
FN:53,(anonymous_7)
FN:66,(anonymous_8)
FN:106,(anonymous_9)
FNF:10
FNH:10
FNDA:269,(anonymous_0)
FNDA:269,(anonymous_1)
FNDA:269,(anonymous_2)
FNDA:269,(anonymous_3)
FNDA:269,(anonymous_4)
FNDA:269,(anonymous_5)
FNDA:269,(anonymous_6)
FNDA:269,(anonymous_7)
FNDA:214,(anonymous_8)
FNDA:275,(anonymous_9)
DA:13,27
DA:16,269
DA:17,269
DA:19,269
DA:22,27
DA:25,269
DA:28,27
DA:34,269
DA:35,269
DA:38,269
DA:43,27
DA:53,27
DA:62,269
DA:66,269
DA:67,214
DA:69,214
DA:72,269
DA:106,275
LF:18
LH:18
BRDA:86,0,0,269
BRDA:86,0,1,269
BRDA:96,1,0,55
BRDA:96,1,1,214
BRF:4
BRH:4
end_of_record
TN:
SF:/Users/steniowagner/Documents/dev/cine-tasty-mobile/src/components/common/famous-list-item/FamousListItemLoadingPlaceholder.tsx
FN:15,(anonymous_0)
FNF:1
FNH:1
FNDA:234,(anonymous_0)
DA:15,27
DA:16,234
DA:18,234
DA:20,234
LF:4
LH:4
BRF:0
BRH:0
end_of_record
TN:
SF:/Users/steniowagner/Documents/dev/cine-tasty-mobile/src/components/common/famous-list-item/getWrapperMeasures.ts
FN:5,(anonymous_0)
FNF:1
FNH:1
FNDA:448,(anonymous_0)
DA:3,27
DA:5,448
LF:2
LH:2
BRDA:8,0,0,147
BRDA:8,0,1,301
BRF:2
BRH:2
end_of_record
TN:
SF:/Users/steniowagner/Documents/dev/cine-tasty-mobile/src/components/common/full-media-list-item/FullMediaListItem.tsx
FN:12,(anonymous_0)
FN:22,(anonymous_1)
FN:23,(anonymous_2)
FN:24,(anonymous_3)
FN:31,(anonymous_4)
FN:32,(anonymous_5)
FN:33,(anonymous_6)
FN:46,(anonymous_7)
FNF:8
FNH:8
FNDA:784,(anonymous_0)
FNDA:680,(anonymous_1)
FNDA:680,(anonymous_2)
FNDA:680,(anonymous_3)
FNDA:680,(anonymous_4)
FNDA:680,(anonymous_5)
FNDA:680,(anonymous_6)
FNDA:680,(anonymous_7)
DA:9,28
DA:12,784
DA:15,28
DA:19,28
DA:22,680
DA:23,680
DA:24,680
DA:28,28
DA:31,680
DA:32,680
DA:33,680
DA:46,28
DA:54,680
LF:13
LH:13
BRDA:48,0,0,296
BRF:1
BRH:1
end_of_record
TN:
SF:/Users/steniowagner/Documents/dev/cine-tasty-mobile/src/components/common/full-media-list-item/LoadingFullMediaList.tsx
FN:14,(anonymous_0)
FN:16,(anonymous_1)
FN:23,(anonymous_2)
FN:25,(anonymous_3)
FN:59,(anonymous_4)
FNF:5
FNH:5
FNDA:84,(anonymous_0)
FNDA:416,(anonymous_1)
FNDA:26,(anonymous_2)
FNDA:104,(anonymous_3)
FNDA:104,(anonymous_4)
DA:10,21
DA:12,21
DA:14,84
DA:16,416
DA:23,21
DA:24,26
DA:26,104
DA:59,104
LF:8
LH:8
BRF:0
BRH:0
end_of_record
TN:
SF:/Users/steniowagner/Documents/dev/cine-tasty-mobile/src/components/common/full-media-list-item/MediaImage.tsx
FN:14,(anonymous_0)
FN:15,(anonymous_1)
FN:16,(anonymous_2)
FN:21,(anonymous_3)
FN:22,(anonymous_4)
FN:26,(anonymous_5)
FN:27,(anonymous_6)
FN:30,(anonymous_7)
FN:41,(anonymous_8)
FNF:9
FNH:9
FNDA:759,(anonymous_0)
FNDA:759,(anonymous_1)
FNDA:759,(anonymous_2)
FNDA:759,(anonymous_3)
FNDA:759,(anonymous_4)
FNDA:759,(anonymous_5)
FNDA:759,(anonymous_6)
FNDA:759,(anonymous_7)
FNDA:759,(anonymous_8)
DA:10,28
DA:12,28
DA:14,759
DA:15,759
DA:16,759
DA:19,28
DA:21,759
DA:22,759
DA:26,759
DA:27,759
DA:30,759
DA:39,28
DA:41,28
DA:48,759
DA:52,759
LF:15
LH:15
BRDA:61,0,0,759
BRDA:61,0,1,759
BRDA:71,1,0,296
BRDA:71,1,1,463
BRF:4
BRH:4
end_of_record
TN:
SF:/Users/steniowagner/Documents/dev/cine-tasty-mobile/src/components/common/images-list/ImageListItem.tsx
FN:14,(anonymous_0)
FN:15,(anonymous_1)
FN:16,(anonymous_2)
FN:23,(anonymous_3)
FN:24,(anonymous_4)
FN:30,(anonymous_5)
FN:39,(anonymous_6)
FN:40,(anonymous_7)
FN:43,(anonymous_8)
FN:56,(anonymous_9)
FNF:10
FNH:10
FNDA:50,(anonymous_0)
FNDA:50,(anonymous_1)
FNDA:50,(anonymous_2)
FNDA:50,(anonymous_3)
FNDA:50,(anonymous_4)
FNDA:50,(anonymous_5)
FNDA:50,(anonymous_6)
FNDA:50,(anonymous_7)
FNDA:50,(anonymous_8)
FNDA:50,(anonymous_9)
DA:13,4
DA:14,50
DA:15,50
DA:17,50
DA:18,22
DA:21,28
DA:23,50
DA:24,50
DA:27,4
DA:30,50
DA:33,4
DA:39,50
DA:40,50
DA:43,50
DA:48,4
DA:56,4
DA:63,50
DA:67,50
LF:18
LH:18
BRDA:17,0,0,22
BRDA:17,0,1,28
BRDA:80,1,0,50
BRDA:80,1,1,50
BRDA:90,2,0,0
BRDA:90,2,1,50
BRF:6
BRH:5
end_of_record
TN:
SF:/Users/steniowagner/Documents/dev/cine-tasty-mobile/src/components/common/images-list/ImagesList.tsx
FN:19,(anonymous_0)
FN:24,(anonymous_1)
FN:26,(anonymous_2)
FN:35,(anonymous_3)
FNF:4
FNH:3
FNDA:22,(anonymous_0)
FNDA:50,(anonymous_1)
FNDA:0,(anonymous_2)
FNDA:50,(anonymous_3)
DA:19,4
DA:20,22
DA:22,22
DA:25,50
DA:26,0
DA:35,50
LF:6
LH:5
BRF:0
BRH:0
end_of_record
TN:
SF:/Users/steniowagner/Documents/dev/cine-tasty-mobile/src/components/common/loading-famous-list/LoadingFamousList.tsx
FN:17,(anonymous_0)
FN:19,(anonymous_1)
FN:21,(anonymous_2)
FN:31,(anonymous_3)
FN:38,(anonymous_4)
FNF:5
FNH:5
FNDA:26,(anonymous_0)
FNDA:26,(anonymous_1)
FNDA:234,(anonymous_2)
FNDA:234,(anonymous_3)
FNDA:234,(anonymous_4)
DA:9,27
DA:17,27
DA:18,26
DA:19,26
DA:21,234
DA:25,26
DA:32,234
DA:38,234
LF:8
LH:8
BRF:0
BRH:0
end_of_record
TN:
SF:/Users/steniowagner/Documents/dev/cine-tasty-mobile/src/components/common/loading-placeholder/LoadingPlaceholder.tsx
FN:15,(anonymous_0)
FNF:1
FNH:1
FNDA:1205,(anonymous_0)
DA:15,39
DA:21,1205
DA:27,1205
LF:3
LH:3
BRDA:16,0,0,196
BRDA:30,1,0,1205
BRDA:30,1,1,1187
BRF:3
BRH:3
end_of_record
TN:
SF:/Users/steniowagner/Documents/dev/cine-tasty-mobile/src/components/common/loading-placeholder/useLoadingPlaceholder.ts
FN:17,(anonymous_0)
FN:21,(anonymous_1)
FN:25,(anonymous_2)
FN:41,(anonymous_3)
FN:48,(anonymous_4)
FNF:5
FNH:5
FNDA:1205,(anonymous_0)
FNDA:1205,(anonymous_1)
FNDA:1205,(anonymous_2)
FNDA:1205,(anonymous_3)
FNDA:1205,(anonymous_4)
DA:15,39
DA:17,39
DA:18,1205
DA:20,1205
DA:21,1205
DA:25,1205
DA:26,1205
DA:40,1205
DA:41,1205
DA:48,1205
DA:49,1205
DA:52,1205
LF:12
LH:12
BRF:0
BRH:0
end_of_record
TN:
SF:/Users/steniowagner/Documents/dev/cine-tasty-mobile/src/components/common/media-item-description/MediaItemDescription.tsx
FN:8,(anonymous_0)
FN:9,(anonymous_1)
FN:14,(anonymous_2)
FN:15,(anonymous_3)
FN:20,(anonymous_4)
FN:28,(anonymous_5)
FN:41,(anonymous_6)
FNF:7
FNH:7
FNDA:37,(anonymous_0)
FNDA:37,(anonymous_1)
FNDA:6,(anonymous_2)
FNDA:6,(anonymous_3)
FNDA:6,(anonymous_4)
FNDA:37,(anonymous_5)
FNDA:5,(anonymous_6)
DA:7,7
DA:8,37
DA:9,37
DA:13,7
DA:14,6
DA:15,6
DA:19,7
DA:20,6
DA:28,7
DA:35,37
DA:37,37
DA:41,5
LF:12
LH:12
BRDA:45,0,0,37
BRDA:45,0,1,2
BRDA:47,1,0,37
BRDA:47,1,1,6
BRF:4
BRH:4
end_of_record
TN:
SF:/Users/steniowagner/Documents/dev/cine-tasty-mobile/src/components/common/media-item-description/useMediaItemDescription.ts
FN:16,(anonymous_0)
FN:23,(anonymous_1)
FN:36,(anonymous_2)
FN:46,(anonymous_3)
FNF:4
FNH:4
FNDA:37,(anonymous_0)
FNDA:5,(anonymous_1)
FNDA:3,(anonymous_2)
FNDA:37,(anonymous_3)
DA:4,7
DA:5,7
DA:6,7
DA:16,7
DA:17,37
DA:18,37
DA:20,37
DA:22,37
DA:24,5
DA:25,3
DA:26,3
DA:29,5
DA:30,2
DA:36,37
DA:37,3
DA:38,2
DA:41,3
DA:42,1
DA:46,37
DA:47,37
DA:49,37
DA:50,5
DA:53,32
DA:56,37
LF:24
LH:24
BRDA:24,0,0,3
BRDA:24,0,1,2
BRDA:24,1,0,5
BRDA:24,1,1,5
BRDA:29,2,0,2
BRDA:29,2,1,3
BRDA:29,3,0,5
BRDA:29,3,1,5
BRDA:37,4,0,2
BRDA:37,4,1,1
BRDA:41,5,0,1
BRDA:41,5,1,2
BRDA:49,6,0,5
BRDA:49,6,1,32
BRF:14
BRH:14
end_of_record
TN:
SF:/Users/steniowagner/Documents/dev/cine-tasty-mobile/src/components/common/pagination-footer/PaginationFooter.tsx
FN:11,(anonymous_0)
FN:16,(anonymous_1)
FN:22,(anonymous_2)
FN:31,(anonymous_3)
FN:41,(anonymous_4)
FNF:5
FNH:5
FNDA:110,(anonymous_0)
FNDA:19,(anonymous_1)
FNDA:19,(anonymous_2)
FNDA:45,(anonymous_3)
FNDA:110,(anonymous_4)
DA:9,37
DA:11,110
DA:16,37
DA:22,37
DA:31,45
DA:41,37
DA:42,110
LF:7
LH:7
BRDA:45,0,0,110
BRDA:45,0,1,45
BRDA:54,1,0,110
BRDA:54,1,1,19
BRF:4
BRH:4
end_of_record
TN:
SF:/Users/steniowagner/Documents/dev/cine-tasty-mobile/src/components/common/popup-advice/PopupAdvice.tsx
FN:11,(anonymous_0)
FN:12,(anonymous_1)
FN:13,(anonymous_2)
FN:14,(anonymous_3)
FN:15,(anonymous_4)
FN:20,(anonymous_5)
FN:29,(anonymous_6)
FN:29,(anonymous_7)
FN:32,(anonymous_8)
FN:33,(anonymous_9)
FN:45,(anonymous_10)
FN:46,(anonymous_11)
FNF:12
FNH:12
FNDA:38,(anonymous_0)
FNDA:38,(anonymous_1)
FNDA:38,(anonymous_2)
FNDA:38,(anonymous_3)
FNDA:38,(anonymous_4)
FNDA:38,(anonymous_5)
FNDA:38,(anonymous_6)
FNDA:1,(anonymous_7)
FNDA:33,(anonymous_8)
FNDA:19,(anonymous_9)
FNDA:24,(anonymous_10)
FNDA:19,(anonymous_11)
DA:5,40
DA:6,40
DA:8,40
DA:11,38
DA:12,38
DA:13,38
DA:14,38
DA:15,38
DA:18,40
DA:20,38
DA:29,40
DA:30,38
DA:32,38
DA:33,33
DA:34,19
DA:41,33
DA:46,24
DA:47,19
DA:52,38
LF:19
LH:19
BRDA:29,0,0,36
BRF:1
BRH:1
end_of_record
TN:
SF:/Users/steniowagner/Documents/dev/cine-tasty-mobile/src/components/common/progressive-image/ProgressiveImage.tsx
FN:15,(anonymous_0)
FN:39,(anonymous_1)
FNF:2
FNH:2
FNDA:71,(anonymous_0)
FNDA:71,(anonymous_1)
DA:11,6
DA:15,71
DA:18,6
DA:39,6
DA:46,71
DA:48,71
LF:6
LH:6
BRDA:39,0,0,14
BRDA:52,1,0,71
BRDA:52,1,1,71
BRF:3
BRH:3
end_of_record
TN:
SF:/Users/steniowagner/Documents/dev/cine-tasty-mobile/src/components/common/progressive-image/useProgressiveImage.ts
FN:12,(anonymous_0)
FN:18,(anonymous_1)
FN:25,(anonymous_2)
FN:29,(anonymous_3)
FNF:4
FNH:1
FNDA:71,(anonymous_0)
FNDA:0,(anonymous_1)
FNDA:0,(anonymous_2)
FNDA:0,(anonymous_3)
DA:12,6
DA:13,71
DA:15,71
DA:16,71
DA:18,71
DA:19,0
DA:25,71
DA:26,0
DA:29,0
DA:32,71
LF:10
LH:7
BRF:0
BRH:0
end_of_record
TN:
SF:/Users/steniowagner/Documents/dev/cine-tasty-mobile/src/components/common/searchbar/SearchBar.android.tsx
FN:9,(anonymous_0)
FN:11,(anonymous_1)
FN:14,(anonymous_2)
FN:25,(anonymous_3)
FN:27,(anonymous_4)
FN:28,(anonymous_5)
FN:38,(anonymous_6)
FN:45,(anonymous_7)
FN:62,(anonymous_8)
FNF:9
FNH:9
FNDA:4,(anonymous_0)
FNDA:4,(anonymous_1)
FNDA:4,(anonymous_2)
FNDA:4,(anonymous_3)
FNDA:4,(anonymous_4)
FNDA:4,(anonymous_5)
FNDA:4,(anonymous_6)
FNDA:4,(anonymous_7)
FNDA:1,(anonymous_8)
DA:7,1
DA:9,4
DA:11,4
DA:14,4
DA:25,4
DA:27,4
DA:28,4
DA:38,1
DA:44,4
DA:45,4
DA:46,4
DA:47,4
DA:51,4
DA:62,1
LF:14
LH:14
BRDA:46,0,0,4
BRDA:46,0,1,0
BRDA:46,1,0,4
BRDA:46,1,1,4
BRF:4
BRH:3
end_of_record
TN:
SF:/Users/steniowagner/Documents/dev/cine-tasty-mobile/src/components/common/searchbar/SearchBar.ios.tsx
FN:12,(anonymous_0)
FN:14,(anonymous_1)
FN:15,(anonymous_2)
FN:22,(anonymous_3)
FN:33,(anonymous_4)
FN:35,(anonymous_5)
FN:36,(anonymous_6)
FN:46,(anonymous_7)
FN:66,(anonymous_8)
FNF:9
FNH:9
FNDA:64,(anonymous_0)
FNDA:64,(anonymous_1)
FNDA:64,(anonymous_2)
FNDA:64,(anonymous_3)
FNDA:64,(anonymous_4)
FNDA:64,(anonymous_5)
FNDA:64,(anonymous_6)
FNDA:64,(anonymous_7)
FNDA:40,(anonymous_8)
DA:8,22
DA:10,22
DA:12,64
DA:14,64
DA:15,64
DA:18,22
DA:22,64
DA:33,64
DA:35,64
DA:36,64
DA:46,22
DA:52,64
DA:54,64
DA:66,40
LF:14
LH:14
BRF:0
BRH:0
end_of_record
TN:
SF:/Users/steniowagner/Documents/dev/cine-tasty-mobile/src/components/common/simplified-media-list-item/SimplifiedMediaListItem.tsx
FN:28,(anonymous_0)
FN:29,(anonymous_1)
FN:30,(anonymous_2)
FN:37,(anonymous_3)
FN:43,(anonymous_4)
FN:44,(anonymous_5)
FN:50,(anonymous_6)
FN:52,(anonymous_7)
FN:53,(anonymous_8)
FN:59,(anonymous_9)
FN:68,(anonymous_10)
FN:69,(anonymous_11)
FN:74,(anonymous_12)
FN:79,(anonymous_13)
FN:93,(anonymous_14)
FNF:15
FNH:15
FNDA:1048,(anonymous_0)
FNDA:1048,(anonymous_1)
FNDA:1048,(anonymous_2)
FNDA:1048,(anonymous_3)
FNDA:1048,(anonymous_4)
FNDA:1048,(anonymous_5)
FNDA:2096,(anonymous_6)
FNDA:2096,(anonymous_7)
FNDA:2096,(anonymous_8)
FNDA:1048,(anonymous_9)
FNDA:1048,(anonymous_10)
FNDA:1048,(anonymous_11)
FNDA:1048,(anonymous_12)
FNDA:1048,(anonymous_13)
FNDA:1048,(anonymous_14)
DA:11,6
DA:12,6
DA:13,6
DA:14,6
DA:16,6
DA:17,6
DA:27,6
DA:28,1048
DA:29,1048
DA:31,1048
DA:32,180
DA:35,868
DA:37,1048
DA:40,6
DA:43,1048
DA:44,1048
DA:47,6
DA:50,2096
DA:52,2096
DA:53,2096
DA:56,6
DA:59,1048
DA:62,6
DA:68,1048
DA:69,1048
DA:72,6
DA:74,1048
DA:79,1048
DA:93,6
DA:107,1048
DA:111,1048
LF:31
LH:31
BRDA:31,0,0,180
BRDA:31,0,1,868
BRDA:50,1,0,1048
BRDA:50,1,1,1048
BRDA:125,2,0,1048
BRDA:125,2,1,1048
BRDA:135,3,0,0
BRDA:135,3,1,1048
BRF:8
BRH:7
end_of_record
TN:
SF:/Users/steniowagner/Documents/dev/cine-tasty-mobile/src/components/common/stars-votes/StarsVotes.tsx
FN:19,(anonymous_0)
FN:24,(anonymous_1)
FN:27,(anonymous_2)
FN:32,(anonymous_3)
FN:35,(anonymous_4)
FN:40,(anonymous_5)
FN:44,(anonymous_6)
FN:45,(anonymous_7)
FN:46,(anonymous_8)
FN:57,(anonymous_9)
FN:83,(anonymous_10)
FN:96,(anonymous_11)
FN:109,(anonymous_12)
FNF:13
FNH:13
FNDA:1158,(anonymous_0)
FNDA:1158,(anonymous_1)
FNDA:146,(anonymous_2)
FNDA:146,(anonymous_3)
FNDA:1056,(anonymous_4)
FNDA:1056,(anonymous_5)
FNDA:837,(anonymous_6)
FNDA:837,(anonymous_7)
FNDA:837,(anonymous_8)
FNDA:768,(anonymous_9)
FNDA:1158,(anonymous_10)
FNDA:146,(anonymous_11)
FNDA:1056,(anonymous_12)
DA:14,34
DA:19,1158
DA:24,1158
DA:27,146
DA:32,146
DA:35,1056
DA:40,1056
DA:43,34
DA:44,837
DA:45,837
DA:46,837
DA:57,34
DA:60,768
DA:62,768
DA:63,768
DA:65,768
DA:84,1158
DA:97,146
DA:110,1056
LF:19
LH:19
BRDA:46,0,0,837
BRDA:46,0,1,829
BRDA:62,1,0,768
BRDA:62,1,1,726
BRDA:63,2,0,768
BRDA:63,2,1,726
BRDA:67,3,0,768
BRDA:67,3,1,420
BRDA:77,4,0,768
BRDA:77,4,1,327
BRDA:90,5,0,768
BRDA:90,5,1,146
BRDA:103,6,0,768
BRDA:103,6,1,302
BRDA:117,7,0,768
BRDA:117,7,1,417
BRF:16
BRH:16
end_of_record
TN:
SF:/Users/steniowagner/Documents/dev/cine-tasty-mobile/src/components/common/stars-votes/useStarsVotes.ts
FN:11,(anonymous_0)
FN:13,(anonymous_1)
FN:18,(anonymous_2)
FN:23,(anonymous_3)
FN:27,(anonymous_4)
FNF:5
FNH:5
FNDA:768,(anonymous_0)
FNDA:208,(anonymous_1)
FNDA:208,(anonymous_2)
FNDA:208,(anonymous_3)
FNDA:312,(anonymous_4)
DA:3,34
DA:11,34
DA:12,768
DA:13,208
DA:17,768
DA:18,208
DA:22,768
DA:23,208
DA:27,768
DA:28,312
DA:29,56
DA:36,256
DA:37,48
DA:44,208
DA:45,208
DA:46,208
DA:48,208
DA:55,768
LF:18
LH:18
BRDA:28,0,0,56
BRDA:28,0,1,256
BRDA:36,1,0,48
BRDA:36,1,1,208
BRF:4
BRH:4
end_of_record
TN:
SF:/Users/steniowagner/Documents/dev/cine-tasty-mobile/src/components/screens/famous/components/Famous.tsx
FN:32,(anonymous_0)
FN:43,(anonymous_1)
FN:45,(anonymous_2)
FN:47,(anonymous_3)
FN:76,(anonymous_4)
FN:81,(anonymous_5)
FN:105,(anonymous_6)
FN:107,(anonymous_7)
FN:118,(anonymous_8)
FNF:9
FNH:9
FNDA:45,(anonymous_0)
FNDA:11,(anonymous_1)
FNDA:8,(anonymous_2)
FNDA:1,(anonymous_3)
FNDA:33,(anonymous_4)
FNDA:33,(anonymous_5)
FNDA:199,(anonymous_6)
FNDA:1,(anonymous_7)
FNDA:217,(anonymous_8)
DA:20,6
DA:21,6
DA:22,6
DA:24,6
DA:32,6
DA:42,45
DA:43,45
DA:44,11
DA:46,8
DA:47,1
DA:61,45
DA:62,12
DA:69,33
DA:70,33
DA:72,33
DA:76,33
DA:81,33
DA:106,199
DA:107,1
DA:118,217
LF:20
LH:20
BRDA:61,0,0,12
BRDA:61,0,1,33
BRDA:69,1,0,33
BRDA:69,1,1,13
BRDA:69,1,2,2
BRDA:70,2,0,33
BRDA:70,2,1,20
BRDA:70,2,2,18
BRDA:76,3,0,33
BRDA:76,3,1,2
BRDA:81,4,0,33
BRDA:81,4,1,7
BRDA:122,5,0,33
BRDA:122,5,1,4
BRF:14
BRH:14
end_of_record
TN:
SF:/Users/steniowagner/Documents/dev/cine-tasty-mobile/src/components/screens/famous/components/useFamous.ts
FN:39,(anonymous_0)
FN:46,(anonymous_1)
FN:47,(anonymous_2)
FN:61,(anonymous_3)
FN:65,(anonymous_4)
FN:77,(anonymous_5)
FN:85,(anonymous_6)
FNF:7
FNH:7
FNDA:45,(anonymous_0)
FNDA:11,(anonymous_1)
FNDA:11,(anonymous_2)
FNDA:2,(anonymous_3)
FNDA:3,(anonymous_4)
FNDA:1,(anonymous_5)
FNDA:1,(anonymous_6)
DA:23,6
DA:36,6
DA:37,6
DA:39,6
DA:40,45
DA:41,45
DA:42,45
DA:44,45
DA:46,45
DA:47,11
DA:52,11
DA:57,45
DA:62,2
DA:63,2
DA:66,3
DA:68,3
DA:69,0
DA:77,45
DA:78,1
DA:80,1
DA:82,1
DA:85,45
DA:86,1
DA:88,1
DA:90,1
DA:93,45
LF:26
LH:25
BRDA:68,0,0,0
BRDA:68,0,1,3
BRF:2
BRH:1
end_of_record
TN:
SF:/Users/steniowagner/Documents/dev/cine-tasty-mobile/src/components/screens/famous/routes/route-names.ts
FNF:0
FNH:0
DA:11,1
LF:1
LH:1
BRF:0
BRH:0
end_of_record
TN:
SF:/Users/steniowagner/Documents/dev/cine-tasty-mobile/src/components/screens/famous/routes/stack-routes.tsx
FN:27,(anonymous_0)
FN:59,(anonymous_1)
FN:66,(anonymous_2)
FN:74,(anonymous_3)
FNF:4
FNH:0
FNDA:0,(anonymous_0)
FNDA:0,(anonymous_1)
FNDA:0,(anonymous_2)
FNDA:0,(anonymous_3)
DA:21,1
DA:27,1
DA:28,0
DA:30,0
DA:59,0
DA:66,0
DA:74,0
DA:90,1
LF:8
LH:3
BRF:0
BRH:0
end_of_record
TN:
SF:/Users/steniowagner/Documents/dev/cine-tasty-mobile/src/components/screens/home/components/Home.tsx
FN:34,(anonymous_0)
FN:49,(anonymous_1)
FN:51,(anonymous_2)
FN:57,(anonymous_3)
FN:77,(anonymous_4)
FN:79,(anonymous_5)
FN:80,(anonymous_6)
FNF:7
FNH:6
FNDA:111,(anonymous_0)
FNDA:90,(anonymous_1)
FNDA:90,(anonymous_2)
FNDA:0,(anonymous_3)
FNDA:154,(anonymous_4)
FNDA:1,(anonymous_5)
FNDA:7,(anonymous_6)
DA:18,3
DA:34,3
DA:47,111
DA:49,111
DA:50,90
DA:52,90
DA:63,111
DA:64,23
DA:67,88
DA:78,154
DA:79,1
DA:80,7
LF:12
LH:12
BRDA:63,0,0,23
BRDA:63,0,1,88
BRDA:69,1,0,88
BRDA:69,1,1,85
BRDA:92,2,0,88
BRDA:92,2,1,3
BRF:6
BRH:6
end_of_record
TN:
SF:/Users/steniowagner/Documents/dev/cine-tasty-mobile/src/components/screens/home/components/HomeSection.tsx
FN:12,(anonymous_0)
FN:17,(anonymous_1)
FN:31,(anonymous_2)
FN:43,(anonymous_3)
FN:45,(anonymous_4)
FN:53,(anonymous_5)
FNF:6
FNH:5
FNDA:154,(anonymous_0)
FNDA:0,(anonymous_1)
FNDA:154,(anonymous_2)
FNDA:996,(anonymous_3)
FNDA:1,(anonymous_4)
FNDA:996,(anonymous_5)
DA:10,3
DA:12,154
DA:15,3
DA:17,0
DA:31,3
DA:34,154
DA:44,996
DA:45,1
DA:53,996
LF:9
LH:8
BRF:0
BRH:0
end_of_record
TN:
SF:/Users/steniowagner/Documents/dev/cine-tasty-mobile/src/components/screens/home/components/header/Header.tsx
FN:15,(anonymous_0)
FN:21,(anonymous_1)
FN:25,(anonymous_2)
FN:36,(anonymous_3)
FNF:4
FNH:4
FNDA:94,(anonymous_0)
FNDA:94,(anonymous_1)
FNDA:94,(anonymous_2)
FNDA:94,(anonymous_3)
DA:10,4
DA:15,94
DA:21,94
DA:25,94
DA:36,4
DA:43,94
LF:6
LH:6
BRDA:16,0,0,94
BRDA:16,0,1,0
BRF:2
BRH:1
end_of_record
TN:
SF:/Users/steniowagner/Documents/dev/cine-tasty-mobile/src/components/screens/home/components/hooks/useHome.ts
FN:46,(anonymous_0)
FN:100,(anonymous_1)
FN:110,(anonymous_2)
FN:120,(anonymous_3)
FN:122,(anonymous_4)
FN:128,(anonymous_5)
FN:130,(anonymous_6)
FN:136,(anonymous_7)
FN:148,(anonymous_8)
FN:157,(anonymous_9)
FNF:10
FNH:8
FNDA:111,(anonymous_0)
FNDA:44,(anonymous_1)
FNDA:23,(anonymous_2)
FNDA:29,(anonymous_3)
FNDA:26,(anonymous_4)
FNDA:17,(anonymous_5)
FNDA:0,(anonymous_6)
FNDA:25,(anonymous_7)
FNDA:0,(anonymous_8)
FNDA:6,(anonymous_9)
DA:20,3
DA:21,3
DA:22,3
DA:46,3
DA:49,111
DA:52,111
DA:53,111
DA:54,111
DA:55,111
DA:57,111
DA:64,111
DA:69,111
DA:73,111
DA:81,111
DA:90,111
DA:95,111
DA:100,111
DA:101,44
DA:102,6
DA:105,44
DA:106,17
DA:110,111
DA:111,23
DA:112,0
DA:115,23
DA:116,0
DA:120,111
DA:121,29
DA:122,29
DA:123,26
DA:128,111
DA:129,17
DA:130,0
DA:131,0
DA:136,111
DA:137,25
DA:138,1
DA:141,24
DA:142,1
DA:145,23
DA:148,111
DA:149,0
DA:150,0
DA:151,0
DA:154,0
DA:157,111
DA:158,6
DA:160,6
DA:161,0
DA:164,6
DA:167,111
LF:51
LH:42
BRDA:101,0,0,6
BRDA:101,0,1,38
BRDA:101,1,0,44
BRDA:101,1,1,11
BRDA:105,2,0,17
BRDA:105,2,1,27
BRDA:105,3,0,44
BRDA:105,3,1,33
BRDA:111,4,0,0
BRDA:111,4,1,23
BRDA:111,5,0,23
BRDA:111,5,1,6
BRDA:115,6,0,0
BRDA:115,6,1,23
BRDA:115,7,0,23
BRDA:115,7,1,17
BRDA:121,8,0,29
BRDA:121,8,1,0
BRDA:129,9,0,0
BRDA:129,9,1,17
BRDA:137,10,0,1
BRDA:137,10,1,24
BRDA:137,11,0,25
BRDA:137,11,1,18
BRDA:141,12,0,1
BRDA:141,12,1,23
BRDA:141,13,0,24
BRDA:141,13,1,7
BRDA:149,14,0,0
BRDA:149,14,1,0
BRDA:160,15,0,0
BRDA:160,15,1,6
BRDA:168,16,0,83
BRDA:168,16,1,28
BRDA:169,17,0,111
BRDA:169,17,1,94
BRDA:169,17,2,88
BRDA:170,18,0,83
BRDA:170,18,1,28
BRF:39
BRH:32
end_of_record
TN:
SF:/Users/steniowagner/Documents/dev/cine-tasty-mobile/src/components/screens/home/components/hooks/useHomeTrendings.ts
FN:33,(anonymous_0)
FN:38,(anonymous_1)
FNF:2
FNH:2
FNDA:222,(anonymous_0)
FNDA:23,(anonymous_1)
DA:7,3
DA:33,3
DA:34,222
DA:36,222
DA:38,222
DA:39,23
DA:40,23
DA:45,23
DA:49,21
DA:51,21
DA:56,2
DA:63,222
LF:12
LH:12
BRF:0
BRH:0
end_of_record
TN:
SF:/Users/steniowagner/Documents/dev/cine-tasty-mobile/src/components/screens/home/components/hooks/usePressMapping.ts
FN:40,(anonymous_0)
FN:42,(anonymous_1)
FN:56,(anonymous_2)
FN:74,(anonymous_3)
FN:77,(anonymous_4)
FN:78,(anonymous_5)
FN:79,(anonymous_6)
FN:81,(anonymous_7)
FN:88,(anonymous_8)
FN:99,(anonymous_9)
FN:100,(anonymous_10)
FN:101,(anonymous_11)
FN:103,(anonymous_12)
FN:110,(anonymous_13)
FNF:14
FNH:8
FNDA:111,(anonymous_0)
FNDA:1,(anonymous_1)
FNDA:0,(anonymous_2)
FNDA:23,(anonymous_3)
FNDA:0,(anonymous_4)
FNDA:1,(anonymous_5)
FNDA:4,(anonymous_6)
FNDA:0,(anonymous_7)
FNDA:1,(anonymous_8)
FNDA:0,(anonymous_9)
FNDA:0,(anonymous_10)
FNDA:3,(anonymous_11)
FNDA:0,(anonymous_12)
FNDA:1,(anonymous_13)
DA:10,3
DA:11,3
DA:12,3
DA:14,3
DA:15,3
DA:16,3
DA:18,3
DA:40,3
DA:41,111
DA:43,1
DA:55,111
DA:57,0
DA:74,111
DA:75,23
DA:77,0
DA:78,1
DA:80,4
DA:81,0
DA:89,1
DA:99,0
DA:100,0
DA:102,3
DA:103,0
DA:111,1
DA:122,23
DA:124,23
DA:127,111
LF:27
LH:21
BRDA:44,0,0,1
BRDA:44,0,1,0
BRDA:58,1,0,0
BRDA:58,1,1,0
BRDA:122,2,0,17
BRDA:122,2,1,6
BRF:6
BRH:3
end_of_record
TN:
SF:/Users/steniowagner/Documents/dev/cine-tasty-mobile/src/components/screens/home/components/hooks/top3/parseTop3Data.ts
FN:13,(anonymous_0)
FN:16,(anonymous_1)
FNF:2
FNH:2
FNDA:21,(anonymous_0)
FNDA:54,(anonymous_1)
DA:13,3
DA:14,21
DA:16,54
LF:3
LH:3
BRDA:17,0,0,54
BRDA:17,0,1,0
BRF:2
BRH:1
end_of_record
TN:
SF:/Users/steniowagner/Documents/dev/cine-tasty-mobile/src/components/screens/home/components/hooks/top3/useTop3.ts
FN:18,(anonymous_0)
FN:22,(anonymous_1)
FN:34,(anonymous_2)
FN:40,(anonymous_3)
FN:52,(anonymous_4)
FNF:5
FNH:5
FNDA:111,(anonymous_0)
FNDA:16,(anonymous_1)
FNDA:33,(anonymous_2)
FNDA:5,(anonymous_3)
FNDA:22,(anonymous_4)
DA:18,3
DA:19,111
DA:20,111
DA:22,111
DA:23,16
DA:24,0
DA:27,16
DA:29,16
DA:31,16
DA:34,111
DA:35,33
DA:36,16
DA:40,111
DA:41,5
DA:42,0
DA:45,5
DA:47,5
DA:49,5
DA:52,111
DA:53,22
DA:54,5
DA:58,111
LF:22
LH:20
BRDA:23,0,0,0
BRDA:23,0,1,16
BRDA:35,1,0,16
BRDA:35,1,1,17
BRDA:41,2,0,0
BRDA:41,2,1,5
BRDA:53,3,0,5
BRDA:53,3,1,17
BRF:8
BRH:6
end_of_record
TN:
SF:/Users/steniowagner/Documents/dev/cine-tasty-mobile/src/components/screens/home/components/hooks/trendings/parseTrendingToSimplifiedMedia.ts
FN:9,(anonymous_0)
FN:11,(anonymous_1)
FNF:2
FNH:2
FNDA:79,(anonymous_0)
FNDA:502,(anonymous_1)
DA:9,3
DA:11,502
LF:2
LH:2
BRDA:13,0,0,502
BRDA:13,0,1,0
BRF:2
BRH:1
end_of_record
TN:
SF:/Users/steniowagner/Documents/dev/cine-tasty-mobile/src/components/screens/home/components/hooks/trendings/useTrendingMovies.ts
FN:36,(anonymous_0)
FN:42,(anonymous_1)
FN:83,(anonymous_2)
FN:85,(anonymous_3)
FN:88,(anonymous_4)
FN:93,(anonymous_5)
FNF:6
FNH:6
FNDA:111,(anonymous_0)
FNDA:64,(anonymous_1)
FNDA:16,(anonymous_2)
FNDA:80,(anonymous_3)
FNDA:64,(anonymous_4)
FNDA:33,(anonymous_5)
DA:14,3
DA:15,3
DA:17,3
DA:18,3
DA:20,3
DA:21,3
DA:23,3
DA:24,3
DA:36,3
DA:37,111
DA:39,111
DA:41,111
DA:43,64
DA:66,64
DA:67,0
DA:75,64
DA:83,111
DA:84,16
DA:85,80
DA:88,64
DA:90,16
DA:93,111
DA:94,33
DA:95,16
DA:99,111
LF:25
LH:24
BRDA:66,0,0,0
BRDA:66,0,1,64
BRDA:94,1,0,16
BRDA:94,1,1,17
BRF:4
BRH:3
end_of_record
TN:
SF:/Users/steniowagner/Documents/dev/cine-tasty-mobile/src/components/screens/home/components/hooks/trendings/useTrendingTVShows.ts
FN:33,(anonymous_0)
FN:39,(anonymous_1)
FN:75,(anonymous_2)
FN:77,(anonymous_3)
FN:80,(anonymous_4)
FN:85,(anonymous_5)
FNF:6
FNH:6
FNDA:111,(anonymous_0)
FNDA:15,(anonymous_1)
FNDA:5,(anonymous_2)
FNDA:20,(anonymous_3)
FNDA:15,(anonymous_4)
FNDA:22,(anonymous_5)
DA:14,3
DA:15,3
DA:17,3
DA:18,3
DA:20,3
DA:21,3
DA:33,3
DA:34,111
DA:36,111
DA:38,111
DA:40,15
DA:58,15
DA:59,0
DA:67,15
DA:75,111
DA:76,5
DA:77,20
DA:80,15
DA:82,5
DA:85,111
DA:86,22
DA:87,5
DA:91,111
LF:23
LH:22
BRDA:58,0,0,0
BRDA:58,0,1,15
BRDA:86,1,0,5
BRDA:86,1,1,17
BRF:4
BRH:3
end_of_record
TN:
SF:/Users/steniowagner/Documents/dev/cine-tasty-mobile/src/components/screens/home/components/media-section-view-all/MediaSectionViewAll.tsx
FN:29,(anonymous_0)
FN:48,(anonymous_1)
FN:59,(anonymous_2)
FN:61,(anonymous_3)
FN:69,(anonymous_4)
FNF:5
FNH:5
FNDA:35,(anonymous_0)
FNDA:35,(anonymous_1)
FNDA:160,(anonymous_2)
FNDA:2,(anonymous_3)
FNDA:172,(anonymous_4)
DA:14,7
DA:29,7
DA:37,35
DA:43,35
DA:45,35
DA:48,35
DA:60,160
DA:61,2
DA:69,172
LF:9
LH:9
BRDA:43,0,0,35
BRDA:43,0,1,28
BRDA:43,0,2,24
BRDA:48,1,0,35
BRDA:48,1,1,14
BRDA:74,2,0,35
BRDA:74,2,1,4
BRF:7
BRH:7
end_of_record
TN:
SF:/Users/steniowagner/Documents/dev/cine-tasty-mobile/src/components/screens/home/components/media-section-view-all/useMediaSectionViewAll.ts
FN:40,(anonymous_0)
FN:53,(anonymous_1)
FN:64,(anonymous_2)
FN:75,(anonymous_3)
FN:81,(anonymous_4)
FN:84,(anonymous_5)
FN:93,(anonymous_6)
FN:103,(anonymous_7)
FN:109,(anonymous_8)
FNF:9
FNH:8
FNDA:35,(anonymous_0)
FNDA:18,(anonymous_1)
FNDA:17,(anonymous_2)
FNDA:35,(anonymous_3)
FNDA:4,(anonymous_4)
FNDA:4,(anonymous_5)
FNDA:4,(anonymous_6)
FNDA:0,(anonymous_7)
FNDA:2,(anonymous_8)
DA:17,7
DA:18,7
DA:40,7
DA:45,35
DA:46,35
DA:47,35
DA:49,35
DA:51,35
DA:53,35
DA:54,18
DA:61,18
DA:64,35
DA:65,17
DA:71,17
DA:74,35
DA:75,35
DA:81,35
DA:82,4
DA:84,4
DA:89,4
DA:92,35
DA:94,4
DA:98,4
DA:100,4
DA:109,35
DA:110,2
DA:112,2
DA:114,2
DA:117,35
LF:29
LH:29
BRDA:75,0,0,18
BRDA:75,0,1,17
BRDA:94,1,0,2
BRDA:94,1,1,2
BRF:4
BRH:4
end_of_record
TN:
SF:/Users/steniowagner/Documents/dev/cine-tasty-mobile/src/components/screens/home/components/media-section-view-all/useOnGetData.ts
FN:48,(anonymous_0)
FN:50,(anonymous_1)
FN:52,(anonymous_2)
FN:60,(anonymous_3)
FN:68,(anonymous_4)
FN:76,(anonymous_5)
FN:92,(anonymous_6)
FN:94,(anonymous_7)
FN:102,(anonymous_8)
FN:110,(anonymous_9)
FNF:10
FNH:5
FNDA:35,(anonymous_0)
FNDA:18,(anonymous_1)
FNDA:2,(anonymous_2)
FNDA:0,(anonymous_3)
FNDA:0,(anonymous_4)
FNDA:0,(anonymous_5)
FNDA:17,(anonymous_6)
FNDA:2,(anonymous_7)
FNDA:0,(anonymous_8)
FNDA:0,(anonymous_9)
DA:48,7
DA:49,35
DA:51,18
DA:53,2
DA:55,2
DA:61,0
DA:63,0
DA:69,0
DA:71,0
DA:77,0
DA:79,0
DA:86,18
DA:91,35
DA:93,17
DA:95,2
DA:97,2
DA:103,0
DA:105,0
DA:111,0
DA:112,0
DA:113,0
DA:120,17
DA:125,35
LF:23
LH:12
BRDA:125,0,0,18
BRDA:125,0,1,17
BRF:2
BRH:2
end_of_record
TN:
SF:/Users/steniowagner/Documents/dev/cine-tasty-mobile/src/components/screens/home/components/media-section-view-all/queries/index.ts
FNF:0
FNH:0
LF:0
LH:0
BRF:0
BRH:0
end_of_record
TN:
SF:/Users/steniowagner/Documents/dev/cine-tasty-mobile/src/components/screens/home/components/media-section-view-all/queries/movies/nowPlayingMovies.ts
FNF:0
FNH:0
DA:5,7
LF:1
LH:1
BRF:0
BRH:0
end_of_record
TN:
SF:/Users/steniowagner/Documents/dev/cine-tasty-mobile/src/components/screens/home/components/media-section-view-all/queries/movies/popularMovies.ts
FNF:0
FNH:0
DA:5,7
LF:1
LH:1
BRF:0
BRH:0
end_of_record
TN:
SF:/Users/steniowagner/Documents/dev/cine-tasty-mobile/src/components/screens/home/components/media-section-view-all/queries/movies/topRatedMovies.ts
FNF:0
FNH:0
DA:5,7
LF:1
LH:1
BRF:0
BRH:0
end_of_record
TN:
SF:/Users/steniowagner/Documents/dev/cine-tasty-mobile/src/components/screens/home/components/media-section-view-all/queries/movies/trendingMovieFragment.ts
FNF:0
FNH:0
LF:0
LH:0
BRF:0
BRH:0
end_of_record
TN:
SF:/Users/steniowagner/Documents/dev/cine-tasty-mobile/src/components/screens/home/components/media-section-view-all/queries/movies/upcomingMovies.ts
FNF:0
FNH:0
DA:5,7
LF:1
LH:1
BRF:0
BRH:0
end_of_record
TN:
SF:/Users/steniowagner/Documents/dev/cine-tasty-mobile/src/components/screens/home/components/media-section-view-all/queries/tv-shows/onTheAirTVShows.ts
FNF:0
FNH:0
DA:5,7
LF:1
LH:1
BRF:0
BRH:0
end_of_record
TN:
SF:/Users/steniowagner/Documents/dev/cine-tasty-mobile/src/components/screens/home/components/media-section-view-all/queries/tv-shows/popularTVShows.ts
FNF:0
FNH:0
DA:5,7
LF:1
LH:1
BRF:0
BRH:0
end_of_record
TN:
SF:/Users/steniowagner/Documents/dev/cine-tasty-mobile/src/components/screens/home/components/media-section-view-all/queries/tv-shows/topRatedTVShows.ts
FNF:0
FNH:0
DA:5,7
LF:1
LH:1
BRF:0
BRH:0
end_of_record
TN:
SF:/Users/steniowagner/Documents/dev/cine-tasty-mobile/src/components/screens/home/components/media-section-view-all/queries/tv-shows/trendingTVShowFragment.ts
FNF:0
FNH:0
LF:0
LH:0
BRF:0
BRH:0
end_of_record
TN:
SF:/Users/steniowagner/Documents/dev/cine-tasty-mobile/src/components/screens/home/components/media-switcher/MediaSwitcher.tsx
FN:24,(anonymous_0)
FN:29,(anonymous_1)
FN:30,(anonymous_2)
FN:31,(anonymous_3)
FN:32,(anonymous_4)
FN:33,(anonymous_5)
FN:34,(anonymous_6)
FN:40,(anonymous_7)
FN:50,(anonymous_8)
FNF:9
FNH:9
FNDA:117,(anonymous_0)
FNDA:234,(anonymous_1)
FNDA:234,(anonymous_2)
FNDA:234,(anonymous_3)
FNDA:234,(anonymous_4)
FNDA:234,(anonymous_5)
FNDA:234,(anonymous_6)
FNDA:234,(anonymous_7)
FNDA:117,(anonymous_8)
DA:7,5
DA:8,5
DA:19,5
DA:21,5
DA:24,117
DA:27,5
DA:29,234
DA:30,234
DA:31,234
DA:32,234
DA:33,234
DA:34,234
DA:37,5
DA:40,234
DA:50,5
DA:64,117
DA:70,117
LF:17
LH:17
BRDA:24,0,0,74
BRDA:24,0,1,43
BRDA:31,1,0,117
BRDA:31,1,1,117
BRDA:32,2,0,117
BRDA:32,2,1,117
BRDA:33,3,0,117
BRDA:33,3,1,117
BRDA:34,4,0,117
BRDA:34,4,1,117
BRF:10
BRH:10
end_of_record
TN:
SF:/Users/steniowagner/Documents/dev/cine-tasty-mobile/src/components/screens/home/components/media-switcher/useMediaSwitcher.ts
FN:24,(anonymous_0)
FN:34,(anonymous_1)
FN:38,(anonymous_2)
FN:43,(anonymous_3)
FN:53,(anonymous_4)
FNF:5
FNH:5
FNDA:117,(anonymous_0)
FNDA:13,(anonymous_1)
FNDA:13,(anonymous_2)
FNDA:3,(anonymous_3)
FNDA:12,(anonymous_4)
DA:6,5
DA:24,5
DA:29,117
DA:30,117
DA:32,117
DA:34,117
DA:35,13
DA:39,13
DA:43,117
DA:44,3
DA:45,1
DA:48,2
DA:50,2
DA:53,117
DA:54,12
DA:55,1
DA:58,11
DA:60,11
DA:63,117
LF:19
LH:19
BRDA:44,0,0,1
BRDA:44,0,1,2
BRDA:54,1,0,1
BRDA:54,1,1,11
BRF:4
BRH:4
end_of_record
TN:
SF:/Users/steniowagner/Documents/dev/cine-tasty-mobile/src/components/screens/home/components/queries/home-movies.ts
FNF:0
FNH:0
DA:3,3
LF:1
LH:1
BRF:0
BRH:0
end_of_record
TN:
SF:/Users/steniowagner/Documents/dev/cine-tasty-mobile/src/components/screens/home/components/queries/home-tv-shows.ts
FNF:0
FNH:0
DA:3,3
LF:1
LH:1
BRF:0
BRH:0
end_of_record
TN:
SF:/Users/steniowagner/Documents/dev/cine-tasty-mobile/src/components/screens/home/components/queries/index.ts
FNF:0
FNH:0
LF:0
LH:0
BRF:0
BRH:0
end_of_record
TN:
SF:/Users/steniowagner/Documents/dev/cine-tasty-mobile/src/components/screens/home/components/top3/LoadingTop3.tsx
FN:24,(anonymous_0)
FN:26,(anonymous_1)
FN:31,(anonymous_2)
FN:32,(anonymous_3)
FN:33,(anonymous_4)
FN:50,(anonymous_5)
FN:55,(anonymous_6)
FNF:7
FNH:6
FNDA:9,(anonymous_0)
FNDA:23,(anonymous_1)
FNDA:23,(anonymous_2)
FNDA:23,(anonymous_3)
FNDA:69,(anonymous_4)
FNDA:0,(anonymous_5)
FNDA:69,(anonymous_6)
DA:22,3
DA:24,9
DA:26,3
DA:27,23
DA:31,23
DA:32,23
DA:34,69
DA:50,0
DA:55,69
LF:9
LH:8
BRDA:39,0,0,23
BRDA:39,0,1,46
BRDA:40,1,0,46
BRDA:40,1,1,23
BRF:4
BRH:4
end_of_record
TN:
SF:/Users/steniowagner/Documents/dev/cine-tasty-mobile/src/components/screens/home/components/top3/Top3.tsx
FN:14,(anonymous_0)
FN:21,(anonymous_1)
FN:22,(anonymous_2)
FN:23,(anonymous_3)
FN:36,(anonymous_4)
FN:56,(anonymous_5)
FN:73,(anonymous_6)
FNF:7
FNH:6
FNDA:85,(anonymous_0)
FNDA:85,(anonymous_1)
FNDA:85,(anonymous_2)
FNDA:41,(anonymous_3)
FNDA:0,(anonymous_4)
FNDA:123,(anonymous_5)
FNDA:164,(anonymous_6)
DA:14,3
DA:15,85
DA:17,85
DA:21,85
DA:22,85
DA:24,41
DA:34,41
DA:36,0
DA:56,123
DA:73,164
LF:10
LH:9
BRDA:20,0,0,85
BRDA:20,0,1,0
BRF:2
BRH:1
end_of_record
TN:
SF:/Users/steniowagner/Documents/dev/cine-tasty-mobile/src/components/screens/home/components/top3/Top3ListItem.tsx
FN:29,(anonymous_0)
FN:45,(anonymous_1)
FN:46,(anonymous_2)
FN:47,(anonymous_3)
FN:48,(anonymous_4)
FN:54,(anonymous_5)
FN:55,(anonymous_6)
FN:56,(anonymous_7)
FN:57,(anonymous_8)
FN:78,(anonymous_9)
FNF:10
FNH:10
FNDA:41,(anonymous_0)
FNDA:41,(anonymous_1)
FNDA:41,(anonymous_2)
FNDA:41,(anonymous_3)
FNDA:41,(anonymous_4)
FNDA:41,(anonymous_5)
FNDA:41,(anonymous_6)
FNDA:41,(anonymous_7)
FNDA:41,(anonymous_8)
FNDA:41,(anonymous_9)
DA:19,3
DA:20,3
DA:27,3
DA:29,41
DA:33,3
DA:42,3
DA:45,41
DA:46,41
DA:47,41
DA:48,41
DA:53,3
DA:54,41
DA:55,41
DA:56,41
DA:57,41
DA:62,3
DA:78,3
DA:89,41
DA:91,41
LF:19
LH:19
BRDA:29,0,0,0
BRDA:29,0,1,41
BRF:2
BRH:1
end_of_record
TN:
SF:/Users/steniowagner/Documents/dev/cine-tasty-mobile/src/components/screens/home/components/top3/commonStyles.ts
FN:22,(anonymous_0)
FN:34,(anonymous_1)
FN:40,(anonymous_2)
FNF:3
FNH:2
FNDA:0,(anonymous_0)
FNDA:108,(anonymous_1)
FNDA:110,(anonymous_2)
DA:7,3
DA:8,3
DA:9,3
DA:10,3
DA:11,3
DA:13,3
DA:20,3
DA:22,0
DA:26,3
DA:31,3
DA:34,108
DA:40,110
LF:12
LH:11
BRDA:22,0,0,0
BRDA:22,0,1,0
BRF:2
BRH:0
end_of_record
TN:
SF:/Users/steniowagner/Documents/dev/cine-tasty-mobile/src/components/screens/home/routes/route-names.ts
FNF:0
FNH:0
DA:12,1
LF:1
LH:1
BRF:0
BRH:0
end_of_record
TN:
SF:/Users/steniowagner/Documents/dev/cine-tasty-mobile/src/components/screens/home/routes/stack-routes.tsx
FN:30,(anonymous_0)
FN:52,(anonymous_1)
FN:60,(anonymous_2)
FN:67,(anonymous_3)
FN:74,(anonymous_4)
FN:82,(anonymous_5)
FN:97,(anonymous_6)
FNF:7
FNH:0
FNDA:0,(anonymous_0)
FNDA:0,(anonymous_1)
FNDA:0,(anonymous_2)
FNDA:0,(anonymous_3)
FNDA:0,(anonymous_4)
FNDA:0,(anonymous_5)
FNDA:0,(anonymous_6)
DA:24,1
DA:30,1
DA:31,0
DA:52,0
DA:60,0
DA:67,0
DA:74,0
DA:82,0
DA:97,1
DA:98,0
DA:106,1
LF:11
LH:4
BRF:0
BRH:0
end_of_record
TN:
SF:/Users/steniowagner/Documents/dev/cine-tasty-mobile/src/components/screens/news/components/News.tsx
FN:33,(anonymous_0)
FN:50,(anonymous_1)
FN:52,(anonymous_2)
FN:54,(anonymous_3)
FN:97,(anonymous_4)
FN:102,(anonymous_5)
FN:109,(anonymous_6)
FN:125,(anonymous_7)
FN:131,(anonymous_8)
FNF:9
FNH:7
FNDA:50,(anonymous_0)
FNDA:35,(anonymous_1)
FNDA:0,(anonymous_2)
FNDA:0,(anonymous_3)
FNDA:27,(anonymous_4)
FNDA:27,(anonymous_5)
FNDA:110,(anonymous_6)
FNDA:168,(anonymous_7)
FNDA:58,(anonymous_8)
DA:23,4
DA:25,4
DA:33,4
DA:48,50
DA:50,50
DA:51,35
DA:53,0
DA:54,0
DA:70,50
DA:71,13
DA:74,37
DA:76,37
DA:77,10
DA:91,27
DA:92,27
DA:94,27
DA:97,27
DA:102,27
DA:110,110
DA:125,168
DA:131,58
LF:21
LH:19
BRDA:70,0,0,13
BRDA:70,0,1,37
BRDA:74,1,0,37
BRDA:74,1,1,37
BRDA:74,1,2,30
BRDA:76,2,0,10
BRDA:76,2,1,27
BRDA:91,3,0,27
BRDA:91,3,1,5
BRDA:91,3,2,5
BRDA:92,4,0,27
BRDA:92,4,1,22
BRDA:92,4,2,20
BRDA:97,5,0,27
BRDA:97,5,1,5
BRDA:102,6,0,27
BRDA:102,6,1,7
BRDA:141,7,0,27
BRDA:141,7,1,7
BRF:19
BRH:19
end_of_record
TN:
SF:/Users/steniowagner/Documents/dev/cine-tasty-mobile/src/components/screens/news/components/useNews.ts
FN:50,(anonymous_0)
FN:61,(anonymous_1)
FN:62,(anonymous_2)
FN:76,(anonymous_3)
FN:80,(anonymous_4)
FN:96,(anonymous_5)
FN:104,(anonymous_6)
FN:116,(anonymous_7)
FN:122,(anonymous_8)
FN:130,(anonymous_9)
FN:140,(anonymous_10)
FN:149,(anonymous_11)
FNF:12
FNH:11
FNDA:50,(anonymous_0)
FNDA:11,(anonymous_1)
FNDA:11,(anonymous_2)
FNDA:2,(anonymous_3)
FNDA:4,(anonymous_4)
FNDA:1,(anonymous_5)
FNDA:2,(anonymous_6)
FNDA:13,(anonymous_7)
FNDA:9,(anonymous_8)
FNDA:0,(anonymous_9)
FNDA:2,(anonymous_10)
FNDA:2,(anonymous_11)
DA:13,4
DA:14,4
DA:16,4
DA:50,4
DA:51,50
DA:52,50
DA:55,50
DA:56,50
DA:57,50
DA:59,50
DA:61,50
DA:62,11
DA:67,11
DA:72,50
DA:77,2
DA:78,2
DA:81,4
DA:83,4
DA:84,0
DA:96,50
DA:97,1
DA:99,1
DA:101,1
DA:104,50
DA:105,2
DA:106,0
DA:109,2
DA:111,2
DA:113,2
DA:116,50
DA:117,13
DA:118,2
DA:122,50
DA:123,9
DA:124,0
DA:127,9
DA:130,50
DA:131,0
DA:132,0
DA:135,0
DA:137,0
DA:140,50
DA:141,2
DA:143,2
DA:145,2
DA:148,50
DA:149,2
LF:47
LH:40
BRDA:83,0,0,0
BRDA:83,0,1,4
BRDA:105,1,0,0
BRDA:105,1,1,2
BRDA:117,2,0,2
BRDA:117,2,1,11
BRDA:123,3,0,0
BRDA:123,3,1,9
BRDA:131,4,0,0
BRDA:131,4,1,0
BRF:10
BRH:5
end_of_record
TN:
SF:/Users/steniowagner/Documents/dev/cine-tasty-mobile/src/components/screens/news/components/language-filter/LanguageFilter.tsx
FN:27,(anonymous_0)
FN:47,(anonymous_1)
FN:51,(anonymous_2)
FN:57,(anonymous_3)
FN:59,(anonymous_4)
FN:64,(anonymous_5)
FNF:6
FNH:6
FNDA:7,(anonymous_0)
FNDA:72,(anonymous_1)
FNDA:2,(anonymous_2)
FNDA:70,(anonymous_3)
FNDA:17,(anonymous_4)
FNDA:86,(anonymous_5)
DA:13,3
DA:15,3
DA:27,3
DA:38,7
DA:44,7
DA:48,72
DA:52,2
DA:57,70
DA:59,17
DA:64,86
LF:10
LH:10
BRF:0
BRH:0
end_of_record
TN:
SF:/Users/steniowagner/Documents/dev/cine-tasty-mobile/src/components/screens/news/components/language-filter/languages.ts
FNF:0
FNH:0
DA:24,4
LF:1
LH:1
BRF:0
BRH:0
end_of_record
TN:
SF:/Users/steniowagner/Documents/dev/cine-tasty-mobile/src/components/screens/news/components/language-filter/useLanguageFilter.ts
FN:22,(anonymous_0)
FN:34,(anonymous_1)
FN:34,(anonymous_2)
FN:38,(anonymous_3)
FNF:4
FNH:4
FNDA:7,(anonymous_0)
FNDA:6,(anonymous_1)
FNDA:25,(anonymous_2)
FNDA:2,(anonymous_3)
DA:22,3
DA:27,7
DA:31,7
DA:33,7
DA:34,25
DA:38,7
DA:39,2
DA:40,1
DA:43,2
DA:46,7
LF:10
LH:10
BRDA:39,0,0,1
BRDA:39,0,1,1
BRF:2
BRH:2
end_of_record
TN:
SF:/Users/steniowagner/Documents/dev/cine-tasty-mobile/src/components/screens/news/components/language-filter/flags/China.tsx
FN:8,(anonymous_0)
FNF:1
FNH:1
FNDA:6,(anonymous_0)
DA:4,4
DA:8,4
DA:9,6
LF:3
LH:3
BRF:0
BRH:0
end_of_record
TN:
SF:/Users/steniowagner/Documents/dev/cine-tasty-mobile/src/components/screens/news/components/language-filter/flags/Finland.tsx
FN:7,(anonymous_0)
FNF:1
FNH:1
FNDA:2,(anonymous_0)
DA:4,4
DA:7,4
DA:8,2
LF:3
LH:3
BRF:0
BRH:0
end_of_record
TN:
SF:/Users/steniowagner/Documents/dev/cine-tasty-mobile/src/components/screens/news/components/language-filter/flags/France.tsx
FN:8,(anonymous_0)
FNF:1
FNH:1
FNDA:6,(anonymous_0)
DA:4,4
DA:8,4
DA:9,6
LF:3
LH:3
BRF:0
BRH:0
end_of_record
TN:
SF:/Users/steniowagner/Documents/dev/cine-tasty-mobile/src/components/screens/news/components/language-filter/flags/Germany.tsx
FN:8,(anonymous_0)
FNF:1
FNH:1
FNDA:6,(anonymous_0)
DA:4,4
DA:8,4
DA:9,6
LF:3
LH:3
BRF:0
BRH:0
end_of_record
TN:
SF:/Users/steniowagner/Documents/dev/cine-tasty-mobile/src/components/screens/news/components/language-filter/flags/Israel.tsx
FN:8,(anonymous_0)
FNF:1
FNH:1
FNDA:6,(anonymous_0)
DA:4,4
DA:8,4
DA:9,6
LF:3
LH:3
BRF:0
BRH:0
end_of_record
TN:
SF:/Users/steniowagner/Documents/dev/cine-tasty-mobile/src/components/screens/news/components/language-filter/flags/Italy.tsx
FN:8,(anonymous_0)
FNF:1
FNH:1
FNDA:6,(anonymous_0)
DA:4,4
DA:8,4
DA:9,6
LF:3
LH:3
BRF:0
BRH:0
end_of_record
TN:
SF:/Users/steniowagner/Documents/dev/cine-tasty-mobile/src/components/screens/news/components/language-filter/flags/Nederlands.tsx
FN:8,(anonymous_0)
FNF:1
FNH:1
FNDA:6,(anonymous_0)
DA:4,4
DA:8,4
DA:9,6
LF:3
LH:3
BRF:0
BRH:0
end_of_record
TN:
SF:/Users/steniowagner/Documents/dev/cine-tasty-mobile/src/components/screens/news/components/language-filter/flags/Norway.tsx
FN:8,(anonymous_0)
FNF:1
FNH:1
FNDA:6,(anonymous_0)
DA:4,4
DA:8,4
DA:9,6
LF:3
LH:3
BRF:0
BRH:0
end_of_record
TN:
SF:/Users/steniowagner/Documents/dev/cine-tasty-mobile/src/components/screens/news/components/language-filter/flags/Portugal.tsx
FN:8,(anonymous_0)
FNF:1
FNH:1
FNDA:6,(anonymous_0)
DA:4,4
DA:8,4
DA:9,6
LF:3
LH:3
BRF:0
BRH:0
end_of_record
TN:
SF:/Users/steniowagner/Documents/dev/cine-tasty-mobile/src/components/screens/news/components/language-filter/flags/Russia.tsx
FN:8,(anonymous_0)
FNF:1
FNH:1
FNDA:3,(anonymous_0)
DA:4,4
DA:8,4
DA:9,3
LF:3
LH:3
BRF:0
BRH:0
end_of_record
TN:
SF:/Users/steniowagner/Documents/dev/cine-tasty-mobile/src/components/screens/news/components/language-filter/flags/SaudiArabia.tsx
FN:8,(anonymous_0)
FNF:1
FNH:1
FNDA:5,(anonymous_0)
DA:4,4
DA:8,4
DA:9,5
LF:3
LH:3
BRF:0
BRH:0
end_of_record
TN:
SF:/Users/steniowagner/Documents/dev/cine-tasty-mobile/src/components/screens/news/components/language-filter/flags/Spain.tsx
FN:8,(anonymous_0)
FNF:1
FNH:1
FNDA:2,(anonymous_0)
DA:4,4
DA:8,4
DA:9,2
LF:3
LH:3
BRF:0
BRH:0
end_of_record
TN:
SF:/Users/steniowagner/Documents/dev/cine-tasty-mobile/src/components/screens/news/components/language-filter/flags/UK.tsx
FN:8,(anonymous_0)
FNF:1
FNH:1
FNDA:7,(anonymous_0)
DA:4,4
DA:8,4
DA:9,7
LF:3
LH:3
BRF:0
BRH:0
end_of_record
TN:
SF:/Users/steniowagner/Documents/dev/cine-tasty-mobile/src/components/screens/news/components/language-filter/list-item/LanguageListItem.tsx
FN:19,(anonymous_0)
FN:23,(anonymous_1)
FN:25,(anonymous_2)
FN:30,(anonymous_3)
FN:31,(anonymous_4)
FN:32,(anonymous_5)
FN:33,(anonymous_6)
FN:39,(anonymous_7)
FN:40,(anonymous_8)
FN:43,(anonymous_9)
FN:61,(anonymous_10)
FN:64,(anonymous_11)
FNF:12
FNH:12
FNDA:67,(anonymous_0)
FNDA:67,(anonymous_1)
FNDA:67,(anonymous_2)
FNDA:67,(anonymous_3)
FNDA:67,(anonymous_4)
FNDA:67,(anonymous_5)
FNDA:67,(anonymous_6)
FNDA:67,(anonymous_7)
FNDA:67,(anonymous_8)
FNDA:8,(anonymous_9)
FNDA:10,(anonymous_10)
FNDA:67,(anonymous_11)
DA:12,4
DA:14,4
DA:19,67
DA:22,4
DA:23,67
DA:25,67
DA:29,4
DA:30,67
DA:31,67
DA:32,67
DA:33,67
DA:38,4
DA:39,67
DA:40,67
DA:43,8
DA:49,4
DA:61,10
DA:64,4
DA:67,67
LF:19
LH:19
BRDA:33,0,0,8
BRDA:33,0,1,59
BRDA:61,1,0,10
BRDA:61,1,1,9
BRDA:61,1,2,9
BRDA:61,1,3,1
BRDA:86,2,0,67
BRDA:86,2,1,8
BRF:8
BRH:8
end_of_record
TN:
SF:/Users/steniowagner/Documents/dev/cine-tasty-mobile/src/components/screens/news/components/list-item/NewsListItem.tsx
FN:12,(anonymous_0)
FN:14,(anonymous_1)
FN:15,(anonymous_2)
FN:21,(anonymous_3)
FN:26,(anonymous_4)
FN:27,(anonymous_5)
FN:28,(anonymous_6)
FN:40,(anonymous_7)
FN:44,(anonymous_8)
FNF:9
FNH:9
FNDA:42,(anonymous_0)
FNDA:42,(anonymous_1)
FNDA:42,(anonymous_2)
FNDA:42,(anonymous_3)
FNDA:42,(anonymous_4)
FNDA:42,(anonymous_5)
FNDA:42,(anonymous_6)
FNDA:42,(anonymous_7)
FNDA:1,(anonymous_8)
DA:9,5
DA:12,42
DA:14,42
DA:15,42
DA:18,5
DA:21,42
DA:24,5
DA:26,42
DA:27,42
DA:28,42
DA:40,5
DA:43,42
DA:44,1
LF:13
LH:13
BRDA:28,0,0,0
BRDA:28,0,1,42
BRF:2
BRH:1
end_of_record
TN:
SF:/Users/steniowagner/Documents/dev/cine-tasty-mobile/src/components/screens/news/components/list-item/NewsListLoadingPlaceholderItem.tsx
FN:24,(anonymous_0)
FNF:1
FNH:1
FNDA:56,(anonymous_0)
DA:18,5
DA:24,5
DA:25,56
LF:3
LH:3
BRF:0
BRH:0
end_of_record
TN:
SF:/Users/steniowagner/Documents/dev/cine-tasty-mobile/src/components/screens/news/components/list-item/common-styles.ts
FN:10,(anonymous_0)
FN:11,(anonymous_1)
FN:18,(anonymous_2)
FN:19,(anonymous_3)
FN:23,(anonymous_4)
FN:24,(anonymous_5)
FNF:6
FNH:6
FNDA:42,(anonymous_0)
FNDA:42,(anonymous_1)
FNDA:56,(anonymous_2)
FNDA:56,(anonymous_3)
FNDA:98,(anonymous_4)
FNDA:98,(anonymous_5)
DA:6,7
DA:10,42
DA:11,42
DA:14,7
DA:18,56
DA:19,56
DA:22,7
DA:23,98
DA:24,98
DA:27,7
LF:10
LH:10
BRF:0
BRH:0
end_of_record
TN:
SF:/Users/steniowagner/Documents/dev/cine-tasty-mobile/src/components/screens/news/components/list-item/date-diff/DateDiff.tsx
FN:8,(anonymous_0)
FN:9,(anonymous_1)
FN:23,(anonymous_2)
FN:26,(anonymous_3)
FN:28,(anonymous_4)
FN:30,(anonymous_5)
FN:32,(anonymous_6)
FN:34,(anonymous_7)
FN:36,(anonymous_8)
FN:38,(anonymous_9)
FN:44,(anonymous_10)
FNF:11
FNH:11
FNDA:48,(anonymous_0)
FNDA:48,(anonymous_1)
FNDA:48,(anonymous_2)
FNDA:1,(anonymous_3)
FNDA:1,(anonymous_4)
FNDA:1,(anonymous_5)
FNDA:1,(anonymous_6)
FNDA:1,(anonymous_7)
FNDA:43,(anonymous_8)
FNDA:48,(anonymous_9)
FNDA:48,(anonymous_10)
DA:6,6
DA:8,48
DA:9,48
DA:12,6
DA:13,6
DA:14,6
DA:15,6
DA:16,6
DA:23,6
DA:24,48
DA:26,48
DA:28,48
DA:30,48
DA:32,48
DA:34,48
DA:36,48
DA:38,48
DA:39,48
DA:41,48
DA:44,48
DA:45,48
DA:47,48
DA:49,48
DA:50,1
DA:53,47
DA:55,47
DA:56,1
DA:59,46
DA:61,46
DA:62,1
DA:65,45
DA:67,45
DA:68,1
DA:71,44
DA:73,44
DA:74,1
DA:77,43
DA:80,48
LF:38
LH:38
BRDA:49,0,0,1
BRDA:49,0,1,47
BRDA:55,1,0,1
BRDA:55,1,1,46
BRDA:61,2,0,1
BRDA:61,2,1,45
BRDA:67,3,0,1
BRDA:67,3,1,44
BRDA:73,4,0,1
BRDA:73,4,1,43
BRF:10
BRH:10
end_of_record
TN:
SF:/Users/steniowagner/Documents/dev/cine-tasty-mobile/src/components/screens/news/components/list-item/news-image/NewsListItemImage.tsx
FN:22,(anonymous_0)
FN:25,(anonymous_1)
FN:34,(anonymous_2)
FN:41,(anonymous_3)
FN:47,(anonymous_4)
FN:51,(anonymous_5)
FN:60,(anonymous_6)
FN:61,(anonymous_7)
FNF:8
FNH:7
FNDA:49,(anonymous_0)
FNDA:49,(anonymous_1)
FNDA:49,(anonymous_2)
FNDA:47,(anonymous_3)
FNDA:0,(anonymous_4)
FNDA:46,(anonymous_5)
FNDA:1,(anonymous_6)
FNDA:1,(anonymous_7)
DA:9,6
DA:15,6
DA:22,49
DA:25,49
DA:34,6
DA:35,49
DA:36,49
DA:37,49
DA:39,49
DA:41,49
DA:42,47
DA:43,1
DA:47,0
DA:51,49
DA:52,46
DA:53,1
DA:57,49
DA:60,1
DA:61,1
LF:19
LH:18
BRDA:42,0,0,1
BRDA:42,0,1,46
BRDA:42,1,0,47
BRDA:42,1,1,1
BRDA:52,2,0,1
BRDA:52,2,1,45
BRDA:62,3,0,49
BRDA:62,3,1,2
BRDA:65,4,0,49
BRDA:65,4,1,49
BRDA:75,5,0,2
BRDA:75,5,1,47
BRF:12
BRH:12
end_of_record
TN:
SF:/Users/steniowagner/Documents/dev/cine-tasty-mobile/src/components/screens/news/components/loading-list/NewsLoading.tsx
FN:13,(anonymous_0)
FN:15,(anonymous_1)
FN:20,(anonymous_2)
FN:25,(anonymous_3)
FNF:4
FNH:4
FNDA:20,(anonymous_0)
FNDA:14,(anonymous_1)
FNDA:56,(anonymous_2)
FNDA:56,(anonymous_3)
DA:9,5
DA:11,5
DA:13,20
DA:15,5
DA:16,14
DA:21,56
DA:25,56
LF:7
LH:7
BRF:0
BRH:0
end_of_record
TN:
SF:/Users/steniowagner/Documents/dev/cine-tasty-mobile/src/components/screens/news/routes/route-names.ts
FNF:0
FNH:0
DA:5,1
LF:1
LH:1
BRF:0
BRH:0
end_of_record
TN:
SF:/Users/steniowagner/Documents/dev/cine-tasty-mobile/src/components/screens/news/routes/stack-routes.tsx
FN:13,(anonymous_0)
FN:30,(anonymous_1)
FNF:2
FNH:0
FNDA:0,(anonymous_0)
FNDA:0,(anonymous_1)
DA:11,1
DA:13,1
DA:14,0
DA:16,0
DA:30,1
DA:31,0
DA:36,1
LF:7
LH:4
BRF:0
BRH:0
end_of_record
TN:
SF:/Users/steniowagner/Documents/dev/cine-tasty-mobile/src/components/screens/quiz/components/Quiz.tsx
FN:22,(anonymous_0)
FN:23,(anonymous_1)
FN:27,(anonymous_2)
FN:28,(anonymous_3)
FN:34,(anonymous_4)
FN:35,(anonymous_5)
FN:46,(anonymous_6)
FN:55,(anonymous_7)
FNF:8
FNH:8
FNDA:2,(anonymous_0)
FNDA:2,(anonymous_1)
FNDA:4,(anonymous_2)
FNDA:4,(anonymous_3)
FNDA:2,(anonymous_4)
FNDA:2,(anonymous_5)
FNDA:2,(anonymous_6)
FNDA:1,(anonymous_7)
DA:12,2
DA:13,2
DA:14,2
DA:15,2
DA:17,2
DA:22,2
DA:23,2
DA:26,2
DA:27,4
DA:28,4
DA:33,2
DA:34,2
DA:35,2
DA:46,2
DA:47,2
DA:49,2
DA:55,1
LF:17
LH:17
BRF:0
BRH:0
end_of_record
TN:
SF:/Users/steniowagner/Documents/dev/cine-tasty-mobile/src/components/screens/quiz/components/questions/Questions.tsx
FN:23,(anonymous_0)
FN:29,(anonymous_1)
FN:37,(anonymous_2)
FN:55,(anonymous_3)
FN:70,(anonymous_4)
FN:85,(anonymous_5)
FN:134,(anonymous_6)
FN:161,(anonymous_7)
FN:163,(anonymous_8)
FNF:9
FNH:5
FNDA:0,(anonymous_0)
FNDA:0,(anonymous_1)
FNDA:0,(anonymous_2)
FNDA:15,(anonymous_3)
FNDA:10,(anonymous_4)
FNDA:0,(anonymous_5)
FNDA:16,(anonymous_6)
FNDA:17,(anonymous_7)
FNDA:1,(anonymous_8)
DA:23,2
DA:29,2
DA:37,0
DA:40,2
DA:55,2
DA:66,15
DA:68,15
DA:70,15
DA:71,10
DA:73,10
DA:74,0
DA:77,10
DA:79,10
DA:80,3
DA:83,10
DA:85,0
DA:95,15
DA:96,5
DA:99,10
DA:103,1
DA:117,9
DA:118,1
DA:132,8
DA:135,16
DA:161,17
DA:163,1
LF:26
LH:23
BRDA:71,0,0,10
BRDA:71,0,1,5
BRDA:73,1,0,0
BRDA:73,1,1,10
BRDA:73,2,0,10
BRDA:73,2,1,6
BRDA:79,3,0,3
BRDA:79,3,1,7
BRDA:85,4,0,0
BRDA:85,4,1,0
BRDA:95,5,0,5
BRDA:95,5,1,10
BRDA:99,6,0,1
BRDA:99,6,1,9
BRDA:100,7,0,10
BRDA:100,7,1,1
BRDA:117,8,0,1
BRDA:117,8,1,8
BRDA:117,9,0,9
BRDA:117,9,1,9
BRDA:117,9,2,9
BRDA:143,10,0,16
BRDA:143,10,1,8
BRDA:150,11,0,16
BRDA:150,11,1,8
BRF:25
BRH:22
end_of_record
TN:
SF:/Users/steniowagner/Documents/dev/cine-tasty-mobile/src/components/screens/quiz/components/questions/useQuestions.ts
FN:48,(anonymous_0)
FN:72,(anonymous_1)
FN:85,(anonymous_2)
FN:101,(anonymous_3)
FN:107,(anonymous_4)
FN:113,(anonymous_5)
FN:113,(anonymous_6)
FNF:7
FNH:6
FNDA:15,(anonymous_0)
FNDA:6,(anonymous_1)
FNDA:2,(anonymous_2)
FNDA:7,(anonymous_3)
FNDA:0,(anonymous_4)
FNDA:2,(anonymous_5)
FNDA:2,(anonymous_6)
DA:18,2
DA:48,2
DA:52,15
DA:53,15
DA:54,15
DA:55,15
DA:57,15
DA:72,15
DA:73,6
DA:74,1
DA:77,6
DA:78,1
DA:85,15
DA:86,2
DA:87,2
DA:89,2
DA:90,1
DA:95,1
DA:98,1
DA:101,15
DA:102,7
DA:103,2
DA:107,15
DA:108,0
DA:109,0
DA:112,15
DA:113,2
LF:27
LH:25
BRDA:73,0,0,1
BRDA:73,0,1,5
BRDA:77,1,0,1
BRDA:77,1,1,5
BRDA:77,2,0,6
BRDA:77,2,1,6
BRDA:89,3,0,1
BRDA:89,3,1,1
BRDA:102,4,0,2
BRDA:102,4,1,5
BRDA:102,5,0,7
BRDA:102,5,1,2
BRDA:102,5,2,2
BRDA:114,6,0,9
BRDA:114,6,1,6
BRF:15
BRH:15
end_of_record
TN:
SF:/Users/steniowagner/Documents/dev/cine-tasty-mobile/src/components/screens/quiz/components/questions/boolean-question/BooleanQuestion.tsx
FN:11,(anonymous_0)
FN:14,(anonymous_1)
FN:18,(anonymous_2)
FN:19,(anonymous_3)
FN:20,(anonymous_4)
FN:21,(anonymous_5)
FN:26,(anonymous_6)
FN:35,(anonymous_7)
FN:40,(anonymous_8)
FN:51,(anonymous_9)
FNF:10
FNH:10
FNDA:13,(anonymous_0)
FNDA:13,(anonymous_1)
FNDA:26,(anonymous_2)
FNDA:26,(anonymous_3)
FNDA:26,(anonymous_4)
FNDA:26,(anonymous_5)
FNDA:26,(anonymous_6)
FNDA:13,(anonymous_7)
FNDA:2,(anonymous_8)
FNDA:1,(anonymous_9)
DA:9,3
DA:11,13
DA:14,13
DA:17,3
DA:18,26
DA:19,26
DA:20,26
DA:21,26
DA:24,3
DA:26,26
DA:35,3
DA:36,13
DA:40,2
DA:51,1
LF:14
LH:14
BRDA:21,0,0,4
BRDA:21,0,1,22
BRDA:43,1,0,3
BRDA:43,1,1,10
BRDA:54,2,0,1
BRDA:54,2,1,12
BRF:6
BRH:6
end_of_record
TN:
SF:/Users/steniowagner/Documents/dev/cine-tasty-mobile/src/components/screens/quiz/components/questions/list-item-wrapper-question/ListItemWrapperQuestion.tsx
FN:6,(anonymous_0)
FN:12,(anonymous_1)
FN:13,(anonymous_2)
FN:19,(anonymous_3)
FN:24,(anonymous_4)
FN:32,(anonymous_5)
FN:33,(anonymous_6)
FN:40,(anonymous_7)
FN:41,(anonymous_8)
FN:42,(anonymous_9)
FN:43,(anonymous_10)
FN:44,(anonymous_11)
FN:45,(anonymous_12)
FN:50,(anonymous_13)
FN:64,(anonymous_14)
FNF:15
FNH:15
FNDA:18,(anonymous_0)
FNDA:18,(anonymous_1)
FNDA:18,(anonymous_2)
FNDA:18,(anonymous_3)
FNDA:18,(anonymous_4)
FNDA:18,(anonymous_5)
FNDA:18,(anonymous_6)
FNDA:18,(anonymous_7)
FNDA:18,(anonymous_8)
FNDA:18,(anonymous_9)
FNDA:18,(anonymous_10)
FNDA:18,(anonymous_11)
FNDA:18,(anonymous_12)
FNDA:18,(anonymous_13)
FNDA:18,(anonymous_14)
DA:5,3
DA:6,18
DA:11,3
DA:12,18
DA:13,18
DA:17,3
DA:19,18
DA:22,3
DA:24,18
DA:28,3
DA:32,18
DA:33,18
DA:38,3
DA:40,18
DA:41,18
DA:42,18
DA:43,18
DA:44,18
DA:45,18
DA:48,3
DA:50,18
DA:64,3
DA:72,18
LF:23
LH:23
BRDA:45,0,0,7
BRDA:45,0,1,11
BRDA:104,1,0,7
BRDA:104,1,1,11
BRF:4
BRH:4
end_of_record
TN:
SF:/Users/steniowagner/Documents/dev/cine-tasty-mobile/src/components/screens/quiz/components/questions/multi-choice-question/MultiChoiceQuestion.tsx
FN:8,(anonymous_0)
FN:9,(anonymous_1)
FN:18,(anonymous_2)
FN:23,(anonymous_3)
FN:30,(anonymous_4)
FNF:5
FNH:5
FNDA:11,(anonymous_0)
FNDA:11,(anonymous_1)
FNDA:11,(anonymous_2)
FNDA:44,(anonymous_3)
FNDA:44,(anonymous_4)
DA:7,3
DA:8,11
DA:9,11
DA:18,3
DA:19,11
DA:24,44
DA:30,44
LF:7
LH:7
BRF:0
BRH:0
end_of_record
TN:
SF:/Users/steniowagner/Documents/dev/cine-tasty-mobile/src/components/screens/quiz/components/questions/multi-choice-question/MultiChoiceQuestionListItem.tsx
FN:15,(anonymous_0)
FN:16,(anonymous_1)
FN:17,(anonymous_2)
FN:19,(anonymous_3)
FN:20,(anonymous_4)
FN:25,(anonymous_5)
FN:27,(anonymous_6)
FN:32,(anonymous_7)
FN:34,(anonymous_8)
FN:44,(anonymous_9)
FN:46,(anonymous_10)
FN:66,(anonymous_11)
FNF:12
FNH:12
FNDA:22,(anonymous_0)
FNDA:22,(anonymous_1)
FNDA:22,(anonymous_2)
FNDA:22,(anonymous_3)
FNDA:22,(anonymous_4)
FNDA:22,(anonymous_5)
FNDA:22,(anonymous_6)
FNDA:22,(anonymous_7)
FNDA:22,(anonymous_8)
FNDA:22,(anonymous_9)
FNDA:3,(anonymous_10)
FNDA:24,(anonymous_11)
DA:12,3
DA:15,22
DA:16,22
DA:17,22
DA:19,22
DA:20,22
DA:23,3
DA:25,22
DA:27,22
DA:30,3
DA:32,22
DA:34,22
DA:44,3
DA:45,22
DA:46,3
DA:66,24
LF:16
LH:16
BRDA:17,0,0,3
BRDA:17,0,1,19
BRDA:19,1,0,3
BRDA:19,1,1,19
BRDA:34,2,0,3
BRDA:34,2,1,19
BRDA:52,3,0,3
BRDA:52,3,1,19
BRDA:53,4,0,3
BRDA:53,4,1,19
BRDA:66,5,0,24
BRDA:66,5,1,21
BRDA:66,5,2,23
BRDA:66,5,3,3
BRF:14
BRH:14
end_of_record
TN:
SF:/Users/steniowagner/Documents/dev/cine-tasty-mobile/src/components/screens/quiz/components/results/ResultListItem.tsx
FN:12,(anonymous_0)
FN:13,(anonymous_1)
FN:19,(anonymous_2)
FN:20,(anonymous_3)
FN:21,(anonymous_4)
FN:25,(anonymous_5)
FN:26,(anonymous_6)
FN:30,(anonymous_7)
FN:31,(anonymous_8)
FN:38,(anonymous_9)
FN:40,(anonymous_10)
FN:47,(anonymous_11)
FN:55,(anonymous_12)
FN:66,(anonymous_13)
FNF:14
FNH:14
FNDA:2,(anonymous_0)
FNDA:2,(anonymous_1)
FNDA:2,(anonymous_2)
FNDA:2,(anonymous_3)
FNDA:2,(anonymous_4)
FNDA:2,(anonymous_5)
FNDA:2,(anonymous_6)
FNDA:2,(anonymous_7)
FNDA:2,(anonymous_8)
FNDA:2,(anonymous_9)
FNDA:2,(anonymous_10)
FNDA:4,(anonymous_11)
FNDA:2,(anonymous_12)
FNDA:2,(anonymous_13)
DA:10,2
DA:12,2
DA:13,2
DA:17,2
DA:19,2
DA:20,2
DA:21,2
DA:24,2
DA:25,2
DA:26,2
DA:30,2
DA:31,2
DA:35,2
DA:38,2
DA:40,2
DA:45,2
DA:47,4
DA:52,2
DA:55,2
DA:63,2
DA:64,2
DA:66,2
DA:67,2
DA:69,2
DA:71,2
LF:25
LH:25
BRDA:67,0,0,1
BRDA:67,0,1,1
BRF:2
BRH:2
end_of_record
TN:
SF:/Users/steniowagner/Documents/dev/cine-tasty-mobile/src/components/screens/quiz/components/results/Results.tsx
FN:22,(anonymous_0)
FN:34,(anonymous_1)
FN:37,(anonymous_2)
FN:39,(anonymous_3)
FN:51,(anonymous_4)
FN:61,(anonymous_5)
FNF:6
FNH:6
FNDA:2,(anonymous_0)
FNDA:2,(anonymous_1)
FNDA:2,(anonymous_2)
FNDA:2,(anonymous_3)
FNDA:2,(anonymous_4)
FNDA:5,(anonymous_5)
DA:14,2
DA:20,2
DA:22,2
DA:34,2
DA:35,2
DA:37,2
DA:38,2
DA:39,2
DA:43,2
DA:48,2
DA:52,2
DA:61,5
LF:12
LH:12
BRF:0
BRH:0
end_of_record
TN:
SF:/Users/steniowagner/Documents/dev/cine-tasty-mobile/src/components/screens/quiz/components/results/useResults.ts
FN:26,(anonymous_0)
FN:31,(anonymous_1)
FN:34,(anonymous_2)
FN:45,(anonymous_3)
FN:53,(anonymous_4)
FN:55,(anonymous_5)
FNF:6
FNH:3
FNDA:2,(anonymous_0)
FNDA:1,(anonymous_1)
FNDA:2,(anonymous_2)
FNDA:0,(anonymous_3)
FNDA:0,(anonymous_4)
FNDA:0,(anonymous_5)
DA:26,2
DA:27,2
DA:29,2
DA:31,2
DA:32,1
DA:34,2
DA:42,1
DA:45,2
DA:46,0
DA:53,0
DA:55,0
DA:61,2
LF:12
LH:9
BRF:0
BRH:0
end_of_record
TN:
SF:/Users/steniowagner/Documents/dev/cine-tasty-mobile/src/components/screens/quiz/components/setup-questions/DropdownOption.tsx
FN:12,(anonymous_0)
FN:13,(anonymous_1)
FN:14,(anonymous_2)
FN:18,(anonymous_3)
FN:20,(anonymous_4)
FN:23,(anonymous_5)
FN:34,(anonymous_6)
FNF:7
FNH:7
FNDA:15,(anonymous_0)
FNDA:15,(anonymous_1)
FNDA:15,(anonymous_2)
FNDA:15,(anonymous_3)
FNDA:15,(anonymous_4)
FNDA:15,(anonymous_5)
FNDA:15,(anonymous_6)
DA:7,2
DA:12,15
DA:13,15
DA:14,15
DA:17,2
DA:18,15
DA:20,15
DA:23,15
DA:34,2
DA:35,15
LF:10
LH:10
BRF:0
BRH:0
end_of_record
TN:
SF:/Users/steniowagner/Documents/dev/cine-tasty-mobile/src/components/screens/quiz/components/setup-questions/NumberOfQuestionts.tsx
FN:10,(anonymous_0)
FN:11,(anonymous_1)
FN:28,(anonymous_2)
FN:42,(anonymous_3)
FN:45,(anonymous_4)
FNF:5
FNH:3
FNDA:15,(anonymous_0)
FNDA:15,(anonymous_1)
FNDA:5,(anonymous_2)
FNDA:0,(anonymous_3)
FNDA:0,(anonymous_4)
DA:6,2
DA:7,2
DA:9,2
DA:10,15
DA:11,15
DA:15,2
DA:28,2
DA:29,5
DA:31,5
DA:42,0
DA:45,0
LF:11
LH:9
BRF:0
BRH:0
end_of_record
TN:
SF:/Users/steniowagner/Documents/dev/cine-tasty-mobile/src/components/screens/quiz/components/setup-questions/OptionListItem.tsx
FN:13,(anonymous_0)
FN:17,(anonymous_1)
FN:22,(anonymous_2)
FN:23,(anonymous_3)
FN:26,(anonymous_4)
FN:38,(anonymous_5)
FN:41,(anonymous_6)
FNF:7
FNH:7
FNDA:62,(anonymous_0)
FNDA:62,(anonymous_1)
FNDA:62,(anonymous_2)
FNDA:62,(anonymous_3)
FNDA:21,(anonymous_4)
FNDA:20,(anonymous_5)
FNDA:62,(anonymous_6)
DA:11,5
DA:13,62
DA:17,62
DA:20,5
DA:22,62
DA:23,62
DA:26,21
DA:38,20
DA:41,5
DA:42,62
LF:10
LH:10
BRDA:23,0,0,21
BRDA:23,0,1,41
BRDA:38,1,0,20
BRDA:38,1,1,14
BRDA:38,1,2,14
BRDA:38,1,3,6
BRDA:52,2,0,62
BRDA:52,2,1,21
BRF:8
BRH:8
end_of_record
TN:
SF:/Users/steniowagner/Documents/dev/cine-tasty-mobile/src/components/screens/quiz/components/setup-questions/SetupQuestions.tsx
FN:17,(anonymous_0)
FN:18,(anonymous_1)
FN:26,(anonymous_2)
FN:27,(anonymous_3)
FN:28,(anonymous_4)
FN:30,(anonymous_5)
FN:37,(anonymous_6)
FN:54,(anonymous_7)
FN:59,(anonymous_8)
FN:64,(anonymous_9)
FNF:10
FNH:10
FNDA:5,(anonymous_0)
FNDA:5,(anonymous_1)
FNDA:20,(anonymous_2)
FNDA:20,(anonymous_3)
FNDA:20,(anonymous_4)
FNDA:20,(anonymous_5)
FNDA:5,(anonymous_6)
FNDA:1,(anonymous_7)
FNDA:1,(anonymous_8)
FNDA:1,(anonymous_9)
DA:13,2
DA:17,5
DA:18,5
DA:21,2
DA:25,2
DA:26,20
DA:27,20
DA:28,20
DA:30,20
DA:37,2
DA:47,5
DA:49,5
DA:54,1
DA:59,1
DA:64,1
LF:15
LH:15
BRF:0
BRH:0
end_of_record
TN:
SF:/Users/steniowagner/Documents/dev/cine-tasty-mobile/src/components/screens/quiz/components/setup-questions/useSetupQuestions.ts
FN:50,(anonymous_0)
FN:67,(anonymous_1)
FN:100,(anonymous_2)
FN:117,(anonymous_3)
FN:119,(anonymous_4)
FN:128,(anonymous_5)
FN:136,(anonymous_6)
FN:153,(anonymous_7)
FN:168,(anonymous_8)
FNF:9
FNH:7
FNDA:5,(anonymous_0)
FNDA:3,(anonymous_1)
FNDA:0,(anonymous_2)
FNDA:3,(anonymous_3)
FNDA:3,(anonymous_4)
FNDA:3,(anonymous_5)
FNDA:0,(anonymous_6)
FNDA:3,(anonymous_7)
FNDA:1,(anonymous_8)
DA:16,2
DA:17,2
DA:18,2
DA:20,2
DA:50,2
DA:51,5
DA:54,5
DA:57,5
DA:60,5
DA:64,5
DA:66,5
DA:69,3
DA:70,3
DA:72,3
DA:73,1
DA:74,1
DA:75,1
DA:78,3
DA:79,1
DA:80,1
DA:81,1
DA:84,3
DA:85,1
DA:86,1
DA:87,1
DA:90,3
DA:99,5
DA:101,0
DA:102,0
DA:105,0
DA:106,0
DA:109,0
DA:110,0
DA:116,5
DA:118,3
DA:119,3
DA:122,3
DA:127,5
DA:134,3
DA:137,0
DA:152,5
DA:154,3
DA:158,3
DA:168,5
DA:169,1
DA:177,5
LF:46
LH:39
BRDA:72,0,0,1
BRDA:72,0,1,2
BRDA:78,1,0,1
BRDA:78,1,1,2
BRDA:84,2,0,1
BRDA:84,2,1,2
BRDA:101,3,0,0
BRDA:101,3,1,0
BRDA:105,4,0,0
BRDA:105,4,1,0
BRDA:109,5,0,0
BRDA:109,5,1,0
BRF:12
BRH:6
end_of_record
TN:
SF:/Users/steniowagner/Documents/dev/cine-tasty-mobile/src/components/screens/quiz/components/setup-questions/options/categories.ts
FNF:0
FNH:0
DA:4,5
LF:1
LH:1
BRF:0
BRH:0
end_of_record
TN:
SF:/Users/steniowagner/Documents/dev/cine-tasty-mobile/src/components/screens/quiz/components/setup-questions/options/difficulties.ts
FNF:0
FNH:0
DA:4,5
LF:1
LH:1
BRF:0
BRH:0
end_of_record
TN:
SF:/Users/steniowagner/Documents/dev/cine-tasty-mobile/src/components/screens/quiz/components/setup-questions/options/index.ts
FNF:0
FNH:0
LF:0
LH:0
BRF:0
BRH:0
end_of_record
TN:
SF:/Users/steniowagner/Documents/dev/cine-tasty-mobile/src/components/screens/quiz/components/setup-questions/options/types.ts
FNF:0
FNH:0
DA:4,5
LF:1
LH:1
BRF:0
BRH:0
end_of_record
TN:
SF:/Users/steniowagner/Documents/dev/cine-tasty-mobile/src/components/screens/quiz/components/setup-questions/setup-options-list/SetupQuestionsOptionsList.tsx
FN:26,(anonymous_0)
FN:39,(anonymous_1)
FN:43,(anonymous_2)
FN:46,(anonymous_3)
FN:47,(anonymous_4)
FN:53,(anonymous_5)
FNF:6
FNH:6
FNDA:23,(anonymous_0)
FNDA:70,(anonymous_1)
FNDA:9,(anonymous_2)
FNDA:49,(anonymous_3)
FNDA:70,(anonymous_4)
FNDA:6,(anonymous_5)
DA:11,5
DA:13,5
DA:26,5
DA:32,23
DA:36,23
DA:40,70
DA:43,9
DA:46,49
DA:47,70
DA:54,6
DA:55,6
LF:11
LH:11
BRF:0
BRH:0
end_of_record
TN:
SF:/Users/steniowagner/Documents/dev/cine-tasty-mobile/src/components/screens/quiz/components/setup-questions/setup-options-list/useSetupQuestionsOptionsList.ts
FN:14,(anonymous_0)
FNF:1
FNH:1
FNDA:23,(anonymous_0)
DA:14,5
DA:15,23
DA:19,23
DA:21,23
LF:4
LH:4
BRF:0
BRH:0
end_of_record
TN:
SF:/Users/steniowagner/Documents/dev/cine-tasty-mobile/src/components/screens/quiz/routes/route-names.ts
FNF:0
FNH:0
DA:5,4
LF:1
LH:1
BRF:0
BRH:0
end_of_record
TN:
SF:/Users/steniowagner/Documents/dev/cine-tasty-mobile/src/components/screens/quiz/routes/stack-routes.tsx
FN:16,(anonymous_0)
FN:49,(anonymous_1)
FN:58,(anonymous_2)
FNF:3
FNH:0
FNDA:0,(anonymous_0)
FNDA:0,(anonymous_1)
FNDA:0,(anonymous_2)
DA:14,1
DA:16,1
DA:17,0
DA:19,0
DA:49,0
DA:58,1
DA:59,0
DA:64,1
LF:8
LH:4
BRF:0
BRH:0
end_of_record
TN:
SF:/Users/steniowagner/Documents/dev/cine-tasty-mobile/src/components/screens/shared/HeaderBackButton.tsx
FN:8,(anonymous_0)
FN:9,(anonymous_1)
FN:12,(anonymous_2)
FN:13,(anonymous_3)
FN:17,(anonymous_4)
FN:33,(anonymous_5)
FNF:6
FNH:6
FNDA:8,(anonymous_0)
FNDA:8,(anonymous_1)
FNDA:8,(anonymous_2)
FNDA:8,(anonymous_3)
FNDA:8,(anonymous_4)
FNDA:8,(anonymous_5)
DA:7,4
DA:8,8
DA:9,8
DA:12,8
DA:13,8
DA:17,8
DA:33,4
DA:34,8
LF:8
LH:8
BRF:0
BRH:0
end_of_record
TN:
SF:/Users/steniowagner/Documents/dev/cine-tasty-mobile/src/components/screens/shared/customized-modal/components/CustomizedModal.tsx
FN:24,(anonymous_0)
FN:25,(anonymous_1)
FN:30,(anonymous_2)
FN:36,(anonymous_3)
FN:37,(anonymous_4)
FN:44,(anonymous_5)
FN:48,(anonymous_6)
FN:49,(anonymous_7)
FN:50,(anonymous_8)
FN:51,(anonymous_9)
FN:55,(anonymous_10)
FN:56,(anonymous_11)
FN:58,(anonymous_12)
FN:70,(anonymous_13)
FN:85,(anonymous_14)
FN:94,(anonymous_15)
FNF:16
FNH:16
FNDA:6,(anonymous_0)
FNDA:6,(anonymous_1)
FNDA:6,(anonymous_2)
FNDA:4,(anonymous_3)
FNDA:4,(anonymous_4)
FNDA:4,(anonymous_5)
FNDA:4,(anonymous_6)
FNDA:4,(anonymous_7)
FNDA:4,(anonymous_8)
FNDA:4,(anonymous_9)
FNDA:4,(anonymous_10)
FNDA:4,(anonymous_11)
FNDA:4,(anonymous_12)
FNDA:4,(anonymous_13)
FNDA:6,(anonymous_14)
FNDA:2,(anonymous_15)
DA:18,2
DA:20,2
DA:24,6
DA:25,6
DA:28,2
DA:30,6
DA:33,2
DA:36,4
DA:37,4
DA:41,2
DA:44,4
DA:47,2
DA:48,4
DA:49,4
DA:50,4
DA:51,4
DA:54,2
DA:55,4
DA:56,4
DA:58,4
DA:63,2
DA:69,2
DA:70,4
DA:85,2
DA:92,6
DA:94,2
DA:97,6
LF:27
LH:27
BRDA:107,0,0,6
BRDA:107,0,1,4
BRDA:133,1,0,4
BRDA:133,1,1,2
BRDA:140,2,0,4
BRDA:140,2,1,2
BRF:6
BRH:6
end_of_record
TN:
SF:/Users/steniowagner/Documents/dev/cine-tasty-mobile/src/components/screens/shared/customized-modal/components/useCustomizedModal.ts
FN:26,(anonymous_0)
FN:34,(anonymous_1)
FN:49,(anonymous_2)
FN:57,(anonymous_3)
FN:62,(anonymous_4)
FN:71,(anonymous_5)
FN:86,(anonymous_6)
FN:99,(anonymous_7)
FN:100,(anonymous_8)
FNF:9
FNH:6
FNDA:6,(anonymous_0)
FNDA:4,(anonymous_1)
FNDA:6,(anonymous_2)
FNDA:4,(anonymous_3)
FNDA:0,(anonymous_4)
FNDA:0,(anonymous_5)
FNDA:0,(anonymous_6)
FNDA:2,(anonymous_7)
FNDA:2,(anonymous_8)
DA:11,2
DA:26,2
DA:27,6
DA:29,6
DA:31,6
DA:33,6
DA:34,4
DA:49,6
DA:50,6
DA:57,6
DA:58,4
DA:61,6
DA:63,0
DA:64,0
DA:65,0
DA:70,6
DA:72,0
DA:73,0
DA:74,0
DA:76,0
DA:78,0
DA:79,0
DA:81,0
DA:84,0
DA:86,0
DA:87,0
DA:89,0
DA:90,0
DA:91,0
DA:99,6
DA:100,2
DA:101,2
DA:103,2
DA:107,6
LF:34
LH:18
BRDA:51,0,0,4
BRDA:51,0,1,2
BRDA:72,1,0,0
BRDA:72,1,1,0
BRDA:78,2,0,0
BRDA:78,2,1,0
BRDA:84,3,0,0
BRDA:84,3,1,0
BRDA:89,4,0,0
BRDA:89,4,1,0
BRF:10
BRH:2
end_of_record
TN:
SF:/Users/steniowagner/Documents/dev/cine-tasty-mobile/src/components/screens/shared/famous-detail/components/FamousDetail.tsx
FN:38,(anonymous_0)
FN:39,(anonymous_1)
FN:44,(anonymous_2)
FN:48,(anonymous_3)
FN:52,(anonymous_4)
FN:58,(anonymous_5)
FN:62,(anonymous_6)
FN:77,(anonymous_7)
FN:78,(anonymous_8)
FN:80,(anonymous_9)
FN:82,(anonymous_10)
FN:96,(anonymous_11)
FN:115,(anonymous_12)
FN:125,(anonymous_13)
FN:127,(anonymous_14)
FN:141,(anonymous_15)
FN:151,(anonymous_16)
FN:161,(anonymous_17)
FN:166,(anonymous_18)
FN:178,(anonymous_19)
FNF:20
FNH:17
FNDA:5,(anonymous_0)
FNDA:5,(anonymous_1)
FNDA:14,(anonymous_2)
FNDA:14,(anonymous_3)
FNDA:14,(anonymous_4)
FNDA:14,(anonymous_5)
FNDA:6,(anonymous_6)
FNDA:15,(anonymous_7)
FNDA:8,(anonymous_8)
FNDA:8,(anonymous_9)
FNDA:0,(anonymous_10)
FNDA:6,(anonymous_11)
FNDA:6,(anonymous_12)
FNDA:10,(anonymous_13)
FNDA:0,(anonymous_14)
FNDA:10,(anonymous_15)
FNDA:6,(anonymous_16)
FNDA:10,(anonymous_17)
FNDA:0,(anonymous_18)
FNDA:10,(anonymous_19)
DA:27,2
DA:28,2
DA:29,2
DA:30,2
DA:32,2
DA:33,2
DA:34,2
DA:36,2
DA:38,5
DA:39,5
DA:42,2
DA:44,14
DA:48,14
DA:52,14
DA:57,2
DA:58,14
DA:61,2
DA:62,6
DA:77,2
DA:78,15
DA:79,8
DA:81,8
DA:82,0
DA:90,15
DA:94,15
DA:96,15
DA:97,6
DA:101,6
DA:115,15
DA:116,6
DA:120,6
DA:126,10
DA:127,0
DA:141,10
DA:151,15
DA:152,6
DA:156,6
DA:162,10
DA:166,0
DA:178,10
DA:187,15
DA:188,1
DA:198,14
LF:43
LH:40
BRDA:97,0,0,6
BRDA:97,0,1,0
BRDA:116,1,0,5
BRDA:116,1,1,1
BRDA:152,2,0,5
BRDA:152,2,1,1
BRDA:187,3,0,1
BRDA:187,3,1,14
BRDA:243,4,0,14
BRDA:243,4,1,5
BRDA:259,5,0,14
BRDA:259,5,1,6
BRDA:261,6,0,6
BRDA:261,6,1,6
BRDA:262,7,0,6
BRDA:262,7,1,6
BRDA:263,8,0,6
BRDA:263,8,1,6
BRF:18
BRH:17
end_of_record
TN:
SF:/Users/steniowagner/Documents/dev/cine-tasty-mobile/src/components/screens/shared/famous-detail/components/useFamousDetail.ts
FN:63,(anonymous_0)
FN:74,(anonymous_1)
FNF:2
FNH:2
FNDA:15,(anonymous_0)
FNDA:14,(anonymous_1)
DA:14,2
DA:15,2
DA:17,2
DA:63,2
DA:64,15
DA:74,15
DA:75,14
DA:76,6
DA:81,6
DA:87,8
DA:90,15
DA:92,15
LF:12
LH:12
BRDA:75,0,0,6
BRDA:75,0,1,8
BRDA:75,1,0,14
BRDA:75,1,1,6
BRF:4
BRH:4
end_of_record
TN:
SF:/Users/steniowagner/Documents/dev/cine-tasty-mobile/src/components/screens/shared/famous-detail/components/death-day/DeathDay.tsx
FN:9,(anonymous_0)
FN:12,(anonymous_1)
FN:13,(anonymous_2)
FN:14,(anonymous_3)
FN:15,(anonymous_4)
FN:16,(anonymous_5)
FN:20,(anonymous_6)
FN:21,(anonymous_7)
FN:24,(anonymous_8)
FN:29,(anonymous_9)
FN:31,(anonymous_10)
FN:32,(anonymous_11)
FN:35,(anonymous_12)
FN:44,(anonymous_13)
FNF:14
FNH:14
FNDA:15,(anonymous_0)
FNDA:15,(anonymous_1)
FNDA:15,(anonymous_2)
FNDA:15,(anonymous_3)
FNDA:15,(anonymous_4)
FNDA:15,(anonymous_5)
FNDA:15,(anonymous_6)
FNDA:15,(anonymous_7)
FNDA:15,(anonymous_8)
FNDA:15,(anonymous_9)
FNDA:15,(anonymous_10)
FNDA:15,(anonymous_11)
FNDA:15,(anonymous_12)
FNDA:15,(anonymous_13)
DA:8,7
DA:9,15
DA:12,15
DA:13,15
DA:14,15
DA:15,15
DA:16,15
DA:19,7
DA:20,15
DA:21,15
DA:24,15
DA:28,7
DA:29,15
DA:31,15
DA:32,15
DA:35,15
DA:44,7
DA:45,15
DA:47,15
LF:19
LH:19
BRF:0
BRH:0
end_of_record
TN:
SF:/Users/steniowagner/Documents/dev/cine-tasty-mobile/src/components/screens/shared/famous-detail/components/header/HeaderInfo.tsx
FN:13,(anonymous_0)
FN:14,(anonymous_1)
FN:22,(anonymous_2)
FN:24,(anonymous_3)
FN:29,(anonymous_4)
FN:30,(anonymous_5)
FN:32,(anonymous_6)
FN:44,(anonymous_7)
FNF:8
FNH:8
FNDA:14,(anonymous_0)
FNDA:14,(anonymous_1)
FNDA:6,(anonymous_2)
FNDA:6,(anonymous_3)
FNDA:14,(anonymous_4)
FNDA:14,(anonymous_5)
FNDA:14,(anonymous_6)
FNDA:14,(anonymous_7)
DA:10,2
DA:13,14
DA:14,14
DA:17,2
DA:21,2
DA:22,6
DA:24,6
DA:27,2
DA:29,14
DA:30,14
DA:32,14
DA:44,2
DA:52,14
LF:13
LH:13
BRDA:62,0,0,8
BRDA:62,0,1,6
BRDA:66,1,0,6
BRDA:66,1,1,6
BRDA:71,2,0,6
BRDA:71,2,1,6
BRDA:79,3,0,6
BRDA:79,3,1,6
BRF:8
BRH:8
end_of_record
TN:
SF:/Users/steniowagner/Documents/dev/cine-tasty-mobile/src/components/screens/shared/famous-detail/components/header/HeaderLoadingPlaceholder.tsx
FN:16,(anonymous_0)
FN:23,(anonymous_1)
FN:25,(anonymous_2)
FNF:3
FNH:3
FNDA:8,(anonymous_0)
FNDA:8,(anonymous_1)
FNDA:24,(anonymous_2)
DA:10,2
DA:15,2
DA:16,8
DA:23,2
DA:24,8
DA:26,24
DA:41,8
LF:7
LH:7
BRDA:25,0,0,16
BRDA:29,1,0,8
BRDA:29,1,1,16
BRF:3
BRH:3
end_of_record
TN:
SF:/Users/steniowagner/Documents/dev/cine-tasty-mobile/src/components/screens/shared/famous-detail/components/header/InfoText.tsx
FN:12,(anonymous_0)
FN:13,(anonymous_1)
FN:17,(anonymous_2)
FNF:3
FNH:3
FNDA:38,(anonymous_0)
FNDA:38,(anonymous_1)
FNDA:38,(anonymous_2)
DA:4,7
DA:11,7
DA:12,38
DA:13,38
DA:17,38
LF:5
LH:5
BRDA:13,0,0,6
BRDA:13,0,1,32
BRDA:17,1,0,6
BRDA:17,1,1,32
BRF:4
BRH:4
end_of_record
TN:
SF:/Users/steniowagner/Documents/dev/cine-tasty-mobile/src/components/screens/shared/famous-detail/components/header/birthday-text/BirthDayText.tsx
FN:11,(anonymous_0)
FNF:1
FNH:1
FNDA:26,(anonymous_0)
DA:11,7
DA:12,26
DA:14,26
LF:3
LH:3
BRF:0
BRH:0
end_of_record
TN:
SF:/Users/steniowagner/Documents/dev/cine-tasty-mobile/src/components/screens/shared/famous-detail/components/header/profile-image/ProfileImage.tsx
FN:12,(anonymous_0)
FN:13,(anonymous_1)
FN:14,(anonymous_2)
FN:18,(anonymous_3)
FN:19,(anonymous_4)
FN:23,(anonymous_5)
FN:24,(anonymous_6)
FN:27,(anonymous_7)
FN:36,(anonymous_8)
FNF:9
FNH:9
FNDA:21,(anonymous_0)
FNDA:21,(anonymous_1)
FNDA:21,(anonymous_2)
FNDA:21,(anonymous_3)
FNDA:21,(anonymous_4)
FNDA:21,(anonymous_5)
FNDA:21,(anonymous_6)
FNDA:21,(anonymous_7)
FNDA:21,(anonymous_8)
DA:9,3
DA:11,3
DA:12,21
DA:13,21
DA:14,21
DA:17,3
DA:18,21
DA:19,21
DA:23,21
DA:24,21
DA:27,21
DA:36,3
DA:43,21
DA:47,21
LF:14
LH:14
BRDA:57,0,0,21
BRDA:57,0,1,21
BRDA:67,1,0,2
BRDA:67,1,1,19
BRF:4
BRH:4
end_of_record
TN:
SF:/Users/steniowagner/Documents/dev/cine-tasty-mobile/src/components/screens/shared/images-gallery/components/images-gallery/ImagesGallery.tsx
FN:16,(anonymous_0)
FN:22,(anonymous_1)
FN:41,(anonymous_2)
FN:51,(anonymous_3)
FN:57,(anonymous_4)
FN:59,(anonymous_5)
FN:61,(anonymous_6)
FN:75,(anonymous_7)
FN:94,(anonymous_8)
FN:99,(anonymous_9)
FNF:10
FNH:8
FNDA:5,(anonymous_0)
FNDA:5,(anonymous_1)
FNDA:3,(anonymous_2)
FNDA:3,(anonymous_3)
FNDA:2,(anonymous_4)
FNDA:3,(anonymous_5)
FNDA:0,(anonymous_6)
FNDA:9,(anonymous_7)
FNDA:0,(anonymous_8)
FNDA:9,(anonymous_9)
DA:15,1
DA:16,5
DA:22,5
DA:41,1
DA:46,3
DA:51,3
DA:52,3
DA:57,3
DA:58,2
DA:60,3
DA:61,0
DA:69,3
DA:76,9
DA:77,4
DA:84,5
DA:94,0
DA:99,9
LF:17
LH:15
BRDA:76,0,0,4
BRDA:76,0,1,5
BRF:2
BRH:2
end_of_record
TN:
SF:/Users/steniowagner/Documents/dev/cine-tasty-mobile/src/components/screens/shared/images-gallery/components/images-gallery/useImagesGallery.ts
FN:17,(anonymous_0)
FN:19,(anonymous_1)
FN:21,(anonymous_2)
FN:34,(anonymous_3)
FN:37,(anonymous_4)
FN:38,(anonymous_5)
FN:53,(anonymous_6)
FNF:7
FNH:7
FNDA:3,(anonymous_0)
FNDA:2,(anonymous_1)
FNDA:6,(anonymous_2)
FNDA:1,(anonymous_3)
FNDA:1,(anonymous_4)
FNDA:3,(anonymous_5)
FNDA:1,(anonymous_6)
DA:17,1
DA:18,3
DA:19,2
DA:21,6
DA:25,3
DA:29,3
DA:33,3
DA:35,1
DA:36,1
DA:37,1
DA:39,3
DA:40,1
DA:43,2
DA:52,3
DA:54,1
DA:56,1
DA:58,1
DA:62,1
DA:64,1
DA:69,3
LF:20
LH:20
BRDA:35,0,0,1
BRDA:35,0,1,0
BRDA:39,1,0,1
BRDA:39,1,1,2
BRDA:58,2,0,1
BRDA:58,2,1,0
BRF:6
BRH:4
end_of_record
TN:
SF:/Users/steniowagner/Documents/dev/cine-tasty-mobile/src/components/screens/shared/images-gallery/components/images-gallery/images-gallery-list-item/ImagesGalleryListItem.tsx
FN:18,(anonymous_0)
FN:26,(anonymous_1)
FN:39,(anonymous_2)
FN:45,(anonymous_3)
FN:50,(anonymous_4)
FN:59,(anonymous_5)
FN:107,(anonymous_6)
FNF:7
FNH:7
FNDA:10,(anonymous_0)
FNDA:4,(anonymous_1)
FNDA:6,(anonymous_2)
FNDA:1,(anonymous_3)
FNDA:1,(anonymous_4)
FNDA:15,(anonymous_5)
FNDA:1,(anonymous_6)
DA:15,2
DA:17,2
DA:18,10
DA:24,2
DA:27,4
DA:28,3
DA:31,1
DA:32,1
DA:35,0
DA:39,6
DA:44,2
DA:45,1
DA:50,2
DA:59,2
DA:62,15
DA:66,15
DA:67,6
DA:76,9
DA:77,1
DA:88,8
DA:89,4
DA:104,4
DA:107,1
LF:23
LH:22
BRDA:27,0,0,3
BRDA:27,0,1,1
BRDA:31,1,0,1
BRDA:31,1,1,0
BRDA:66,2,0,6
BRDA:66,2,1,9
BRDA:76,3,0,1
BRDA:76,3,1,8
BRDA:88,4,0,4
BRDA:88,4,1,4
BRDA:88,5,0,8
BRDA:88,5,1,5
BRF:12
BRH:11
end_of_record
TN:
SF:/Users/steniowagner/Documents/dev/cine-tasty-mobile/src/components/screens/shared/images-gallery/components/images-gallery/images-gallery-list-item/useImagesGalleryListItem.ts
FN:24,(anonymous_0)
FN:29,(anonymous_1)
FN:32,(anonymous_2)
FN:40,(anonymous_3)
FN:46,(anonymous_4)
FNF:5
FNH:5
FNDA:15,(anonymous_0)
FNDA:6,(anonymous_1)
FNDA:4,(anonymous_2)
FNDA:1,(anonymous_3)
FNDA:10,(anonymous_4)
DA:24,2
DA:25,15
DA:26,15
DA:27,15
DA:29,15
DA:30,6
DA:33,4
DA:38,4
DA:41,1
DA:46,15
DA:47,10
DA:48,6
DA:51,4
DA:53,4
DA:54,3
DA:56,1
DA:60,15
LF:17
LH:17
BRDA:47,0,0,6
BRDA:47,0,1,4
BRDA:53,1,0,3
BRDA:53,1,1,1
BRF:4
BRH:4
end_of_record
TN:
SF:/Users/steniowagner/Documents/dev/cine-tasty-mobile/src/components/screens/shared/media-detail-screen/common/header-info/BackgroundImage.tsx
FN:15,(anonymous_0)
FN:18,(anonymous_1)
FN:39,(anonymous_2)
FNF:3
FNH:3
FNDA:34,(anonymous_0)
FNDA:34,(anonymous_1)
FNDA:34,(anonymous_2)
DA:10,3
DA:11,3
DA:13,3
DA:15,34
DA:18,34
DA:39,3
DA:40,34
LF:7
LH:7
BRDA:43,0,0,18
BRDA:43,0,1,16
BRF:2
BRH:2
end_of_record
TN:
SF:/Users/steniowagner/Documents/dev/cine-tasty-mobile/src/components/screens/shared/media-detail-screen/common/header-info/HeaderInfo.tsx
FN:14,(anonymous_0)
FN:22,(anonymous_1)
FN:23,(anonymous_2)
FN:27,(anonymous_3)
FN:30,(anonymous_4)
FN:36,(anonymous_5)
FN:37,(anonymous_6)
FN:50,(anonymous_7)
FN:51,(anonymous_8)
FN:52,(anonymous_9)
FN:58,(anonymous_10)
FN:59,(anonymous_11)
FN:60,(anonymous_12)
FN:67,(anonymous_13)
FN:68,(anonymous_14)
FN:69,(anonymous_15)
FN:88,(anonymous_16)
FNF:17
FNH:17
FNDA:34,(anonymous_0)
FNDA:34,(anonymous_1)
FNDA:34,(anonymous_2)
FNDA:34,(anonymous_3)
FNDA:34,(anonymous_4)
FNDA:34,(anonymous_5)
FNDA:34,(anonymous_6)
FNDA:22,(anonymous_7)
FNDA:22,(anonymous_8)
FNDA:22,(anonymous_9)
FNDA:22,(anonymous_10)
FNDA:22,(anonymous_11)
FNDA:22,(anonymous_12)
FNDA:22,(anonymous_13)
FNDA:22,(anonymous_14)
FNDA:22,(anonymous_15)
FNDA:34,(anonymous_16)
DA:12,3
DA:14,34
DA:20,3
DA:22,34
DA:23,34
DA:26,3
DA:27,34
DA:30,34
DA:33,3
DA:36,34
DA:37,34
DA:42,3
DA:49,3
DA:50,22
DA:51,22
DA:52,22
DA:57,3
DA:58,22
DA:59,22
DA:60,22
DA:66,3
DA:67,22
DA:68,22
DA:69,22
DA:73,3
DA:88,3
DA:97,34
DA:99,34
LF:28
LH:28
BRDA:114,0,0,34
BRDA:114,0,1,22
BRDA:114,0,2,22
BRF:3
BRH:3
end_of_record
TN:
SF:/Users/steniowagner/Documents/dev/cine-tasty-mobile/src/components/screens/shared/media-detail-screen/common/header-info/PosterImage.tsx
FN:9,(anonymous_0)
FN:15,(anonymous_1)
FN:17,(anonymous_2)
FN:21,(anonymous_3)
FN:23,(anonymous_4)
FN:27,(anonymous_5)
FN:28,(anonymous_6)
FN:37,(anonymous_7)
FNF:8
FNH:8
FNDA:36,(anonymous_0)
FNDA:36,(anonymous_1)
FNDA:36,(anonymous_2)
FNDA:36,(anonymous_3)
FNDA:36,(anonymous_4)
FNDA:36,(anonymous_5)
FNDA:36,(anonymous_6)
FNDA:36,(anonymous_7)
DA:9,36
DA:14,4
DA:15,36
DA:17,36
DA:20,4
DA:21,36
DA:23,36
DA:27,36
DA:28,36
DA:35,4
DA:37,4
DA:44,36
DA:48,36
LF:13
LH:13
BRDA:57,0,0,36
BRDA:57,0,1,36
BRDA:67,1,0,0
BRDA:67,1,1,36
BRF:4
BRH:3
end_of_record
TN:
SF:/Users/steniowagner/Documents/dev/cine-tasty-mobile/src/components/screens/shared/media-detail-screen/common/people-list/PeopleList.tsx
FN:21,(anonymous_0)
FN:31,(anonymous_1)
FN:33,(anonymous_2)
FN:36,(anonymous_3)
FNF:4
FNH:4
FNDA:45,(anonymous_0)
FNDA:94,(anonymous_1)
FNDA:94,(anonymous_2)
FNDA:7,(anonymous_3)
DA:19,4
DA:21,4
DA:24,45
DA:26,45
DA:31,94
DA:34,94
DA:36,7
LF:7
LH:7
BRF:0
BRH:0
end_of_record
TN:
SF:/Users/steniowagner/Documents/dev/cine-tasty-mobile/src/components/screens/shared/media-detail-screen/common/people-list/PeopleListItem.tsx
FN:17,(anonymous_0)
FN:18,(anonymous_1)
FN:20,(anonymous_2)
FN:21,(anonymous_3)
FN:27,(anonymous_4)
FN:30,(anonymous_5)
FN:42,(anonymous_6)
FN:43,(anonymous_7)
FN:50,(anonymous_8)
FN:56,(anonymous_9)
FN:57,(anonymous_10)
FN:64,(anonymous_11)
FN:72,(anonymous_12)
FN:73,(anonymous_13)
FN:74,(anonymous_14)
FN:84,(anonymous_15)
FN:85,(anonymous_16)
FN:88,(anonymous_17)
FN:103,(anonymous_18)
FNF:19
FNH:19
FNDA:94,(anonymous_0)
FNDA:94,(anonymous_1)
FNDA:94,(anonymous_2)
FNDA:94,(anonymous_3)
FNDA:94,(anonymous_4)
FNDA:94,(anonymous_5)
FNDA:94,(anonymous_6)
FNDA:94,(anonymous_7)
FNDA:94,(anonymous_8)
FNDA:94,(anonymous_9)
FNDA:94,(anonymous_10)
FNDA:94,(anonymous_11)
FNDA:76,(anonymous_12)
FNDA:76,(anonymous_13)
FNDA:76,(anonymous_14)
FNDA:94,(anonymous_15)
FNDA:94,(anonymous_16)
FNDA:94,(anonymous_17)
FNDA:94,(anonymous_18)
DA:16,4
DA:17,94
DA:18,94
DA:20,94
DA:21,94
DA:24,4
DA:27,94
DA:30,94
DA:42,94
DA:43,94
DA:46,4
DA:50,94
DA:53,4
DA:56,94
DA:57,94
DA:61,4
DA:64,94
DA:69,4
DA:72,76
DA:73,76
DA:74,76
DA:78,4
DA:84,94
DA:85,94
DA:88,94
DA:103,4
DA:118,94
DA:122,94
LF:28
LH:28
BRDA:20,0,0,45
BRDA:20,0,1,49
BRDA:104,1,0,76
BRDA:136,2,0,94
BRDA:136,2,1,94
BRDA:146,3,0,0
BRDA:146,3,1,94
BRDA:158,4,0,94
BRDA:158,4,1,76
BRF:9
BRH:8
end_of_record
TN:
[...]
BRDA:134,5,1,42
BRDA:141,6,0,210
BRDA:141,6,1,42
BRDA:141,6,2,42
BRDA:141,6,3,42
BRDA:143,7,0,210
BRDA:143,7,1,6
BRDA:143,7,2,6
BRDA:143,7,3,6
BRF:20
BRH:19
end_of_record
TN:
SF:/Users/steniowagner/Documents/dev/cine-tasty-mobile/src/components/screens/shared/search/components/search/use-search/useSearchByQuery.ts
FN:26,(anonymous_0)
FN:30,(anonymous_1)
FN:35,(anonymous_2)
FN:39,(anonymous_3)
FNF:4
FNH:4
FNDA:210,(anonymous_0)
FNDA:39,(anonymous_1)
FNDA:39,(anonymous_2)
FNDA:39,(anonymous_3)
DA:8,21
DA:26,21
DA:27,210
DA:29,210
DA:31,39
DA:35,210
DA:36,39
DA:39,210
DA:40,39
DA:41,39
DA:43,39
DA:47,39
DA:49,33
DA:51,33
DA:53,6
DA:55,6
DA:59,210
LF:17
LH:17
BRF:0
BRH:0
end_of_record
TN:
SF:/Users/steniowagner/Documents/dev/cine-tasty-mobile/src/components/screens/shared/search/queries/index.ts
FNF:0
FNH:0
LF:0
LH:0
BRF:0
BRH:0
end_of_record
TN:
SF:/Users/steniowagner/Documents/dev/cine-tasty-mobile/src/components/screens/shared/search/queries/search-movies.ts
FNF:0
FNH:0
DA:3,29
LF:1
LH:1
BRF:0
BRH:0
end_of_record
TN:
SF:/Users/steniowagner/Documents/dev/cine-tasty-mobile/src/components/screens/shared/search/queries/search-person.ts
FNF:0
FNH:0
DA:3,29
LF:1
LH:1
BRF:0
BRH:0
end_of_record
TN:
SF:/Users/steniowagner/Documents/dev/cine-tasty-mobile/src/components/screens/shared/search/queries/search-tv-shows.ts
FNF:0
FNH:0
DA:3,29
LF:1
LH:1
BRF:0
BRH:0
end_of_record
TN:
SF:/Users/steniowagner/Documents/dev/cine-tasty-mobile/src/components/screens/shared/tv-show-seasons-screen/components/tv-show-seasons-detail/ModalDetail.tsx
FN:16,(anonymous_0)
FN:17,(anonymous_1)
FN:21,(anonymous_2)
FN:22,(anonymous_3)
FN:23,(anonymous_4)
FN:26,(anonymous_5)
FN:37,(anonymous_6)
FNF:7
FNH:7
FNDA:4,(anonymous_0)
FNDA:4,(anonymous_1)
FNDA:4,(anonymous_2)
FNDA:4,(anonymous_3)
FNDA:4,(anonymous_4)
FNDA:4,(anonymous_5)
FNDA:4,(anonymous_6)
DA:7,4
DA:15,4
DA:16,4
DA:17,4
DA:21,4
DA:22,4
DA:23,4
DA:26,4
DA:37,4
DA:38,4
LF:10
LH:10
BRF:0
BRH:0
end_of_record
TN:
SF:/Users/steniowagner/Documents/dev/cine-tasty-mobile/src/components/screens/shared/tv-show-seasons-screen/components/tv-show-seasons-detail/TVShowSeasonsDetail.tsx
FN:22,(anonymous_0)
FN:24,(anonymous_1)
FN:29,(anonymous_2)
FN:36,(anonymous_3)
FN:62,(anonymous_4)
FN:63,(anonymous_5)
FN:64,(anonymous_6)
FN:78,(anonymous_7)
FN:80,(anonymous_8)
FNF:9
FNH:9
FNDA:10,(anonymous_0)
FNDA:10,(anonymous_1)
FNDA:2,(anonymous_2)
FNDA:6,(anonymous_3)
FNDA:2,(anonymous_4)
FNDA:10,(anonymous_5)
FNDA:2,(anonymous_6)
FNDA:12,(anonymous_7)
FNDA:12,(anonymous_8)
DA:15,2
DA:16,2
DA:17,2
DA:18,2
DA:20,2
DA:22,10
DA:24,10
DA:27,2
DA:29,2
DA:36,2
DA:39,6
DA:44,6
DA:45,3
DA:48,3
DA:49,1
DA:59,2
DA:62,2
DA:63,10
DA:65,2
DA:78,12
DA:81,12
LF:21
LH:21
BRDA:44,0,0,3
BRDA:44,0,1,3
BRDA:48,1,0,1
BRDA:48,1,1,2
BRF:4
BRH:4
end_of_record
TN:
SF:/Users/steniowagner/Documents/dev/cine-tasty-mobile/src/components/screens/shared/tv-show-seasons-screen/components/tv-show-seasons-detail/useTVShowSeasonsDetail.ts
FN:53,(anonymous_0)
FN:62,(anonymous_1)
FN:69,(anonymous_2)
FN:75,(anonymous_3)
FN:83,(anonymous_4)
FNF:5
FNH:5
FNDA:6,(anonymous_0)
FNDA:3,(anonymous_1)
FNDA:2,(anonymous_2)
FNDA:1,(anonymous_3)
FNDA:3,(anonymous_4)
DA:12,2
DA:32,2
DA:53,2
DA:54,6
DA:56,6
DA:58,6
DA:62,6
DA:63,3
DA:64,3
DA:69,2
DA:75,1
DA:83,6
DA:84,3
DA:87,6
LF:14
LH:14
BRF:0
BRH:0
end_of_record
TN:
SF:/Users/steniowagner/Documents/dev/cine-tasty-mobile/src/components/screens/shared/tv-show-seasons-screen/components/tv-show-seasons-detail/header/Header.tsx
FN:12,(anonymous_0)
FN:13,(anonymous_1)
FN:17,(anonymous_2)
FN:18,(anonymous_3)
FN:26,(anonymous_4)
FNF:5
FNH:5
FNDA:2,(anonymous_0)
FNDA:2,(anonymous_1)
FNDA:2,(anonymous_2)
FNDA:2,(anonymous_3)
FNDA:2,(anonymous_4)
DA:8,2
DA:12,2
DA:13,2
DA:16,2
DA:17,2
DA:18,2
DA:26,2
DA:27,2
LF:8
LH:8
BRF:0
BRH:0
end_of_record
TN:
SF:/Users/steniowagner/Documents/dev/cine-tasty-mobile/src/components/screens/shared/tv-show-seasons-screen/components/tv-show-seasons-detail/header/overview-text/EpisodeOverviewDetail.tsx
FN:6,(anonymous_0)
FN:7,(anonymous_1)
FN:8,(anonymous_2)
FN:10,(anonymous_3)
FN:14,(anonymous_4)
FN:15,(anonymous_5)
FN:16,(anonymous_6)
FN:24,(anonymous_7)
FNF:8
FNH:8
FNDA:2,(anonymous_0)
FNDA:2,(anonymous_1)
FNDA:2,(anonymous_2)
FNDA:2,(anonymous_3)
FNDA:2,(anonymous_4)
FNDA:2,(anonymous_5)
FNDA:2,(anonymous_6)
FNDA:2,(anonymous_7)
DA:5,3
DA:6,2
DA:7,2
DA:8,2
DA:10,2
DA:13,3
DA:14,2
DA:15,2
DA:16,2
DA:24,3
DA:25,2
LF:11
LH:11
BRF:0
BRH:0
end_of_record
TN:
SF:/Users/steniowagner/Documents/dev/cine-tasty-mobile/src/components/screens/shared/tv-show-seasons-screen/components/tv-show-seasons-detail/header/overview-text/season-overview-text/SeasonOverviewText.tsx
FN:14,(anonymous_0)
FN:19,(anonymous_1)
FN:20,(anonymous_2)
FN:21,(anonymous_3)
FN:22,(anonymous_4)
FN:24,(anonymous_5)
FN:28,(anonymous_6)
FN:30,(anonymous_7)
FN:34,(anonymous_8)
FN:35,(anonymous_9)
FN:36,(anonymous_10)
FN:37,(anonymous_11)
FN:44,(anonymous_12)
FN:73,(anonymous_13)
FNF:14
FNH:14
FNDA:13,(anonymous_0)
FNDA:14,(anonymous_1)
FNDA:14,(anonymous_2)
FNDA:14,(anonymous_3)
FNDA:14,(anonymous_4)
FNDA:14,(anonymous_5)
FNDA:6,(anonymous_6)
FNDA:6,(anonymous_7)
FNDA:6,(anonymous_8)
FNDA:6,(anonymous_9)
FNDA:6,(anonymous_10)
FNDA:6,(anonymous_11)
FNDA:14,(anonymous_12)
FNDA:4,(anonymous_13)
DA:13,3
DA:14,13
DA:18,3
DA:19,14
DA:20,14
DA:21,14
DA:22,14
DA:24,14
DA:27,3
DA:28,6
DA:30,6
DA:33,3
DA:34,6
DA:35,6
DA:36,6
DA:37,6
DA:44,3
DA:53,14
DA:55,14
DA:56,1
DA:65,13
DA:73,4
LF:22
LH:22
BRDA:14,0,0,7
BRDA:14,0,1,6
BRDA:55,1,0,1
BRDA:55,1,1,13
BRDA:79,2,0,13
BRDA:79,2,1,6
BRDA:92,3,0,13
BRDA:92,3,1,2
BRF:8
BRH:8
end_of_record
TN:
SF:/Users/steniowagner/Documents/dev/cine-tasty-mobile/src/components/screens/shared/tv-show-seasons-screen/components/tv-show-seasons-detail/header/overview-text/season-overview-text/useSeasonOverviewText.ts
FN:29,(anonymous_0)
FN:36,(anonymous_1)
FN:54,(anonymous_2)
FN:55,(anonymous_3)
FNF:4
FNH:4
FNDA:14,(anonymous_0)
FNDA:4,(anonymous_1)
FNDA:2,(anonymous_2)
FNDA:1,(anonymous_3)
DA:4,3
DA:5,3
DA:7,3
DA:29,3
DA:30,14
DA:31,14
DA:33,14
DA:35,14
DA:37,4
DA:38,0
DA:41,4
DA:42,4
DA:44,4
DA:52,14
DA:54,2
DA:55,1
LF:16
LH:15
BRDA:37,0,0,0
BRDA:37,0,1,4
BRDA:42,1,0,3
BRDA:42,1,1,1
BRF:4
BRH:3
end_of_record
TN:
SF:/Users/steniowagner/Documents/dev/cine-tasty-mobile/src/components/screens/shared/tv-show-seasons-screen/components/tv-show-seasons-detail/tv-show-list-item/TVShowSeasonsListItem.tsx
FN:26,(anonymous_0)
FN:27,(anonymous_1)
FN:32,(anonymous_2)
FN:33,(anonymous_3)
FN:38,(anonymous_4)
FN:39,(anonymous_5)
FN:42,(anonymous_6)
FN:43,(anonymous_7)
FN:51,(anonymous_8)
FN:62,(anonymous_9)
FNF:10
FNH:10
FNDA:18,(anonymous_0)
FNDA:18,(anonymous_1)
FNDA:18,(anonymous_2)
FNDA:18,(anonymous_3)
FNDA:18,(anonymous_4)
FNDA:18,(anonymous_5)
FNDA:18,(anonymous_6)
FNDA:18,(anonymous_7)
FNDA:18,(anonymous_8)
FNDA:18,(anonymous_9)
DA:13,3
DA:21,3
DA:26,18
DA:27,18
DA:31,3
DA:32,18
DA:33,18
DA:37,3
DA:38,18
DA:39,18
DA:42,18
DA:43,18
DA:46,3
DA:51,18
DA:62,3
DA:63,18
DA:65,18
LF:17
LH:17
BRDA:87,0,0,18
BRDA:87,0,1,2
BRF:2
BRH:2
end_of_record
TN:
SF:/Users/steniowagner/Documents/dev/cine-tasty-mobile/src/components/screens/shared/tv-show-seasons-screen/components/tv-show-seasons-detail/tv-show-list-item/useTVShowSeasonsListItem.ts
FN:9,(anonymous_0)
FN:13,(anonymous_1)
FN:14,(anonymous_2)
FNF:3
FNH:3
FNDA:18,(anonymous_0)
FNDA:2,(anonymous_1)
FNDA:1,(anonymous_2)
DA:9,3
DA:10,18
DA:12,18
DA:13,2
DA:14,1
LF:5
LH:5
BRF:0
BRH:0
end_of_record
TN:
SF:/Users/steniowagner/Documents/dev/cine-tasty-mobile/src/components/screens/shared/tv-show-seasons-screen/components/tv-show-seasons-detail/tv-show-list-item/episode-detail/EpisodeDetail.tsx
FN:18,(anonymous_0)
FN:19,(anonymous_1)
FN:21,(anonymous_2)
FN:26,(anonymous_3)
FN:27,(anonymous_4)
FN:28,(anonymous_5)
FN:33,(anonymous_6)
FN:36,(anonymous_7)
FN:37,(anonymous_8)
FN:38,(anonymous_9)
FN:42,(anonymous_10)
FN:43,(anonymous_11)
FN:44,(anonymous_12)
FN:50,(anonymous_13)
FN:56,(anonymous_14)
FN:57,(anonymous_15)
FN:58,(anonymous_16)
FN:60,(anonymous_17)
FN:63,(anonymous_18)
FN:73,(anonymous_19)
FNF:20
FNH:20
FNDA:4,(anonymous_0)
FNDA:4,(anonymous_1)
FNDA:4,(anonymous_2)
FNDA:3,(anonymous_3)
FNDA:3,(anonymous_4)
FNDA:3,(anonymous_5)
FNDA:1,(anonymous_6)
FNDA:1,(anonymous_7)
FNDA:1,(anonymous_8)
FNDA:1,(anonymous_9)
FNDA:4,(anonymous_10)
FNDA:4,(anonymous_11)
FNDA:4,(anonymous_12)
FNDA:4,(anonymous_13)
FNDA:4,(anonymous_14)
FNDA:4,(anonymous_15)
FNDA:4,(anonymous_16)
FNDA:4,(anonymous_17)
FNDA:1,(anonymous_18)
FNDA:4,(anonymous_19)
DA:14,4
DA:15,4
DA:17,4
DA:18,4
DA:19,4
DA:21,4
DA:24,4
DA:26,3
DA:27,3
DA:28,3
DA:31,4
DA:33,1
DA:36,1
DA:37,1
DA:38,1
DA:41,4
DA:42,4
DA:43,4
DA:44,4
DA:48,4
DA:50,4
DA:55,4
DA:56,4
DA:57,4
DA:58,4
DA:60,4
DA:63,4
DA:73,4
DA:74,4
DA:76,4
LF:30
LH:30
BRDA:78,0,0,3
BRDA:78,0,1,1
BRF:2
BRH:2
end_of_record
TN:
SF:/Users/steniowagner/Documents/dev/cine-tasty-mobile/src/components/screens/shared/tv-show-seasons-screen/routes/stack-routes.tsx
FN:16,(anonymous_0)
FN:30,(anonymous_1)
FN:88,(anonymous_2)
FNF:3
FNH:0
FNDA:0,(anonymous_0)
FNDA:0,(anonymous_1)
FNDA:0,(anonymous_2)
DA:14,1
DA:16,1
DA:17,0
DA:18,0
DA:21,0
DA:30,1
DA:31,0
DA:33,0
DA:35,0
DA:36,0
DA:56,0
DA:89,0
DA:107,1
LF:13
LH:4
BRDA:17,0,0,0
BRDA:17,0,1,0
BRDA:35,1,0,0
BRDA:35,1,1,0
BRF:4
BRH:0
end_of_record
TN:
SF:/Users/steniowagner/Documents/dev/cine-tasty-mobile/src/components/utils/tab-navigator/TabNavigator.tsx
FN:19,(anonymous_0)
FN:20,(anonymous_1)
FN:22,(anonymous_2)
FN:37,(anonymous_3)
FN:40,(anonymous_4)
FN:68,(anonymous_5)
FN:70,(anonymous_6)
FN:83,(anonymous_7)
FNF:8
FNH:8
FNDA:3,(anonymous_0)
FNDA:3,(anonymous_1)
FNDA:3,(anonymous_2)
FNDA:4,(anonymous_3)
FNDA:4,(anonymous_4)
FNDA:12,(anonymous_5)
FNDA:1,(anonymous_6)
FNDA:4,(anonymous_7)
DA:18,1
DA:19,3
DA:20,3
DA:22,3
DA:26,1
DA:35,1
DA:37,1
DA:38,4
DA:40,4
DA:41,4
DA:43,4
DA:44,0
DA:47,4
DA:49,4
DA:50,1
DA:53,3
DA:55,3
DA:58,4
DA:60,4
DA:61,1
DA:64,3
DA:69,12
DA:70,1
DA:83,1
DA:84,4
LF:25
LH:24
BRDA:20,0,0,3
BRDA:20,0,1,0
BRDA:23,1,0,1
BRDA:23,1,1,0
BRDA:43,2,0,0
BRDA:43,2,1,4
BRDA:49,3,0,1
BRDA:49,3,1,3
BRDA:49,4,0,4
BRDA:49,4,1,4
BRDA:60,5,0,1
BRDA:60,5,1,3
BRF:12
BRH:9
end_of_record
TN:
SF:/Users/steniowagner/Documents/dev/cine-tasty-mobile/src/components/utils/tab-navigator/TabNavigatorItem.tsx
FN:17,(anonymous_0)
FN:24,(anonymous_1)
FN:26,(anonymous_2)
FN:27,(anonymous_3)
FN:40,(anonymous_4)
FN:44,(anonymous_5)
FNF:6
FNH:5
FNDA:16,(anonymous_0)
FNDA:16,(anonymous_1)
FNDA:16,(anonymous_2)
FNDA:16,(anonymous_3)
FNDA:0,(anonymous_4)
FNDA:16,(anonymous_5)
DA:16,2
DA:17,16
DA:23,2
DA:24,16
DA:26,16
DA:27,16
DA:40,2
DA:43,2
DA:47,16
DA:48,16
DA:50,16
LF:11
LH:11
BRDA:24,0,0,0
BRDA:24,0,1,16
BRDA:40,1,0,0
BRDA:40,1,1,0
BRDA:40,1,2,0
BRDA:40,1,3,0
BRDA:47,2,0,6
BRDA:47,2,1,10
BRDA:48,3,0,6
BRDA:48,3,1,10
BRF:10
BRH:5
end_of_record
TN:
SF:/Users/steniowagner/Documents/dev/cine-tasty-mobile/src/components/utils/tab-navigator/items.ts
FNF:0
FNH:0
DA:8,1
LF:1
LH:1
BRF:0
BRH:0
end_of_record
TN:
SF:/Users/steniowagner/Documents/dev/cine-tasty-mobile/src/hooks/index.ts
FNF:0
FNH:0
LF:0
LH:0
BRF:0
BRH:0
end_of_record
TN:
SF:/Users/steniowagner/Documents/dev/cine-tasty-mobile/src/hooks/useLoadListItemImage.ts
FN:16,(anonymous_0)
FN:23,(anonymous_1)
FN:29,(anonymous_2)
FN:33,(anonymous_3)
FN:40,(anonymous_4)
FN:42,(anonymous_5)
FNF:6
FNH:5
FNDA:2311,(anonymous_0)
FNDA:1225,(anonymous_1)
FNDA:0,(anonymous_2)
FNDA:1224,(anonymous_3)
FNDA:1,(anonymous_4)
FNDA:1,(anonymous_5)
DA:16,46
DA:17,2311
DA:18,2311
DA:19,2311
DA:21,2311
DA:23,2311
DA:24,1225
DA:25,1
DA:29,0
DA:33,2311
DA:34,1224
DA:35,135
DA:39,2311
DA:40,1
DA:42,1
LF:15
LH:14
BRDA:24,0,0,1
BRDA:24,0,1,1224
BRDA:24,1,0,1225
BRDA:24,1,1,1
BRDA:34,2,0,135
BRDA:34,2,1,1089
BRF:6
BRH:6
end_of_record
TN:
SF:/Users/steniowagner/Documents/dev/cine-tasty-mobile/src/hooks/useParseDateToLocaleDate.ts
FN:8,(anonymous_0)
FN:14,(anonymous_1)
FN:45,(anonymous_2)
FN:57,(anonymous_3)
FNF:4
FNH:4
FNDA:26,(anonymous_0)
FNDA:5,(anonymous_1)
FNDA:16,(anonymous_2)
FNDA:21,(anonymous_3)
DA:8,46
DA:9,26
DA:11,26
DA:13,26
DA:15,5
DA:19,5
DA:21,5
DA:25,3
DA:26,3
DA:29,1
DA:30,1
DA:33,1
DA:34,1
DA:37,0
DA:40,5
DA:45,26
DA:46,16
DA:48,16
DA:49,11
DA:52,5
DA:54,5
DA:57,26
DA:58,21
DA:59,16
DA:63,26
LF:25
LH:24
BRDA:21,0,0,1
BRDA:21,0,1,2
BRDA:21,0,2,3
BRDA:21,0,3,1
BRDA:21,0,4,1
BRDA:21,0,5,0
BRDA:48,1,0,11
BRDA:48,1,1,5
BRDA:58,2,0,16
BRDA:58,2,1,5
BRF:10
BRH:9
end_of_record
TN:
SF:/Users/steniowagner/Documents/dev/cine-tasty-mobile/src/hooks/use-paginated-query/useEntryQuery.ts
FN:17,(anonymous_0)
FN:27,(anonymous_1)
FNF:2
FNH:2
FNDA:123,(anonymous_0)
FNDA:25,(anonymous_1)
DA:17,46
DA:24,123
DA:26,123
DA:28,25
DA:29,25
DA:31,25
DA:33,18
DA:35,18
DA:37,18
DA:40,7
DA:41,7
DA:43,7
DA:49,123
LF:13
LH:13
BRDA:18,0,0,73
BRDA:27,1,0,12
BRF:2
BRH:2
end_of_record
TN:
SF:/Users/steniowagner/Documents/dev/cine-tasty-mobile/src/hooks/use-paginated-query/usePaginatedQuery.ts
FN:31,(anonymous_0)
FN:46,(anonymous_1)
FN:47,(anonymous_2)
FN:61,(anonymous_3)
FN:70,(anonymous_4)
FN:73,(anonymous_5)
FN:79,(anonymous_6)
FNF:7
FNH:7
FNDA:123,(anonymous_0)
FNDA:123,(anonymous_1)
FNDA:26,(anonymous_2)
FNDA:8,(anonymous_3)
FNDA:7,(anonymous_4)
FNDA:30,(anonymous_5)
FNDA:14,(anonymous_6)
DA:31,46
DA:40,123
DA:45,123
DA:46,123
DA:47,26
DA:59,123
DA:61,8
DA:64,123
DA:70,7
DA:73,123
DA:74,30
DA:75,11
DA:79,123
DA:80,14
DA:82,14
DA:85,123
LF:16
LH:16
BRDA:32,0,0,45
BRDA:74,1,0,11
BRDA:74,1,1,19
BRF:3
BRH:3
end_of_record
TN:
SF:/Users/steniowagner/Documents/dev/cine-tasty-mobile/src/hooks/use-paginated-query/useQueryWithPagination.ts
FN:36,(anonymous_0)
FN:45,(anonymous_1)
FN:56,(anonymous_2)
FN:67,(anonymous_3)
FN:78,(anonymous_4)
FN:83,(anonymous_5)
FN:89,(anonymous_6)
FN:94,(anonymous_7)
FN:107,(anonymous_8)
FN:111,(anonymous_9)
FNF:10
FNH:10
FNDA:123,(anonymous_0)
FNDA:16,(anonymous_1)
FNDA:8,(anonymous_2)
FNDA:8,(anonymous_3)
FNDA:16,(anonymous_4)
FNDA:82,(anonymous_5)
FNDA:18,(anonymous_6)
FNDA:16,(anonymous_7)
FNDA:14,(anonymous_8)
FNDA:18,(anonymous_9)
DA:8,46
DA:10,46
DA:36,46
DA:42,123
DA:44,123
DA:46,16
DA:47,16
DA:52,16
DA:54,8
DA:56,8
DA:63,8
DA:65,8
DA:67,8
DA:77,123
DA:79,16
DA:83,123
DA:84,82
DA:85,16
DA:89,123
DA:90,18
DA:91,2
DA:94,16
DA:95,16
DA:96,0
DA:99,16
DA:107,123
DA:108,14
DA:111,123
DA:112,18
DA:118,123
LF:30
LH:29
BRDA:37,0,0,73
BRDA:84,1,0,16
BRDA:84,1,1,66
BRDA:90,2,0,2
BRDA:90,2,1,16
BRDA:90,3,0,18
BRDA:90,3,1,16
BRDA:95,4,0,0
BRDA:95,4,1,16
BRF:9
BRH:8
end_of_record
TN:
SF:/Users/steniowagner/Documents/dev/cine-tasty-mobile/src/i18n/handleLanguageDetection.ts
FN:11,(anonymous_0)
FN:39,(anonymous_1)
FN:48,(anonymous_2)
FNF:3
FNH:3
FNDA:6,(anonymous_0)
FNDA:6,(anonymous_1)
FNDA:7,(anonymous_2)
DA:11,7
DA:12,6
DA:34,6
DA:36,6
DA:39,7
DA:40,6
DA:45,6
DA:48,7
DA:49,7
DA:54,7
DA:55,1
DA:58,6
DA:60,6
DA:62,6
DA:64,6
LF:15
LH:15
BRDA:34,0,0,6
BRDA:34,0,1,3
BRDA:40,1,0,4
BRDA:40,1,1,2
BRDA:41,2,0,4
BRDA:41,2,1,2
BRDA:54,3,0,1
BRDA:54,3,1,6
BRF:8
BRH:8
end_of_record
TN:
SF:/Users/steniowagner/Documents/dev/cine-tasty-mobile/src/routes/constants.ts
FN:5,(anonymous_0)
FN:18,(anonymous_1)
FNF:2
FNH:0
FNDA:0,(anonymous_0)
FNDA:0,(anonymous_1)
DA:5,1
DA:18,1
LF:2
LH:2
BRF:0
BRH:0
end_of_record
TN:
SF:/Users/steniowagner/Documents/dev/cine-tasty-mobile/src/styles/metrics/index.ts
FN:5,(anonymous_0)
FN:15,(anonymous_1)
FNF:2
FNH:2
FNDA:16309,(anonymous_0)
FNDA:82,(anonymous_1)
DA:3,106
DA:5,106
DA:6,16309
DA:8,16309
DA:12,16309
DA:15,106
DA:16,82
DA:18,82
DA:22,82
LF:9
LH:9
BRDA:26,0,0,103
BRDA:26,0,1,3
BRF:2
BRH:2
end_of_record
TN:
SF:/Users/steniowagner/Documents/dev/cine-tasty-mobile/src/styles/theme-context-provider/ThemeContextProvider.tsx
FN:17,(anonymous_0)
FN:21,(anonymous_1)
FNF:2
FNH:1
FNDA:0,(anonymous_0)
FNDA:8,(anonymous_1)
DA:16,1
DA:21,1
DA:22,8
DA:24,8
LF:4
LH:4
BRF:0
BRH:0
end_of_record
TN:
SF:/Users/steniowagner/Documents/dev/cine-tasty-mobile/src/styles/theme-context-provider/useThemeContextProvider.ts
FN:19,(anonymous_0)
FN:22,(anonymous_1)
FN:37,(anonymous_2)
FN:41,(anonymous_3)
FN:42,(anonymous_4)
FN:51,(anonymous_5)
FNF:6
FNH:6
FNDA:20,(anonymous_0)
FNDA:8,(anonymous_1)
FNDA:8,(anonymous_2)
FNDA:4,(anonymous_3)
FNDA:4,(anonymous_4)
FNDA:20,(anonymous_5)
DA:19,2
DA:20,20
DA:22,20
DA:23,8
DA:28,8
DA:29,2
DA:31,2
DA:34,6
DA:37,20
DA:38,8
DA:41,20
DA:42,4
DA:43,4
DA:45,4
DA:47,4
DA:51,20
DA:52,20
DA:54,20
DA:57,20
LF:19
LH:19
BRDA:28,0,0,2
BRDA:28,0,1,6
BRDA:43,1,0,2
BRDA:43,1,1,2
BRDA:52,2,0,7
BRDA:52,2,1,13
BRF:6
BRH:6
end_of_record
TN:
SF:/Users/steniowagner/Documents/dev/cine-tasty-mobile/src/styles/themes/dark.ts
FNF:0
FNH:0
DA:6,91
LF:1
LH:1
BRF:0
BRH:0
end_of_record
TN:
SF:/Users/steniowagner/Documents/dev/cine-tasty-mobile/src/styles/themes/index.ts
FNF:0
FNH:0
LF:0
LH:0
BRF:0
BRH:0
end_of_record
TN:
SF:/Users/steniowagner/Documents/dev/cine-tasty-mobile/src/styles/themes/light.ts
FNF:0
FNH:0
DA:6,91
LF:1
LH:1
BRF:0
BRH:0
end_of_record
TN:
SF:/Users/steniowagner/Documents/dev/cine-tasty-mobile/src/types/index.ts
FNF:0
FNH:0
LF:0
LH:0
BRF:0
BRH:0
end_of_record
TN:
SF:/Users/steniowagner/Documents/dev/cine-tasty-mobile/src/types/schema.ts
FNF:0
FNH:0
LF:0
LH:0
BRF:0
BRH:0
end_of_record
TN:
SF:/Users/steniowagner/Documents/dev/cine-tasty-mobile/src/utils/constants.ts
FNF:0
FNH:0
DA:3,66
DA:10,66
DA:24,66
LF:3
LH:3
BRF:0
BRH:0
end_of_record
TN:
SF:/Users/steniowagner/Documents/dev/cine-tasty-mobile/src/utils/debounce.ts
FN:1,(anonymous_0)
FN:4,(anonymous_1)
FN:10,(anonymous_2)
FNF:3
FNH:3
FNDA:543,(anonymous_0)
FNDA:73,(anonymous_1)
FNDA:73,(anonymous_2)
DA:1,46
DA:2,543
DA:4,543
DA:5,73
DA:6,10
DA:7,10
DA:10,73
DA:13,543
LF:8
LH:8
BRDA:5,0,0,10
BRDA:5,0,1,63
BRF:2
BRH:2
end_of_record
TN:
SF:/Users/steniowagner/Documents/dev/cine-tasty-mobile/src/utils/getRandomImageFromDataset.ts
FN:1,(anonymous_0)
FN:7,(anonymous_1)
FN:8,(anonymous_2)
FNF:3
FNH:3
FNDA:6,(anonymous_0)
FNDA:6,(anonymous_1)
FNDA:18,(anonymous_2)
DA:1,2
DA:2,6
DA:4,6
DA:7,2
DA:8,18
DA:9,6
DA:10,6
DA:12,6
DA:14,6
LF:9
LH:9
BRF:0
BRH:0
end_of_record
TN:
SF:/Users/steniowagner/Documents/dev/cine-tasty-mobile/src/utils/shuffleDataset.ts
FN:1,(anonymous_0)
FNF:1
FNH:1
FNDA:21,(anonymous_0)
DA:1,3
DA:2,21
DA:4,21
DA:8,21
DA:9,138
DA:10,138
DA:12,138
DA:13,138
DA:14,138
DA:17,21
LF:10
LH:10
BRF:0
BRH:0
end_of_record
TN:
SF:/Users/steniowagner/Documents/dev/cine-tasty-mobile/src/utils/useImperativeQuery.ts
FN:5,(anonymous_0)
FN:11,(anonymous_1)
FNF:2
FNH:2
FNDA:561,(anonymous_0)
FNDA:124,(anonymous_1)
DA:5,46
DA:9,561
DA:11,561
DA:13,561
LF:4
LH:4
BRDA:7,0,0,438
BRF:1
BRH:1
end_of_record
TN:
SF:/Users/steniowagner/Documents/dev/cine-tasty-mobile/src/utils/async-storage-adapter/AsyncStorageAdapter.ts
FN:5,(anonymous_0)
FN:20,(anonymous_1)
FN:22,(anonymous_2)
FNF:3
FNH:3
FNDA:23,(anonymous_0)
FNDA:1,(anonymous_1)
FNDA:2,(anonymous_2)
DA:5,26
DA:9,23
DA:13,23
DA:14,1
DA:17,22
DA:20,26
DA:22,26
LF:7
LH:7
BRDA:13,0,0,1
BRDA:13,0,1,22
BRF:2
BRH:2
end_of_record
TN:
SF:/Users/steniowagner/Documents/dev/cine-tasty-mobile/src/utils/formatters/currency.ts
FN:6,(anonymous_0)
FNF:1
FNH:1
FNDA:14,(anonymous_0)
DA:1,12
DA:6,12
DA:7,14
DA:8,0
DA:11,14
LF:5
LH:4
BRDA:7,0,0,0
BRDA:7,0,1,14
BRF:2
BRH:1
end_of_record
TN:
SF:/Users/steniowagner/Documents/dev/cine-tasty-mobile/src/utils/formatters/index.ts
FNF:0
FNH:0
LF:0
LH:0
BRF:0
BRH:0
end_of_record
TN:
SF:/Users/steniowagner/Documents/dev/cine-tasty-mobile/src/utils/formatters/date/formatDate.ts
FN:3,(anonymous_0)
FNF:1
FNH:1
FNDA:50,(anonymous_0)
DA:3,18
DA:4,50
DA:5,6
DA:8,44
DA:10,44
DA:12,44
DA:13,38
DA:16,6
LF:8
LH:8
BRDA:4,0,0,6
BRDA:4,0,1,44
BRDA:12,1,0,38
BRDA:12,1,1,6
BRDA:12,2,0,44
BRDA:12,2,1,42
BRF:6
BRH:6
end_of_record
TN:
SF:/Users/steniowagner/Documents/dev/cine-tasty-mobile/src/utils/is-equals-or-largest-than-iphonex/isEqualsOrLargestThanIphoneX.ts
FN:8,(anonymous_0)
FNF:1
FNH:1
FNDA:132,(anonymous_0)
DA:3,14
DA:5,14
DA:6,14
DA:8,14
DA:9,132
DA:10,132
DA:12,132
LF:7
LH:7
BRDA:9,0,0,132
BRDA:9,0,1,130
BRDA:10,1,0,132
BRDA:10,1,1,130
BRDA:13,2,0,132
BRDA:13,2,1,131
BRDA:13,2,2,1
BRF:7
BRH:7
end_of_record
